2023-12-02 21:37:42.528 [info] Log level: Info
2023-12-02 21:37:42.528 [info] Validating found git in: "git"
2023-12-02 21:37:42.528 [info] Using git "2.17.1" from "git"
2023-12-02 21:37:42.528 [info] > git rev-parse --show-toplevel [41ms]
2023-12-02 21:37:42.528 [info] > git rev-parse --git-dir --git-common-dir [79ms]
2023-12-02 21:37:42.528 [info] Open repository: /home/brian/href
2023-12-02 21:37:42.528 [info] > git rev-parse --show-toplevel [19ms]
2023-12-02 21:37:42.528 [info] > git config --get commit.template [32ms]
2023-12-02 21:37:42.572 [info] No remotes found in the git config file.
2023-12-02 21:37:42.574 [info] > git rev-parse --git-dir --git-common-dir [39ms]
2023-12-02 21:37:42.585 [info] Open repository: /home/brian/href/href
2023-12-02 21:37:42.602 [info] > git for-each-ref --format=%(refname)%00%(upstream:short)%00%(objectname)%00%(upstream:track)%00%(upstream:remotename)%00%(upstream:remoteref) refs/heads/master refs/remotes/master [31ms]
2023-12-02 21:37:42.615 [info] > git status -z -uall [2ms]
2023-12-02 21:37:42.640 [info] > git config --get commit.template [39ms]
2023-12-02 21:37:42.666 [info] > git config --get commit.template [18ms]
2023-12-02 21:37:42.683 [info] No remotes found in the git config file.
2023-12-02 21:37:42.686 [info] > git for-each-ref --format=%(refname)%00%(upstream:short)%00%(objectname)%00%(upstream:track)%00%(upstream:remotename)%00%(upstream:remoteref) refs/heads/master refs/remotes/master [24ms]
2023-12-02 21:37:42.702 [info] > git for-each-ref --format=%(refname)%00%(upstream:short)%00%(objectname)%00%(upstream:track)%00%(upstream:remotename)%00%(upstream:remoteref) refs/heads/master refs/remotes/master [19ms]
2023-12-02 21:37:42.737 [info] > git status -z -uall [38ms]
2023-12-02 21:37:42.737 [info] > git status -z -uall [13ms]
2023-12-02 21:37:42.930 [info] > git config --get commit.template [98ms]
2023-12-02 21:37:43.006 [info] > git for-each-ref --format=%(refname)%00%(upstream:short)%00%(objectname)%00%(upstream:track)%00%(upstream:remotename)%00%(upstream:remoteref) refs/heads/master refs/remotes/master [35ms]
2023-12-02 21:37:43.024 [info] > git check-ignore -v -z --stdin [23ms]
2023-12-02 21:37:43.030 [info] > git status -z -uall [10ms]
2023-12-02 21:37:43.586 [info] > git check-ignore -v -z --stdin [2ms]
2023-12-02 21:37:43.594 [info] > git check-ignore -v -z --stdin [33ms]
2023-12-02 21:38:03.703 [info] > git show --textconv :index.html [13ms]
2023-12-02 21:38:03.707 [info] > git ls-files --stage -- /home/brian/href/index.html [4ms]
2023-12-02 21:38:03.719 [info] > git cat-file -s e69de29bb2d1d6434b8b29ae775ad8c2e48c5391 [3ms]
2023-12-02 21:38:04.470 [info] > git check-ignore -v -z --stdin [4ms]
2023-12-02 21:38:18.330 [info] No remotes found in the git config file.
2023-12-02 21:38:18.331 [info] > git config --get commit.template [7ms]
2023-12-02 21:38:18.332 [info] > git for-each-ref --format=%(refname)%00%(upstream:short)%00%(objectname)%00%(upstream:track)%00%(upstream:remotename)%00%(upstream:remoteref) refs/heads/master refs/remotes/master [3ms]
2023-12-02 21:38:18.342 [info] > git status -z -uall [2ms]
2023-12-02 21:39:52.067 [info] No remotes found in the git config file.
2023-12-02 21:39:52.067 [info] > git config --get commit.template [9ms]
2023-12-02 21:39:52.069 [info] > git for-each-ref --format=%(refname)%00%(upstream:short)%00%(objectname)%00%(upstream:track)%00%(upstream:remotename)%00%(upstream:remoteref) refs/heads/master refs/remotes/master [3ms]
2023-12-02 21:39:52.079 [info] > git status -z -uall [2ms]
2023-12-02 21:41:41.698 [info] No remotes found in the git config file.
2023-12-02 21:41:41.700 [info] > git config --get commit.template [9ms]
2023-12-02 21:41:41.700 [info] > git for-each-ref --format=%(refname)%00%(upstream:short)%00%(objectname)%00%(upstream:track)%00%(upstream:remotename)%00%(upstream:remoteref) refs/heads/master refs/remotes/master [2ms]
2023-12-02 21:41:41.709 [info] > git status -z -uall [2ms]
2023-12-02 21:48:08.837 [info] No remotes found in the git config file.
2023-12-02 21:48:08.838 [info] > git config --get commit.template [7ms]
2023-12-02 21:48:08.839 [info] > git for-each-ref --format=%(refname)%00%(upstream:short)%00%(objectname)%00%(upstream:track)%00%(upstream:remotename)%00%(upstream:remoteref) refs/heads/master refs/remotes/master [2ms]
2023-12-02 21:48:08.847 [info] > git status -z -uall [2ms]
2023-12-02 21:51:22.239 [info] > git config --get commit.template [3ms]
2023-12-02 21:51:22.251 [info] No remotes found in the git config file.
2023-12-02 21:51:22.252 [info] > git for-each-ref --format=%(refname)%00%(upstream:short)%00%(objectname)%00%(upstream:track)%00%(upstream:remotename)%00%(upstream:remoteref) refs/heads/master refs/remotes/master [1ms]
2023-12-02 21:51:22.264 [info] > git status -z -uall [2ms]
2023-12-02 21:52:41.475 [info] > git config --get commit.template [1ms]
2023-12-02 21:52:41.482 [info] No remotes found in the git config file.
2023-12-02 21:52:41.483 [info] > git for-each-ref --format=%(refname)%00%(upstream:short)%00%(objectname)%00%(upstream:track)%00%(upstream:remotename)%00%(upstream:remoteref) refs/heads/master refs/remotes/master [1ms]
2023-12-02 21:52:41.491 [info] > git status -z -uall [2ms]
2023-12-02 21:55:34.032 [info] No remotes found in the git config file.
2023-12-02 21:55:34.034 [info] > git config --get commit.template [12ms]
2023-12-02 21:55:34.035 [info] > git for-each-ref --format=%(refname)%00%(upstream:short)%00%(objectname)%00%(upstream:track)%00%(upstream:remotename)%00%(upstream:remoteref) refs/heads/master refs/remotes/master [3ms]
2023-12-02 21:55:34.044 [info] > git status -z -uall [1ms]
2023-12-02 21:57:47.066 [info] No remotes found in the git config file.
2023-12-02 21:57:47.068 [info] > git for-each-ref --format=%(refname)%00%(upstream:short)%00%(objectname)%00%(upstream:track)%00%(upstream:remotename)%00%(upstream:remoteref) refs/heads/master refs/remotes/master [3ms]
2023-12-02 21:57:47.068 [info] > git config --get commit.template [12ms]
2023-12-02 21:57:47.080 [info] > git status -z -uall [3ms]
2023-12-02 21:57:52.096 [info] > git config --get commit.template [1ms]
2023-12-02 21:57:52.102 [info] No remotes found in the git config file.
2023-12-02 21:57:52.103 [info] > git for-each-ref --format=%(refname)%00%(upstream:short)%00%(objectname)%00%(upstream:track)%00%(upstream:remotename)%00%(upstream:remoteref) refs/heads/master refs/remotes/master [1ms]
2023-12-02 21:57:52.115 [info] > git status -z -uall [3ms]
2023-12-02 21:57:59.081 [info] No remotes found in the git config file.
2023-12-02 21:57:59.082 [info] > git config --get commit.template [10ms]
2023-12-02 21:57:59.082 [info] > git for-each-ref --format=%(refname)%00%(upstream:short)%00%(objectname)%00%(upstream:track)%00%(upstream:remotename)%00%(upstream:remoteref) refs/heads/master refs/remotes/master [1ms]
2023-12-02 21:57:59.093 [info] > git status -z -uall [2ms]
2023-12-02 21:58:22.099 [info] No remotes found in the git config file.
2023-12-02 21:58:22.100 [info] > git config --get commit.template [11ms]
2023-12-02 21:58:22.101 [info] > git for-each-ref --format=%(refname)%00%(upstream:short)%00%(objectname)%00%(upstream:track)%00%(upstream:remotename)%00%(upstream:remoteref) refs/heads/master refs/remotes/master [2ms]
2023-12-02 21:58:22.112 [info] > git status -z -uall [2ms]
2023-12-02 21:58:40.174 [info] No remotes found in the git config file.
2023-12-02 21:58:40.176 [info] > git config --get commit.template [11ms]
2023-12-02 21:58:40.176 [info] > git for-each-ref --format=%(refname)%00%(upstream:short)%00%(objectname)%00%(upstream:track)%00%(upstream:remotename)%00%(upstream:remoteref) refs/heads/master refs/remotes/master [2ms]
2023-12-02 21:58:40.188 [info] > git status -z -uall [2ms]
2023-12-02 21:59:05.467 [info] No remotes found in the git config file.
2023-12-02 21:59:05.468 [info] > git config --get commit.template [10ms]
2023-12-02 21:59:05.468 [info] > git for-each-ref --format=%(refname)%00%(upstream:short)%00%(objectname)%00%(upstream:track)%00%(upstream:remotename)%00%(upstream:remoteref) refs/heads/master refs/remotes/master [1ms]
2023-12-02 21:59:05.479 [info] > git status -z -uall [2ms]
2023-12-02 22:00:07.701 [info] > git config --get commit.template [2ms]
2023-12-02 22:00:07.708 [info] No remotes found in the git config file.
2023-12-02 22:00:07.710 [info] > git for-each-ref --format=%(refname)%00%(upstream:short)%00%(objectname)%00%(upstream:track)%00%(upstream:remotename)%00%(upstream:remoteref) refs/heads/master refs/remotes/master [2ms]
2023-12-02 22:00:07.721 [info] > git status -z -uall [1ms]
2023-12-02 22:00:56.705 [info] > git config --get commit.template [4ms]
2023-12-02 22:00:56.712 [info] No remotes found in the git config file.
2023-12-02 22:00:56.714 [info] > git for-each-ref --format=%(refname)%00%(upstream:short)%00%(objectname)%00%(upstream:track)%00%(upstream:remotename)%00%(upstream:remoteref) refs/heads/master refs/remotes/master [1ms]
2023-12-02 22:00:56.724 [info] > git status -z -uall [1ms]
2023-12-02 22:01:08.646 [info] > git config --get commit.template [1ms]
2023-12-02 22:01:08.657 [info] No remotes found in the git config file.
2023-12-02 22:01:08.662 [info] > git for-each-ref --format=%(refname)%00%(upstream:short)%00%(objectname)%00%(upstream:track)%00%(upstream:remotename)%00%(upstream:remoteref) refs/heads/master refs/remotes/master [5ms]
2023-12-02 22:01:08.673 [info] > git status -z -uall [1ms]
2023-12-02 22:02:56.732 [info] > git config --get commit.template [6ms]
2023-12-02 22:02:56.747 [info] > git for-each-ref --format=%(refname)%00%(upstream:short)%00%(objectname)%00%(upstream:track)%00%(upstream:remotename)%00%(upstream:remoteref) refs/heads/master refs/remotes/master [5ms]
2023-12-02 22:02:56.767 [info] > git status -z -uall [5ms]
2023-12-02 22:02:56.790 [info] > git ls-files --stage -- /home/brian/href/index.html [2ms]
2023-12-02 22:02:56.807 [info] > git cat-file -s e69de29bb2d1d6434b8b29ae775ad8c2e48c5391 [5ms]
2023-12-02 22:02:56.824 [info] > git show --textconv :index.html [4ms]
2023-12-02 22:03:58.937 [info] > git config --get commit.template [6ms]
2023-12-02 22:03:58.938 [info] > git for-each-ref --format=%(refname)%00%(upstream:short)%00%(objectname)%00%(upstream:track)%00%(upstream:remotename)%00%(upstream:remoteref) refs/heads/master refs/remotes/master [2ms]
2023-12-02 22:03:58.946 [info] > git status -z -uall [1ms]
2023-12-02 22:03:59.035 [info] > git ls-files --stage -- /home/brian/href/index.html [3ms]
2023-12-02 22:03:59.043 [info] > git cat-file -s e69de29bb2d1d6434b8b29ae775ad8c2e48c5391 [1ms]
2023-12-02 22:03:59.053 [info] > git show --textconv :index.html [2ms]
2023-12-02 22:04:03.198 [info] > git ls-files --stage -- /home/brian/href/index.html [1ms]
2023-12-02 22:04:03.206 [info] > git cat-file -s a1b680f3e8f3f04635b982a5a1422434bd69688e [1ms]
2023-12-02 22:04:03.217 [info] > git show --textconv :index.html [2ms]
2023-12-02 22:04:03.967 [info] > git config --get commit.template [9ms]
2023-12-02 22:04:03.968 [info] > git for-each-ref --format=%(refname)%00%(upstream:short)%00%(objectname)%00%(upstream:track)%00%(upstream:remotename)%00%(upstream:remoteref) refs/heads/master refs/remotes/master [2ms]
2023-12-02 22:04:03.981 [info] > git status -z -uall [6ms]
2023-12-02 22:06:03.903 [info] > git log --format=%H%n%aN%n%aE%n%at%n%ct%n%P%n%D%n%B -z -n120 -- /home/brian/href/index.html [3ms]
2023-12-02 22:06:03.903 [info] fatal: your current branch 'master' does not have any commits yet
2023-12-02 22:08:46.145 [info] > git config --get commit.template [3ms]
2023-12-02 22:08:46.145 [info] > git config --get commit.template [10ms]
2023-12-02 22:08:46.172 [info] > git ls-files --stage -- /home/brian/href/index.html [18ms]
2023-12-02 22:08:46.181 [info] > git for-each-ref --format=%(refname)%00%(upstream:short)%00%(objectname)%00%(upstream:track)%00%(upstream:remotename)%00%(upstream:remoteref) refs/heads/master refs/remotes/master [10ms]
2023-12-02 22:08:46.192 [info] > git for-each-ref --format=%(refname)%00%(upstream:short)%00%(objectname)%00%(upstream:track)%00%(upstream:remotename)%00%(upstream:remoteref) refs/heads/master refs/remotes/master [30ms]
2023-12-02 22:08:46.208 [info] > git status -z -uall [16ms]
2023-12-02 22:08:46.217 [info] > git cat-file -s a1b680f3e8f3f04635b982a5a1422434bd69688e [36ms]
2023-12-02 22:08:46.218 [info] > git status -z -uall [15ms]
2023-12-02 22:08:46.252 [info] > git show --textconv :index.html [4ms]
2023-12-02 22:08:57.421 [info] > git check-ignore -v -z --stdin [8ms]
2023-12-02 22:10:40.751 [info] > git config --get commit.template [1ms]
2023-12-02 22:10:40.764 [info] > git for-each-ref --format=%(refname)%00%(upstream:short)%00%(objectname)%00%(upstream:track)%00%(upstream:remotename)%00%(upstream:remoteref) refs/heads/master refs/remotes/master [4ms]
2023-12-02 22:10:40.779 [info] > git status -z -uall [5ms]
2023-12-02 23:28:28.937 [info] > git config --get commit.template [32ms]
2023-12-02 23:28:28.993 [info] > git for-each-ref --format=%(refname)%00%(upstream:short)%00%(objectname)%00%(upstream:track)%00%(upstream:remotename)%00%(upstream:remoteref) refs/heads/master refs/remotes/master [58ms]
2023-12-02 23:28:29.013 [info] > git ls-files --stage -- /home/brian/href/index.html [32ms]
2023-12-02 23:28:29.048 [info] > git status -z -uall [37ms]
2023-12-02 23:28:29.068 [info] > git cat-file -s a1b680f3e8f3f04635b982a5a1422434bd69688e [23ms]
2023-12-02 23:28:29.103 [info] > git show --textconv :index.html [3ms]
