2023-11-30 11:40:13.107 [warning] Via 'product.json#extensionEnabledApiProposals' extension 'ms-dotnettools.dotnet-interactive-vscode' wants API proposal 'languageConfigurationAutoClosingPairs' but that proposal DOES NOT EXIST. Likely, the proposal has been finalized (check 'vscode.d.ts') or was abandoned.
2023-11-30 11:40:16.395 [info] [perf] Render performance baseline is 42ms
2023-11-30 11:40:20.200 [warning] Via 'product.json#extensionEnabledApiProposals' extension 'ms-dotnettools.dotnet-interactive-vscode' wants API proposal 'languageConfigurationAutoClosingPairs' but that proposal DOES NOT EXIST. Likely, the proposal has been finalized (check 'vscode.d.ts') or was abandoned.
2023-11-30 11:40:23.234 [info] [perf] Render performance baseline is 48ms
2023-11-30 11:40:26.230 [error] Cannot read properties of undefined (reading 'accessToken'): TypeError: Cannot read properties of undefined (reading 'accessToken')
    at b.f (vscode-file://vscode-app/usr/share/code/resources/app/out/vs/workbench/workbench.desktop.main.js:1684:10718)
    at u.value (vscode-file://vscode-app/usr/share/code/resources/app/out/vs/workbench/workbench.desktop.main.js:1684:10539)
2023-11-30 11:50:04.621 [warning] [ms-vscode.js-debug-nightly]: Cannot register 'debug.javascript.codelens.npmScripts'. This property is already registered.
2023-11-30 11:50:04.621 [warning] [ms-vscode.js-debug-nightly]: Cannot register 'debug.javascript.terminalOptions'. This property is already registered.
2023-11-30 11:50:04.622 [warning] [ms-vscode.js-debug-nightly]: Cannot register 'debug.javascript.automaticallyTunnelRemoteServer'. This property is already registered.
2023-11-30 11:50:04.622 [warning] [ms-vscode.js-debug-nightly]: Cannot register 'debug.javascript.debugByLinkOptions'. This property is already registered.
2023-11-30 11:50:04.623 [warning] [ms-vscode.js-debug-nightly]: Cannot register 'debug.javascript.pickAndAttachOptions'. This property is already registered.
2023-11-30 11:50:04.623 [warning] [ms-vscode.js-debug-nightly]: Cannot register 'debug.javascript.autoAttachFilter'. This property is already registered.
2023-11-30 11:50:04.624 [warning] [ms-vscode.js-debug-nightly]: Cannot register 'debug.javascript.autoAttachSmartPattern'. This property is already registered.
2023-11-30 11:50:04.624 [warning] [ms-vscode.js-debug-nightly]: Cannot register 'debug.javascript.breakOnConditionalError'. This property is already registered.
2023-11-30 11:50:04.624 [warning] [ms-vscode.js-debug-nightly]: Cannot register 'debug.javascript.unmapMissingSources'. This property is already registered.
2023-11-30 11:50:04.625 [warning] [ms-vscode.js-debug-nightly]: Cannot register 'debug.javascript.defaultRuntimeExecutable'. This property is already registered.
2023-11-30 11:50:04.625 [warning] [ms-vscode.js-debug-nightly]: Cannot register 'debug.javascript.resourceRequestOptions'. This property is already registered.
2023-11-30 11:50:04.667 [info] [ms-vscode.js-debug-nightly]: Command `extension.js-debug.prettyPrint` already registered by JavaScript Debugger (ms-vscode.js-debug)
2023-11-30 11:50:04.669 [info] [ms-vscode.js-debug-nightly]: Command `extension.js-debug.toggleSkippingFile` already registered by JavaScript Debugger (ms-vscode.js-debug)
2023-11-30 11:50:04.674 [info] [ms-vscode.js-debug-nightly]: Command `extension.js-debug.addCustomBreakpoints` already registered by JavaScript Debugger (ms-vscode.js-debug)
2023-11-30 11:50:04.675 [info] [ms-vscode.js-debug-nightly]: Command `extension.js-debug.removeAllCustomBreakpoints` already registered by JavaScript Debugger (ms-vscode.js-debug)
2023-11-30 11:50:04.675 [info] [ms-vscode.js-debug-nightly]: Command `extension.pwa-node-debug.attachNodeProcess` already registered by JavaScript Debugger (ms-vscode.js-debug)
2023-11-30 11:50:04.676 [info] [ms-vscode.js-debug-nightly]: Command `extension.js-debug.npmScript` already registered by JavaScript Debugger (ms-vscode.js-debug)
2023-11-30 11:50:04.677 [info] [ms-vscode.js-debug-nightly]: Command `extension.js-debug.createDebuggerTerminal` already registered by JavaScript Debugger (ms-vscode.js-debug)
2023-11-30 11:50:04.678 [info] [ms-vscode.js-debug-nightly]: Command `extension.js-debug.startProfile` already registered by JavaScript Debugger (ms-vscode.js-debug)
2023-11-30 11:50:04.678 [info] [ms-vscode.js-debug-nightly]: Command `extension.js-debug.stopProfile` already registered by JavaScript Debugger (ms-vscode.js-debug)
2023-11-30 11:50:04.679 [info] [ms-vscode.js-debug-nightly]: Command `extension.js-debug.revealPage` already registered by JavaScript Debugger (ms-vscode.js-debug)
2023-11-30 11:50:04.679 [info] [ms-vscode.js-debug-nightly]: Command `extension.js-debug.debugLink` already registered by JavaScript Debugger (ms-vscode.js-debug)
2023-11-30 11:50:04.680 [info] [ms-vscode.js-debug-nightly]: Command `extension.js-debug.createDiagnostics` already registered by JavaScript Debugger (ms-vscode.js-debug)
2023-11-30 11:50:04.680 [info] [ms-vscode.js-debug-nightly]: Command `extension.js-debug.getDiagnosticLogs` already registered by JavaScript Debugger (ms-vscode.js-debug)
2023-11-30 11:50:04.680 [info] [ms-vscode.js-debug-nightly]: Command `extension.node-debug.startWithStopOnEntry` already registered by JavaScript Debugger (ms-vscode.js-debug)
2023-11-30 11:50:04.681 [info] [ms-vscode.js-debug-nightly]: Command `extension.js-debug.openEdgeDevTools` already registered by JavaScript Debugger (ms-vscode.js-debug)
2023-11-30 11:50:04.681 [info] [ms-vscode.js-debug-nightly]: Command `extension.js-debug.callers.add` already registered by JavaScript Debugger (ms-vscode.js-debug)
2023-11-30 11:50:04.682 [info] [ms-vscode.js-debug-nightly]: Command `extension.js-debug.callers.remove` already registered by JavaScript Debugger (ms-vscode.js-debug)
2023-11-30 11:50:04.683 [info] [ms-vscode.js-debug-nightly]: Command `extension.js-debug.callers.removeAll` already registered by JavaScript Debugger (ms-vscode.js-debug)
2023-11-30 11:50:04.685 [info] [ms-vscode.js-debug-nightly]: Command `extension.js-debug.callers.goToCaller` already registered by JavaScript Debugger (ms-vscode.js-debug)
2023-11-30 11:50:04.685 [info] [ms-vscode.js-debug-nightly]: Command `extension.js-debug.callers.gotToTarget` already registered by JavaScript Debugger (ms-vscode.js-debug)
2023-11-30 11:50:04.686 [info] [ms-vscode.js-debug-nightly]: Command `extension.js-debug.enableSourceMapStepping` already registered by JavaScript Debugger (ms-vscode.js-debug)
2023-11-30 11:50:04.692 [info] [ms-vscode.js-debug-nightly]: Command `extension.js-debug.disableSourceMapStepping` already registered by JavaScript Debugger (ms-vscode.js-debug)
2023-11-30 11:50:04.726 [error] [ms-vscode.js-debug-nightly]: A view with id `jsBrowserBreakpoints` is already registered.
2023-11-30 11:50:04.726 [error] [ms-vscode.js-debug-nightly]: A view with id `jsExcludedCallers` is already registered.
2023-11-30 11:50:25.586 [error] [Extension Host] grep: warning: /usr/bin/X11: recursive directory loop
2023-11-30 11:50:26.015 [error] [Extension Host] grep: warning: /usr/bin/X11: recursive directory loop
2023-11-30 11:50:26.444 [error] [Extension Host] grep: warning: /usr/bin/X11: recursive directory loop
