2023-11-30 11:40:13.496 [info] Added views:workbench.panel.markers.view in workbench.panel.markers
2023-11-30 11:40:13.496 [info] Added views:workbench.panel.output in workbench.panel.output
2023-11-30 11:40:13.496 [info] Added views:terminal in terminal
2023-11-30 11:40:13.496 [info] Added views:outline in workbench.view.explorer
2023-11-30 11:40:13.496 [info] Added views:workbench.scm in workbench.view.scm
2023-11-30 11:40:13.496 [info] Added views:workbench.view.search in workbench.view.search
2023-11-30 11:40:13.496 [info] Added views:timeline in workbench.view.explorer
2023-11-30 11:40:13.496 [info] Added views:workbench.explorer.emptyView in workbench.view.explorer
2023-11-30 11:40:14.277 [info] Added views:workbench.debug.welcome in workbench.view.debug
2023-11-30 11:40:14.317 [info] Added views:workbench.panel.repl.view in workbench.panel.repl
2023-11-30 11:40:14.745 [info] Added views:~remote.forwardedPorts in ~remote.forwardedPortsContainer
2023-11-30 11:40:20.369 [info] Added views:workbench.panel.markers.view in workbench.panel.markers
2023-11-30 11:40:20.369 [info] Added views:workbench.panel.output in workbench.panel.output
2023-11-30 11:40:20.369 [info] Added views:terminal in terminal
2023-11-30 11:40:20.369 [info] Added views:outline in workbench.view.explorer
2023-11-30 11:40:20.369 [info] Added views:workbench.scm in workbench.view.scm
2023-11-30 11:40:20.369 [info] Added views:workbench.view.search in workbench.view.search
2023-11-30 11:40:20.369 [info] Added views:timeline in workbench.view.explorer
2023-11-30 11:40:20.369 [info] Added views:workbench.explorer.fileView in workbench.view.explorer
2023-11-30 11:40:20.985 [info] Added views:workbench.debug.variablesView,workbench.debug.watchExpressionsView,workbench.debug.callStackView,workbench.debug.breakPointsView in workbench.view.debug
2023-11-30 11:40:21.098 [info] Added views:~remote.forwardedPorts in ~remote.forwardedPortsContainer
2023-11-30 11:40:21.191 [info] Added views:workbench.panel.repl.view in workbench.panel.repl
2023-11-30 11:40:21.194 [info] Removed views:workbench.debug.breakPointsView,workbench.debug.callStackView,workbench.debug.watchExpressionsView,workbench.debug.variablesView from workbench.view.debug
2023-11-30 11:40:21.195 [info] Added views:workbench.debug.welcome in workbench.view.debug
2023-11-30 11:49:22.722 [info] Added views:workbench.debug.breakPointsView in workbench.view.debug
2023-11-30 11:49:25.595 [info] Added views:workbench.views.extensions.installed,workbench.views.extensions.popular,extensions.recommendedList in workbench.view.extensions
2023-11-30 11:49:25.606 [info] Removed views:workbench.views.extensions.popular from workbench.view.extensions
2023-11-30 11:49:26.205 [info] Removed views:extensions.recommendedList,workbench.views.extensions.installed from workbench.view.extensions
2023-11-30 11:49:26.221 [info] Added views:workbench.views.extensions.marketplace in workbench.view.extensions
2023-11-30 11:50:18.171 [info] Removed views:workbench.debug.welcome from workbench.view.debug
2023-11-30 11:50:18.174 [info] Added views:workbench.debug.variablesView,workbench.debug.watchExpressionsView,workbench.debug.callStackView in workbench.view.debug
