2023-12-02 18:18:03.009 [info] Log level: Info
2023-12-02 18:18:03.009 [info] Validating found git in: "git"
2023-12-02 18:18:03.009 [info] Using git "2.17.1" from "git"
2023-12-02 18:18:03.009 [info] > git rev-parse --show-toplevel [34ms]
2023-12-02 18:18:03.009 [info] > git rev-parse --git-dir --git-common-dir [14ms]
2023-12-02 18:18:03.009 [info] Open repository: /home/brian
2023-12-02 18:18:03.009 [info] > git rev-parse --show-toplevel [188ms]
2023-12-02 18:18:03.009 [info] > git config --get commit.template [205ms]
2023-12-02 18:18:03.104 [info] > git rev-parse --show-toplevel [69ms]
2023-12-02 18:18:03.152 [info] > git for-each-ref --format=%(refname)%00%(upstream:short)%00%(objectname)%00%(upstream:track)%00%(upstream:remotename)%00%(upstream:remoteref) refs/heads/main refs/remotes/main [51ms]
2023-12-02 18:18:03.201 [info] > git rev-parse --show-toplevel [55ms]
2023-12-02 18:18:03.279 [info] > git rev-parse --show-toplevel [39ms]
2023-12-02 18:18:03.290 [info] > git rev-parse --show-toplevel [2ms]
2023-12-02 18:18:03.306 [info] > git rev-parse --show-toplevel [4ms]
2023-12-02 18:18:03.347 [info] > git rev-parse --show-toplevel [3ms]
2023-12-02 18:18:03.416 [info] > git rev-parse --show-toplevel [49ms]
2023-12-02 18:18:03.433 [info] > git rev-parse --show-toplevel [2ms]
2023-12-02 18:18:03.466 [info] > git rev-parse --show-toplevel [16ms]
2023-12-02 18:18:03.495 [info] > git rev-parse --show-toplevel [6ms]
2023-12-02 18:18:03.521 [info] > git rev-parse --show-toplevel [11ms]
2023-12-02 18:18:03.541 [info] > git check-ignore -v -z --stdin [80ms]
2023-12-02 18:18:03.548 [info] > git rev-parse --show-toplevel [7ms]
2023-12-02 18:18:03.568 [info] > git rev-parse --show-toplevel [3ms]
2023-12-02 18:18:03.582 [info] > git rev-parse --show-toplevel [3ms]
2023-12-02 18:18:03.637 [info] > git rev-parse --git-dir --git-common-dir [3ms]
2023-12-02 18:18:03.670 [info] Open repository: /home/brian/Document
2023-12-02 18:18:03.725 [info] > git config --get commit.template [18ms]
2023-12-02 18:18:03.757 [info] No remotes found in the git config file.
2023-12-02 18:18:03.791 [info] > git rev-parse --show-toplevel [73ms]
2023-12-02 18:18:03.827 [info] > git for-each-ref --format=%(refname)%00%(upstream:short)%00%(objectname)%00%(upstream:track)%00%(upstream:remotename)%00%(upstream:remoteref) refs/heads/master refs/remotes/master [70ms]
2023-12-02 18:18:03.861 [info] > git rev-parse --show-toplevel [43ms]
2023-12-02 18:18:03.909 [info] > git status -z -uall [711ms] (cancelled)
2023-12-02 18:18:03.909 [info] > git status -z -uall [69ms]
2023-12-02 18:18:03.960 [info] > git rev-parse --show-toplevel [84ms]
2023-12-02 18:18:03.984 [info] > git config --get commit.template [26ms]
2023-12-02 18:18:03.988 [info] > git rev-parse --show-toplevel [7ms]
2023-12-02 18:18:04.010 [info] No remotes found in the git config file.
2023-12-02 18:18:04.092 [info] > git rev-parse --show-toplevel [67ms]
2023-12-02 18:18:04.092 [info] > git for-each-ref --format=%(refname)%00%(upstream:short)%00%(objectname)%00%(upstream:track)%00%(upstream:remotename)%00%(upstream:remoteref) refs/heads/master refs/remotes/master [83ms]
2023-12-02 18:18:04.117 [info] > git status -z -uall [16ms]
2023-12-02 18:18:04.123 [info] > git rev-parse --show-toplevel [7ms]
2023-12-02 18:18:04.168 [info] > git rev-parse --show-toplevel [7ms]
2023-12-02 18:18:04.189 [info] > git rev-parse --show-toplevel [5ms]
2023-12-02 18:18:04.200 [info] > git rev-parse --show-toplevel [2ms]
2023-12-02 18:18:04.225 [info] > git rev-parse --git-dir --git-common-dir [3ms]
2023-12-02 18:18:04.236 [info] Open repository: /home/brian/html
2023-12-02 18:18:04.264 [info] > git config --get commit.template [18ms]
2023-12-02 18:18:04.265 [info] > git rev-parse --show-toplevel [6ms]
2023-12-02 18:18:04.278 [info] No remotes found in the git config file.
2023-12-02 18:18:04.341 [info] > git rev-parse --show-toplevel [42ms]
2023-12-02 18:18:04.341 [info] > git for-each-ref --format=%(refname)%00%(upstream:short)%00%(objectname)%00%(upstream:track)%00%(upstream:remotename)%00%(upstream:remoteref) refs/heads/master refs/remotes/master [64ms]
2023-12-02 18:18:04.395 [info] > git check-ignore -v -z --stdin [57ms]
2023-12-02 18:18:04.406 [info] > git check-ignore -v -z --stdin [92ms]
2023-12-02 18:18:04.409 [info] > git rev-parse --git-dir --git-common-dir [15ms]
2023-12-02 18:18:04.443 [info] Open repository: /home/brian/phase-0-git-basics-lab
2023-12-02 18:18:04.494 [info] > git status -z -uall [119ms]
2023-12-02 18:18:04.494 [info] > git config --get commit.template [25ms]
2023-12-02 18:18:04.513 [info] > git rev-parse --show-toplevel [21ms]
2023-12-02 18:18:04.535 [info] > git for-each-ref --format=%(refname)%00%(upstream:short)%00%(objectname)%00%(upstream:track)%00%(upstream:remotename)%00%(upstream:remoteref) refs/heads/master refs/remotes/master [12ms]
2023-12-02 18:18:04.547 [info] > git config --get commit.template [34ms]
2023-12-02 18:18:04.557 [info] No remotes found in the git config file.
2023-12-02 18:18:04.558 [info] > git rev-parse --git-dir --git-common-dir [25ms]
2023-12-02 18:18:04.566 [info] Open repository: /home/brian/phase-0-html-document-structure-lab
2023-12-02 18:18:04.587 [info] > git status -z -uall [41ms]
2023-12-02 18:18:04.587 [info] > git for-each-ref --format=%(refname)%00%(upstream:short)%00%(objectname)%00%(upstream:track)%00%(upstream:remotename)%00%(upstream:remoteref) refs/heads/master refs/remotes/master [30ms]
2023-12-02 18:18:04.629 [info] > git status -z -uall [35ms]
2023-12-02 18:18:04.629 [info] > git rev-parse --show-toplevel [43ms]
2023-12-02 18:18:04.629 [info] > git config --get commit.template [55ms]
2023-12-02 18:18:04.641 [info] > git config --get commit.template [13ms]
2023-12-02 18:18:04.674 [info] > git rev-parse --show-toplevel [33ms]
2023-12-02 18:18:04.686 [info] > git for-each-ref --format=%(refname)%00%(upstream:short)%00%(objectname)%00%(upstream:track)%00%(upstream:remotename)%00%(upstream:remoteref) refs/heads/master refs/remotes/master [14ms]
2023-12-02 18:18:04.703 [info] > git for-each-ref --format=%(refname)%00%(upstream:short)%00%(objectname)%00%(upstream:track)%00%(upstream:remotename)%00%(upstream:remoteref) refs/heads/master refs/remotes/master [19ms]
2023-12-02 18:18:04.714 [info] > git status -z -uall [14ms]
2023-12-02 18:18:04.732 [info] > git status -z -uall [18ms]
2023-12-02 18:18:04.741 [info] > git config --get commit.template [10ms]
2023-12-02 18:18:04.759 [info] > git for-each-ref --format=%(refname)%00%(upstream:short)%00%(objectname)%00%(upstream:track)%00%(upstream:remotename)%00%(upstream:remoteref) refs/heads/master refs/remotes/master [2ms]
2023-12-02 18:18:04.770 [info] > git status -z -uall [2ms]
2023-12-02 18:18:05.499 [info] > git check-ignore -v -z --stdin [70ms]
2023-12-02 18:18:05.504 [info] > git check-ignore -v -z --stdin [65ms]
2023-12-02 18:18:05.505 [info] > git check-ignore -v -z --stdin [55ms]
2023-12-02 18:18:05.506 [info] > git check-ignore -v -z --stdin [45ms]
2023-12-02 18:18:05.512 [info] > git check-ignore -v -z --stdin [29ms]
