2023-12-02 22:41:52.726 [info] Reading sessions from keychain...
2023-12-02 22:41:52.726 [info] Getting sessions for all scopes...
2023-12-02 22:41:52.827 [info] Getting sessions for read:user,repo,user:email,workflow...
2023-12-02 22:41:52.939 [info] Got stored sessions!
2023-12-02 22:41:52.939 [info] Got 2 verified sessions.
2023-12-02 22:41:52.940 [info] Got 2 sessions for ...
2023-12-02 22:41:52.940 [info] Got 1 sessions for read:user,repo,user:email,workflow...
2023-12-02 22:41:54.947 [info] Getting sessions for read:user,repo,user:email,workflow...
2023-12-02 22:41:54.947 [info] Got 1 sessions for read:user,repo,user:email,workflow...
2023-12-02 22:41:55.078 [info] Getting sessions for all scopes...
2023-12-02 22:41:55.078 [info] Got 2 sessions for ...
2023-12-02 22:41:55.187 [info] Getting sessions for user:email...
2023-12-02 22:41:55.188 [info] Got 1 sessions for user:email...
2023-12-02 23:49:48.818 [info] Getting sessions for read:user,repo,user:email,workflow...
2023-12-02 23:49:48.818 [info] Got 1 sessions for read:user,repo,user:email,workflow...
2023-12-02 23:50:23.123 [info] Getting sessions for read:user,repo,user:email,workflow...
2023-12-02 23:50:23.123 [info] Got 1 sessions for read:user,repo,user:email,workflow...
2023-12-02 23:52:21.738 [info] Getting sessions for read:user,repo,user:email,workflow...
2023-12-02 23:52:21.738 [info] Got 1 sessions for read:user,repo,user:email,workflow...
2023-12-03 00:01:40.232 [info] Getting sessions for read:user,repo,user:email,workflow...
2023-12-03 00:01:40.232 [info] Got 1 sessions for read:user,repo,user:email,workflow...
2023-12-03 00:02:10.644 [info] Getting sessions for read:user,repo,user:email,workflow...
2023-12-03 00:02:10.644 [info] Got 1 sessions for read:user,repo,user:email,workflow...
