2023-12-02 19:45:53.656 [info] Extension host with pid 9308 started
2023-12-02 19:45:53.657 [info] Skipping acquiring lock for /home/brian/.config/Code/User/workspaceStorage/255a7b6f91d1b9bb008a17035e601024.
2023-12-02 19:45:53.740 [info] ExtensionService#_doActivateExtension vscode.git-base, startup: true, activationEvent: '*', root cause: vscode.git
2023-12-02 19:45:53.765 [info] ExtensionService#_doActivateExtension vscode.git, startup: true, activationEvent: '*'
2023-12-02 19:45:53.838 [info] ExtensionService#_doActivateExtension vscode.github, startup: true, activationEvent: '*'
2023-12-02 19:45:54.045 [info] Eager extensions activated
2023-12-02 19:45:54.088 [info] ExtensionService#_doActivateExtension vscode.debug-auto-launch, startup: false, activationEvent: 'onStartupFinished'
2023-12-02 19:45:54.094 [info] ExtensionService#_doActivateExtension vscode.merge-conflict, startup: false, activationEvent: 'onStartupFinished'
2023-12-02 19:45:54.109 [info] ExtensionService#_doActivateExtension ritwickdey.LiveServer, startup: false, activationEvent: 'onStartupFinished'
2023-12-02 19:45:54.610 [info] ExtensionService#_doActivateExtension vscode.github-authentication, startup: false, activationEvent: 'onAuthenticationRequest:github'
2023-12-02 19:45:55.597 [warning] [Decorations] CAPPING events from decorations provider vscode.git 1023
2023-12-02 19:45:56.900 [warning] [Decorations] CAPPING events from decorations provider vscode.git 1023
2023-12-02 19:46:00.672 [info] ExtensionService#_doActivateExtension vscode.html-language-features, startup: false, activationEvent: 'onLanguage:html'
2023-12-02 19:46:00.728 [info] ExtensionService#_doActivateExtension vscode.emmet, startup: false, activationEvent: 'onLanguage'
2023-12-02 19:46:16.682 [warning] [Decorations] CAPPING events from decorations provider vscode.git 1027
2023-12-02 19:46:22.218 [warning] [Decorations] CAPPING events from decorations provider vscode.git 1027
2023-12-02 19:46:27.678 [warning] [Decorations] CAPPING events from decorations provider vscode.git 1028
2023-12-02 19:46:33.155 [warning] [Decorations] CAPPING events from decorations provider vscode.git 1028
2023-12-02 19:46:38.667 [warning] [Decorations] CAPPING events from decorations provider vscode.git 1029
2023-12-02 19:46:44.232 [warning] [Decorations] CAPPING events from decorations provider vscode.git 1030
2023-12-02 19:46:49.751 [warning] [Decorations] CAPPING events from decorations provider vscode.git 1031
2023-12-02 19:46:50.419 [info] ExtensionService#_doActivateExtension vscode.debug-server-ready, startup: false, activationEvent: 'onDebugResolve'
2023-12-02 19:46:50.437 [info] ExtensionService#_doActivateExtension ms-vscode.js-debug, startup: false, activationEvent: 'onDebugResolve:pwa-chrome'
2023-12-02 19:46:50.584 [info] ExtensionService#_doActivateExtension ms-vscode.js-debug-nightly, startup: false, activationEvent: 'onDebugResolve:pwa-chrome'
2023-12-02 19:46:50.717 [error] Activating extension ms-vscode.js-debug-nightly failed due to an error:
2023-12-02 19:46:50.718 [error] Error: command 'extension.js-debug.npmScript' already exists
	at i.registerCommand (/usr/share/code/resources/app/out/vs/workbench/api/node/extensionHostProcess.js:125:138275)
	at Object.registerCommand (/usr/share/code/resources/app/out/vs/workbench/api/node/extensionHostProcess.js:140:20532)
	at Le (/home/brian/.vscode/extensions/ms-vscode.js-debug-nightly-2023.12.117/src/extension.js:72:10342)
	at Y0e (/home/brian/.vscode/extensions/ms-vscode.js-debug-nightly-2023.12.117/src/extension.js:160:6261)
	at q.ib (/usr/share/code/resources/app/out/vs/workbench/api/node/extensionHostProcess.js:136:13170)
	at q.hb (/usr/share/code/resources/app/out/vs/workbench/api/node/extensionHostProcess.js:136:12896)
	at /usr/share/code/resources/app/out/vs/workbench/api/node/extensionHostProcess.js:136:11037
	at async v.n (/usr/share/code/resources/app/out/vs/workbench/api/node/extensionHostProcess.js:124:6205)
	at async v.m (/usr/share/code/resources/app/out/vs/workbench/api/node/extensionHostProcess.js:124:6168)
	at async v.l (/usr/share/code/resources/app/out/vs/workbench/api/node/extensionHostProcess.js:124:5625)
2023-12-02 19:47:09.016 [warning] [Decorations] CAPPING events from decorations provider vscode.git 1200
2023-12-02 19:47:15.673 [warning] [Decorations] CAPPING events from decorations provider vscode.git 1204
2023-12-02 19:47:21.695 [warning] [Decorations] CAPPING events from decorations provider vscode.git 1207
2023-12-02 19:47:30.364 [warning] [Decorations] CAPPING events from decorations provider vscode.git 1229
2023-12-02 19:47:35.743 [warning] [Decorations] CAPPING events from decorations provider vscode.git 1230
2023-12-02 19:47:41.008 [warning] [Decorations] CAPPING events from decorations provider vscode.git 1230
2023-12-02 19:47:46.279 [warning] [Decorations] CAPPING events from decorations provider vscode.git 1231
2023-12-02 19:47:51.535 [warning] [Decorations] CAPPING events from decorations provider vscode.git 1231
2023-12-02 19:47:56.812 [warning] [Decorations] CAPPING events from decorations provider vscode.git 1232
2023-12-02 19:48:02.109 [warning] [Decorations] CAPPING events from decorations provider vscode.git 1232
2023-12-02 19:48:07.401 [warning] [Decorations] CAPPING events from decorations provider vscode.git 1232
2023-12-02 19:48:12.727 [warning] [Decorations] CAPPING events from decorations provider vscode.git 1233
2023-12-02 19:48:18.008 [warning] [Decorations] CAPPING events from decorations provider vscode.git 1234
2023-12-02 19:48:23.274 [warning] [Decorations] CAPPING events from decorations provider vscode.git 1234
2023-12-02 19:48:28.566 [warning] [Decorations] CAPPING events from decorations provider vscode.git 1235
2023-12-02 19:48:33.866 [warning] [Decorations] CAPPING events from decorations provider vscode.git 1235
2023-12-02 19:48:39.132 [warning] [Decorations] CAPPING events from decorations provider vscode.git 1236
2023-12-02 19:48:44.418 [warning] [Decorations] CAPPING events from decorations provider vscode.git 1237
2023-12-02 19:48:49.713 [warning] [Decorations] CAPPING events from decorations provider vscode.git 1237
2023-12-02 19:48:54.986 [warning] [Decorations] CAPPING events from decorations provider vscode.git 1238
2023-12-02 19:49:00.260 [warning] [Decorations] CAPPING events from decorations provider vscode.git 1238
2023-12-02 19:49:05.542 [warning] [Decorations] CAPPING events from decorations provider vscode.git 1238
2023-12-02 19:49:10.807 [warning] [Decorations] CAPPING events from decorations provider vscode.git 1238
2023-12-02 19:49:16.073 [warning] [Decorations] CAPPING events from decorations provider vscode.git 1240
2023-12-02 19:49:21.378 [warning] [Decorations] CAPPING events from decorations provider vscode.git 1240
2023-12-02 19:49:27.392 [warning] [Decorations] CAPPING events from decorations provider vscode.git 1242
2023-12-02 19:49:32.746 [warning] [Decorations] CAPPING events from decorations provider vscode.git 1245
2023-12-02 19:49:38.059 [warning] [Decorations] CAPPING events from decorations provider vscode.git 1244
2023-12-02 19:50:02.264 [warning] [Decorations] CAPPING events from decorations provider vscode.git 1256
2023-12-02 19:50:07.559 [warning] [Decorations] CAPPING events from decorations provider vscode.git 1255
2023-12-02 19:50:12.868 [warning] [Decorations] CAPPING events from decorations provider vscode.git 1256
2023-12-02 19:50:18.197 [warning] [Decorations] CAPPING events from decorations provider vscode.git 1257
2023-12-02 19:50:23.496 [warning] [Decorations] CAPPING events from decorations provider vscode.git 1257
2023-12-02 19:50:28.859 [warning] [Decorations] CAPPING events from decorations provider vscode.git 1258
2023-12-02 19:50:34.202 [warning] [Decorations] CAPPING events from decorations provider vscode.git 1261
2023-12-02 19:50:40.507 [warning] [Decorations] CAPPING events from decorations provider vscode.git 1264
2023-12-02 19:50:45.863 [warning] [Decorations] CAPPING events from decorations provider vscode.git 1264
2023-12-02 19:50:51.173 [warning] [Decorations] CAPPING events from decorations provider vscode.git 1266
2023-12-02 19:50:56.463 [warning] [Decorations] CAPPING events from decorations provider vscode.git 1267
2023-12-02 19:51:01.833 [warning] [Decorations] CAPPING events from decorations provider vscode.git 1267
2023-12-02 19:51:07.112 [warning] [Decorations] CAPPING events from decorations provider vscode.git 1267
2023-12-02 19:51:10.278 [info] ExtensionService#_doActivateExtension vscode.npm, startup: false, activationEvent: 'onTerminalQuickFixRequest:ms-vscode.npm-command'
2023-12-02 19:51:12.409 [warning] [Decorations] CAPPING events from decorations provider vscode.git 1267
2023-12-02 19:51:17.821 [warning] [Decorations] CAPPING events from decorations provider vscode.git 1267
2023-12-02 19:51:23.171 [warning] [Decorations] CAPPING events from decorations provider vscode.git 1268
2023-12-02 19:51:28.526 [warning] [Decorations] CAPPING events from decorations provider vscode.git 1268
2023-12-02 19:51:34.001 [warning] [Decorations] CAPPING events from decorations provider vscode.git 1269
2023-12-02 19:52:22.058 [warning] [Decorations] CAPPING events from decorations provider vscode.git 1282
2023-12-02 19:52:27.402 [warning] [Decorations] CAPPING events from decorations provider vscode.git 1281
2023-12-02 19:52:32.744 [warning] [Decorations] CAPPING events from decorations provider vscode.git 1282
2023-12-02 19:52:38.048 [warning] [Decorations] CAPPING events from decorations provider vscode.git 1283
2023-12-02 19:52:53.005 [warning] [Decorations] CAPPING events from decorations provider vscode.git 1285
2023-12-02 19:52:58.335 [warning] [Decorations] CAPPING events from decorations provider vscode.git 1286
2023-12-02 19:53:03.648 [warning] [Decorations] CAPPING events from decorations provider vscode.git 1286
2023-12-02 19:53:08.954 [warning] [Decorations] CAPPING events from decorations provider vscode.git 1286
2023-12-02 19:53:23.121 [warning] [Decorations] CAPPING events from decorations provider vscode.git 1286
2023-12-02 19:53:28.432 [warning] [Decorations] CAPPING events from decorations provider vscode.git 1287
2023-12-02 19:53:33.728 [warning] [Decorations] CAPPING events from decorations provider vscode.git 1288
2023-12-02 19:54:09.730 [warning] [Decorations] CAPPING events from decorations provider vscode.git 1294
2023-12-02 19:54:15.074 [warning] [Decorations] CAPPING events from decorations provider vscode.git 1292
2023-12-02 19:54:20.414 [warning] [Decorations] CAPPING events from decorations provider vscode.git 1292
2023-12-02 19:54:25.720 [warning] [Decorations] CAPPING events from decorations provider vscode.git 1292
2023-12-02 19:54:31.032 [warning] [Decorations] CAPPING events from decorations provider vscode.git 1293
2023-12-02 19:54:44.382 [warning] [Decorations] CAPPING events from decorations provider vscode.git 1295
2023-12-02 19:54:49.666 [warning] [Decorations] CAPPING events from decorations provider vscode.git 1295
2023-12-02 19:54:54.962 [warning] [Decorations] CAPPING events from decorations provider vscode.git 1296
2023-12-02 19:55:57.049 [warning] [Decorations] CAPPING events from decorations provider vscode.git 1303
2023-12-02 19:56:02.318 [warning] [Decorations] CAPPING events from decorations provider vscode.git 1305
2023-12-02 19:56:07.604 [warning] [Decorations] CAPPING events from decorations provider vscode.git 1305
2023-12-02 19:56:12.911 [warning] [Decorations] CAPPING events from decorations provider vscode.git 1305
2023-12-02 19:56:18.288 [warning] [Decorations] CAPPING events from decorations provider vscode.git 1305
2023-12-02 19:56:23.579 [warning] [Decorations] CAPPING events from decorations provider vscode.git 1305
2023-12-02 19:56:28.893 [warning] [Decorations] CAPPING events from decorations provider vscode.git 1305
2023-12-02 19:57:17.200 [warning] [Decorations] CAPPING events from decorations provider vscode.git 1311
2023-12-02 19:57:39.613 [warning] [Decorations] CAPPING events from decorations provider vscode.git 1314
2023-12-02 19:57:44.954 [warning] [Decorations] CAPPING events from decorations provider vscode.git 1314
2023-12-02 19:57:50.244 [warning] [Decorations] CAPPING events from decorations provider vscode.git 1314
2023-12-02 19:57:55.533 [warning] [Decorations] CAPPING events from decorations provider vscode.git 1314
2023-12-02 19:58:06.010 [warning] [Decorations] CAPPING events from decorations provider vscode.git 1317
2023-12-02 19:58:11.328 [warning] [Decorations] CAPPING events from decorations provider vscode.git 1317
2023-12-02 19:58:16.637 [warning] [Decorations] CAPPING events from decorations provider vscode.git 1317
2023-12-02 19:58:21.934 [warning] [Decorations] CAPPING events from decorations provider vscode.git 1317
2023-12-02 19:58:36.036 [warning] [Decorations] CAPPING events from decorations provider vscode.git 1318
2023-12-02 19:58:41.327 [warning] [Decorations] CAPPING events from decorations provider vscode.git 1320
2023-12-02 19:58:46.676 [warning] [Decorations] CAPPING events from decorations provider vscode.git 1320
2023-12-02 19:58:51.970 [warning] [Decorations] CAPPING events from decorations provider vscode.git 1320
2023-12-02 19:58:59.553 [warning] [Decorations] CAPPING events from decorations provider vscode.git 1321
2023-12-02 19:59:04.850 [warning] [Decorations] CAPPING events from decorations provider vscode.git 1322
2023-12-02 19:59:10.189 [warning] [Decorations] CAPPING events from decorations provider vscode.git 1323
2023-12-02 19:59:24.264 [warning] [Decorations] CAPPING events from decorations provider vscode.git 1326
2023-12-02 19:59:29.642 [warning] [Decorations] CAPPING events from decorations provider vscode.git 1326
2023-12-02 19:59:34.983 [warning] [Decorations] CAPPING events from decorations provider vscode.git 1326
2023-12-02 19:59:44.525 [warning] [Decorations] CAPPING events from decorations provider vscode.git 1329
2023-12-02 19:59:49.806 [warning] [Decorations] CAPPING events from decorations provider vscode.git 1329
2023-12-02 19:59:55.099 [warning] [Decorations] CAPPING events from decorations provider vscode.git 1329
2023-12-02 20:00:00.396 [warning] [Decorations] CAPPING events from decorations provider vscode.git 1330
2023-12-02 20:00:05.719 [warning] [Decorations] CAPPING events from decorations provider vscode.git 1331
2023-12-02 20:00:18.688 [warning] [Decorations] CAPPING events from decorations provider vscode.git 1332
2023-12-02 20:00:23.954 [warning] [Decorations] CAPPING events from decorations provider vscode.git 1332
2023-12-02 20:00:29.238 [warning] [Decorations] CAPPING events from decorations provider vscode.git 1332
2023-12-02 20:00:34.499 [warning] [Decorations] CAPPING events from decorations provider vscode.git 1332
2023-12-02 20:00:39.802 [warning] [Decorations] CAPPING events from decorations provider vscode.git 1335
2023-12-02 20:00:45.084 [warning] [Decorations] CAPPING events from decorations provider vscode.git 1335
2023-12-02 20:00:50.343 [warning] [Decorations] CAPPING events from decorations provider vscode.git 1335
2023-12-02 20:00:55.600 [warning] [Decorations] CAPPING events from decorations provider vscode.git 1335
2023-12-02 20:01:00.865 [warning] [Decorations] CAPPING events from decorations provider vscode.git 1337
2023-12-02 20:01:06.245 [warning] [Decorations] CAPPING events from decorations provider vscode.git 1337
2023-12-02 20:01:11.560 [warning] [Decorations] CAPPING events from decorations provider vscode.git 1344
2023-12-02 20:02:25.336 [warning] [Decorations] CAPPING events from decorations provider vscode.git 1350
2023-12-02 20:02:30.638 [warning] [Decorations] CAPPING events from decorations provider vscode.git 1350
2023-12-02 20:02:35.913 [warning] [Decorations] CAPPING events from decorations provider vscode.git 1350
2023-12-02 20:02:46.507 [warning] [Decorations] CAPPING events from decorations provider vscode.git 1353
2023-12-02 20:02:51.776 [warning] [Decorations] CAPPING events from decorations provider vscode.git 1353
2023-12-02 20:03:03.400 [warning] [Decorations] CAPPING events from decorations provider vscode.git 1355
2023-12-02 20:03:08.671 [warning] [Decorations] CAPPING events from decorations provider vscode.git 1355
2023-12-02 20:03:13.995 [warning] [Decorations] CAPPING events from decorations provider vscode.git 1356
2023-12-02 20:03:19.358 [warning] [Decorations] CAPPING events from decorations provider vscode.git 1356
2023-12-02 20:03:41.984 [warning] [Decorations] CAPPING events from decorations provider vscode.git 1367
2023-12-02 20:03:47.284 [warning] [Decorations] CAPPING events from decorations provider vscode.git 1369
2023-12-02 20:03:52.619 [warning] [Decorations] CAPPING events from decorations provider vscode.git 1369
2023-12-02 20:03:57.976 [warning] [Decorations] CAPPING events from decorations provider vscode.git 1369
2023-12-02 20:04:03.280 [warning] [Decorations] CAPPING events from decorations provider vscode.git 1370
2023-12-02 20:04:08.548 [warning] [Decorations] CAPPING events from decorations provider vscode.git 1371
2023-12-02 20:04:13.870 [warning] [Decorations] CAPPING events from decorations provider vscode.git 1371
2023-12-02 20:05:58.599 [warning] [Decorations] CAPPING events from decorations provider vscode.git 1528
2023-12-02 20:06:03.888 [warning] [Decorations] CAPPING events from decorations provider vscode.git 1527
2023-12-02 20:06:09.172 [warning] [Decorations] CAPPING events from decorations provider vscode.git 1528
2023-12-02 20:06:14.443 [warning] [Decorations] CAPPING events from decorations provider vscode.git 1528
2023-12-02 20:06:19.744 [warning] [Decorations] CAPPING events from decorations provider vscode.git 1529
2023-12-02 20:08:26.033 [warning] [Decorations] CAPPING events from decorations provider vscode.git 1547
2023-12-02 20:08:31.375 [warning] [Decorations] CAPPING events from decorations provider vscode.git 1546
2023-12-02 20:08:36.680 [warning] [Decorations] CAPPING events from decorations provider vscode.git 1545
2023-12-02 20:08:41.954 [warning] [Decorations] CAPPING events from decorations provider vscode.git 1546
2023-12-02 20:08:47.327 [warning] [Decorations] CAPPING events from decorations provider vscode.git 1546
2023-12-02 20:08:55.713 [warning] [Decorations] CAPPING events from decorations provider vscode.git 1547
2023-12-02 20:09:01.062 [warning] [Decorations] CAPPING events from decorations provider vscode.git 1548
2023-12-02 20:09:06.363 [warning] [Decorations] CAPPING events from decorations provider vscode.git 1548
2023-12-02 20:09:11.629 [warning] [Decorations] CAPPING events from decorations provider vscode.git 1548
2023-12-02 20:09:36.759 [warning] [Decorations] CAPPING events from decorations provider vscode.git 1551
2023-12-02 20:09:42.108 [warning] [Decorations] CAPPING events from decorations provider vscode.git 1552
2023-12-02 20:09:47.400 [warning] [Decorations] CAPPING events from decorations provider vscode.git 1552
2023-12-02 20:09:52.718 [warning] [Decorations] CAPPING events from decorations provider vscode.git 1552
2023-12-02 20:09:58.019 [warning] [Decorations] CAPPING events from decorations provider vscode.git 1553
2023-12-02 20:10:03.360 [warning] [Decorations] CAPPING events from decorations provider vscode.git 1554
2023-12-02 20:10:08.644 [warning] [Decorations] CAPPING events from decorations provider vscode.git 1554
2023-12-02 20:10:13.939 [warning] [Decorations] CAPPING events from decorations provider vscode.git 1554
2023-12-02 20:10:19.209 [warning] [Decorations] CAPPING events from decorations provider vscode.git 1554
2023-12-02 20:10:24.564 [warning] [Decorations] CAPPING events from decorations provider vscode.git 1555
2023-12-02 20:10:29.912 [warning] [Decorations] CAPPING events from decorations provider vscode.git 1556
2023-12-02 20:10:43.530 [warning] [Decorations] CAPPING events from decorations provider vscode.git 1558
2023-12-02 20:10:48.831 [warning] [Decorations] CAPPING events from decorations provider vscode.git 1558
2023-12-02 20:10:54.133 [warning] [Decorations] CAPPING events from decorations provider vscode.git 1558
2023-12-02 20:10:59.411 [warning] [Decorations] CAPPING events from decorations provider vscode.git 1559
2023-12-02 20:11:04.709 [warning] [Decorations] CAPPING events from decorations provider vscode.git 1560
2023-12-02 20:11:09.977 [warning] [Decorations] CAPPING events from decorations provider vscode.git 1560
2023-12-02 20:11:15.277 [warning] [Decorations] CAPPING events from decorations provider vscode.git 1560
2023-12-02 20:11:20.569 [warning] [Decorations] CAPPING events from decorations provider vscode.git 1560
2023-12-02 20:11:25.839 [warning] [Decorations] CAPPING events from decorations provider vscode.git 1561
2023-12-02 20:11:31.119 [warning] [Decorations] CAPPING events from decorations provider vscode.git 1562
2023-12-02 20:11:36.396 [warning] [Decorations] CAPPING events from decorations provider vscode.git 1563
2023-12-02 20:11:41.687 [warning] [Decorations] CAPPING events from decorations provider vscode.git 1564
2023-12-02 20:11:46.958 [warning] [Decorations] CAPPING events from decorations provider vscode.git 1564
2023-12-02 20:11:52.259 [warning] [Decorations] CAPPING events from decorations provider vscode.git 1564
2023-12-02 20:11:57.554 [warning] [Decorations] CAPPING events from decorations provider vscode.git 1564
2023-12-02 20:12:15.992 [warning] [Decorations] CAPPING events from decorations provider vscode.git 1567
2023-12-02 20:12:21.311 [warning] [Decorations] CAPPING events from decorations provider vscode.git 1567
2023-12-02 20:12:26.685 [warning] [Decorations] CAPPING events from decorations provider vscode.git 1566
2023-12-02 20:12:31.975 [warning] [Decorations] CAPPING events from decorations provider vscode.git 1568
2023-12-02 20:12:37.253 [warning] [Decorations] CAPPING events from decorations provider vscode.git 1569
2023-12-02 20:12:42.631 [warning] [Decorations] CAPPING events from decorations provider vscode.git 1570
2023-12-02 20:12:47.971 [warning] [Decorations] CAPPING events from decorations provider vscode.git 1570
2023-12-02 20:12:53.323 [warning] [Decorations] CAPPING events from decorations provider vscode.git 1570
2023-12-02 20:12:58.786 [warning] [Decorations] CAPPING events from decorations provider vscode.git 1570
2023-12-02 20:13:04.111 [warning] [Decorations] CAPPING events from decorations provider vscode.git 1572
2023-12-02 20:13:09.479 [warning] [Decorations] CAPPING events from decorations provider vscode.git 1572
2023-12-02 20:25:40.668 [warning] [Decorations] CAPPING events from decorations provider vscode.git 1644
2023-12-02 20:25:46.136 [warning] [Decorations] CAPPING events from decorations provider vscode.git 1645
2023-12-02 20:25:51.528 [warning] [Decorations] CAPPING events from decorations provider vscode.git 1645
2023-12-02 20:25:56.949 [warning] [Decorations] CAPPING events from decorations provider vscode.git 1646
2023-12-02 20:26:02.357 [warning] [Decorations] CAPPING events from decorations provider vscode.git 1648
2023-12-02 20:26:14.324 [warning] [Decorations] CAPPING events from decorations provider vscode.git 1648
2023-12-02 20:26:35.866 [warning] [Decorations] CAPPING events from decorations provider vscode.git 1652
2023-12-02 20:27:19.397 [warning] [Decorations] CAPPING events from decorations provider vscode.git 1651
2023-12-02 20:28:34.950 [warning] [Decorations] CAPPING events from decorations provider vscode.git 1673
2023-12-02 20:28:40.440 [warning] [Decorations] CAPPING events from decorations provider vscode.git 1672
2023-12-02 20:28:57.893 [warning] [Decorations] CAPPING events from decorations provider vscode.git 1834
2023-12-02 20:28:58.547 [info] Extension host terminating: renderer closed the MessagePort
2023-12-02 20:28:58.606 [error] Canceled: Canceled
	at new f (/usr/share/code/resources/app/out/vs/workbench/api/node/extensionHostProcess.js:125:108614)
	at n.U (/usr/share/code/resources/app/out/vs/workbench/api/node/extensionHostProcess.js:134:10873)
	at F.<computed>.z.charCodeAt.F.<computed> (/usr/share/code/resources/app/out/vs/workbench/api/node/extensionHostProcess.js:134:8315)
	at i.g (/usr/share/code/resources/app/out/vs/workbench/api/node/extensionHostProcess.js:125:139130)
	at i.executeCommand (/usr/share/code/resources/app/out/vs/workbench/api/node/extensionHostProcess.js:125:138568)
	at $.registerCommand.description (/usr/share/code/resources/app/out/vs/workbench/api/node/extensionHostProcess.js:125:137892)
	at i.h (/usr/share/code/resources/app/out/vs/workbench/api/node/extensionHostProcess.js:125:139669)
	at i.g (/usr/share/code/resources/app/out/vs/workbench/api/node/extensionHostProcess.js:125:138661)
	at i.executeCommand (/usr/share/code/resources/app/out/vs/workbench/api/node/extensionHostProcess.js:125:138568)
	at Object.executeCommand (/usr/share/code/resources/app/out/vs/workbench/api/node/extensionHostProcess.js:140:21329)
	at h.D [as value] (/usr/share/code/resources/app/extensions/git/dist/main.js:2:1316925)
	at c.y (/usr/share/code/resources/app/out/vs/workbench/api/node/extensionHostProcess.js:80:1902)
	at c.z (/usr/share/code/resources/app/out/vs/workbench/api/node/extensionHostProcess.js:80:1972)
	at c.fire (/usr/share/code/resources/app/out/vs/workbench/api/node/extensionHostProcess.js:80:2188)
	at Object.m [as dispose] (/usr/share/code/resources/app/extensions/git/dist/main.js:2:1332842)
	at /usr/share/code/resources/app/extensions/git/dist/main.js:2:1337795
	at Array.forEach (<anonymous>)
	at g.dispose (/usr/share/code/resources/app/extensions/git/dist/main.js:2:1337781)
	at v.<anonymous> (/usr/share/code/resources/app/out/vs/workbench/api/node/extensionHostProcess.js:121:3572)
	at v.dispose (/usr/share/code/resources/app/out/vs/workbench/api/node/extensionHostProcess.js:121:3669)
	at v.<anonymous> (/usr/share/code/resources/app/extensions/git/dist/main.js:2:1318937)
	at v.dispose (/usr/share/code/resources/app/out/vs/workbench/api/node/extensionHostProcess.js:121:3669)
	at o (/usr/share/code/resources/app/out/vs/workbench/api/node/extensionHostProcess.js:30:754)
	at h.cb (/usr/share/code/resources/app/out/vs/workbench/api/node/extensionHostProcess.js:136:9843)
	at /usr/share/code/resources/app/out/vs/workbench/api/node/extensionHostProcess.js:136:7793
	at Array.map (<anonymous>)
	at h.Y (/usr/share/code/resources/app/out/vs/workbench/api/node/extensionHostProcess.js:136:7781)
	at h.terminate (/usr/share/code/resources/app/out/vs/workbench/api/node/extensionHostProcess.js:136:8051)
	at o.terminate (/usr/share/code/resources/app/out/vs/workbench/api/node/extensionHostProcess.js:140:1513)
	at a (/usr/share/code/resources/app/out/vs/workbench/api/node/extensionHostProcess.js:153:9817)
	at MessagePortMain.<anonymous> (/usr/share/code/resources/app/out/vs/workbench/api/node/extensionHostProcess.js:153:6242)
	at MessagePortMain.emit (node:events:513:28)
	at MessagePortMain._internalPort.emit (node:electron/js2c/utility_init:2:367) setContext undefined
2023-12-02 20:28:58.607 [error] Canceled: Canceled
	at new f (/usr/share/code/resources/app/out/vs/workbench/api/node/extensionHostProcess.js:125:108614)
	at n.U (/usr/share/code/resources/app/out/vs/workbench/api/node/extensionHostProcess.js:134:10873)
	at F.<computed>.z.charCodeAt.F.<computed> (/usr/share/code/resources/app/out/vs/workbench/api/node/extensionHostProcess.js:134:8315)
	at i.g (/usr/share/code/resources/app/out/vs/workbench/api/node/extensionHostProcess.js:125:139130)
	at i.executeCommand (/usr/share/code/resources/app/out/vs/workbench/api/node/extensionHostProcess.js:125:138568)
	at $.registerCommand.description (/usr/share/code/resources/app/out/vs/workbench/api/node/extensionHostProcess.js:125:137892)
	at i.h (/usr/share/code/resources/app/out/vs/workbench/api/node/extensionHostProcess.js:125:139669)
	at i.g (/usr/share/code/resources/app/out/vs/workbench/api/node/extensionHostProcess.js:125:138661)
	at i.executeCommand (/usr/share/code/resources/app/out/vs/workbench/api/node/extensionHostProcess.js:125:138568)
	at Object.executeCommand (/usr/share/code/resources/app/out/vs/workbench/api/node/extensionHostProcess.js:140:21329)
	at set b [as b] (/usr/share/code/resources/app/extensions/github/dist/extension.js:2:714708)
	at /usr/share/code/resources/app/extensions/github/dist/extension.js:2:715349
	at h.value (/usr/share/code/resources/app/extensions/git/dist/main.js:2:1408111)
	at c.y (/usr/share/code/resources/app/out/vs/workbench/api/node/extensionHostProcess.js:80:1902)
	at c.z (/usr/share/code/resources/app/out/vs/workbench/api/node/extensionHostProcess.js:80:1972)
	at c.fire (/usr/share/code/resources/app/out/vs/workbench/api/node/extensionHostProcess.js:80:2188)
	at Object.m [as dispose] (/usr/share/code/resources/app/extensions/git/dist/main.js:2:1332842)
	at /usr/share/code/resources/app/extensions/git/dist/main.js:2:1337795
	at Array.forEach (<anonymous>)
	at g.dispose (/usr/share/code/resources/app/extensions/git/dist/main.js:2:1337781)
	at v.<anonymous> (/usr/share/code/resources/app/out/vs/workbench/api/node/extensionHostProcess.js:121:3572)
	at v.dispose (/usr/share/code/resources/app/out/vs/workbench/api/node/extensionHostProcess.js:121:3669)
	at v.<anonymous> (/usr/share/code/resources/app/extensions/git/dist/main.js:2:1318937)
	at v.dispose (/usr/share/code/resources/app/out/vs/workbench/api/node/extensionHostProcess.js:121:3669)
	at o (/usr/share/code/resources/app/out/vs/workbench/api/node/extensionHostProcess.js:30:754)
	at h.cb (/usr/share/code/resources/app/out/vs/workbench/api/node/extensionHostProcess.js:136:9843)
	at /usr/share/code/resources/app/out/vs/workbench/api/node/extensionHostProcess.js:136:7793
	at Array.map (<anonymous>)
	at h.Y (/usr/share/code/resources/app/out/vs/workbench/api/node/extensionHostProcess.js:136:7781)
	at h.terminate (/usr/share/code/resources/app/out/vs/workbench/api/node/extensionHostProcess.js:136:8051)
	at o.terminate (/usr/share/code/resources/app/out/vs/workbench/api/node/extensionHostProcess.js:140:1513)
	at a (/usr/share/code/resources/app/out/vs/workbench/api/node/extensionHostProcess.js:153:9817)
	at MessagePortMain.<anonymous> (/usr/share/code/resources/app/out/vs/workbench/api/node/extensionHostProcess.js:153:6242)
	at MessagePortMain.emit (node:events:513:28)
	at MessagePortMain._internalPort.emit (node:electron/js2c/utility_init:2:367) setContext undefined
2023-12-02 20:28:58.611 [info] Extension host with pid 9308 exiting with code 0
