2023-12-04 09:20:08.893 [info] Reading sessions from keychain...
2023-12-04 09:20:08.893 [info] Getting sessions for all scopes...
2023-12-04 09:20:08.893 [info] Getting sessions for read:user,repo,user:email,workflow...
2023-12-04 09:20:08.893 [info] Got stored sessions!
2023-12-04 09:20:08.893 [info] Got 2 verified sessions.
2023-12-04 09:20:08.893 [info] Got 2 sessions for ...
2023-12-04 09:20:08.893 [info] Got 1 sessions for read:user,repo,user:email,workflow...
2023-12-04 09:20:08.938 [info] Getting sessions for all scopes...
2023-12-04 09:20:08.938 [info] Got 2 sessions for ...
2023-12-04 09:20:09.302 [info] Getting sessions for read:user,repo,user:email,workflow...
2023-12-04 09:20:09.302 [info] Got 1 sessions for read:user,repo,user:email,workflow...
2023-12-04 09:20:09.552 [info] Getting sessions for read:user,repo,user:email,workflow...
2023-12-04 09:20:09.552 [info] Got 1 sessions for read:user,repo,user:email,workflow...
2023-12-04 09:20:10.150 [info] Getting sessions for all scopes...
2023-12-04 09:20:10.150 [info] Got 2 sessions for ...
2023-12-04 09:20:10.501 [info] Getting sessions for read:user,repo,user:email,workflow...
2023-12-04 09:20:10.501 [info] Got 1 sessions for read:user,repo,user:email,workflow...
2023-12-04 09:20:10.569 [info] Getting sessions for user:email...
2023-12-04 09:20:10.569 [info] Got 1 sessions for user:email...
2023-12-04 09:20:10.666 [info] Getting sessions for read:user,repo,user:email,workflow...
2023-12-04 09:20:10.666 [info] Got 1 sessions for read:user,repo,user:email,workflow...
2023-12-04 09:20:11.204 [info] Getting sessions for read:user,repo,user:email,workflow...
2023-12-04 09:20:11.204 [info] Got 1 sessions for read:user,repo,user:email,workflow...
2023-12-04 09:20:14.604 [info] Getting sessions for read:user,repo,user:email,workflow...
2023-12-04 09:20:14.604 [info] Got 1 sessions for read:user,repo,user:email,workflow...
2023-12-04 09:20:15.200 [info] Getting sessions for read:user,repo,user:email,workflow...
2023-12-04 09:20:15.200 [info] Got 1 sessions for read:user,repo,user:email,workflow...
