2023-12-02 22:41:51.293 [info] Log level: Info
2023-12-02 22:41:51.293 [info] Validating found git in: "git"
2023-12-02 22:41:51.293 [info] Using git "2.17.1" from "git"
2023-12-02 22:41:51.293 [info] > git rev-parse --show-toplevel [37ms]
2023-12-02 22:41:51.295 [info] > git rev-parse --git-dir --git-common-dir [32ms]
2023-12-02 22:41:51.328 [info] Open repository: /home/brian/List
2023-12-02 22:41:51.396 [info] > git rev-parse --show-toplevel [4ms]
2023-12-02 22:41:51.397 [info] > git config --get commit.template [35ms]
2023-12-02 22:41:51.437 [info] No remotes found in the git config file.
2023-12-02 22:41:51.444 [info] > git rev-parse --git-dir --git-common-dir [31ms]
2023-12-02 22:41:51.484 [info] Open repository: /home/brian/List/List
2023-12-02 22:41:51.546 [info] > git for-each-ref --format=%(refname)%00%(upstream:short)%00%(objectname)%00%(upstream:track)%00%(upstream:remotename)%00%(upstream:remoteref) refs/heads/master refs/remotes/master [111ms]
2023-12-02 22:41:51.563 [info] > git config --get commit.template [46ms]
2023-12-02 22:41:51.571 [info] > git status -z -uall [12ms]
2023-12-02 22:41:51.659 [info] > git for-each-ref --format=%(refname)%00%(upstream:short)%00%(objectname)%00%(upstream:track)%00%(upstream:remotename)%00%(upstream:remoteref) refs/heads/master refs/remotes/master [18ms]
2023-12-02 22:41:51.672 [info] > git config --get commit.template [17ms]
2023-12-02 22:41:51.689 [info] No remotes found in the git config file.
2023-12-02 22:41:51.695 [info] > git status -z -uall [28ms]
2023-12-02 22:41:51.743 [info] > git for-each-ref --format=%(refname)%00%(upstream:short)%00%(objectname)%00%(upstream:track)%00%(upstream:remotename)%00%(upstream:remoteref) refs/heads/master refs/remotes/master [54ms]
2023-12-02 22:41:51.761 [info] > git config --get commit.template [19ms]
2023-12-02 22:41:51.772 [info] > git status -z -uall [14ms]
2023-12-02 22:41:51.790 [info] > git for-each-ref --format=%(refname)%00%(upstream:short)%00%(objectname)%00%(upstream:track)%00%(upstream:remotename)%00%(upstream:remoteref) refs/heads/master refs/remotes/master [18ms]
2023-12-02 22:41:51.808 [info] > git status -z -uall [3ms]
2023-12-02 22:41:52.516 [info] > git check-ignore -v -z --stdin [2ms]
2023-12-02 22:41:52.518 [info] > git check-ignore -v -z --stdin [33ms]
2023-12-02 22:41:52.660 [info] > git show --textconv :index.html [31ms]
2023-12-02 22:41:52.673 [info] > git ls-files --stage -- /home/brian/List/index.html [14ms]
2023-12-02 22:41:52.697 [info] > git cat-file -s e69de29bb2d1d6434b8b29ae775ad8c2e48c5391 [3ms]
2023-12-02 22:46:09.518 [info] No remotes found in the git config file.
2023-12-02 22:46:09.519 [info] > git config --get commit.template [9ms]
2023-12-02 22:46:09.520 [info] > git for-each-ref --format=%(refname)%00%(upstream:short)%00%(objectname)%00%(upstream:track)%00%(upstream:remotename)%00%(upstream:remoteref) refs/heads/master refs/remotes/master [2ms]
2023-12-02 22:46:09.534 [info] > git status -z -uall [6ms]
2023-12-02 22:47:38.821 [info] No remotes found in the git config file.
2023-12-02 22:47:38.841 [info] > git config --get commit.template [20ms]
2023-12-02 22:47:38.841 [info] > git for-each-ref --format=%(refname)%00%(upstream:short)%00%(objectname)%00%(upstream:track)%00%(upstream:remotename)%00%(upstream:remoteref) refs/heads/master refs/remotes/master [2ms]
2023-12-02 22:47:38.859 [info] > git status -z -uall [10ms]
2023-12-02 22:53:13.469 [info] No remotes found in the git config file.
2023-12-02 22:53:13.470 [info] > git config --get commit.template [14ms]
2023-12-02 22:53:13.470 [info] > git for-each-ref --format=%(refname)%00%(upstream:short)%00%(objectname)%00%(upstream:track)%00%(upstream:remotename)%00%(upstream:remoteref) refs/heads/master refs/remotes/master [1ms]
2023-12-02 22:53:13.479 [info] > git status -z -uall [3ms]
2023-12-02 22:55:40.820 [info] No remotes found in the git config file.
2023-12-02 22:55:40.821 [info] > git for-each-ref --format=%(refname)%00%(upstream:short)%00%(objectname)%00%(upstream:track)%00%(upstream:remotename)%00%(upstream:remoteref) refs/heads/master refs/remotes/master [1ms]
2023-12-02 22:55:40.822 [info] > git config --get commit.template [17ms]
2023-12-02 22:55:40.839 [info] > git status -z -uall [4ms]
2023-12-02 23:03:15.856 [info] No remotes found in the git config file.
2023-12-02 23:03:15.862 [info] > git for-each-ref --format=%(refname)%00%(upstream:short)%00%(objectname)%00%(upstream:track)%00%(upstream:remotename)%00%(upstream:remoteref) refs/heads/master refs/remotes/master [6ms]
2023-12-02 23:03:15.863 [info] > git config --get commit.template [18ms]
2023-12-02 23:03:15.879 [info] > git status -z -uall [2ms]
2023-12-02 23:08:30.486 [info] > git config --get commit.template [1ms]
2023-12-02 23:08:30.496 [info] No remotes found in the git config file.
2023-12-02 23:08:30.500 [info] > git for-each-ref --format=%(refname)%00%(upstream:short)%00%(objectname)%00%(upstream:track)%00%(upstream:remotename)%00%(upstream:remoteref) refs/heads/master refs/remotes/master [4ms]
2023-12-02 23:08:30.514 [info] > git status -z -uall [3ms]
2023-12-02 23:09:20.168 [info] No remotes found in the git config file.
2023-12-02 23:09:20.168 [info] > git config --get commit.template [11ms]
2023-12-02 23:09:20.169 [info] > git for-each-ref --format=%(refname)%00%(upstream:short)%00%(objectname)%00%(upstream:track)%00%(upstream:remotename)%00%(upstream:remoteref) refs/heads/master refs/remotes/master [2ms]
2023-12-02 23:09:20.180 [info] > git status -z -uall [0ms]
2023-12-02 23:09:58.754 [info] No remotes found in the git config file.
2023-12-02 23:09:58.755 [info] > git config --get commit.template [9ms]
2023-12-02 23:09:58.758 [info] > git for-each-ref --format=%(refname)%00%(upstream:short)%00%(objectname)%00%(upstream:track)%00%(upstream:remotename)%00%(upstream:remoteref) refs/heads/master refs/remotes/master [4ms]
2023-12-02 23:09:58.774 [info] > git status -z -uall [3ms]
2023-12-02 23:11:48.911 [info] > git config --get commit.template [2ms]
2023-12-02 23:11:48.918 [info] No remotes found in the git config file.
2023-12-02 23:11:48.919 [info] > git for-each-ref --format=%(refname)%00%(upstream:short)%00%(objectname)%00%(upstream:track)%00%(upstream:remotename)%00%(upstream:remoteref) refs/heads/master refs/remotes/master [1ms]
2023-12-02 23:11:48.929 [info] > git status -z -uall [0ms]
2023-12-02 23:12:54.034 [info] No remotes found in the git config file.
2023-12-02 23:12:54.035 [info] > git config --get commit.template [9ms]
2023-12-02 23:12:54.036 [info] > git for-each-ref --format=%(refname)%00%(upstream:short)%00%(objectname)%00%(upstream:track)%00%(upstream:remotename)%00%(upstream:remoteref) refs/heads/master refs/remotes/master [2ms]
2023-12-02 23:12:54.045 [info] > git status -z -uall [2ms]
2023-12-02 23:13:43.167 [info] No remotes found in the git config file.
2023-12-02 23:13:43.167 [info] > git config --get commit.template [8ms]
2023-12-02 23:13:43.168 [info] > git for-each-ref --format=%(refname)%00%(upstream:short)%00%(objectname)%00%(upstream:track)%00%(upstream:remotename)%00%(upstream:remoteref) refs/heads/master refs/remotes/master [2ms]
2023-12-02 23:13:43.179 [info] > git status -z -uall [2ms]
2023-12-02 23:15:26.092 [info] No remotes found in the git config file.
2023-12-02 23:15:26.093 [info] > git config --get commit.template [17ms]
2023-12-02 23:15:26.094 [info] > git for-each-ref --format=%(refname)%00%(upstream:short)%00%(objectname)%00%(upstream:track)%00%(upstream:remotename)%00%(upstream:remoteref) refs/heads/master refs/remotes/master [2ms]
2023-12-02 23:15:26.111 [info] > git status -z -uall [5ms]
2023-12-02 23:15:45.210 [info] > git config --get commit.template [3ms]
2023-12-02 23:15:45.225 [info] No remotes found in the git config file.
2023-12-02 23:15:45.227 [info] > git for-each-ref --format=%(refname)%00%(upstream:short)%00%(objectname)%00%(upstream:track)%00%(upstream:remotename)%00%(upstream:remoteref) refs/heads/master refs/remotes/master [2ms]
2023-12-02 23:15:45.240 [info] > git status -z -uall [2ms]
2023-12-02 23:17:44.582 [info] No remotes found in the git config file.
2023-12-02 23:17:44.585 [info] > git for-each-ref --format=%(refname)%00%(upstream:short)%00%(objectname)%00%(upstream:track)%00%(upstream:remotename)%00%(upstream:remoteref) refs/heads/master refs/remotes/master [4ms]
2023-12-02 23:17:44.585 [info] > git config --get commit.template [16ms]
2023-12-02 23:17:44.599 [info] > git status -z -uall [3ms]
2023-12-02 23:18:02.394 [info] No remotes found in the git config file.
2023-12-02 23:18:02.394 [info] > git config --get commit.template [11ms]
2023-12-02 23:18:02.395 [info] > git for-each-ref --format=%(refname)%00%(upstream:short)%00%(objectname)%00%(upstream:track)%00%(upstream:remotename)%00%(upstream:remoteref) refs/heads/master refs/remotes/master [2ms]
2023-12-02 23:18:02.406 [info] > git status -z -uall [3ms]
2023-12-02 23:20:43.220 [info] No remotes found in the git config file.
2023-12-02 23:20:43.222 [info] > git config --get commit.template [13ms]
2023-12-02 23:20:43.223 [info] > git for-each-ref --format=%(refname)%00%(upstream:short)%00%(objectname)%00%(upstream:track)%00%(upstream:remotename)%00%(upstream:remoteref) refs/heads/master refs/remotes/master [3ms]
2023-12-02 23:20:43.237 [info] > git status -z -uall [3ms]
2023-12-02 23:23:33.589 [info] No remotes found in the git config file.
2023-12-02 23:23:33.590 [info] > git config --get commit.template [11ms]
2023-12-02 23:23:33.590 [info] > git for-each-ref --format=%(refname)%00%(upstream:short)%00%(objectname)%00%(upstream:track)%00%(upstream:remotename)%00%(upstream:remoteref) refs/heads/master refs/remotes/master [1ms]
2023-12-02 23:23:33.602 [info] > git status -z -uall [1ms]
2023-12-02 23:24:06.277 [info] No remotes found in the git config file.
2023-12-02 23:24:06.278 [info] > git config --get commit.template [13ms]
2023-12-02 23:24:06.279 [info] > git for-each-ref --format=%(refname)%00%(upstream:short)%00%(objectname)%00%(upstream:track)%00%(upstream:remotename)%00%(upstream:remoteref) refs/heads/master refs/remotes/master [1ms]
2023-12-02 23:24:06.288 [info] > git status -z -uall [3ms]
2023-12-02 23:24:35.539 [info] No remotes found in the git config file.
2023-12-02 23:24:35.539 [info] > git config --get commit.template [12ms]
2023-12-02 23:24:35.541 [info] > git for-each-ref --format=%(refname)%00%(upstream:short)%00%(objectname)%00%(upstream:track)%00%(upstream:remotename)%00%(upstream:remoteref) refs/heads/master refs/remotes/master [3ms]
2023-12-02 23:24:35.562 [info] > git status -z -uall [7ms]
2023-12-02 23:24:48.480 [info] No remotes found in the git config file.
2023-12-02 23:24:48.482 [info] > git config --get commit.template [14ms]
2023-12-02 23:24:48.485 [info] > git for-each-ref --format=%(refname)%00%(upstream:short)%00%(objectname)%00%(upstream:track)%00%(upstream:remotename)%00%(upstream:remoteref) refs/heads/master refs/remotes/master [4ms]
2023-12-02 23:24:48.499 [info] > git status -z -uall [5ms]
2023-12-02 23:34:05.694 [info] No remotes found in the git config file.
2023-12-02 23:34:05.702 [info] > git config --get commit.template [8ms]
2023-12-02 23:34:05.703 [info] > git for-each-ref --format=%(refname)%00%(upstream:short)%00%(objectname)%00%(upstream:track)%00%(upstream:remotename)%00%(upstream:remoteref) refs/heads/master refs/remotes/master [2ms]
2023-12-02 23:34:05.712 [info] > git status -z -uall [2ms]
2023-12-02 23:34:05.800 [info] > git ls-files --stage -- /home/brian/List/index.html [3ms]
2023-12-02 23:34:05.826 [info] > git cat-file -s e69de29bb2d1d6434b8b29ae775ad8c2e48c5391 [16ms]
2023-12-02 23:34:05.856 [info] > git show --textconv :index.html [2ms]
2023-12-02 23:34:09.963 [info] > git ls-files --stage -- /home/brian/List/index.html [1ms]
2023-12-02 23:34:09.984 [info] > git cat-file -s 58a13e812df2911fd6651f879b01d7167c5a4c33 [5ms]
2023-12-02 23:34:10.005 [info] > git show --textconv :index.html [9ms]
2023-12-02 23:34:10.725 [info] > git config --get commit.template [1ms]
2023-12-02 23:34:10.731 [info] No remotes found in the git config file.
2023-12-02 23:34:10.732 [info] > git for-each-ref --format=%(refname)%00%(upstream:short)%00%(objectname)%00%(upstream:track)%00%(upstream:remotename)%00%(upstream:remoteref) refs/heads/master refs/remotes/master [1ms]
2023-12-02 23:34:10.748 [info] > git status -z -uall [9ms]
2023-12-02 23:34:20.577 [info] > git config --get commit.template [1ms]
2023-12-02 23:34:20.587 [info] > git for-each-ref --format=%(refname)%00%(upstream:short)%00%(objectname)%00%(upstream:track)%00%(upstream:remotename)%00%(upstream:remoteref) refs/heads/master refs/remotes/master [2ms]
2023-12-02 23:34:20.597 [info] > git status -z -uall [2ms]
2023-12-02 23:37:28.224 [info] > git config --get commit.template [10ms]
2023-12-02 23:37:28.224 [info] > git for-each-ref --format=%(refname)%00%(upstream:short)%00%(objectname)%00%(upstream:track)%00%(upstream:remotename)%00%(upstream:remoteref) refs/heads/master refs/remotes/master [1ms]
2023-12-02 23:37:28.236 [info] > git status -z -uall [5ms]
2023-12-02 23:37:28.318 [info] > git ls-files --stage -- /home/brian/List/index.html [1ms]
2023-12-02 23:37:28.328 [info] > git cat-file -s 58a13e812df2911fd6651f879b01d7167c5a4c33 [1ms]
2023-12-02 23:37:28.344 [info] > git show --textconv :index.html [3ms]
2023-12-02 23:40:17.774 [info] > git ls-files --stage -- /home/brian/List/index.html [1ms]
2023-12-02 23:40:17.784 [info] > git config --get commit.template [28ms]
2023-12-02 23:40:17.798 [info] > git cat-file -s 58a13e812df2911fd6651f879b01d7167c5a4c33 [14ms]
2023-12-02 23:40:17.800 [info] > git for-each-ref --format=%(refname)%00%(upstream:short)%00%(objectname)%00%(upstream:track)%00%(upstream:remotename)%00%(upstream:remoteref) refs/heads/master refs/remotes/master [3ms]
2023-12-02 23:40:17.817 [info] > git status -z -uall [9ms]
2023-12-02 23:40:17.820 [info] > git show --textconv :index.html [4ms]
2023-12-02 23:43:20.405 [info] > git config --get commit.template [1ms]
2023-12-02 23:43:20.414 [info] > git for-each-ref --format=%(refname)%00%(upstream:short)%00%(objectname)%00%(upstream:track)%00%(upstream:remotename)%00%(upstream:remoteref) refs/heads/master refs/remotes/master [1ms]
2023-12-02 23:43:20.426 [info] > git status -z -uall [4ms]
2023-12-02 23:43:20.507 [info] > git ls-files --stage -- /home/brian/List/index.html [3ms]
2023-12-02 23:43:20.523 [info] > git cat-file -s 58a13e812df2911fd6651f879b01d7167c5a4c33 [5ms]
2023-12-02 23:43:20.536 [info] > git show --textconv :index.html [3ms]
2023-12-02 23:44:40.669 [info] > git for-each-ref --sort -committerdate --format %(refname) %(objectname) %(*objectname) [4ms]
2023-12-02 23:44:44.241 [info] > git checkout -q -b main --no-track HEAD [5ms]
2023-12-02 23:44:44.241 [info] fatal: 'HEAD' is not a commit and a branch 'main' cannot be created from it
2023-12-02 23:44:44.259 [info] > git config --get commit.template [10ms]
2023-12-02 23:44:44.260 [info] > git for-each-ref --format=%(refname)%00%(upstream:short)%00%(objectname)%00%(upstream:track)%00%(upstream:remotename)%00%(upstream:remoteref) refs/heads/master refs/remotes/master [2ms]
2023-12-02 23:44:44.269 [info] > git status -z -uall [3ms]
2023-12-02 23:45:15.965 [info] > git for-each-ref --format=%(refname)%00%(upstream:short)%00%(objectname)%00%(upstream:track)%00%(upstream:remotename)%00%(upstream:remoteref) refs/heads/master refs/remotes/master [3ms]
2023-12-02 23:45:15.966 [info] > git config --get commit.template [18ms]
2023-12-02 23:45:15.989 [info] > git status -z -uall [6ms]
2023-12-02 23:45:16.046 [info] > git ls-files --stage -- /home/brian/List/index.html [1ms]
2023-12-02 23:45:16.053 [info] > git cat-file -s 58a13e812df2911fd6651f879b01d7167c5a4c33 [1ms]
2023-12-02 23:45:16.064 [info] > git show --textconv :index.html [2ms]
2023-12-02 23:46:49.012 [info] > git config --get commit.template [8ms]
2023-12-02 23:46:49.014 [info] > git for-each-ref --format=%(refname)%00%(upstream:short)%00%(objectname)%00%(upstream:track)%00%(upstream:remotename)%00%(upstream:remoteref) refs/heads/master refs/remotes/master [2ms]
2023-12-02 23:46:49.024 [info] > git status -z -uall [4ms]
2023-12-02 23:46:49.119 [info] > git ls-files --stage -- /home/brian/List/index.html [1ms]
2023-12-02 23:46:49.129 [info] > git cat-file -s 58a13e812df2911fd6651f879b01d7167c5a4c33 [2ms]
2023-12-02 23:46:49.150 [info] > git show --textconv :index.html [3ms]
2023-12-02 23:47:06.600 [info] > git config --get commit.template [10ms]
2023-12-02 23:47:06.600 [info] > git for-each-ref --format=%(refname)%00%(upstream:short)%00%(objectname)%00%(upstream:track)%00%(upstream:remotename)%00%(upstream:remoteref) refs/heads/master refs/remotes/master [1ms]
2023-12-02 23:47:06.620 [info] > git status -z -uall [9ms]
2023-12-02 23:47:06.692 [info] > git ls-files --stage -- /home/brian/List/index.html [1ms]
2023-12-02 23:47:06.702 [info] > git cat-file -s 58a13e812df2911fd6651f879b01d7167c5a4c33 [2ms]
2023-12-02 23:47:06.718 [info] > git show --textconv :index.html [2ms]
2023-12-02 23:51:20.768 [info] > git config --get commit.template [8ms]
2023-12-02 23:51:20.769 [info] > git for-each-ref --format=%(refname)%00%(upstream:short)%00%(objectname)%00%(upstream:track)%00%(upstream:remotename)%00%(upstream:remoteref) refs/heads/master refs/remotes/master [2ms]
2023-12-02 23:51:20.778 [info] > git status -z -uall [3ms]
2023-12-02 23:51:20.865 [info] > git ls-files --stage -- /home/brian/List/index.html [2ms]
2023-12-02 23:51:20.877 [info] > git cat-file -s 58a13e812df2911fd6651f879b01d7167c5a4c33 [4ms]
2023-12-02 23:51:20.887 [info] > git show --textconv :index.html [1ms]
2023-12-02 23:51:22.535 [info] > git ls-files --stage -- /home/brian/List/index.html [1ms]
2023-12-02 23:51:22.546 [info] > git cat-file -s 58a13e812df2911fd6651f879b01d7167c5a4c33 [2ms]
2023-12-02 23:51:22.556 [info] > git show --textconv :index.html [1ms]
2023-12-02 23:51:50.917 [info] > git config --get commit.template [20ms]
2023-12-02 23:51:50.919 [info] > git for-each-ref --format=%(refname)%00%(upstream:short)%00%(objectname)%00%(upstream:track)%00%(upstream:remotename)%00%(upstream:remoteref) refs/heads/master refs/remotes/master [2ms]
2023-12-02 23:51:50.938 [info] > git status -z -uall [7ms]
2023-12-02 23:52:00.860 [info] > git config --get commit.template [8ms]
2023-12-02 23:52:00.861 [info] > git for-each-ref --format=%(refname)%00%(upstream:short)%00%(objectname)%00%(upstream:track)%00%(upstream:remotename)%00%(upstream:remoteref) refs/heads/master refs/remotes/master [2ms]
2023-12-02 23:52:00.872 [info] > git status -z -uall [3ms]
2023-12-02 23:52:00.957 [info] > git ls-files --stage -- /home/brian/List/index.html [1ms]
2023-12-02 23:52:00.966 [info] > git cat-file -s 58a13e812df2911fd6651f879b01d7167c5a4c33 [1ms]
2023-12-02 23:52:00.977 [info] > git show --textconv :index.html [2ms]
2023-12-02 23:53:36.662 [info] > git config --get commit.template [17ms]
2023-12-02 23:53:36.719 [info] > git ls-files --stage -- /home/brian/List/index.html [61ms]
2023-12-02 23:53:36.752 [info] > git cat-file -s 58a13e812df2911fd6651f879b01d7167c5a4c33 [2ms]
2023-12-02 23:53:36.753 [info] > git for-each-ref --format=%(refname)%00%(upstream:short)%00%(objectname)%00%(upstream:track)%00%(upstream:remotename)%00%(upstream:remoteref) refs/heads/main refs/remotes/main [36ms]
2023-12-02 23:53:36.785 [info] > git status -z -uall [19ms]
2023-12-02 23:53:36.871 [info] > git show --textconv :index.html [5ms]
2023-12-02 23:59:51.432 [info] > git ls-files --stage -- /home/brian/List/index.html [3ms]
2023-12-02 23:59:51.442 [info] > git config --get commit.template [28ms]
2023-12-02 23:59:51.455 [info] > git cat-file -s 58a13e812df2911fd6651f879b01d7167c5a4c33 [13ms]
2023-12-02 23:59:51.456 [info] > git for-each-ref --format=%(refname)%00%(upstream:short)%00%(objectname)%00%(upstream:track)%00%(upstream:remotename)%00%(upstream:remoteref) refs/heads/main refs/remotes/main [5ms]
2023-12-02 23:59:51.477 [info] > git status -z -uall [13ms]
2023-12-02 23:59:51.480 [info] > git show --textconv :index.html [4ms]
2023-12-02 23:59:56.490 [info] > git config --get commit.template [2ms]
2023-12-02 23:59:56.499 [info] > git for-each-ref --format=%(refname)%00%(upstream:short)%00%(objectname)%00%(upstream:track)%00%(upstream:remotename)%00%(upstream:remoteref) refs/heads/main refs/remotes/main [2ms]
2023-12-02 23:59:56.520 [info] > git status -z -uall [11ms]
2023-12-03 00:00:02.849 [info] > git config --get commit.template [1ms]
2023-12-03 00:00:02.858 [info] > git for-each-ref --format=%(refname)%00%(upstream:short)%00%(objectname)%00%(upstream:track)%00%(upstream:remotename)%00%(upstream:remoteref) refs/heads/main refs/remotes/main [2ms]
2023-12-03 00:00:02.869 [info] > git status -z -uall [3ms]
2023-12-03 00:00:02.952 [info] > git ls-files --stage -- /home/brian/List/index.html [2ms]
2023-12-03 00:00:02.965 [info] > git cat-file -s 58a13e812df2911fd6651f879b01d7167c5a4c33 [2ms]
2023-12-03 00:00:02.978 [info] > git show --textconv :index.html [3ms]
2023-12-03 00:01:18.999 [info] > git config --get commit.template [1ms]
2023-12-03 00:01:19.008 [info] > git for-each-ref --format=%(refname)%00%(upstream:short)%00%(objectname)%00%(upstream:track)%00%(upstream:remotename)%00%(upstream:remoteref) refs/heads/main refs/remotes/main [1ms]
2023-12-03 00:01:19.018 [info] > git status -z -uall [3ms]
2023-12-03 00:01:19.101 [info] > git ls-files --stage -- /home/brian/List/index.html [2ms]
2023-12-03 00:01:19.109 [info] > git cat-file -s 58a13e812df2911fd6651f879b01d7167c5a4c33 [1ms]
2023-12-03 00:01:19.119 [info] > git show --textconv :index.html [2ms]
2023-12-03 00:01:42.639 [info] > git config --get commit.template [9ms]
2023-12-03 00:01:42.639 [info] > git for-each-ref --format=%(refname)%00%(upstream:short)%00%(objectname)%00%(upstream:track)%00%(upstream:remotename)%00%(upstream:remoteref) refs/heads/main refs/remotes/main [1ms]
2023-12-03 00:01:42.649 [info] > git status -z -uall [4ms]
2023-12-03 00:01:42.732 [info] > git ls-files --stage -- /home/brian/List/index.html [1ms]
2023-12-03 00:01:42.740 [info] > git cat-file -s 58a13e812df2911fd6651f879b01d7167c5a4c33 [1ms]
2023-12-03 00:01:42.754 [info] > git show --textconv :index.html [2ms]
