2023-12-02 19:45:54.171 [info] Log level: Info
2023-12-02 19:45:54.171 [info] Validating found git in: "git"
2023-12-02 19:45:54.171 [info] Using git "2.17.1" from "git"
2023-12-02 19:45:54.171 [info] > git rev-parse --show-toplevel [53ms]
2023-12-02 19:45:54.175 [info] > git rev-parse --git-dir --git-common-dir [5ms]
2023-12-02 19:45:54.201 [info] Open repository: /home/brian
2023-12-02 19:45:54.253 [info] > git config --get commit.template [28ms]
2023-12-02 19:45:54.256 [info] > git rev-parse --show-toplevel [13ms]
2023-12-02 19:45:54.269 [info] > git for-each-ref --format=%(refname)%00%(upstream:short)%00%(objectname)%00%(upstream:track)%00%(upstream:remotename)%00%(upstream:remoteref) refs/heads/main refs/remotes/main [3ms]
2023-12-02 19:45:54.823 [info] > git check-ignore -v -z --stdin [35ms]
2023-12-02 19:45:55.474 [info] > git status -z -uall [1196ms]
2023-12-02 19:45:56.013 [info] > git config --get commit.template [380ms]
2023-12-02 19:45:56.042 [info] > git for-each-ref --format=%(refname)%00%(upstream:short)%00%(objectname)%00%(upstream:track)%00%(upstream:remotename)%00%(upstream:remoteref) refs/heads/main refs/remotes/main [9ms]
2023-12-02 19:45:56.189 [info] > git rev-parse --show-toplevel [44ms]
2023-12-02 19:45:56.852 [info] > git status -z -uall [771ms]
2023-12-02 19:45:57.431 [info] > git rev-parse --show-toplevel [9ms]
2023-12-02 19:46:00.879 [info] > git show --textconv :learn/index.html [33ms]
2023-12-02 19:46:00.880 [info] > git ls-files --stage -- /home/brian/learn/index.html [18ms]
2023-12-02 19:46:16.348 [info] > git config --get commit.template [5ms]
2023-12-02 19:46:16.364 [info] > git for-each-ref --format=%(refname)%00%(upstream:short)%00%(objectname)%00%(upstream:track)%00%(upstream:remotename)%00%(upstream:remoteref) refs/heads/main refs/remotes/main [4ms]
2023-12-02 19:46:16.651 [info] > git status -z -uall [276ms]
2023-12-02 19:46:17.182 [info] > git rev-parse --show-toplevel [2ms]
2023-12-02 19:46:21.707 [info] > git config --get commit.template [10ms]
2023-12-02 19:46:21.709 [info] > git for-each-ref --format=%(refname)%00%(upstream:short)%00%(objectname)%00%(upstream:track)%00%(upstream:remotename)%00%(upstream:remoteref) refs/heads/main refs/remotes/main [4ms]
2023-12-02 19:46:22.180 [info] > git status -z -uall [455ms]
2023-12-02 19:46:22.713 [info] > git rev-parse --show-toplevel [4ms]
2023-12-02 19:46:27.250 [info] > git for-each-ref --format=%(refname)%00%(upstream:short)%00%(objectname)%00%(upstream:track)%00%(upstream:remotename)%00%(upstream:remoteref) refs/heads/main refs/remotes/main [1ms]
2023-12-02 19:46:27.250 [info] > git config --get commit.template [13ms]
2023-12-02 19:46:27.625 [info] > git status -z -uall [366ms]
2023-12-02 19:46:28.144 [info] > git rev-parse --show-toplevel [3ms]
2023-12-02 19:46:32.700 [info] > git config --get commit.template [2ms]
2023-12-02 19:46:32.711 [info] > git for-each-ref --format=%(refname)%00%(upstream:short)%00%(objectname)%00%(upstream:track)%00%(upstream:remotename)%00%(upstream:remoteref) refs/heads/main refs/remotes/main [2ms]
2023-12-02 19:46:33.138 [info] > git status -z -uall [419ms]
2023-12-02 19:46:33.655 [info] > git rev-parse --show-toplevel [2ms]
2023-12-02 19:46:38.204 [info] > git config --get commit.template [2ms]
2023-12-02 19:46:38.218 [info] > git for-each-ref --format=%(refname)%00%(upstream:short)%00%(objectname)%00%(upstream:track)%00%(upstream:remotename)%00%(upstream:remoteref) refs/heads/main refs/remotes/main [4ms]
2023-12-02 19:46:38.637 [info] > git status -z -uall [412ms]
2023-12-02 19:46:39.160 [info] > git rev-parse --show-toplevel [2ms]
2023-12-02 19:46:43.711 [info] > git config --get commit.template [4ms]
2023-12-02 19:46:43.728 [info] > git for-each-ref --format=%(refname)%00%(upstream:short)%00%(objectname)%00%(upstream:track)%00%(upstream:remotename)%00%(upstream:remoteref) refs/heads/main refs/remotes/main [5ms]
2023-12-02 19:46:44.199 [info] > git status -z -uall [456ms]
2023-12-02 19:46:44.728 [info] > git rev-parse --show-toplevel [2ms]
2023-12-02 19:46:49.280 [info] > git config --get commit.template [27ms]
2023-12-02 19:46:49.283 [info] > git for-each-ref --format=%(refname)%00%(upstream:short)%00%(objectname)%00%(upstream:track)%00%(upstream:remotename)%00%(upstream:remoteref) refs/heads/main refs/remotes/main [4ms]
2023-12-02 19:46:49.733 [info] > git status -z -uall [423ms]
2023-12-02 19:46:50.257 [info] > git rev-parse --show-toplevel [4ms]
2023-12-02 19:47:07.843 [info] > git config --get commit.template [58ms]
2023-12-02 19:47:07.913 [info] > git for-each-ref --format=%(refname)%00%(upstream:short)%00%(objectname)%00%(upstream:track)%00%(upstream:remotename)%00%(upstream:remoteref) refs/heads/main refs/remotes/main [72ms]
2023-12-02 19:47:08.985 [info] > git status -z -uall [1045ms]
2023-12-02 19:47:09.514 [info] > git rev-parse --show-toplevel [3ms]
2023-12-02 19:47:14.824 [info] > git config --get commit.template [13ms]
2023-12-02 19:47:14.841 [info] > git for-each-ref --format=%(refname)%00%(upstream:short)%00%(objectname)%00%(upstream:track)%00%(upstream:remotename)%00%(upstream:remoteref) refs/heads/main refs/remotes/main [8ms]
2023-12-02 19:47:15.624 [info] > git status -z -uall [773ms]
2023-12-02 19:47:16.168 [info] > git rev-parse --show-toplevel [6ms]
2023-12-02 19:47:21.349 [info] > git config --get commit.template [6ms]
2023-12-02 19:47:21.357 [info] > git for-each-ref --format=%(refname)%00%(upstream:short)%00%(objectname)%00%(upstream:track)%00%(upstream:remotename)%00%(upstream:remoteref) refs/heads/main refs/remotes/main [2ms]
2023-12-02 19:47:21.681 [info] > git status -z -uall [318ms]
2023-12-02 19:47:22.201 [info] > git rev-parse --show-toplevel [4ms]
2023-12-02 19:47:29.949 [info] > git config --get commit.template [22ms]
2023-12-02 19:47:29.951 [info] > git for-each-ref --format=%(refname)%00%(upstream:short)%00%(objectname)%00%(upstream:track)%00%(upstream:remotename)%00%(upstream:remoteref) refs/heads/main refs/remotes/main [4ms]
2023-12-02 19:47:30.336 [info] > git status -z -uall [373ms]
2023-12-02 19:47:30.869 [info] > git rev-parse --show-toplevel [3ms]
2023-12-02 19:47:35.395 [info] > git config --get commit.template [7ms]
2023-12-02 19:47:35.427 [info] > git for-each-ref --format=%(refname)%00%(upstream:short)%00%(objectname)%00%(upstream:track)%00%(upstream:remotename)%00%(upstream:remoteref) refs/heads/main refs/remotes/main [9ms]
2023-12-02 19:47:35.724 [info] > git status -z -uall [279ms]
2023-12-02 19:47:36.275 [info] > git rev-parse --show-toplevel [3ms]
2023-12-02 19:47:40.756 [info] > git config --get commit.template [2ms]
2023-12-02 19:47:40.767 [info] > git for-each-ref --format=%(refname)%00%(upstream:short)%00%(objectname)%00%(upstream:track)%00%(upstream:remotename)%00%(upstream:remoteref) refs/heads/main refs/remotes/main [1ms]
2023-12-02 19:47:40.991 [info] > git status -z -uall [219ms]
2023-12-02 19:47:41.517 [info] > git rev-parse --show-toplevel [3ms]
2023-12-02 19:47:46.030 [info] > git config --get commit.template [1ms]
2023-12-02 19:47:46.038 [info] > git for-each-ref --format=%(refname)%00%(upstream:short)%00%(objectname)%00%(upstream:track)%00%(upstream:remotename)%00%(upstream:remoteref) refs/heads/main refs/remotes/main [2ms]
2023-12-02 19:47:46.264 [info] > git status -z -uall [220ms]
2023-12-02 19:47:46.787 [info] > git rev-parse --show-toplevel [3ms]
2023-12-02 19:47:51.301 [info] > git config --get commit.template [7ms]
2023-12-02 19:47:51.302 [info] > git for-each-ref --format=%(refname)%00%(upstream:short)%00%(objectname)%00%(upstream:track)%00%(upstream:remotename)%00%(upstream:remoteref) refs/heads/main refs/remotes/main [2ms]
2023-12-02 19:47:51.520 [info] > git status -z -uall [211ms]
2023-12-02 19:47:52.040 [info] > git rev-parse --show-toplevel [3ms]
2023-12-02 19:47:56.557 [info] > git config --get commit.template [1ms]
2023-12-02 19:47:56.564 [info] > git for-each-ref --format=%(refname)%00%(upstream:short)%00%(objectname)%00%(upstream:track)%00%(upstream:remotename)%00%(upstream:remoteref) refs/heads/main refs/remotes/main [2ms]
2023-12-02 19:47:56.790 [info] > git status -z -uall [221ms]
2023-12-02 19:47:57.315 [info] > git rev-parse --show-toplevel [3ms]
2023-12-02 19:48:01.848 [info] > git config --get commit.template [16ms]
2023-12-02 19:48:01.850 [info] > git for-each-ref --format=%(refname)%00%(upstream:short)%00%(objectname)%00%(upstream:track)%00%(upstream:remotename)%00%(upstream:remoteref) refs/heads/main refs/remotes/main [4ms]
2023-12-02 19:48:02.095 [info] > git status -z -uall [228ms]
2023-12-02 19:48:02.617 [info] > git rev-parse --show-toplevel [3ms]
2023-12-02 19:48:07.143 [info] > git config --get commit.template [14ms]
2023-12-02 19:48:07.145 [info] > git for-each-ref --format=%(refname)%00%(upstream:short)%00%(objectname)%00%(upstream:track)%00%(upstream:remotename)%00%(upstream:remoteref) refs/heads/main refs/remotes/main [4ms]
2023-12-02 19:48:07.387 [info] > git status -z -uall [230ms]
2023-12-02 19:48:07.908 [info] > git rev-parse --show-toplevel [3ms]
2023-12-02 19:48:12.425 [info] > git config --get commit.template [2ms]
2023-12-02 19:48:12.441 [info] > git for-each-ref --format=%(refname)%00%(upstream:short)%00%(objectname)%00%(upstream:track)%00%(upstream:remotename)%00%(upstream:remoteref) refs/heads/main refs/remotes/main [3ms]
2023-12-02 19:48:12.709 [info] > git status -z -uall [256ms]
2023-12-02 19:48:13.232 [info] > git rev-parse --show-toplevel [3ms]
2023-12-02 19:48:17.751 [info] > git config --get commit.template [8ms]
2023-12-02 19:48:17.752 [info] > git for-each-ref --format=%(refname)%00%(upstream:short)%00%(objectname)%00%(upstream:track)%00%(upstream:remotename)%00%(upstream:remoteref) refs/heads/main refs/remotes/main [2ms]
2023-12-02 19:48:17.993 [info] > git status -z -uall [232ms]
2023-12-02 19:48:18.515 [info] > git rev-parse --show-toplevel [3ms]
2023-12-02 19:48:23.029 [info] > git config --get commit.template [7ms]
2023-12-02 19:48:23.030 [info] > git for-each-ref --format=%(refname)%00%(upstream:short)%00%(objectname)%00%(upstream:track)%00%(upstream:remotename)%00%(upstream:remoteref) refs/heads/main refs/remotes/main [2ms]
2023-12-02 19:48:23.258 [info] > git status -z -uall [221ms]
2023-12-02 19:48:23.784 [info] > git rev-parse --show-toplevel [3ms]
2023-12-02 19:48:28.310 [info] > git config --get commit.template [16ms]
2023-12-02 19:48:28.312 [info] > git for-each-ref --format=%(refname)%00%(upstream:short)%00%(objectname)%00%(upstream:track)%00%(upstream:remotename)%00%(upstream:remoteref) refs/heads/main refs/remotes/main [4ms]
2023-12-02 19:48:28.551 [info] > git status -z -uall [225ms]
2023-12-02 19:48:29.073 [info] > git rev-parse --show-toplevel [3ms]
2023-12-02 19:48:33.602 [info] > git config --get commit.template [14ms]
2023-12-02 19:48:33.604 [info] > git for-each-ref --format=%(refname)%00%(upstream:short)%00%(objectname)%00%(upstream:track)%00%(upstream:remotename)%00%(upstream:remoteref) refs/heads/main refs/remotes/main [4ms]
2023-12-02 19:48:33.848 [info] > git status -z -uall [233ms]
2023-12-02 19:48:34.373 [info] > git rev-parse --show-toplevel [3ms]
2023-12-02 19:48:38.887 [info] > git config --get commit.template [1ms]
2023-12-02 19:48:38.895 [info] > git for-each-ref --format=%(refname)%00%(upstream:short)%00%(objectname)%00%(upstream:track)%00%(upstream:remotename)%00%(upstream:remoteref) refs/heads/main refs/remotes/main [1ms]
2023-12-02 19:48:39.115 [info] > git status -z -uall [215ms]
2023-12-02 19:48:39.636 [info] > git rev-parse --show-toplevel [3ms]
2023-12-02 19:48:44.172 [info] > git config --get commit.template [18ms]
2023-12-02 19:48:44.174 [info] > git for-each-ref --format=%(refname)%00%(upstream:short)%00%(objectname)%00%(upstream:track)%00%(upstream:remotename)%00%(upstream:remoteref) refs/heads/main refs/remotes/main [4ms]
2023-12-02 19:48:44.404 [info] > git status -z -uall [222ms]
2023-12-02 19:48:44.925 [info] > git rev-parse --show-toplevel [3ms]
2023-12-02 19:48:49.455 [info] > git config --get commit.template [17ms]
2023-12-02 19:48:49.457 [info] > git for-each-ref --format=%(refname)%00%(upstream:short)%00%(objectname)%00%(upstream:track)%00%(upstream:remotename)%00%(upstream:remoteref) refs/heads/main refs/remotes/main [4ms]
2023-12-02 19:48:49.697 [info] > git status -z -uall [227ms]
2023-12-02 19:48:50.218 [info] > git rev-parse --show-toplevel [3ms]
2023-12-02 19:48:54.738 [info] > git config --get commit.template [8ms]
2023-12-02 19:48:54.739 [info] > git for-each-ref --format=%(refname)%00%(upstream:short)%00%(objectname)%00%(upstream:track)%00%(upstream:remotename)%00%(upstream:remoteref) refs/heads/main refs/remotes/main [2ms]
2023-12-02 19:48:54.967 [info] > git status -z -uall [220ms]
2023-12-02 19:48:55.508 [info] > git rev-parse --show-toplevel [2ms]
2023-12-02 19:49:00.015 [info] > git config --get commit.template [9ms]
2023-12-02 19:49:00.016 [info] > git for-each-ref --format=%(refname)%00%(upstream:short)%00%(objectname)%00%(upstream:track)%00%(upstream:remotename)%00%(upstream:remoteref) refs/heads/main refs/remotes/main [2ms]
2023-12-02 19:49:00.243 [info] > git status -z -uall [221ms]
2023-12-02 19:49:00.769 [info] > git rev-parse --show-toplevel [4ms]
2023-12-02 19:49:05.285 [info] > git config --get commit.template [7ms]
2023-12-02 19:49:05.286 [info] > git for-each-ref --format=%(refname)%00%(upstream:short)%00%(objectname)%00%(upstream:track)%00%(upstream:remotename)%00%(upstream:remoteref) refs/heads/main refs/remotes/main [2ms]
2023-12-02 19:49:05.504 [info] > git status -z -uall [212ms]
2023-12-02 19:49:06.036 [info] > git rev-parse --show-toplevel [3ms]
2023-12-02 19:49:10.564 [info] > git config --get commit.template [7ms]
2023-12-02 19:49:10.565 [info] > git for-each-ref --format=%(refname)%00%(upstream:short)%00%(objectname)%00%(upstream:track)%00%(upstream:remotename)%00%(upstream:remoteref) refs/heads/main refs/remotes/main [1ms]
2023-12-02 19:49:10.791 [info] > git status -z -uall [220ms]
2023-12-02 19:49:11.317 [info] > git rev-parse --show-toplevel [4ms]
2023-12-02 19:49:15.821 [info] > git config --get commit.template [1ms]
2023-12-02 19:49:15.828 [info] > git for-each-ref --format=%(refname)%00%(upstream:short)%00%(objectname)%00%(upstream:track)%00%(upstream:remotename)%00%(upstream:remoteref) refs/heads/main refs/remotes/main [2ms]
2023-12-02 19:49:16.054 [info] > git status -z -uall [218ms]
2023-12-02 19:49:16.590 [info] > git rev-parse --show-toplevel [7ms]
2023-12-02 19:49:21.111 [info] > git config --get commit.template [15ms]
2023-12-02 19:49:21.113 [info] > git for-each-ref --format=%(refname)%00%(upstream:short)%00%(objectname)%00%(upstream:track)%00%(upstream:remotename)%00%(upstream:remoteref) refs/heads/main refs/remotes/main [4ms]
2023-12-02 19:49:21.362 [info] > git status -z -uall [236ms]
2023-12-02 19:49:21.885 [info] > git rev-parse --show-toplevel [3ms]
2023-12-02 19:49:26.399 [info] > git config --get commit.template [4ms]
2023-12-02 19:49:26.417 [info] > git for-each-ref --format=%(refname)%00%(upstream:short)%00%(objectname)%00%(upstream:track)%00%(upstream:remotename)%00%(upstream:remoteref) refs/heads/main refs/remotes/main [9ms]
2023-12-02 19:49:27.367 [info] > git status -z -uall [938ms]
2023-12-02 19:49:27.905 [info] > git rev-parse --show-toplevel [11ms]
2023-12-02 19:49:32.435 [info] > git config --get commit.template [19ms]
2023-12-02 19:49:32.438 [info] > git for-each-ref --format=%(refname)%00%(upstream:short)%00%(objectname)%00%(upstream:track)%00%(upstream:remotename)%00%(upstream:remoteref) refs/heads/main refs/remotes/main [6ms]
2023-12-02 19:49:32.729 [info] > git status -z -uall [275ms]
2023-12-02 19:49:33.256 [info] > git rev-parse --show-toplevel [4ms]
2023-12-02 19:49:37.785 [info] > git config --get commit.template [16ms]
2023-12-02 19:49:37.788 [info] > git for-each-ref --format=%(refname)%00%(upstream:short)%00%(objectname)%00%(upstream:track)%00%(upstream:remotename)%00%(upstream:remoteref) refs/heads/main refs/remotes/main [4ms]
2023-12-02 19:49:38.042 [info] > git status -z -uall [242ms]
2023-12-02 19:49:38.565 [info] > git rev-parse --show-toplevel [3ms]
2023-12-02 19:50:01.929 [info] > git config --get commit.template [11ms]
2023-12-02 19:50:01.930 [info] > git for-each-ref --format=%(refname)%00%(upstream:short)%00%(objectname)%00%(upstream:track)%00%(upstream:remotename)%00%(upstream:remoteref) refs/heads/main refs/remotes/main [3ms]
2023-12-02 19:50:02.244 [info] > git status -z -uall [308ms]
2023-12-02 19:50:02.772 [info] > git rev-parse --show-toplevel [4ms]
2023-12-02 19:50:07.299 [info] > git config --get commit.template [15ms]
2023-12-02 19:50:07.301 [info] > git for-each-ref --format=%(refname)%00%(upstream:short)%00%(objectname)%00%(upstream:track)%00%(upstream:remotename)%00%(upstream:remoteref) refs/heads/main refs/remotes/main [4ms]
2023-12-02 19:50:07.544 [info] > git status -z -uall [231ms]
2023-12-02 19:50:08.067 [info] > git rev-parse --show-toplevel [3ms]
2023-12-02 19:50:12.589 [info] > git config --get commit.template [7ms]
2023-12-02 19:50:12.606 [info] > git for-each-ref --format=%(refname)%00%(upstream:short)%00%(objectname)%00%(upstream:track)%00%(upstream:remotename)%00%(upstream:remoteref) refs/heads/main refs/remotes/main [4ms]
2023-12-02 19:50:12.852 [info] > git status -z -uall [233ms]
2023-12-02 19:50:13.381 [info] > git rev-parse --show-toplevel [4ms]
2023-12-02 19:50:17.909 [info] > git config --get commit.template [18ms]
2023-12-02 19:50:17.912 [info] > git for-each-ref --format=%(refname)%00%(upstream:short)%00%(objectname)%00%(upstream:track)%00%(upstream:remotename)%00%(upstream:remoteref) refs/heads/main refs/remotes/main [5ms]
2023-12-02 19:50:18.177 [info] > git status -z -uall [252ms]
2023-12-02 19:50:18.697 [info] > git rev-parse --show-toplevel [2ms]
2023-12-02 19:50:23.232 [info] > git config --get commit.template [15ms]
2023-12-02 19:50:23.235 [info] > git for-each-ref --format=%(refname)%00%(upstream:short)%00%(objectname)%00%(upstream:track)%00%(upstream:remotename)%00%(upstream:remoteref) refs/heads/main refs/remotes/main [4ms]
2023-12-02 19:50:23.478 [info] > git status -z -uall [231ms]
2023-12-02 19:50:23.998 [info] > git rev-parse --show-toplevel [3ms]
2023-12-02 19:50:28.545 [info] > git config --get commit.template [23ms]
2023-12-02 19:50:28.548 [info] > git for-each-ref --format=%(refname)%00%(upstream:short)%00%(objectname)%00%(upstream:track)%00%(upstream:remotename)%00%(upstream:remoteref) refs/heads/main refs/remotes/main [4ms]
2023-12-02 19:50:28.810 [info] > git status -z -uall [252ms]
2023-12-02 19:50:29.358 [info] > git rev-parse --show-toplevel [5ms]
2023-12-02 19:50:33.906 [info] > git config --get commit.template [15ms]
2023-12-02 19:50:33.908 [info] > git for-each-ref --format=%(refname)%00%(upstream:short)%00%(objectname)%00%(upstream:track)%00%(upstream:remotename)%00%(upstream:remoteref) refs/heads/main refs/remotes/main [5ms]
2023-12-02 19:50:34.184 [info] > git status -z -uall [268ms]
2023-12-02 19:50:34.728 [info] > git rev-parse --show-toplevel [12ms]
2023-12-02 19:50:40.231 [info] > git config --get commit.template [11ms]
2023-12-02 19:50:40.231 [info] > git for-each-ref --format=%(refname)%00%(upstream:short)%00%(objectname)%00%(upstream:track)%00%(upstream:remotename)%00%(upstream:remoteref) refs/heads/main refs/remotes/main [2ms]
2023-12-02 19:50:40.485 [info] > git status -z -uall [248ms]
2023-12-02 19:50:41.017 [info] > git rev-parse --show-toplevel [5ms]
2023-12-02 19:50:45.556 [info] > git config --get commit.template [21ms]
2023-12-02 19:50:45.559 [info] > git for-each-ref --format=%(refname)%00%(upstream:short)%00%(objectname)%00%(upstream:track)%00%(upstream:remotename)%00%(upstream:remoteref) refs/heads/main refs/remotes/main [5ms]
2023-12-02 19:50:45.816 [info] > git status -z -uall [240ms]
2023-12-02 19:50:46.366 [info] > git rev-parse --show-toplevel [7ms]
2023-12-02 19:50:50.901 [info] > git config --get commit.template [17ms]
2023-12-02 19:50:50.903 [info] > git for-each-ref --format=%(refname)%00%(upstream:short)%00%(objectname)%00%(upstream:track)%00%(upstream:remotename)%00%(upstream:remoteref) refs/heads/main refs/remotes/main [5ms]
2023-12-02 19:50:51.152 [info] > git status -z -uall [229ms]
2023-12-02 19:50:51.667 [info] > git rev-parse --show-toplevel [1ms]
2023-12-02 19:50:56.205 [info] > git config --get commit.template [2ms]
2023-12-02 19:50:56.217 [info] > git for-each-ref --format=%(refname)%00%(upstream:short)%00%(objectname)%00%(upstream:track)%00%(upstream:remotename)%00%(upstream:remoteref) refs/heads/main refs/remotes/main [2ms]
2023-12-02 19:50:56.445 [info] > git status -z -uall [219ms]
2023-12-02 19:50:56.973 [info] > git rev-parse --show-toplevel [4ms]
2023-12-02 19:51:01.506 [info] > git config --get commit.template [19ms]
2023-12-02 19:51:01.509 [info] > git for-each-ref --format=%(refname)%00%(upstream:short)%00%(objectname)%00%(upstream:track)%00%(upstream:remotename)%00%(upstream:remoteref) refs/heads/main refs/remotes/main [6ms]
2023-12-02 19:51:01.819 [info] > git status -z -uall [291ms]
2023-12-02 19:51:02.343 [info] > git rev-parse --show-toplevel [4ms]
2023-12-02 19:51:06.851 [info] > git config --get commit.template [7ms]
2023-12-02 19:51:06.852 [info] > git for-each-ref --format=%(refname)%00%(upstream:short)%00%(objectname)%00%(upstream:track)%00%(upstream:remotename)%00%(upstream:remoteref) refs/heads/main refs/remotes/main [2ms]
2023-12-02 19:51:07.098 [info] > git status -z -uall [241ms]
2023-12-02 19:51:07.610 [info] > git rev-parse --show-toplevel [1ms]
2023-12-02 19:51:12.148 [info] > git config --get commit.template [16ms]
2023-12-02 19:51:12.151 [info] > git for-each-ref --format=%(refname)%00%(upstream:short)%00%(objectname)%00%(upstream:track)%00%(upstream:remotename)%00%(upstream:remoteref) refs/heads/main refs/remotes/main [4ms]
2023-12-02 19:51:12.390 [info] > git status -z -uall [226ms]
2023-12-02 19:51:12.912 [info] > git rev-parse --show-toplevel [3ms]
2023-12-02 19:51:17.451 [info] > git config --get commit.template [6ms]
2023-12-02 19:51:17.482 [info] > git for-each-ref --format=%(refname)%00%(upstream:short)%00%(objectname)%00%(upstream:track)%00%(upstream:remotename)%00%(upstream:remoteref) refs/heads/main refs/remotes/main [7ms]
2023-12-02 19:51:17.800 [info] > git status -z -uall [295ms]
2023-12-02 19:51:18.323 [info] > git rev-parse --show-toplevel [4ms]
2023-12-02 19:51:22.861 [info] > git config --get commit.template [17ms]
2023-12-02 19:51:22.866 [info] > git for-each-ref --format=%(refname)%00%(upstream:short)%00%(objectname)%00%(upstream:track)%00%(upstream:remotename)%00%(upstream:remoteref) refs/heads/main refs/remotes/main [6ms]
2023-12-02 19:51:23.132 [info] > git status -z -uall [255ms]
2023-12-02 19:51:23.666 [info] > git rev-parse --show-toplevel [3ms]
2023-12-02 19:51:28.218 [info] > git config --get commit.template [17ms]
2023-12-02 19:51:28.220 [info] > git for-each-ref --format=%(refname)%00%(upstream:short)%00%(objectname)%00%(upstream:track)%00%(upstream:remotename)%00%(upstream:remoteref) refs/heads/main refs/remotes/main [5ms]
2023-12-02 19:51:28.507 [info] > git status -z -uall [273ms]
2023-12-02 19:51:29.036 [info] > git rev-parse --show-toplevel [2ms]
2023-12-02 19:51:33.574 [info] > git config --get commit.template [23ms]
2023-12-02 19:51:33.581 [info] > git for-each-ref --format=%(refname)%00%(upstream:short)%00%(objectname)%00%(upstream:track)%00%(upstream:remotename)%00%(upstream:remoteref) refs/heads/main refs/remotes/main [9ms]
2023-12-02 19:51:33.968 [info] > git status -z -uall [364ms]
2023-12-02 19:51:34.537 [info] > git rev-parse --show-toplevel [17ms]
2023-12-02 19:52:21.731 [info] > git config --get commit.template [2ms]
2023-12-02 19:52:21.743 [info] > git for-each-ref --format=%(refname)%00%(upstream:short)%00%(objectname)%00%(upstream:track)%00%(upstream:remotename)%00%(upstream:remoteref) refs/heads/main refs/remotes/main [2ms]
2023-12-02 19:52:22.035 [info] > git status -z -uall [286ms]
2023-12-02 19:52:22.564 [info] > git rev-parse --show-toplevel [4ms]
2023-12-02 19:52:27.084 [info] > git config --get commit.template [2ms]
2023-12-02 19:52:27.105 [info] > git for-each-ref --format=%(refname)%00%(upstream:short)%00%(objectname)%00%(upstream:track)%00%(upstream:remotename)%00%(upstream:remoteref) refs/heads/main refs/remotes/main [10ms]
2023-12-02 19:52:27.385 [info] > git status -z -uall [271ms]
2023-12-02 19:52:27.913 [info] > git rev-parse --show-toplevel [4ms]
2023-12-02 19:52:32.430 [info] > git config --get commit.template [6ms]
2023-12-02 19:52:32.456 [info] > git for-each-ref --format=%(refname)%00%(upstream:short)%00%(objectname)%00%(upstream:track)%00%(upstream:remotename)%00%(upstream:remoteref) refs/heads/main refs/remotes/main [6ms]
2023-12-02 19:52:32.724 [info] > git status -z -uall [259ms]
2023-12-02 19:52:33.248 [info] > git rev-parse --show-toplevel [3ms]
2023-12-02 19:52:37.784 [info] > git config --get commit.template [18ms]
2023-12-02 19:52:37.787 [info] > git for-each-ref --format=%(refname)%00%(upstream:short)%00%(objectname)%00%(upstream:track)%00%(upstream:remotename)%00%(upstream:remoteref) refs/heads/main refs/remotes/main [5ms]
2023-12-02 19:52:38.033 [info] > git status -z -uall [234ms]
2023-12-02 19:52:38.556 [info] > git rev-parse --show-toplevel [2ms]
2023-12-02 19:52:52.698 [info] > git config --get commit.template [12ms]
2023-12-02 19:52:52.699 [info] > git for-each-ref --format=%(refname)%00%(upstream:short)%00%(objectname)%00%(upstream:track)%00%(upstream:remotename)%00%(upstream:remoteref) refs/heads/main refs/remotes/main [3ms]
2023-12-02 19:52:52.983 [info] > git status -z -uall [274ms]
2023-12-02 19:52:53.513 [info] > git rev-parse --show-toplevel [4ms]
2023-12-02 19:52:58.043 [info] > git config --get commit.template [17ms]
2023-12-02 19:52:58.046 [info] > git for-each-ref --format=%(refname)%00%(upstream:short)%00%(objectname)%00%(upstream:track)%00%(upstream:remotename)%00%(upstream:remoteref) refs/heads/main refs/remotes/main [4ms]
2023-12-02 19:52:58.313 [info] > git status -z -uall [255ms]
2023-12-02 19:52:58.841 [info] > git rev-parse --show-toplevel [4ms]
2023-12-02 19:53:03.369 [info] > git config --get commit.template [16ms]
2023-12-02 19:53:03.371 [info] > git for-each-ref --format=%(refname)%00%(upstream:short)%00%(objectname)%00%(upstream:track)%00%(upstream:remotename)%00%(upstream:remoteref) refs/heads/main refs/remotes/main [4ms]
2023-12-02 19:53:03.613 [info] > git status -z -uall [229ms]
2023-12-02 19:53:04.142 [info] > git rev-parse --show-toplevel [3ms]
2023-12-02 19:53:08.687 [info] > git config --get commit.template [13ms]
2023-12-02 19:53:08.688 [info] > git for-each-ref --format=%(refname)%00%(upstream:short)%00%(objectname)%00%(upstream:track)%00%(upstream:remotename)%00%(upstream:remoteref) refs/heads/main refs/remotes/main [2ms]
2023-12-02 19:53:08.935 [info] > git status -z -uall [240ms]
2023-12-02 19:53:09.462 [info] > git rev-parse --show-toplevel [4ms]
2023-12-02 19:53:22.839 [info] > git config --get commit.template [15ms]
2023-12-02 19:53:22.840 [info] > git for-each-ref --format=%(refname)%00%(upstream:short)%00%(objectname)%00%(upstream:track)%00%(upstream:remotename)%00%(upstream:remoteref) refs/heads/main refs/remotes/main [4ms]
2023-12-02 19:53:23.096 [info] > git status -z -uall [247ms]
2023-12-02 19:53:23.614 [info] > git rev-parse --show-toplevel [3ms]
2023-12-02 19:53:28.161 [info] > git config --get commit.template [16ms]
2023-12-02 19:53:28.163 [info] > git for-each-ref --format=%(refname)%00%(upstream:short)%00%(objectname)%00%(upstream:track)%00%(upstream:remotename)%00%(upstream:remoteref) refs/heads/main refs/remotes/main [4ms]
2023-12-02 19:53:28.411 [info] > git status -z -uall [235ms]
2023-12-02 19:53:28.940 [info] > git rev-parse --show-toplevel [4ms]
2023-12-02 19:53:33.455 [info] > git config --get commit.template [5ms]
2023-12-02 19:53:33.469 [info] > git for-each-ref --format=%(refname)%00%(upstream:short)%00%(objectname)%00%(upstream:track)%00%(upstream:remotename)%00%(upstream:remoteref) refs/heads/main refs/remotes/main [4ms]
2023-12-02 19:53:33.709 [info] > git status -z -uall [232ms]
2023-12-02 19:53:34.233 [info] > git rev-parse --show-toplevel [3ms]
2023-12-02 19:54:09.279 [info] > git config --get commit.template [27ms]
2023-12-02 19:54:09.283 [info] > git for-each-ref --format=%(refname)%00%(upstream:short)%00%(objectname)%00%(upstream:track)%00%(upstream:remotename)%00%(upstream:remoteref) refs/heads/main refs/remotes/main [7ms]
2023-12-02 19:54:09.700 [info] > git status -z -uall [402ms]
2023-12-02 19:54:10.216 [info] > git rev-parse --show-toplevel [1ms]
2023-12-02 19:54:14.773 [info] > git config --get commit.template [18ms]
2023-12-02 19:54:14.776 [info] > git for-each-ref --format=%(refname)%00%(upstream:short)%00%(objectname)%00%(upstream:track)%00%(upstream:remotename)%00%(upstream:remoteref) refs/heads/main refs/remotes/main [5ms]
2023-12-02 19:54:15.034 [info] > git status -z -uall [244ms]
2023-12-02 19:54:15.572 [info] > git rev-parse --show-toplevel [4ms]
2023-12-02 19:54:20.121 [info] > git config --get commit.template [14ms]
2023-12-02 19:54:20.122 [info] > git for-each-ref --format=%(refname)%00%(upstream:short)%00%(objectname)%00%(upstream:track)%00%(upstream:remotename)%00%(upstream:remoteref) refs/heads/main refs/remotes/main [3ms]
2023-12-02 19:54:20.389 [info] > git status -z -uall [258ms]
2023-12-02 19:54:20.918 [info] > git rev-parse --show-toplevel [3ms]
2023-12-02 19:54:25.456 [info] > git config --get commit.template [18ms]
2023-12-02 19:54:25.459 [info] > git for-each-ref --format=%(refname)%00%(upstream:short)%00%(objectname)%00%(upstream:track)%00%(upstream:remotename)%00%(upstream:remoteref) refs/heads/main refs/remotes/main [5ms]
2023-12-02 19:54:25.702 [info] > git status -z -uall [228ms]
2023-12-02 19:54:26.226 [info] > git rev-parse --show-toplevel [4ms]
2023-12-02 19:54:30.760 [info] > git config --get commit.template [20ms]
2023-12-02 19:54:30.765 [info] > git for-each-ref --format=%(refname)%00%(upstream:short)%00%(objectname)%00%(upstream:track)%00%(upstream:remotename)%00%(upstream:remoteref) refs/heads/main refs/remotes/main [6ms]
2023-12-02 19:54:31.015 [info] > git status -z -uall [235ms]
2023-12-02 19:54:31.536 [info] > git rev-parse --show-toplevel [3ms]
2023-12-02 19:54:44.078 [info] > git config --get commit.template [15ms]
2023-12-02 19:54:44.080 [info] > git for-each-ref --format=%(refname)%00%(upstream:short)%00%(objectname)%00%(upstream:track)%00%(upstream:remotename)%00%(upstream:remoteref) refs/heads/main refs/remotes/main [4ms]
2023-12-02 19:54:44.359 [info] > git status -z -uall [269ms]
2023-12-02 19:54:44.877 [info] > git rev-parse --show-toplevel [1ms]
2023-12-02 19:54:49.417 [info] > git config --get commit.template [13ms]
2023-12-02 19:54:49.418 [info] > git for-each-ref --format=%(refname)%00%(upstream:short)%00%(objectname)%00%(upstream:track)%00%(upstream:remotename)%00%(upstream:remoteref) refs/heads/main refs/remotes/main [3ms]
2023-12-02 19:54:49.646 [info] > git status -z -uall [222ms]
2023-12-02 19:54:50.170 [info] > git rev-parse --show-toplevel [2ms]
2023-12-02 19:54:54.703 [info] > git config --get commit.template [16ms]
2023-12-02 19:54:54.705 [info] > git for-each-ref --format=%(refname)%00%(upstream:short)%00%(objectname)%00%(upstream:track)%00%(upstream:remotename)%00%(upstream:remoteref) refs/heads/main refs/remotes/main [5ms]
2023-12-02 19:54:54.943 [info] > git status -z -uall [225ms]
2023-12-02 19:54:55.467 [info] > git rev-parse --show-toplevel [4ms]
2023-12-02 19:55:56.707 [info] > git config --get commit.template [20ms]
2023-12-02 19:55:56.708 [info] > git for-each-ref --format=%(refname)%00%(upstream:short)%00%(objectname)%00%(upstream:track)%00%(upstream:remotename)%00%(upstream:remoteref) refs/heads/main refs/remotes/main [2ms]
2023-12-02 19:55:57.028 [info] > git status -z -uall [314ms]
2023-12-02 19:55:57.556 [info] > git rev-parse --show-toplevel [4ms]
2023-12-02 19:56:02.072 [info] > git config --get commit.template [7ms]
2023-12-02 19:56:02.074 [info] > git for-each-ref --format=%(refname)%00%(upstream:short)%00%(objectname)%00%(upstream:track)%00%(upstream:remotename)%00%(upstream:remoteref) refs/heads/main refs/remotes/main [1ms]
2023-12-02 19:56:02.297 [info] > git status -z -uall [217ms]
2023-12-02 19:56:02.819 [info] > git rev-parse --show-toplevel [3ms]
2023-12-02 19:56:07.339 [info] > git config --get commit.template [7ms]
2023-12-02 19:56:07.340 [info] > git for-each-ref --format=%(refname)%00%(upstream:short)%00%(objectname)%00%(upstream:track)%00%(upstream:remotename)%00%(upstream:remoteref) refs/heads/main refs/remotes/main [2ms]
2023-12-02 19:56:07.587 [info] > git status -z -uall [241ms]
2023-12-02 19:56:08.111 [info] > git rev-parse --show-toplevel [6ms]
2023-12-02 19:56:12.626 [info] > git config --get commit.template [2ms]
2023-12-02 19:56:12.644 [info] > git for-each-ref --format=%(refname)%00%(upstream:short)%00%(objectname)%00%(upstream:track)%00%(upstream:remotename)%00%(upstream:remoteref) refs/heads/main refs/remotes/main [3ms]
2023-12-02 19:56:12.895 [info] > git status -z -uall [239ms]
2023-12-02 19:56:13.420 [info] > git rev-parse --show-toplevel [3ms]
2023-12-02 19:56:17.966 [info] > git config --get commit.template [30ms]
2023-12-02 19:56:17.969 [info] > git for-each-ref --format=%(refname)%00%(upstream:short)%00%(objectname)%00%(upstream:track)%00%(upstream:remotename)%00%(upstream:remoteref) refs/heads/main refs/remotes/main [8ms]
2023-12-02 19:56:18.272 [info] > git status -z -uall [285ms]
2023-12-02 19:56:18.794 [info] > git rev-parse --show-toplevel [4ms]
2023-12-02 19:56:23.326 [info] > git config --get commit.template [16ms]
2023-12-02 19:56:23.328 [info] > git for-each-ref --format=%(refname)%00%(upstream:short)%00%(objectname)%00%(upstream:track)%00%(upstream:remotename)%00%(upstream:remoteref) refs/heads/main refs/remotes/main [4ms]
2023-12-02 19:56:23.564 [info] > git status -z -uall [227ms]
2023-12-02 19:56:24.076 [info] > git rev-parse --show-toplevel [1ms]
2023-12-02 19:56:28.619 [info] > git config --get commit.template [19ms]
2023-12-02 19:56:28.620 [info] > git for-each-ref --format=%(refname)%00%(upstream:short)%00%(objectname)%00%(upstream:track)%00%(upstream:remotename)%00%(upstream:remoteref) refs/heads/main refs/remotes/main [3ms]
2023-12-02 19:56:28.876 [info] > git status -z -uall [247ms]
2023-12-02 19:56:29.400 [info] > git rev-parse --show-toplevel [4ms]
2023-12-02 19:57:16.906 [info] > git config --get commit.template [13ms]
2023-12-02 19:57:16.909 [info] > git for-each-ref --format=%(refname)%00%(upstream:short)%00%(objectname)%00%(upstream:track)%00%(upstream:remotename)%00%(upstream:remoteref) refs/heads/main refs/remotes/main [4ms]
2023-12-02 19:57:17.168 [info] > git status -z -uall [253ms]
2023-12-02 19:57:17.699 [info] > git rev-parse --show-toplevel [4ms]
2023-12-02 19:57:39.321 [info] > git config --get commit.template [9ms]
2023-12-02 19:57:39.322 [info] > git for-each-ref --format=%(refname)%00%(upstream:short)%00%(objectname)%00%(upstream:track)%00%(upstream:remotename)%00%(upstream:remoteref) refs/heads/main refs/remotes/main [2ms]
2023-12-02 19:57:39.593 [info] > git status -z -uall [261ms]
2023-12-02 19:57:40.112 [info] > git rev-parse --show-toplevel [2ms]
2023-12-02 19:57:44.649 [info] > git config --get commit.template [15ms]
2023-12-02 19:57:44.651 [info] > git for-each-ref --format=%(refname)%00%(upstream:short)%00%(objectname)%00%(upstream:track)%00%(upstream:remotename)%00%(upstream:remoteref) refs/heads/main refs/remotes/main [4ms]
2023-12-02 19:57:44.931 [info] > git status -z -uall [263ms]
2023-12-02 19:57:45.456 [info] > git rev-parse --show-toplevel [3ms]
2023-12-02 19:57:49.996 [info] > git config --get commit.template [20ms]
2023-12-02 19:57:49.998 [info] > git for-each-ref --format=%(refname)%00%(upstream:short)%00%(objectname)%00%(upstream:track)%00%(upstream:remotename)%00%(upstream:remoteref) refs/heads/main refs/remotes/main [4ms]
2023-12-02 19:57:50.230 [info] > git status -z -uall [219ms]
2023-12-02 19:57:50.752 [info] > git rev-parse --show-toplevel [3ms]
2023-12-02 19:57:55.280 [info] > git config --get commit.template [15ms]
2023-12-02 19:57:55.282 [info] > git for-each-ref --format=%(refname)%00%(upstream:short)%00%(objectname)%00%(upstream:track)%00%(upstream:remotename)%00%(upstream:remoteref) refs/heads/main refs/remotes/main [4ms]
2023-12-02 19:57:55.517 [info] > git status -z -uall [222ms]
2023-12-02 19:57:56.042 [info] > git rev-parse --show-toplevel [5ms]
2023-12-02 19:58:05.693 [info] > git config --get commit.template [4ms]
2023-12-02 19:58:05.705 [info] > git for-each-ref --format=%(refname)%00%(upstream:short)%00%(objectname)%00%(upstream:track)%00%(upstream:remotename)%00%(upstream:remoteref) refs/heads/main refs/remotes/main [2ms]
2023-12-02 19:58:05.984 [info] > git status -z -uall [273ms]
2023-12-02 19:58:06.507 [info] > git rev-parse --show-toplevel [1ms]
2023-12-02 19:58:11.047 [info] > git config --get commit.template [16ms]
2023-12-02 19:58:11.050 [info] > git for-each-ref --format=%(refname)%00%(upstream:short)%00%(objectname)%00%(upstream:track)%00%(upstream:remotename)%00%(upstream:remoteref) refs/heads/main refs/remotes/main [4ms]
2023-12-02 19:58:11.308 [info] > git status -z -uall [243ms]
2023-12-02 19:58:11.832 [info] > git rev-parse --show-toplevel [3ms]
2023-12-02 19:58:16.357 [info] > git config --get commit.template [6ms]
2023-12-02 19:58:16.375 [info] > git for-each-ref --format=%(refname)%00%(upstream:short)%00%(objectname)%00%(upstream:track)%00%(upstream:remotename)%00%(upstream:remoteref) refs/heads/main refs/remotes/main [4ms]
2023-12-02 19:58:16.621 [info] > git status -z -uall [233ms]
2023-12-02 19:58:17.140 [info] > git rev-parse --show-toplevel [3ms]
2023-12-02 19:58:21.668 [info] > git config --get commit.template [12ms]
2023-12-02 19:58:21.669 [info] > git for-each-ref --format=%(refname)%00%(upstream:short)%00%(objectname)%00%(upstream:track)%00%(upstream:remotename)%00%(upstream:remoteref) refs/heads/main refs/remotes/main [2ms]
2023-12-02 19:58:21.918 [info] > git status -z -uall [242ms]
2023-12-02 19:58:22.441 [info] > git rev-parse --show-toplevel [3ms]
2023-12-02 19:58:35.675 [info] > git config --get commit.template [17ms]
2023-12-02 19:58:35.678 [info] > git for-each-ref --format=%(refname)%00%(upstream:short)%00%(objectname)%00%(upstream:track)%00%(upstream:remotename)%00%(upstream:remoteref) refs/heads/main refs/remotes/main [4ms]
2023-12-02 19:58:36.007 [info] > git status -z -uall [319ms]
2023-12-02 19:58:36.532 [info] > git rev-parse --show-toplevel [3ms]
2023-12-02 19:58:41.070 [info] > git config --get commit.template [9ms]
2023-12-02 19:58:41.071 [info] > git for-each-ref --format=%(refname)%00%(upstream:short)%00%(objectname)%00%(upstream:track)%00%(upstream:remotename)%00%(upstream:remoteref) refs/heads/main refs/remotes/main [2ms]
2023-12-02 19:58:41.302 [info] > git status -z -uall [225ms]
2023-12-02 19:58:41.829 [info] > git rev-parse --show-toplevel [1ms]
2023-12-02 19:58:46.373 [info] > git config --get commit.template [21ms]
2023-12-02 19:58:46.377 [info] > git for-each-ref --format=%(refname)%00%(upstream:short)%00%(objectname)%00%(upstream:track)%00%(upstream:remotename)%00%(upstream:remoteref) refs/heads/main refs/remotes/main [5ms]
2023-12-02 19:58:46.631 [info] > git status -z -uall [237ms]
2023-12-02 19:58:47.172 [info] > git rev-parse --show-toplevel [5ms]
2023-12-02 19:58:51.700 [info] > git config --get commit.template [10ms]
2023-12-02 19:58:51.701 [info] > git for-each-ref --format=%(refname)%00%(upstream:short)%00%(objectname)%00%(upstream:track)%00%(upstream:remotename)%00%(upstream:remoteref) refs/heads/main refs/remotes/main [2ms]
2023-12-02 19:58:51.954 [info] > git status -z -uall [245ms]
2023-12-02 19:58:52.472 [info] > git rev-parse --show-toplevel [2ms]
2023-12-02 19:58:59.238 [info] > git config --get commit.template [9ms]
2023-12-02 19:58:59.239 [info] > git for-each-ref --format=%(refname)%00%(upstream:short)%00%(objectname)%00%(upstream:track)%00%(upstream:remotename)%00%(upstream:remoteref) refs/heads/main refs/remotes/main [3ms]
2023-12-02 19:58:59.531 [info] > git status -z -uall [280ms]
2023-12-02 19:59:00.063 [info] > git rev-parse --show-toplevel [9ms]
2023-12-02 19:59:04.588 [info] > git config --get commit.template [14ms]
2023-12-02 19:59:04.590 [info] > git for-each-ref --format=%(refname)%00%(upstream:short)%00%(objectname)%00%(upstream:track)%00%(upstream:remotename)%00%(upstream:remoteref) refs/heads/main refs/remotes/main [2ms]
2023-12-02 19:59:04.831 [info] > git status -z -uall [232ms]
2023-12-02 19:59:05.354 [info] > git rev-parse --show-toplevel [3ms]
2023-12-02 19:59:09.877 [info] > git config --get commit.template [7ms]
2023-12-02 19:59:09.896 [info] > git for-each-ref --format=%(refname)%00%(upstream:short)%00%(objectname)%00%(upstream:track)%00%(upstream:remotename)%00%(upstream:remoteref) refs/heads/main refs/remotes/main [5ms]
2023-12-02 19:59:10.173 [info] > git status -z -uall [262ms]
2023-12-02 19:59:10.697 [info] > git rev-parse --show-toplevel [3ms]
2023-12-02 19:59:23.892 [info] > git config --get commit.template [14ms]
2023-12-02 19:59:23.893 [info] > git for-each-ref --format=%(refname)%00%(upstream:short)%00%(objectname)%00%(upstream:track)%00%(upstream:remotename)%00%(upstream:remoteref) refs/heads/main refs/remotes/main [2ms]
2023-12-02 19:59:24.236 [info] > git status -z -uall [333ms]
2023-12-02 19:59:24.780 [info] > git rev-parse --show-toplevel [8ms]
2023-12-02 19:59:29.331 [info] > git config --get commit.template [28ms]
2023-12-02 19:59:29.336 [info] > git for-each-ref --format=%(refname)%00%(upstream:short)%00%(objectname)%00%(upstream:track)%00%(upstream:remotename)%00%(upstream:remoteref) refs/heads/main refs/remotes/main [8ms]
2023-12-02 19:59:29.622 [info] > git status -z -uall [267ms]
2023-12-02 19:59:30.149 [info] > git rev-parse --show-toplevel [4ms]
2023-12-02 19:59:34.678 [info] > git config --get commit.template [15ms]
2023-12-02 19:59:34.680 [info] > git for-each-ref --format=%(refname)%00%(upstream:short)%00%(objectname)%00%(upstream:track)%00%(upstream:remotename)%00%(upstream:remoteref) refs/heads/main refs/remotes/main [5ms]
2023-12-02 19:59:34.959 [info] > git status -z -uall [266ms]
2023-12-02 19:59:35.484 [info] > git rev-parse --show-toplevel [3ms]
2023-12-02 19:59:44.206 [info] > git config --get commit.template [15ms]
2023-12-02 19:59:44.207 [info] > git for-each-ref --format=%(refname)%00%(upstream:short)%00%(objectname)%00%(upstream:track)%00%(upstream:remotename)%00%(upstream:remoteref) refs/heads/main refs/remotes/main [3ms]
2023-12-02 19:59:44.499 [info] > git status -z -uall [284ms]
2023-12-02 19:59:45.031 [info] > git rev-parse --show-toplevel [4ms]
2023-12-02 19:59:49.545 [info] > git config --get commit.template [7ms]
2023-12-02 19:59:49.546 [info] > git for-each-ref --format=%(refname)%00%(upstream:short)%00%(objectname)%00%(upstream:track)%00%(upstream:remotename)%00%(upstream:remoteref) refs/heads/main refs/remotes/main [1ms]
2023-12-02 19:59:49.775 [info] > git status -z -uall [223ms]
2023-12-02 19:59:50.297 [info] > git rev-parse --show-toplevel [2ms]
2023-12-02 19:59:54.840 [info] > git config --get commit.template [14ms]
2023-12-02 19:59:54.842 [info] > git for-each-ref --format=%(refname)%00%(upstream:short)%00%(objectname)%00%(upstream:track)%00%(upstream:remotename)%00%(upstream:remoteref) refs/heads/main refs/remotes/main [4ms]
2023-12-02 19:59:55.081 [info] > git status -z -uall [227ms]
2023-12-02 19:59:55.605 [info] > git rev-parse --show-toplevel [3ms]
2023-12-02 20:00:00.120 [info] > git config --get commit.template [8ms]
2023-12-02 20:00:00.126 [info] > git for-each-ref --format=%(refname)%00%(upstream:short)%00%(objectname)%00%(upstream:track)%00%(upstream:remotename)%00%(upstream:remoteref) refs/heads/main refs/remotes/main [7ms]
2023-12-02 20:00:00.376 [info] > git status -z -uall [236ms]
2023-12-02 20:00:00.898 [info] > git rev-parse --show-toplevel [3ms]
2023-12-02 20:00:05.440 [info] > git config --get commit.template [20ms]
2023-12-02 20:00:05.443 [info] > git for-each-ref --format=%(refname)%00%(upstream:short)%00%(objectname)%00%(upstream:track)%00%(upstream:remotename)%00%(upstream:remoteref) refs/heads/main refs/remotes/main [5ms]
2023-12-02 20:00:05.700 [info] > git status -z -uall [246ms]
2023-12-02 20:00:06.227 [info] > git rev-parse --show-toplevel [4ms]
2023-12-02 20:00:18.356 [info] > git config --get commit.template [21ms]
2023-12-02 20:00:18.364 [info] > git for-each-ref --format=%(refname)%00%(upstream:short)%00%(objectname)%00%(upstream:track)%00%(upstream:remotename)%00%(upstream:remoteref) refs/heads/main refs/remotes/main [11ms]
2023-12-02 20:00:18.663 [info] > git status -z -uall [288ms]
2023-12-02 20:00:19.190 [info] > git rev-parse --show-toplevel [3ms]
2023-12-02 20:00:23.709 [info] > git config --get commit.template [7ms]
2023-12-02 20:00:23.710 [info] > git for-each-ref --format=%(refname)%00%(upstream:short)%00%(objectname)%00%(upstream:track)%00%(upstream:remotename)%00%(upstream:remoteref) refs/heads/main refs/remotes/main [2ms]
2023-12-02 20:00:23.939 [info] > git status -z -uall [222ms]
2023-12-02 20:00:24.461 [info] > git rev-parse --show-toplevel [4ms]
2023-12-02 20:00:28.982 [info] > git config --get commit.template [8ms]
2023-12-02 20:00:28.982 [info] > git for-each-ref --format=%(refname)%00%(upstream:short)%00%(objectname)%00%(upstream:track)%00%(upstream:remotename)%00%(upstream:remoteref) refs/heads/main refs/remotes/main [1ms]
2023-12-02 20:00:29.221 [info] > git status -z -uall [231ms]
2023-12-02 20:00:29.738 [info] > git rev-parse --show-toplevel [2ms]
2023-12-02 20:00:34.259 [info] > git config --get commit.template [7ms]
2023-12-02 20:00:34.260 [info] > git for-each-ref --format=%(refname)%00%(upstream:short)%00%(objectname)%00%(upstream:track)%00%(upstream:remotename)%00%(upstream:remoteref) refs/heads/main refs/remotes/main [1ms]
2023-12-02 20:00:34.483 [info] > git status -z -uall [216ms]
2023-12-02 20:00:35.003 [info] > git rev-parse --show-toplevel [3ms]
2023-12-02 20:00:39.533 [info] > git config --get commit.template [15ms]
2023-12-02 20:00:39.535 [info] > git for-each-ref --format=%(refname)%00%(upstream:short)%00%(objectname)%00%(upstream:track)%00%(upstream:remotename)%00%(upstream:remoteref) refs/heads/main refs/remotes/main [3ms]
2023-12-02 20:00:39.785 [info] > git status -z -uall [242ms]
2023-12-02 20:00:40.309 [info] > git rev-parse --show-toplevel [4ms]
2023-12-02 20:00:44.822 [info] > git config --get commit.template [8ms]
2023-12-02 20:00:44.824 [info] > git for-each-ref --format=%(refname)%00%(upstream:short)%00%(objectname)%00%(upstream:track)%00%(upstream:remotename)%00%(upstream:remoteref) refs/heads/main refs/remotes/main [1ms]
2023-12-02 20:00:45.050 [info] > git status -z -uall [220ms]
2023-12-02 20:00:45.580 [info] > git rev-parse --show-toplevel [3ms]
2023-12-02 20:00:50.109 [info] > git config --get commit.template [8ms]
2023-12-02 20:00:50.110 [info] > git for-each-ref --format=%(refname)%00%(upstream:short)%00%(objectname)%00%(upstream:track)%00%(upstream:remotename)%00%(upstream:remoteref) refs/heads/main refs/remotes/main [2ms]
2023-12-02 20:00:50.330 [info] > git status -z -uall [214ms]
2023-12-02 20:00:50.849 [info] > git rev-parse --show-toplevel [3ms]
2023-12-02 20:00:55.364 [info] > git config --get commit.template [8ms]
2023-12-02 20:00:55.365 [info] > git for-each-ref --format=%(refname)%00%(upstream:short)%00%(objectname)%00%(upstream:track)%00%(upstream:remotename)%00%(upstream:remoteref) refs/heads/main refs/remotes/main [2ms]
2023-12-02 20:00:55.585 [info] > git status -z -uall [215ms]
2023-12-02 20:00:56.106 [info] > git rev-parse --show-toplevel [3ms]
2023-12-02 20:01:00.617 [info] > git config --get commit.template [2ms]
2023-12-02 20:01:00.624 [info] > git for-each-ref --format=%(refname)%00%(upstream:short)%00%(objectname)%00%(upstream:track)%00%(upstream:remotename)%00%(upstream:remoteref) refs/heads/main refs/remotes/main [2ms]
2023-12-02 20:01:00.846 [info] > git status -z -uall [216ms]
2023-12-02 20:01:01.367 [info] > git rev-parse --show-toplevel [3ms]
2023-12-02 20:01:05.897 [info] > git config --get commit.template [12ms]
2023-12-02 20:01:05.898 [info] > git for-each-ref --format=%(refname)%00%(upstream:short)%00%(objectname)%00%(upstream:track)%00%(upstream:remotename)%00%(upstream:remoteref) refs/heads/main refs/remotes/main [2ms]
2023-12-02 20:01:06.217 [info] > git status -z -uall [308ms]
2023-12-02 20:01:06.742 [info] > git rev-parse --show-toplevel [3ms]
2023-12-02 20:01:11.286 [info] > git config --get commit.template [18ms]
2023-12-02 20:01:11.288 [info] > git for-each-ref --format=%(refname)%00%(upstream:short)%00%(objectname)%00%(upstream:track)%00%(upstream:remotename)%00%(upstream:remoteref) refs/heads/main refs/remotes/main [4ms]
2023-12-02 20:01:11.540 [info] > git status -z -uall [239ms]
2023-12-02 20:01:12.068 [info] > git rev-parse --show-toplevel [4ms]
2023-12-02 20:02:25.016 [info] > git config --get commit.template [12ms]
2023-12-02 20:02:25.017 [info] > git for-each-ref --format=%(refname)%00%(upstream:short)%00%(objectname)%00%(upstream:track)%00%(upstream:remotename)%00%(upstream:remoteref) refs/heads/main refs/remotes/main [3ms]
2023-12-02 20:02:25.313 [info] > git status -z -uall [290ms]
2023-12-02 20:02:25.838 [info] > git rev-parse --show-toplevel [3ms]
2023-12-02 20:02:30.374 [info] > git config --get commit.template [16ms]
2023-12-02 20:02:30.376 [info] > git for-each-ref --format=%(refname)%00%(upstream:short)%00%(objectname)%00%(upstream:track)%00%(upstream:remotename)%00%(upstream:remoteref) refs/heads/main refs/remotes/main [4ms]
2023-12-02 20:02:30.619 [info] > git status -z -uall [230ms]
2023-12-02 20:02:31.146 [info] > git rev-parse --show-toplevel [3ms]
2023-12-02 20:02:35.661 [info] > git config --get commit.template [7ms]
2023-12-02 20:02:35.662 [info] > git for-each-ref --format=%(refname)%00%(upstream:short)%00%(objectname)%00%(upstream:track)%00%(upstream:remotename)%00%(upstream:remoteref) refs/heads/main refs/remotes/main [2ms]
2023-12-02 20:02:35.899 [info] > git status -z -uall [231ms]
2023-12-02 20:02:36.420 [info] > git rev-parse --show-toplevel [3ms]
2023-12-02 20:02:46.107 [info] > git config --get commit.template [8ms]
2023-12-02 20:02:46.128 [info] > git for-each-ref --format=%(refname)%00%(upstream:short)%00%(objectname)%00%(upstream:track)%00%(upstream:remotename)%00%(upstream:remoteref) refs/heads/main refs/remotes/main [4ms]
2023-12-02 20:02:46.459 [info] > git status -z -uall [319ms]
2023-12-02 20:02:46.998 [info] > git rev-parse --show-toplevel [4ms]
2023-12-02 20:02:51.526 [info] > git config --get commit.template [7ms]
2023-12-02 20:02:51.527 [info] > git for-each-ref --format=%(refname)%00%(upstream:short)%00%(objectname)%00%(upstream:track)%00%(upstream:remotename)%00%(upstream:remoteref) refs/heads/main refs/remotes/main [2ms]
2023-12-02 20:02:51.760 [info] > git status -z -uall [225ms]
2023-12-02 20:02:52.291 [info] > git rev-parse --show-toplevel [4ms]
2023-12-02 20:03:03.062 [info] > git config --get commit.template [18ms]
2023-12-02 20:03:03.065 [info] > git for-each-ref --format=%(refname)%00%(upstream:short)%00%(objectname)%00%(upstream:track)%00%(upstream:remotename)%00%(upstream:remoteref) refs/heads/main refs/remotes/main [4ms]
2023-12-02 20:03:03.381 [info] > git status -z -uall [305ms]
2023-12-02 20:03:03.904 [info] > git rev-parse --show-toplevel [3ms]
2023-12-02 20:03:08.425 [info] > git config --get commit.template [6ms]
2023-12-02 20:03:08.426 [info] > git for-each-ref --format=%(refname)%00%(upstream:short)%00%(objectname)%00%(upstream:track)%00%(upstream:remotename)%00%(upstream:remoteref) refs/heads/main refs/remotes/main [1ms]
2023-12-02 20:03:08.654 [info] > git status -z -uall [223ms]
2023-12-02 20:03:09.175 [info] > git rev-parse --show-toplevel [3ms]
2023-12-02 20:03:13.691 [info] > git config --get commit.template [7ms]
2023-12-02 20:03:13.692 [info] > git for-each-ref --format=%(refname)%00%(upstream:short)%00%(objectname)%00%(upstream:track)%00%(upstream:remotename)%00%(upstream:remoteref) refs/heads/main refs/remotes/main [2ms]
2023-12-02 20:03:13.942 [info] > git status -z -uall [243ms]
2023-12-02 20:03:14.475 [info] > git rev-parse --show-toplevel [3ms]
2023-12-02 20:03:19.045 [info] > git config --get commit.template [17ms]
2023-12-02 20:03:19.048 [info] > git for-each-ref --format=%(refname)%00%(upstream:short)%00%(objectname)%00%(upstream:track)%00%(upstream:remotename)%00%(upstream:remoteref) refs/heads/main refs/remotes/main [4ms]
2023-12-02 20:03:19.340 [info] > git status -z -uall [282ms]
2023-12-02 20:03:19.863 [info] > git rev-parse --show-toplevel [3ms]
2023-12-02 20:03:41.668 [info] > git config --get commit.template [14ms]
2023-12-02 20:03:41.669 [info] > git for-each-ref --format=%(refname)%00%(upstream:short)%00%(objectname)%00%(upstream:track)%00%(upstream:remotename)%00%(upstream:remoteref) refs/heads/main refs/remotes/main [4ms]
2023-12-02 20:03:41.955 [info] > git status -z -uall [278ms]
2023-12-02 20:03:42.490 [info] > git rev-parse --show-toplevel [4ms]
2023-12-02 20:03:47.021 [info] > git config --get commit.template [16ms]
2023-12-02 20:03:47.023 [info] > git for-each-ref --format=%(refname)%00%(upstream:short)%00%(objectname)%00%(upstream:track)%00%(upstream:remotename)%00%(upstream:remoteref) refs/heads/main refs/remotes/main [5ms]
2023-12-02 20:03:47.262 [info] > git status -z -uall [228ms]
2023-12-02 20:03:47.787 [info] > git rev-parse --show-toplevel [3ms]
2023-12-02 20:03:52.321 [info] > git config --get commit.template [15ms]
2023-12-02 20:03:52.324 [info] > git for-each-ref --format=%(refname)%00%(upstream:short)%00%(objectname)%00%(upstream:track)%00%(upstream:remotename)%00%(upstream:remoteref) refs/heads/main refs/remotes/main [5ms]
2023-12-02 20:03:52.602 [info] > git status -z -uall [262ms]
2023-12-02 20:03:53.125 [info] > git rev-parse --show-toplevel [3ms]
2023-12-02 20:03:57.659 [info] > git config --get commit.template [18ms]
2023-12-02 20:03:57.661 [info] > git for-each-ref --format=%(refname)%00%(upstream:short)%00%(objectname)%00%(upstream:track)%00%(upstream:remotename)%00%(upstream:remoteref) refs/heads/main refs/remotes/main [5ms]
2023-12-02 20:03:57.932 [info] > git status -z -uall [256ms]
2023-12-02 20:03:58.474 [info] > git rev-parse --show-toplevel [3ms]
2023-12-02 20:04:03.011 [info] > git config --get commit.template [15ms]
2023-12-02 20:04:03.013 [info] > git for-each-ref --format=%(refname)%00%(upstream:short)%00%(objectname)%00%(upstream:track)%00%(upstream:remotename)%00%(upstream:remoteref) refs/heads/main refs/remotes/main [4ms]
2023-12-02 20:04:03.260 [info] > git status -z -uall [233ms]
2023-12-02 20:04:03.781 [info] > git rev-parse --show-toplevel [2ms]
2023-12-02 20:04:08.305 [info] > git config --get commit.template [7ms]
2023-12-02 20:04:08.306 [info] > git for-each-ref --format=%(refname)%00%(upstream:short)%00%(objectname)%00%(upstream:track)%00%(upstream:remotename)%00%(upstream:remoteref) refs/heads/main refs/remotes/main [2ms]
2023-12-02 20:04:08.531 [info] > git status -z -uall [219ms]
2023-12-02 20:04:09.053 [info] > git rev-parse --show-toplevel [4ms]
2023-12-02 20:04:13.579 [info] > git config --get commit.template [3ms]
2023-12-02 20:04:13.601 [info] > git for-each-ref --format=%(refname)%00%(upstream:short)%00%(objectname)%00%(upstream:track)%00%(upstream:remotename)%00%(upstream:remoteref) refs/heads/main refs/remotes/main [3ms]
2023-12-02 20:04:13.853 [info] > git status -z -uall [243ms]
2023-12-02 20:04:14.379 [info] > git rev-parse --show-toplevel [3ms]
2023-12-02 20:05:58.289 [info] > git config --get commit.template [15ms]
2023-12-02 20:05:58.291 [info] > git for-each-ref --format=%(refname)%00%(upstream:short)%00%(objectname)%00%(upstream:track)%00%(upstream:remotename)%00%(upstream:remoteref) refs/heads/main refs/remotes/main [3ms]
2023-12-02 20:05:58.564 [info] > git status -z -uall [264ms]
2023-12-02 20:05:59.087 [info] > git rev-parse --show-toplevel [2ms]
2023-12-02 20:06:03.625 [info] > git config --get commit.template [8ms]
2023-12-02 20:06:03.626 [info] > git for-each-ref --format=%(refname)%00%(upstream:short)%00%(objectname)%00%(upstream:track)%00%(upstream:remotename)%00%(upstream:remoteref) refs/heads/main refs/remotes/main [2ms]
2023-12-02 20:06:03.864 [info] > git status -z -uall [232ms]
2023-12-02 20:06:04.391 [info] > git rev-parse --show-toplevel [7ms]
2023-12-02 20:06:08.921 [info] > git config --get commit.template [7ms]
2023-12-02 20:06:08.921 [info] > git for-each-ref --format=%(refname)%00%(upstream:short)%00%(objectname)%00%(upstream:track)%00%(upstream:remotename)%00%(upstream:remoteref) refs/heads/main refs/remotes/main [1ms]
2023-12-02 20:06:09.148 [info] > git status -z -uall [221ms]
2023-12-02 20:06:09.664 [info] > git rev-parse --show-toplevel [2ms]
2023-12-02 20:06:14.195 [info] > git config --get commit.template [8ms]
2023-12-02 20:06:14.196 [info] > git for-each-ref --format=%(refname)%00%(upstream:short)%00%(objectname)%00%(upstream:track)%00%(upstream:remotename)%00%(upstream:remoteref) refs/heads/main refs/remotes/main [2ms]
2023-12-02 20:06:14.428 [info] > git status -z -uall [225ms]
2023-12-02 20:06:14.950 [info] > git rev-parse --show-toplevel [4ms]
2023-12-02 20:06:19.471 [info] > git config --get commit.template [9ms]
2023-12-02 20:06:19.473 [info] > git for-each-ref --format=%(refname)%00%(upstream:short)%00%(objectname)%00%(upstream:track)%00%(upstream:remotename)%00%(upstream:remoteref) refs/heads/main refs/remotes/main [3ms]
2023-12-02 20:06:19.728 [info] > git status -z -uall [247ms]
2023-12-02 20:06:20.270 [info] > git rev-parse --show-toplevel [4ms]
2023-12-02 20:08:25.734 [info] > git config --get commit.template [13ms]
2023-12-02 20:08:25.735 [info] > git for-each-ref --format=%(refname)%00%(upstream:short)%00%(objectname)%00%(upstream:track)%00%(upstream:remotename)%00%(upstream:remoteref) refs/heads/main refs/remotes/main [2ms]
2023-12-02 20:08:26.004 [info] > git status -z -uall [259ms]
2023-12-02 20:08:26.533 [info] > git rev-parse --show-toplevel [3ms]
2023-12-02 20:08:31.094 [info] > git config --get commit.template [26ms]
2023-12-02 20:08:31.098 [info] > git for-each-ref --format=%(refname)%00%(upstream:short)%00%(objectname)%00%(upstream:track)%00%(upstream:remotename)%00%(upstream:remoteref) refs/heads/main refs/remotes/main [14ms]
2023-12-02 20:08:31.352 [info] > git status -z -uall [243ms]
2023-12-02 20:08:31.883 [info] > git rev-parse --show-toplevel [3ms]
2023-12-02 20:08:36.400 [info] > git config --get commit.template [3ms]
2023-12-02 20:08:36.417 [info] > git for-each-ref --format=%(refname)%00%(upstream:short)%00%(objectname)%00%(upstream:track)%00%(upstream:remotename)%00%(upstream:remoteref) refs/heads/main refs/remotes/main [4ms]
2023-12-02 20:08:36.663 [info] > git status -z -uall [232ms]
2023-12-02 20:08:37.178 [info] > git rev-parse --show-toplevel [1ms]
2023-12-02 20:08:41.703 [info] > git config --get commit.template [8ms]
2023-12-02 20:08:41.704 [info] > git for-each-ref --format=%(refname)%00%(upstream:short)%00%(objectname)%00%(upstream:track)%00%(upstream:remotename)%00%(upstream:remoteref) refs/heads/main refs/remotes/main [2ms]
2023-12-02 20:08:41.935 [info] > git status -z -uall [224ms]
2023-12-02 20:08:42.458 [info] > git rev-parse --show-toplevel [3ms]
2023-12-02 20:08:46.989 [info] > git config --get commit.template [16ms]
2023-12-02 20:08:46.991 [info] > git for-each-ref --format=%(refname)%00%(upstream:short)%00%(objectname)%00%(upstream:track)%00%(upstream:remotename)%00%(upstream:remoteref) refs/heads/main refs/remotes/main [3ms]
2023-12-02 20:08:47.295 [info] > git status -z -uall [294ms]
2023-12-02 20:08:47.826 [info] > git rev-parse --show-toplevel [5ms]
2023-12-02 20:08:55.343 [info] > git config --get commit.template [21ms]
2023-12-02 20:08:55.346 [info] > git for-each-ref --format=%(refname)%00%(upstream:short)%00%(objectname)%00%(upstream:track)%00%(upstream:remotename)%00%(upstream:remoteref) refs/heads/main refs/remotes/main [11ms]
2023-12-02 20:08:55.691 [info] > git status -z -uall [332ms]
2023-12-02 20:08:56.206 [info] > git rev-parse --show-toplevel [1ms]
2023-12-02 20:09:00.756 [info] > git config --get commit.template [19ms]
2023-12-02 20:09:00.758 [info] > git for-each-ref --format=%(refname)%00%(upstream:short)%00%(objectname)%00%(upstream:track)%00%(upstream:remotename)%00%(upstream:remoteref) refs/heads/main refs/remotes/main [6ms]
2023-12-02 20:09:01.040 [info] > git status -z -uall [267ms]
2023-12-02 20:09:01.569 [info] > git rev-parse --show-toplevel [6ms]
2023-12-02 20:09:06.084 [info] > git config --get commit.template [8ms]
2023-12-02 20:09:06.085 [info] > git for-each-ref --format=%(refname)%00%(upstream:short)%00%(objectname)%00%(upstream:track)%00%(upstream:remotename)%00%(upstream:remoteref) refs/heads/main refs/remotes/main [2ms]
2023-12-02 20:09:06.339 [info] > git status -z -uall [247ms]
2023-12-02 20:09:06.862 [info] > git rev-parse --show-toplevel [3ms]
2023-12-02 20:09:11.386 [info] > git config --get commit.template [8ms]
2023-12-02 20:09:11.387 [info] > git for-each-ref --format=%(refname)%00%(upstream:short)%00%(objectname)%00%(upstream:track)%00%(upstream:remotename)%00%(upstream:remoteref) refs/heads/main refs/remotes/main [2ms]
2023-12-02 20:09:11.613 [info] > git status -z -uall [220ms]
2023-12-02 20:09:12.133 [info] > git rev-parse --show-toplevel [3ms]
2023-12-02 20:09:36.458 [info] > git config --get commit.template [18ms]
2023-12-02 20:09:36.462 [info] > git for-each-ref --format=%(refname)%00%(upstream:short)%00%(objectname)%00%(upstream:track)%00%(upstream:remotename)%00%(upstream:remoteref) refs/heads/main refs/remotes/main [6ms]
2023-12-02 20:09:36.715 [info] > git status -z -uall [244ms]
2023-12-02 20:09:37.237 [info] > git rev-parse --show-toplevel [1ms]
2023-12-02 20:09:41.799 [info] > git config --get commit.template [15ms]
2023-12-02 20:09:41.802 [info] > git for-each-ref --format=%(refname)%00%(upstream:short)%00%(objectname)%00%(upstream:track)%00%(upstream:remotename)%00%(upstream:remoteref) refs/heads/main refs/remotes/main [4ms]
2023-12-02 20:09:42.088 [info] > git status -z -uall [273ms]
2023-12-02 20:09:42.613 [info] > git rev-parse --show-toplevel [3ms]
2023-12-02 20:09:47.131 [info] > git config --get commit.template [7ms]
2023-12-02 20:09:47.132 [info] > git for-each-ref --format=%(refname)%00%(upstream:short)%00%(objectname)%00%(upstream:track)%00%(upstream:remotename)%00%(upstream:remoteref) refs/heads/main refs/remotes/main [1ms]
2023-12-02 20:09:47.357 [info] > git status -z -uall [219ms]
2023-12-02 20:09:47.889 [info] > git rev-parse --show-toplevel [2ms]
2023-12-02 20:09:52.441 [info] > git config --get commit.template [15ms]
2023-12-02 20:09:52.443 [info] > git for-each-ref --format=%(refname)%00%(upstream:short)%00%(objectname)%00%(upstream:track)%00%(upstream:remotename)%00%(upstream:remoteref) refs/heads/main refs/remotes/main [4ms]
2023-12-02 20:09:52.700 [info] > git status -z -uall [244ms]
2023-12-02 20:09:53.223 [info] > git rev-parse --show-toplevel [2ms]
2023-12-02 20:09:57.740 [info] > git config --get commit.template [7ms]
2023-12-02 20:09:57.741 [info] > git for-each-ref --format=%(refname)%00%(upstream:short)%00%(objectname)%00%(upstream:track)%00%(upstream:remotename)%00%(upstream:remoteref) refs/heads/main refs/remotes/main [1ms]
2023-12-02 20:09:57.995 [info] > git status -z -uall [247ms]
2023-12-02 20:09:58.518 [info] > git rev-parse --show-toplevel [3ms]
2023-12-02 20:10:03.058 [info] > git config --get commit.template [16ms]
2023-12-02 20:10:03.060 [info] > git for-each-ref --format=%(refname)%00%(upstream:short)%00%(objectname)%00%(upstream:track)%00%(upstream:remotename)%00%(upstream:remoteref) refs/heads/main refs/remotes/main [4ms]
2023-12-02 20:10:03.307 [info] > git status -z -uall [233ms]
2023-12-02 20:10:03.829 [info] > git rev-parse --show-toplevel [1ms]
2023-12-02 20:10:08.394 [info] > git config --get commit.template [7ms]
2023-12-02 20:10:08.395 [info] > git for-each-ref --format=%(refname)%00%(upstream:short)%00%(objectname)%00%(upstream:track)%00%(upstream:remotename)%00%(upstream:remoteref) refs/heads/main refs/remotes/main [2ms]
2023-12-02 20:10:08.627 [info] > git status -z -uall [227ms]
2023-12-02 20:10:09.149 [info] > git rev-parse --show-toplevel [3ms]
2023-12-02 20:10:13.666 [info] > git config --get commit.template [8ms]
2023-12-02 20:10:13.667 [info] > git for-each-ref --format=%(refname)%00%(upstream:short)%00%(objectname)%00%(upstream:track)%00%(upstream:remotename)%00%(upstream:remoteref) refs/heads/main refs/remotes/main [2ms]
2023-12-02 20:10:13.921 [info] > git status -z -uall [248ms]
2023-12-02 20:10:14.442 [info] > git rev-parse --show-toplevel [3ms]
2023-12-02 20:10:18.961 [info] > git config --get commit.template [8ms]
2023-12-02 20:10:18.962 [info] > git for-each-ref --format=%(refname)%00%(upstream:short)%00%(objectname)%00%(upstream:track)%00%(upstream:remotename)%00%(upstream:remoteref) refs/heads/main refs/remotes/main [2ms]
2023-12-02 20:10:19.192 [info] > git status -z -uall [223ms]
2023-12-02 20:10:19.716 [info] > git rev-parse --show-toplevel [4ms]
2023-12-02 20:10:24.246 [info] > git config --get commit.template [16ms]
2023-12-02 20:10:24.248 [info] > git for-each-ref --format=%(refname)%00%(upstream:short)%00%(objectname)%00%(upstream:track)%00%(upstream:remotename)%00%(upstream:remoteref) refs/heads/main refs/remotes/main [4ms]
2023-12-02 20:10:24.545 [info] > git status -z -uall [282ms]
2023-12-02 20:10:25.068 [info] > git rev-parse --show-toplevel [2ms]
2023-12-02 20:10:29.605 [info] > git config --get commit.template [19ms]
2023-12-02 20:10:29.608 [info] > git for-each-ref --format=%(refname)%00%(upstream:short)%00%(objectname)%00%(upstream:track)%00%(upstream:remotename)%00%(upstream:remoteref) refs/heads/main refs/remotes/main [5ms]
2023-12-02 20:10:29.886 [info] > git status -z -uall [263ms]
2023-12-02 20:10:30.415 [info] > git rev-parse --show-toplevel [4ms]
2023-12-02 20:10:43.174 [info] > git config --get commit.template [2ms]
2023-12-02 20:10:43.186 [info] > git for-each-ref --format=%(refname)%00%(upstream:short)%00%(objectname)%00%(upstream:track)%00%(upstream:remotename)%00%(upstream:remoteref) refs/heads/main refs/remotes/main [2ms]
2023-12-02 20:10:43.485 [info] > git status -z -uall [290ms]
2023-12-02 20:10:44.015 [info] > git rev-parse --show-toplevel [2ms]
2023-12-02 20:10:48.552 [info] > git config --get commit.template [6ms]
2023-12-02 20:10:48.553 [info] > git for-each-ref --format=%(refname)%00%(upstream:short)%00%(objectname)%00%(upstream:track)%00%(upstream:remotename)%00%(upstream:remoteref) refs/heads/main refs/remotes/main [1ms]
2023-12-02 20:10:48.813 [info] > git status -z -uall [253ms]
2023-12-02 20:10:49.336 [info] > git rev-parse --show-toplevel [3ms]
2023-12-02 20:10:53.871 [info] > git config --get commit.template [17ms]
2023-12-02 20:10:53.873 [info] > git for-each-ref --format=%(refname)%00%(upstream:short)%00%(objectname)%00%(upstream:track)%00%(upstream:remotename)%00%(upstream:remoteref) refs/heads/main refs/remotes/main [4ms]
2023-12-02 20:10:54.115 [info] > git status -z -uall [229ms]
2023-12-02 20:10:54.638 [info] > git rev-parse --show-toplevel [3ms]
2023-12-02 20:10:59.149 [info] > git config --get commit.template [1ms]
2023-12-02 20:10:59.157 [info] > git for-each-ref --format=%(refname)%00%(upstream:short)%00%(objectname)%00%(upstream:track)%00%(upstream:remotename)%00%(upstream:remoteref) refs/heads/main refs/remotes/main [2ms]
2023-12-02 20:10:59.389 [info] > git status -z -uall [225ms]
2023-12-02 20:10:59.912 [info] > git rev-parse --show-toplevel [4ms]
2023-12-02 20:11:04.449 [info] > git config --get commit.template [16ms]
2023-12-02 20:11:04.451 [info] > git for-each-ref --format=%(refname)%00%(upstream:short)%00%(objectname)%00%(upstream:track)%00%(upstream:remotename)%00%(upstream:remoteref) refs/heads/main refs/remotes/main [4ms]
2023-12-02 20:11:04.691 [info] > git status -z -uall [232ms]
2023-12-02 20:11:05.214 [info] > git rev-parse --show-toplevel [4ms]
2023-12-02 20:11:09.732 [info] > git config --get commit.template [7ms]
2023-12-02 20:11:09.733 [info] > git for-each-ref --format=%(refname)%00%(upstream:short)%00%(objectname)%00%(upstream:track)%00%(upstream:remotename)%00%(upstream:remoteref) refs/heads/main refs/remotes/main [2ms]
2023-12-02 20:11:09.959 [info] > git status -z -uall [221ms]
2023-12-02 20:11:10.482 [info] > git rev-parse --show-toplevel [2ms]
2023-12-02 20:11:15.012 [info] > git config --get commit.template [15ms]
2023-12-02 20:11:15.014 [info] > git for-each-ref --format=%(refname)%00%(upstream:short)%00%(objectname)%00%(upstream:track)%00%(upstream:remotename)%00%(upstream:remoteref) refs/heads/main refs/remotes/main [4ms]
2023-12-02 20:11:15.260 [info] > git status -z -uall [235ms]
2023-12-02 20:11:15.783 [info] > git rev-parse --show-toplevel [3ms]
2023-12-02 20:11:20.300 [info] > git config --get commit.template [7ms]
2023-12-02 20:11:20.301 [info] > git for-each-ref --format=%(refname)%00%(upstream:short)%00%(objectname)%00%(upstream:track)%00%(upstream:remotename)%00%(upstream:remoteref) refs/heads/main refs/remotes/main [1ms]
2023-12-02 20:11:20.526 [info] > git status -z -uall [220ms]
2023-12-02 20:11:21.056 [info] > git rev-parse --show-toplevel [2ms]
2023-12-02 20:11:25.596 [info] > git config --get commit.template [7ms]
2023-12-02 20:11:25.597 [info] > git for-each-ref --format=%(refname)%00%(upstream:short)%00%(objectname)%00%(upstream:track)%00%(upstream:remotename)%00%(upstream:remoteref) refs/heads/main refs/remotes/main [2ms]
2023-12-02 20:11:25.821 [info] > git status -z -uall [218ms]
2023-12-02 20:11:26.344 [info] > git rev-parse --show-toplevel [3ms]
2023-12-02 20:11:30.864 [info] > git config --get commit.template [7ms]
2023-12-02 20:11:30.864 [info] > git for-each-ref --format=%(refname)%00%(upstream:short)%00%(objectname)%00%(upstream:track)%00%(upstream:remotename)%00%(upstream:remoteref) refs/heads/main refs/remotes/main [1ms]
2023-12-02 20:11:31.094 [info] > git status -z -uall [222ms]
2023-12-02 20:11:31.617 [info] > git rev-parse --show-toplevel [3ms]
2023-12-02 20:11:36.141 [info] > git config --get commit.template [8ms]
2023-12-02 20:11:36.142 [info] > git for-each-ref --format=%(refname)%00%(upstream:short)%00%(objectname)%00%(upstream:track)%00%(upstream:remotename)%00%(upstream:remoteref) refs/heads/main refs/remotes/main [2ms]
2023-12-02 20:11:36.373 [info] > git status -z -uall [224ms]
2023-12-02 20:11:36.897 [info] > git rev-parse --show-toplevel [3ms]
2023-12-02 20:11:41.419 [info] > git config --get commit.template [7ms]
2023-12-02 20:11:41.419 [info] > git for-each-ref --format=%(refname)%00%(upstream:short)%00%(objectname)%00%(upstream:track)%00%(upstream:remotename)%00%(upstream:remoteref) refs/heads/main refs/remotes/main [1ms]
2023-12-02 20:11:41.664 [info] > git status -z -uall [238ms]
2023-12-02 20:11:42.186 [info] > git rev-parse --show-toplevel [3ms]
2023-12-02 20:11:46.712 [info] > git config --get commit.template [8ms]
2023-12-02 20:11:46.713 [info] > git for-each-ref --format=%(refname)%00%(upstream:short)%00%(objectname)%00%(upstream:track)%00%(upstream:remotename)%00%(upstream:remoteref) refs/heads/main refs/remotes/main [2ms]
2023-12-02 20:11:46.940 [info] > git status -z -uall [222ms]
2023-12-02 20:11:47.467 [info] > git rev-parse --show-toplevel [4ms]
2023-12-02 20:11:51.996 [info] > git config --get commit.template [17ms]
2023-12-02 20:11:51.998 [info] > git for-each-ref --format=%(refname)%00%(upstream:short)%00%(objectname)%00%(upstream:track)%00%(upstream:remotename)%00%(upstream:remoteref) refs/heads/main refs/remotes/main [4ms]
2023-12-02 20:11:52.238 [info] > git status -z -uall [230ms]
2023-12-02 20:11:52.764 [info] > git rev-parse --show-toplevel [3ms]
2023-12-02 20:11:57.280 [info] > git config --get commit.template [7ms]
2023-12-02 20:11:57.281 [info] > git for-each-ref --format=%(refname)%00%(upstream:short)%00%(objectname)%00%(upstream:track)%00%(upstream:remotename)%00%(upstream:remoteref) refs/heads/main refs/remotes/main [1ms]
2023-12-02 20:11:57.509 [info] > git status -z -uall [222ms]
2023-12-02 20:11:58.048 [info] > git rev-parse --show-toplevel [3ms]
2023-12-02 20:12:15.709 [info] > git config --get commit.template [10ms]
2023-12-02 20:12:15.710 [info] > git for-each-ref --format=%(refname)%00%(upstream:short)%00%(objectname)%00%(upstream:track)%00%(upstream:remotename)%00%(upstream:remoteref) refs/heads/main refs/remotes/main [2ms]
2023-12-02 20:12:15.969 [info] > git status -z -uall [253ms]
2023-12-02 20:12:16.496 [info] > git rev-parse --show-toplevel [6ms]
2023-12-02 20:12:21.028 [info] > git config --get commit.template [15ms]
2023-12-02 20:12:21.030 [info] > git for-each-ref --format=%(refname)%00%(upstream:short)%00%(objectname)%00%(upstream:track)%00%(upstream:remotename)%00%(upstream:remoteref) refs/heads/main refs/remotes/main [4ms]
2023-12-02 20:12:21.283 [info] > git status -z -uall [237ms]
2023-12-02 20:12:21.799 [info] > git rev-parse --show-toplevel [1ms]
2023-12-02 20:12:26.337 [info] > git config --get commit.template [3ms]
2023-12-02 20:12:26.352 [info] > git for-each-ref --format=%(refname)%00%(upstream:short)%00%(objectname)%00%(upstream:track)%00%(upstream:remotename)%00%(upstream:remoteref) refs/heads/main refs/remotes/main [4ms]
2023-12-02 20:12:26.661 [info] > git status -z -uall [298ms]
2023-12-02 20:12:27.182 [info] > git rev-parse --show-toplevel [4ms]
2023-12-02 20:12:31.707 [info] > git config --get commit.template [7ms]
2023-12-02 20:12:31.709 [info] > git for-each-ref --format=%(refname)%00%(upstream:short)%00%(objectname)%00%(upstream:track)%00%(upstream:remotename)%00%(upstream:remoteref) refs/heads/main refs/remotes/main [2ms]
2023-12-02 20:12:31.952 [info] > git status -z -uall [237ms]
2023-12-02 20:12:32.478 [info] > git rev-parse --show-toplevel [4ms]
2023-12-02 20:12:36.996 [info] > git config --get commit.template [7ms]
2023-12-02 20:12:36.997 [info] > git for-each-ref --format=%(refname)%00%(upstream:short)%00%(objectname)%00%(upstream:track)%00%(upstream:remotename)%00%(upstream:remoteref) refs/heads/main refs/remotes/main [2ms]
2023-12-02 20:12:37.230 [info] > git status -z -uall [226ms]
2023-12-02 20:12:37.756 [info] > git rev-parse --show-toplevel [3ms]
2023-12-02 20:12:42.295 [info] > git config --get commit.template [17ms]
2023-12-02 20:12:42.298 [info] > git for-each-ref --format=%(refname)%00%(upstream:short)%00%(objectname)%00%(upstream:track)%00%(upstream:remotename)%00%(upstream:remoteref) refs/heads/main refs/remotes/main [4ms]
2023-12-02 20:12:42.613 [info] > git status -z -uall [302ms]
2023-12-02 20:12:43.135 [info] > git rev-parse --show-toplevel [3ms]
2023-12-02 20:12:47.653 [info] > git config --get commit.template [7ms]
2023-12-02 20:12:47.655 [info] > git for-each-ref --format=%(refname)%00%(upstream:short)%00%(objectname)%00%(upstream:track)%00%(upstream:remotename)%00%(upstream:remoteref) refs/heads/main refs/remotes/main [1ms]
2023-12-02 20:12:47.943 [info] > git status -z -uall [283ms]
2023-12-02 20:12:48.471 [info] > git rev-parse --show-toplevel [3ms]
2023-12-02 20:12:53.016 [info] > git config --get commit.template [17ms]
2023-12-02 20:12:53.019 [info] > git for-each-ref --format=%(refname)%00%(upstream:short)%00%(objectname)%00%(upstream:track)%00%(upstream:remotename)%00%(upstream:remoteref) refs/heads/main refs/remotes/main [4ms]
2023-12-02 20:12:53.305 [info] > git status -z -uall [278ms]
2023-12-02 20:12:53.831 [info] > git rev-parse --show-toplevel [4ms]
2023-12-02 20:12:58.382 [info] > git config --get commit.template [28ms]
2023-12-02 20:12:58.385 [info] > git for-each-ref --format=%(refname)%00%(upstream:short)%00%(objectname)%00%(upstream:track)%00%(upstream:remotename)%00%(upstream:remoteref) refs/heads/main refs/remotes/main [8ms]
2023-12-02 20:12:58.764 [info] > git status -z -uall [357ms]
2023-12-02 20:12:59.306 [info] > git rev-parse --show-toplevel [5ms]
2023-12-02 20:13:03.811 [info] > git config --get commit.template [8ms]
2023-12-02 20:13:03.813 [info] > git for-each-ref --format=%(refname)%00%(upstream:short)%00%(objectname)%00%(upstream:track)%00%(upstream:remotename)%00%(upstream:remoteref) refs/heads/main refs/remotes/main [3ms]
2023-12-02 20:13:04.048 [info] > git status -z -uall [228ms]
2023-12-02 20:13:04.586 [info] > git rev-parse --show-toplevel [3ms]
2023-12-02 20:13:09.143 [info] > git config --get commit.template [4ms]
2023-12-02 20:13:09.162 [info] > git for-each-ref --format=%(refname)%00%(upstream:short)%00%(objectname)%00%(upstream:track)%00%(upstream:remotename)%00%(upstream:remoteref) refs/heads/main refs/remotes/main [3ms]
2023-12-02 20:13:09.458 [info] > git status -z -uall [281ms]
2023-12-02 20:13:09.982 [info] > git rev-parse --show-toplevel [3ms]
2023-12-02 20:25:40.239 [info] > git config --get commit.template [16ms]
2023-12-02 20:25:40.240 [info] > git for-each-ref --format=%(refname)%00%(upstream:short)%00%(objectname)%00%(upstream:track)%00%(upstream:remotename)%00%(upstream:remoteref) refs/heads/main refs/remotes/main [2ms]
2023-12-02 20:25:40.630 [info] > git status -z -uall [384ms]
2023-12-02 20:25:41.155 [info] > git rev-parse --show-toplevel [2ms]
2023-12-02 20:25:45.695 [info] > git config --get commit.template [7ms]
2023-12-02 20:25:45.697 [info] > git for-each-ref --format=%(refname)%00%(upstream:short)%00%(objectname)%00%(upstream:track)%00%(upstream:remotename)%00%(upstream:remoteref) refs/heads/main refs/remotes/main [4ms]
2023-12-02 20:25:46.111 [info] > git status -z -uall [402ms]
2023-12-02 20:25:46.633 [info] > git rev-parse --show-toplevel [2ms]
2023-12-02 20:25:51.173 [info] > git config --get commit.template [15ms]
2023-12-02 20:25:51.175 [info] > git for-each-ref --format=%(refname)%00%(upstream:short)%00%(objectname)%00%(upstream:track)%00%(upstream:remotename)%00%(upstream:remoteref) refs/heads/main refs/remotes/main [4ms]
2023-12-02 20:25:51.472 [info] > git status -z -uall [285ms]
2023-12-02 20:25:52.014 [info] > git rev-parse --show-toplevel [3ms]
2023-12-02 20:25:56.577 [info] > git config --get commit.template [13ms]
2023-12-02 20:25:56.578 [info] > git for-each-ref --format=%(refname)%00%(upstream:short)%00%(objectname)%00%(upstream:track)%00%(upstream:remotename)%00%(upstream:remoteref) refs/heads/main refs/remotes/main [4ms]
2023-12-02 20:25:56.923 [info] > git status -z -uall [338ms]
2023-12-02 20:25:57.449 [info] > git rev-parse --show-toplevel [3ms]
2023-12-02 20:26:01.969 [info] > git config --get commit.template [1ms]
2023-12-02 20:26:01.989 [info] > git for-each-ref --format=%(refname)%00%(upstream:short)%00%(objectname)%00%(upstream:track)%00%(upstream:remotename)%00%(upstream:remoteref) refs/heads/main refs/remotes/main [5ms]
2023-12-02 20:26:02.329 [info] > git status -z -uall [331ms]
2023-12-02 20:26:02.857 [info] > git rev-parse --show-toplevel [5ms]
2023-12-02 20:26:13.843 [info] > git config --get commit.template [16ms]
2023-12-02 20:26:13.844 [info] > git for-each-ref --format=%(refname)%00%(upstream:short)%00%(objectname)%00%(upstream:track)%00%(upstream:remotename)%00%(upstream:remoteref) refs/heads/main refs/remotes/main [2ms]
2023-12-02 20:26:14.296 [info] > git status -z -uall [443ms]
2023-12-02 20:26:14.815 [info] > git rev-parse --show-toplevel [1ms]
2023-12-02 20:26:35.494 [info] > git config --get commit.template [10ms]
2023-12-02 20:26:35.494 [info] > git for-each-ref --format=%(refname)%00%(upstream:short)%00%(objectname)%00%(upstream:track)%00%(upstream:remotename)%00%(upstream:remoteref) refs/heads/main refs/remotes/main [2ms]
2023-12-02 20:26:35.839 [info] > git status -z -uall [337ms]
2023-12-02 20:26:36.381 [info] > git rev-parse --show-toplevel [3ms]
2023-12-02 20:27:19.062 [info] > git config --get commit.template [28ms]
2023-12-02 20:27:19.063 [info] > git for-each-ref --format=%(refname)%00%(upstream:short)%00%(objectname)%00%(upstream:track)%00%(upstream:remotename)%00%(upstream:remoteref) refs/heads/main refs/remotes/main [7ms]
2023-12-02 20:27:19.375 [info] > git status -z -uall [304ms]
2023-12-02 20:27:19.894 [info] > git rev-parse --show-toplevel [2ms]
2023-12-02 20:28:34.515 [info] > git config --get commit.template [12ms]
2023-12-02 20:28:34.519 [info] > git for-each-ref --format=%(refname)%00%(upstream:short)%00%(objectname)%00%(upstream:track)%00%(upstream:remotename)%00%(upstream:remoteref) refs/heads/main refs/remotes/main [5ms]
2023-12-02 20:28:34.918 [info] > git status -z -uall [385ms]
2023-12-02 20:28:35.458 [info] > git rev-parse --show-toplevel [2ms]
2023-12-02 20:28:39.986 [info] > git config --get commit.template [7ms]
2023-12-02 20:28:40.048 [info] > git for-each-ref --format=%(refname)%00%(upstream:short)%00%(objectname)%00%(upstream:track)%00%(upstream:remotename)%00%(upstream:remoteref) refs/heads/main refs/remotes/main [21ms]
2023-12-02 20:28:40.410 [info] > git status -z -uall [343ms]
2023-12-02 20:28:40.946 [info] > git rev-parse --show-toplevel [2ms]
2023-12-02 20:28:57.073 [info] > git config --get commit.template [20ms]
2023-12-02 20:28:57.083 [info] > git for-each-ref --format=%(refname)%00%(upstream:short)%00%(objectname)%00%(upstream:track)%00%(upstream:remotename)%00%(upstream:remoteref) refs/heads/main refs/remotes/main [12ms]
2023-12-02 20:28:57.813 [info] > git status -z -uall [720ms]
2023-12-02 20:28:58.361 [info] > git rev-parse --show-toplevel [1ms]
