2023-12-01 17:48:55.520 [info] Log level: Info
2023-12-01 17:48:55.520 [info] Validating found git in: "git"
2023-12-01 17:48:55.520 [info] Using git "2.17.1" from "git"
2023-12-01 17:48:55.520 [info] > git rev-parse --show-toplevel [19ms]
2023-12-01 17:48:55.523 [info] > git rev-parse --show-toplevel [6ms]
2023-12-01 17:48:55.538 [info] > git rev-parse --git-dir --git-common-dir [6ms]
2023-12-01 17:48:55.573 [info] Open repository: /home/brian/Documents/html/phase-0-html-experiencing-html-lab
2023-12-01 17:48:55.608 [info] > git config --get commit.template [19ms]
2023-12-01 17:48:55.622 [info] > git rev-parse --show-toplevel [17ms]
2023-12-01 17:48:55.639 [info] > git rev-parse --show-toplevel [3ms]
2023-12-01 17:48:55.640 [info] > git for-each-ref --format=%(refname)%00%(upstream:short)%00%(objectname)%00%(upstream:track)%00%(upstream:remotename)%00%(upstream:remoteref) refs/heads/master refs/remotes/master [20ms]
2023-12-01 17:48:55.664 [info] > git status -z -uall [10ms]
2023-12-01 17:48:55.695 [info] > git config --get commit.template [9ms]
2023-12-01 17:48:55.699 [info] > git for-each-ref --format=%(refname)%00%(upstream:short)%00%(objectname)%00%(upstream:track)%00%(upstream:remotename)%00%(upstream:remoteref) refs/heads/master refs/remotes/master [5ms]
2023-12-01 17:48:55.712 [info] > git status -z -uall [4ms]
2023-12-01 17:48:56.126 [info] > git rev-parse --show-toplevel [2ms]
2023-12-01 17:48:56.174 [info] > git check-ignore -v -z --stdin [2ms]
2023-12-01 17:48:56.407 [info] > git rev-parse --show-toplevel [1ms]
2023-12-01 17:48:57.098 [info] > git rev-parse --show-toplevel [1ms]
2023-12-01 17:49:06.111 [info] > git rev-parse --show-toplevel [15ms]
2023-12-01 17:49:06.129 [info] > git rev-parse --git-dir --git-common-dir [3ms]
2023-12-01 17:49:06.153 [info] Open repository: /home/brian
2023-12-01 17:49:06.175 [info] > git config --get commit.template [3ms]
2023-12-01 17:49:06.194 [info] No remotes found in the git config file.
2023-12-01 17:49:06.196 [info] > git for-each-ref --format=%(refname)%00%(upstream:short)%00%(objectname)%00%(upstream:track)%00%(upstream:remotename)%00%(upstream:remoteref) refs/heads/master refs/remotes/master [3ms]
2023-12-01 17:49:06.689 [info] > git check-ignore -v -z --stdin [1ms]
2023-12-01 17:49:06.829 [info] > git status -z -uall [625ms] (cancelled)
2023-12-01 17:50:18.916 [info] > git check-ignore -v -z --stdin [18ms]
2023-12-01 17:50:47.329 [info] > git show --textconv :Documents/html/my_list.txt [6ms]
2023-12-01 17:50:47.333 [info] > git ls-files --stage -- /home/brian/Documents/html/my_list.txt [5ms]
2023-12-01 17:51:21.872 [info] > git check-ignore -v -z --stdin [13ms]
2023-12-01 17:51:48.445 [info] > git show --textconv :Documents/html/my_list.html [26ms]
2023-12-01 17:51:48.452 [info] > git ls-files --stage -- /home/brian/Documents/html/my_list.html [7ms]
2023-12-01 17:51:49.046 [info] > git show --textconv :Documents/html/my_list.txt [10ms]
2023-12-01 17:51:49.051 [info] > git ls-files --stage -- /home/brian/Documents/html/my_list.txt [5ms]
2023-12-01 17:52:46.699 [info] > git show --textconv :Documents/html/my_list.html [27ms]
2023-12-01 17:52:46.720 [info] > git ls-files --stage -- /home/brian/Documents/html/my_list.html [24ms]
2023-12-01 17:57:42.427 [info] > git ls-files --stage -- /home/brian/Documents/html/my_list.html [13ms]
2023-12-01 17:57:42.445 [info] > git cat-file -s f4e14d2167bf4006cbf9550b48773c147b44c6ca [4ms]
2023-12-01 17:57:42.478 [info] > git show --textconv :Documents/html/my_list.html [12ms]
2023-12-01 17:58:50.006 [info] > git for-each-ref --sort -committerdate --format %(refname) %(objectname) %(*objectname) [5ms]
2023-12-01 18:02:32.887 [info] > git check-ignore -v -z --stdin [13ms]
2023-12-01 18:02:33.063 [info] > git ls-files --stage -- /home/brian/Documents/html/my_list.html [12ms]
2023-12-01 18:02:33.079 [info] > git cat-file -s f4e14d2167bf4006cbf9550b48773c147b44c6ca [3ms]
2023-12-01 18:02:33.113 [info] > git show --textconv :Documents/html/my_list.html [16ms]
2023-12-01 18:02:37.432 [info] > git ls-files --stage -- /home/brian/Documents/html/my_list.html [10ms]
2023-12-01 18:02:37.442 [info] > git cat-file -s f4e14d2167bf4006cbf9550b48773c147b44c6ca [2ms]
2023-12-01 18:02:37.458 [info] > git show --textconv :Documents/html/my_list.html [6ms]
2023-12-01 18:02:50.343 [info] > git config --get commit.template [20ms]
2023-12-01 18:02:50.344 [info] > git for-each-ref --format=%(refname)%00%(upstream:short)%00%(objectname)%00%(upstream:track)%00%(upstream:remotename)%00%(upstream:remoteref) refs/heads/master refs/remotes/master [5ms]
2023-12-01 18:02:50.357 [info] > git status -z -uall [3ms]
2023-12-01 18:03:47.150 [info] > git ls-files --stage -- /home/brian/Documents/html/my_list.html [12ms]
2023-12-01 18:03:47.166 [info] > git cat-file -s f4e14d2167bf4006cbf9550b48773c147b44c6ca [4ms]
2023-12-01 18:03:47.187 [info] > git show --textconv :Documents/html/my_list.html [6ms]
2023-12-01 18:04:36.412 [info] > git ls-files --stage -- /home/brian/Documents/html/my_list.html [12ms]
2023-12-01 18:04:36.429 [info] > git cat-file -s f4e14d2167bf4006cbf9550b48773c147b44c6ca [4ms]
2023-12-01 18:04:36.460 [info] > git show --textconv :Documents/html/my_list.html [13ms]
2023-12-01 18:05:23.846 [info] > git for-each-ref --sort -committerdate --format %(refname) %(objectname) %(*objectname) [3ms]
2023-12-01 18:05:31.794 [info] > git for-each-ref --sort -committerdate --format %(refname) %(objectname) %(*objectname) [4ms]
2023-12-01 18:05:33.532 [info] > git for-each-ref --sort -committerdate --format %(refname) %(objectname) %(*objectname) [17ms]
2023-12-01 18:05:38.325 [info] > git for-each-ref --sort -committerdate --format %(refname) %(objectname) %(*objectname) [3ms]
2023-12-01 18:05:47.689 [info] > git checkout -q -b main --no-track HEAD [274ms]
2023-12-01 18:05:47.716 [info] > git config --get commit.template [17ms]
2023-12-01 18:05:47.722 [info] > git for-each-ref --format=%(refname)%00%(upstream:short)%00%(objectname)%00%(upstream:track)%00%(upstream:remotename)%00%(upstream:remoteref) refs/heads/main refs/remotes/main [5ms]
2023-12-01 18:05:48.059 [info] > git status -z -uall [327ms] (cancelled)
2023-12-01 18:05:49.761 [info] > git config --get commit.template [62ms]
2023-12-01 18:05:49.775 [info] > git rev-parse --show-toplevel [34ms]
2023-12-01 18:05:49.798 [info] > git rev-parse --git-dir --git-common-dir [10ms]
2023-12-01 18:05:49.815 [info] Open repository: /home/brian/Documents/html/Documents/html/phase-0-html-experiencing-html-lab
2023-12-01 18:05:49.817 [info] > git for-each-ref --format=%(refname)%00%(upstream:short)%00%(objectname)%00%(upstream:track)%00%(upstream:remotename)%00%(upstream:remoteref) refs/heads/main refs/remotes/main [43ms]
2023-12-01 18:05:49.879 [info] > git config --get commit.template [14ms]
2023-12-01 18:05:49.882 [info] > git for-each-ref --format=%(refname)%00%(upstream:short)%00%(objectname)%00%(upstream:track)%00%(upstream:remotename)%00%(upstream:remoteref) refs/heads/master refs/remotes/master [5ms]
2023-12-01 18:05:49.897 [info] > git status -z -uall [3ms]
2023-12-01 18:05:49.944 [info] > git config --get commit.template [25ms]
2023-12-01 18:05:49.947 [info] > git for-each-ref --format=%(refname)%00%(upstream:short)%00%(objectname)%00%(upstream:track)%00%(upstream:remotename)%00%(upstream:remoteref) refs/heads/master refs/remotes/master [4ms]
2023-12-01 18:05:49.962 [info] > git status -z -uall [3ms]
2023-12-01 18:05:50.110 [info] > git ls-files --stage -- /home/brian/Documents/html/my_list.html [6ms]
2023-12-01 18:05:50.127 [info] > git cat-file -s f4e14d2167bf4006cbf9550b48773c147b44c6ca [2ms]
2023-12-01 18:05:51.703 [info] > git status -z -uall [1863ms] (cancelled)
2023-12-01 18:05:51.703 [info] > git show --textconv :Documents/html/my_list.html [1496ms]
2023-12-01 18:05:51.770 [info] > git check-ignore -v -z --stdin [25ms]
2023-12-01 18:05:51.771 [info] > git check-ignore -v -z --stdin [14ms]
2023-12-01 18:11:31.414 [info] > git ls-files --stage -- /home/brian/Documents/html/my_list.html [12ms]
2023-12-01 18:11:31.426 [info] > git cat-file -s f4e14d2167bf4006cbf9550b48773c147b44c6ca [2ms]
2023-12-01 18:11:31.441 [info] > git show --textconv :Documents/html/my_list.html [5ms]
2023-12-01 19:00:48.495 [info] > git config --get commit.template [12ms]
2023-12-01 19:00:48.504 [info] > git ls-files --stage -- /home/brian/Documents/html/my_list.html [11ms]
2023-12-01 19:00:48.511 [info] > git for-each-ref --format=%(refname)%00%(upstream:short)%00%(objectname)%00%(upstream:track)%00%(upstream:remotename)%00%(upstream:remoteref) refs/heads/master refs/remotes/master [7ms]
2023-12-01 19:00:48.518 [info] > git cat-file -s f4e14d2167bf4006cbf9550b48773c147b44c6ca [8ms]
2023-12-01 19:00:48.519 [info] > git status -z -uall [2ms]
2023-12-01 19:00:48.536 [info] > git show --textconv :Documents/html/my_list.html [5ms]
