2023-12-02 18:19:23.851 [info] Log level: Info
2023-12-02 18:19:23.851 [info] Validating found git in: "git"
2023-12-02 18:19:23.851 [info] Using git "2.17.1" from "git"
2023-12-02 18:19:23.851 [info] > git rev-parse --show-toplevel [16ms]
2023-12-02 18:19:23.854 [info] > git rev-parse --git-dir --git-common-dir [6ms]
2023-12-02 18:19:23.909 [info] Open repository: /home/brian
2023-12-02 18:19:23.986 [info] > git rev-parse --show-toplevel [55ms]
2023-12-02 18:19:23.987 [info] > git config --get commit.template [64ms]
2023-12-02 18:19:24.036 [info] > git rev-parse --show-toplevel [16ms]
2023-12-02 18:19:24.047 [info] > git for-each-ref --format=%(refname)%00%(upstream:short)%00%(objectname)%00%(upstream:track)%00%(upstream:remotename)%00%(upstream:remoteref) refs/heads/main refs/remotes/main [16ms]
2023-12-02 18:19:24.064 [info] > git rev-parse --show-toplevel [19ms]
2023-12-02 18:19:24.112 [info] > git rev-parse --show-toplevel [36ms]
2023-12-02 18:19:24.132 [info] > git rev-parse --show-toplevel [8ms]
2023-12-02 18:19:24.169 [info] > git rev-parse --show-toplevel [15ms]
2023-12-02 18:19:24.188 [info] > git rev-parse --show-toplevel [3ms]
2023-12-02 18:19:24.197 [info] > git rev-parse --show-toplevel [3ms]
2023-12-02 18:19:24.219 [info] > git rev-parse --show-toplevel [4ms]
2023-12-02 18:19:24.230 [info] > git rev-parse --show-toplevel [4ms]
2023-12-02 18:19:24.239 [info] > git rev-parse --show-toplevel [2ms]
2023-12-02 18:19:24.260 [info] > git rev-parse --show-toplevel [12ms]
2023-12-02 18:19:24.277 [info] > git rev-parse --show-toplevel [5ms]
2023-12-02 18:19:24.289 [info] > git rev-parse --show-toplevel [2ms]
2023-12-02 18:19:24.313 [info] > git rev-parse --show-toplevel [9ms]
2023-12-02 18:19:24.324 [info] > git rev-parse --git-dir --git-common-dir [3ms]
2023-12-02 18:19:24.338 [info] Open repository: /home/brian/Document
2023-12-02 18:19:24.363 [info] > git rev-parse --show-toplevel [4ms]
2023-12-02 18:19:24.390 [info] No remotes found in the git config file.
2023-12-02 18:19:24.391 [info] > git config --get commit.template [41ms]
2023-12-02 18:19:24.392 [info] > git for-each-ref --format=%(refname)%00%(upstream:short)%00%(objectname)%00%(upstream:track)%00%(upstream:remotename)%00%(upstream:remoteref) refs/heads/master refs/remotes/master [3ms]
2023-12-02 18:19:24.413 [info] > git rev-parse --show-toplevel [37ms]
2023-12-02 18:19:24.459 [info] > git status -z -uall [47ms]
2023-12-02 18:19:24.459 [info] > git rev-parse --show-toplevel [23ms]
2023-12-02 18:19:24.644 [info] > git config --get commit.template [75ms]
2023-12-02 18:19:24.644 [info] > git rev-parse --show-toplevel [108ms]
2023-12-02 18:19:24.751 [info] No remotes found in the git config file.
2023-12-02 18:19:24.759 [info] > git rev-parse --show-toplevel [39ms]
2023-12-02 18:19:24.770 [info] > git for-each-ref --format=%(refname)%00%(upstream:short)%00%(objectname)%00%(upstream:track)%00%(upstream:remotename)%00%(upstream:remoteref) refs/heads/master refs/remotes/master [20ms]
2023-12-02 18:19:24.807 [info] > git status -z -uall [745ms] (cancelled)
2023-12-02 18:19:24.808 [info] > git rev-parse --show-toplevel [39ms]
2023-12-02 18:19:24.857 [info] > git status -z -uall [58ms]
2023-12-02 18:19:24.912 [info] > git rev-parse --show-toplevel [58ms]
2023-12-02 18:19:24.963 [info] > git check-ignore -v -z --stdin [72ms]
2023-12-02 18:19:24.966 [info] > git check-ignore -v -z --stdin [55ms]
2023-12-02 18:19:24.975 [info] > git rev-parse --show-toplevel [12ms]
2023-12-02 18:19:25.009 [info] > git rev-parse --show-toplevel [25ms]
2023-12-02 18:19:25.075 [info] > git rev-parse --git-dir --git-common-dir [37ms]
2023-12-02 18:19:25.097 [info] Open repository: /home/brian/html
2023-12-02 18:19:25.130 [info] > git config --get commit.template [17ms]
2023-12-02 18:19:25.143 [info] No remotes found in the git config file.
2023-12-02 18:19:25.144 [info] > git rev-parse --show-toplevel [19ms]
2023-12-02 18:19:25.153 [info] > git for-each-ref --format=%(refname)%00%(upstream:short)%00%(objectname)%00%(upstream:track)%00%(upstream:remotename)%00%(upstream:remoteref) refs/heads/master refs/remotes/master [11ms]
2023-12-02 18:19:25.181 [info] > git rev-parse --show-toplevel [29ms]
2023-12-02 18:19:25.201 [info] > git rev-parse --git-dir --git-common-dir [4ms]
2023-12-02 18:19:25.214 [info] Open repository: /home/brian/phase-0-git-basics-lab
2023-12-02 18:19:25.262 [info] > git status -z -uall [82ms]
2023-12-02 18:19:25.333 [info] > git rev-parse --show-toplevel [72ms]
2023-12-02 18:19:25.334 [info] > git config --get commit.template [90ms]
2023-12-02 18:19:25.347 [info] > git config --get commit.template [41ms]
2023-12-02 18:19:25.399 [info] No remotes found in the git config file.
2023-12-02 18:19:25.400 [info] > git rev-parse --git-dir --git-common-dir [54ms]
2023-12-02 18:19:25.424 [info] Open repository: /home/brian/phase-0-html-document-structure-lab
2023-12-02 18:19:25.464 [info] > git for-each-ref --format=%(refname)%00%(upstream:short)%00%(objectname)%00%(upstream:track)%00%(upstream:remotename)%00%(upstream:remoteref) refs/heads/master refs/remotes/master [66ms]
2023-12-02 18:19:25.485 [info] > git for-each-ref --format=%(refname)%00%(upstream:short)%00%(objectname)%00%(upstream:track)%00%(upstream:remotename)%00%(upstream:remoteref) refs/heads/master refs/remotes/master [118ms]
2023-12-02 18:19:25.508 [info] > git status -z -uall [23ms]
2023-12-02 18:19:25.514 [info] > git rev-parse --show-toplevel [51ms]
2023-12-02 18:19:25.514 [info] > git config --get commit.template [65ms]
2023-12-02 18:19:25.557 [info] > git status -z -uall [54ms]
2023-12-02 18:19:25.557 [info] > git rev-parse --show-toplevel [19ms]
2023-12-02 18:19:25.606 [info] > git for-each-ref --format=%(refname)%00%(upstream:short)%00%(objectname)%00%(upstream:track)%00%(upstream:remotename)%00%(upstream:remoteref) refs/heads/master refs/remotes/master [50ms]
2023-12-02 18:19:25.627 [info] > git config --get commit.template [22ms]
2023-12-02 18:19:25.667 [info] > git status -z -uall [43ms]
2023-12-02 18:19:25.720 [info] > git for-each-ref --format=%(refname)%00%(upstream:short)%00%(objectname)%00%(upstream:track)%00%(upstream:remotename)%00%(upstream:remoteref) refs/heads/master refs/remotes/master [54ms]
2023-12-02 18:19:25.738 [info] > git config --get commit.template [19ms]
2023-12-02 18:19:25.743 [info] > git status -z -uall [12ms]
2023-12-02 18:19:25.774 [info] > git for-each-ref --format=%(refname)%00%(upstream:short)%00%(objectname)%00%(upstream:track)%00%(upstream:remotename)%00%(upstream:remoteref) refs/heads/master refs/remotes/master [2ms]
2023-12-02 18:19:25.810 [info] > git status -z -uall [10ms]
2023-12-02 18:19:26.195 [info] > git check-ignore -v -z --stdin [24ms]
2023-12-02 18:19:26.218 [info] > git check-ignore -v -z --stdin [24ms]
2023-12-02 18:19:26.260 [info] > git check-ignore -v -z --stdin [110ms]
2023-12-02 18:19:28.696 [info] > git check-ignore -v -z --stdin [1ms]
2023-12-02 18:19:34.004 [info] > git check-ignore -v -z --stdin [11ms]
2023-12-02 18:19:36.184 [info] > git check-ignore -v -z --stdin [1ms]
2023-12-02 18:20:58.619 [info] > git show --textconv :Documents/index.html [18ms]
2023-12-02 18:20:58.635 [info] > git ls-files --stage -- /home/brian/Documents/index.html [19ms]
2023-12-02 18:20:58.940 [info] > git check-ignore -v -z --stdin [18ms]
2023-12-02 18:24:35.681 [info] > git check-ignore -v -z --stdin [35ms]
2023-12-02 18:24:35.684 [info] > git check-ignore -v -z --stdin [23ms]
2023-12-02 18:24:35.699 [info] > git check-ignore -v -z --stdin [23ms]
