2023-12-02 18:58:50.916 [info] Log level: Info
2023-12-02 18:58:50.916 [info] Validating found git in: "git"
2023-12-02 18:58:50.916 [info] Using git "2.17.1" from "git"
2023-12-02 18:58:50.916 [info] > git rev-parse --show-toplevel [7ms]
2023-12-02 18:58:50.918 [info] > git rev-parse --git-dir --git-common-dir [1ms]
2023-12-02 18:58:50.938 [info] Open repository: /home/brian
2023-12-02 18:58:50.971 [info] > git rev-parse --show-toplevel [11ms]
2023-12-02 18:58:50.973 [info] > git config --get commit.template [19ms]
2023-12-02 18:58:51.028 [info] > git rev-parse --show-toplevel [31ms]
2023-12-02 18:58:51.094 [info] > git for-each-ref --format=%(refname)%00%(upstream:short)%00%(objectname)%00%(upstream:track)%00%(upstream:remotename)%00%(upstream:remoteref) refs/heads/main refs/remotes/main [70ms]
2023-12-02 18:58:51.128 [info] > git rev-parse --show-toplevel [35ms]
2023-12-02 18:58:51.170 [info] > git rev-parse --show-toplevel [5ms]
2023-12-02 18:58:51.194 [info] > git rev-parse --show-toplevel [7ms]
2023-12-02 18:58:51.249 [info] > git rev-parse --show-toplevel [16ms]
2023-12-02 18:58:51.264 [info] > git rev-parse --show-toplevel [2ms]
2023-12-02 18:58:51.287 [info] > git rev-parse --show-toplevel [4ms]
2023-12-02 18:58:51.312 [info] > git rev-parse --show-toplevel [14ms]
2023-12-02 18:58:51.323 [info] > git rev-parse --show-toplevel [3ms]
2023-12-02 18:58:51.331 [info] > git rev-parse --show-toplevel [2ms]
2023-12-02 18:58:51.341 [info] > git rev-parse --show-toplevel [1ms]
2023-12-02 18:58:51.350 [info] > git rev-parse --show-toplevel [3ms]
2023-12-02 18:58:51.364 [info] > git rev-parse --show-toplevel [3ms]
2023-12-02 18:58:51.388 [info] > git rev-parse --show-toplevel [4ms]
2023-12-02 18:58:51.402 [info] > git rev-parse --show-toplevel [4ms]
2023-12-02 18:58:51.413 [info] > git rev-parse --git-dir --git-common-dir [3ms]
2023-12-02 18:58:51.420 [info] Open repository: /home/brian/Document
2023-12-02 18:58:51.470 [info] > git config --get commit.template [29ms]
2023-12-02 18:58:51.471 [info] > git rev-parse --show-toplevel [3ms]
2023-12-02 18:58:51.485 [info] No remotes found in the git config file.
2023-12-02 18:58:51.504 [info] > git for-each-ref --format=%(refname)%00%(upstream:short)%00%(objectname)%00%(upstream:track)%00%(upstream:remotename)%00%(upstream:remoteref) refs/heads/master refs/remotes/master [19ms]
2023-12-02 18:58:51.512 [info] > git rev-parse --show-toplevel [9ms]
2023-12-02 18:58:51.527 [info] > git status -z -uall [411ms]
2023-12-02 18:58:51.527 [info] > git status -z -uall [16ms]
2023-12-02 18:58:51.527 [info] > git rev-parse --show-toplevel [5ms]
2023-12-02 18:58:51.973 [info] > git config --get commit.template [319ms]
2023-12-02 18:58:51.974 [info] > git config --get commit.template [338ms]
2023-12-02 18:58:51.974 [info] > git rev-parse --show-toplevel [351ms]
2023-12-02 18:58:51.990 [info] > git check-ignore -v -z --stdin [323ms]
2023-12-02 18:58:52.039 [info] No remotes found in the git config file.
2023-12-02 18:58:52.040 [info] > git rev-parse --show-toplevel [51ms]
2023-12-02 18:58:52.058 [info] > git for-each-ref --format=%(refname)%00%(upstream:short)%00%(objectname)%00%(upstream:track)%00%(upstream:remotename)%00%(upstream:remoteref) refs/heads/main refs/remotes/main [29ms]
2023-12-02 18:58:52.079 [info] > git rev-parse --show-toplevel [22ms]
2023-12-02 18:58:52.079 [info] > git for-each-ref --format=%(refname)%00%(upstream:short)%00%(objectname)%00%(upstream:track)%00%(upstream:remotename)%00%(upstream:remoteref) refs/heads/master refs/remotes/master [41ms]
2023-12-02 18:58:52.115 [info] > git status -z -uall [26ms]
2023-12-02 18:58:52.118 [info] > git rev-parse --show-toplevel [4ms]
2023-12-02 18:58:52.134 [info] > git rev-parse --show-toplevel [3ms]
2023-12-02 18:58:52.164 [info] > git rev-parse --show-toplevel [3ms]
2023-12-02 18:58:52.187 [info] > git rev-parse --git-dir --git-common-dir [2ms]
2023-12-02 18:58:52.197 [info] Open repository: /home/brian/html
2023-12-02 18:58:52.246 [info] > git config --get commit.template [24ms]
2023-12-02 18:58:52.259 [info] No remotes found in the git config file.
2023-12-02 18:58:52.259 [info] > git rev-parse --show-toplevel [15ms]
2023-12-02 18:58:52.278 [info] > git rev-parse --show-toplevel [2ms]
2023-12-02 18:58:52.290 [info] > git for-each-ref --format=%(refname)%00%(upstream:short)%00%(objectname)%00%(upstream:track)%00%(upstream:remotename)%00%(upstream:remoteref) refs/heads/master refs/remotes/master [32ms]
2023-12-02 18:58:52.305 [info] > git rev-parse --git-dir --git-common-dir [16ms]
2023-12-02 18:58:52.314 [info] Open repository: /home/brian/phase-0-git-basics-lab
2023-12-02 18:58:52.342 [info] > git status -z -uall [39ms]
2023-12-02 18:58:52.343 [info] > git config --get commit.template [14ms]
2023-12-02 18:58:52.362 [info] > git rev-parse --show-toplevel [21ms]
2023-12-02 18:58:52.383 [info] > git for-each-ref --format=%(refname)%00%(upstream:short)%00%(objectname)%00%(upstream:track)%00%(upstream:remotename)%00%(upstream:remoteref) refs/heads/master refs/remotes/master [13ms]
2023-12-02 18:58:52.390 [info] > git config --get commit.template [29ms]
2023-12-02 18:58:52.396 [info] No remotes found in the git config file.
2023-12-02 18:58:52.397 [info] > git status -z -uall [323ms]
2023-12-02 18:58:52.397 [info] > git status -z -uall [8ms]
2023-12-02 18:58:52.425 [info] > git rev-parse --git-dir --git-common-dir [46ms]
2023-12-02 18:58:52.434 [info] Open repository: /home/brian/phase-0-html-document-structure-lab
2023-12-02 18:58:52.448 [info] > git for-each-ref --format=%(refname)%00%(upstream:short)%00%(objectname)%00%(upstream:track)%00%(upstream:remotename)%00%(upstream:remoteref) refs/heads/master refs/remotes/master [53ms]
2023-12-02 18:58:52.496 [info] > git status -z -uall [43ms]
2023-12-02 18:58:52.499 [info] > git rev-parse --show-toplevel [52ms]
2023-12-02 18:58:52.499 [info] > git config --get commit.template [57ms]
2023-12-02 18:58:52.510 [info] > git config --get commit.template [15ms]
2023-12-02 18:58:52.753 [info] > git rev-parse --show-toplevel [244ms]
2023-12-02 18:58:52.822 [info] > git for-each-ref --format=%(refname)%00%(upstream:short)%00%(objectname)%00%(upstream:track)%00%(upstream:remotename)%00%(upstream:remoteref) refs/heads/master refs/remotes/master [73ms]
2023-12-02 18:58:52.871 [info] > git check-ignore -v -z --stdin [105ms]
2023-12-02 18:58:52.872 [info] > git check-ignore -v -z --stdin [73ms]
2023-12-02 18:58:52.872 [info] > git status -z -uall [31ms]
2023-12-02 18:58:52.879 [info] > git rev-parse --show-toplevel [58ms]
2023-12-02 18:58:52.879 [info] > git for-each-ref --format=%(refname)%00%(upstream:short)%00%(objectname)%00%(upstream:track)%00%(upstream:remotename)%00%(upstream:remoteref) refs/heads/master refs/remotes/master [66ms]
2023-12-02 18:58:52.928 [info] > git status -z -uall [38ms]
2023-12-02 18:58:52.943 [info] > git rev-parse --git-dir --git-common-dir [15ms]
2023-12-02 18:58:52.954 [info] Open repository: /home/brian/Documents/html/Documents/html/phase-0-html-experiencing-html-lab
2023-12-02 18:58:52.957 [info] > git config --get commit.template [41ms]
2023-12-02 18:58:52.992 [info] > git config --get commit.template [11ms]
2023-12-02 18:58:52.999 [info] > git for-each-ref --format=%(refname)%00%(upstream:short)%00%(objectname)%00%(upstream:track)%00%(upstream:remotename)%00%(upstream:remoteref) refs/heads/master refs/remotes/master [9ms]
2023-12-02 18:58:53.023 [info] > git status -z -uall [14ms]
2023-12-02 18:58:53.031 [info] > git for-each-ref --format=%(refname)%00%(upstream:short)%00%(objectname)%00%(upstream:track)%00%(upstream:remotename)%00%(upstream:remoteref) refs/heads/master refs/remotes/master [8ms]
2023-12-02 18:58:53.043 [info] > git status -z -uall [3ms]
2023-12-02 18:58:53.073 [info] > git config --get commit.template [12ms]
2023-12-02 18:58:53.074 [info] > git for-each-ref --format=%(refname)%00%(upstream:short)%00%(objectname)%00%(upstream:track)%00%(upstream:remotename)%00%(upstream:remoteref) refs/heads/master refs/remotes/master [3ms]
2023-12-02 18:58:53.101 [info] > git status -z -uall [6ms]
2023-12-02 18:58:53.414 [info] > git check-ignore -v -z --stdin [25ms]
2023-12-02 18:58:53.449 [info] > git check-ignore -v -z --stdin [85ms]
2023-12-02 18:58:53.450 [info] > git check-ignore -v -z --stdin [38ms]
2023-12-02 18:58:53.466 [info] > git show --textconv :Documents/index.html [37ms]
2023-12-02 18:58:53.478 [info] > git ls-files --stage -- /home/brian/Documents/index.html [30ms]
2023-12-02 18:58:53.492 [info] > git cat-file -s 406d079ae015c79d7a47815f84c71c11c8b9e506 [4ms]
2023-12-02 18:59:05.387 [info] > git config --get commit.template [3ms]
2023-12-02 18:59:05.403 [info] > git for-each-ref --format=%(refname)%00%(upstream:short)%00%(objectname)%00%(upstream:track)%00%(upstream:remotename)%00%(upstream:remoteref) refs/heads/main refs/remotes/main [4ms]
2023-12-02 18:59:05.589 [info] > git status -z -uall [175ms]
2023-12-02 18:59:10.632 [info] > git config --get commit.template [1ms]
2023-12-02 18:59:10.639 [info] > git for-each-ref --format=%(refname)%00%(upstream:short)%00%(objectname)%00%(upstream:track)%00%(upstream:remotename)%00%(upstream:remoteref) refs/heads/main refs/remotes/main [2ms]
2023-12-02 18:59:10.814 [info] > git status -z -uall [170ms]
2023-12-02 18:59:15.850 [info] > git config --get commit.template [2ms]
2023-12-02 18:59:15.857 [info] > git for-each-ref --format=%(refname)%00%(upstream:short)%00%(objectname)%00%(upstream:track)%00%(upstream:remotename)%00%(upstream:remoteref) refs/heads/main refs/remotes/main [2ms]
2023-12-02 18:59:16.029 [info] > git status -z -uall [167ms]
2023-12-02 18:59:21.058 [info] > git config --get commit.template [2ms]
2023-12-02 18:59:21.073 [info] > git for-each-ref --format=%(refname)%00%(upstream:short)%00%(objectname)%00%(upstream:track)%00%(upstream:remotename)%00%(upstream:remoteref) refs/heads/main refs/remotes/main [4ms]
2023-12-02 18:59:21.266 [info] > git status -z -uall [183ms]
2023-12-02 18:59:26.303 [info] > git config --get commit.template [7ms]
2023-12-02 18:59:26.305 [info] > git for-each-ref --format=%(refname)%00%(upstream:short)%00%(objectname)%00%(upstream:track)%00%(upstream:remotename)%00%(upstream:remoteref) refs/heads/main refs/remotes/main [2ms]
2023-12-02 18:59:26.482 [info] > git status -z -uall [173ms]
2023-12-02 18:59:31.510 [info] > git config --get commit.template [2ms]
2023-12-02 18:59:31.516 [info] > git for-each-ref --format=%(refname)%00%(upstream:short)%00%(objectname)%00%(upstream:track)%00%(upstream:remotename)%00%(upstream:remoteref) refs/heads/main refs/remotes/main [1ms]
2023-12-02 18:59:31.705 [info] > git status -z -uall [184ms]
2023-12-02 18:59:36.736 [info] > git config --get commit.template [2ms]
2023-12-02 18:59:36.742 [info] > git for-each-ref --format=%(refname)%00%(upstream:short)%00%(objectname)%00%(upstream:track)%00%(upstream:remotename)%00%(upstream:remoteref) refs/heads/main refs/remotes/main [1ms]
2023-12-02 18:59:36.914 [info] > git status -z -uall [167ms]
2023-12-02 18:59:41.944 [info] > git config --get commit.template [2ms]
2023-12-02 18:59:41.952 [info] > git for-each-ref --format=%(refname)%00%(upstream:short)%00%(objectname)%00%(upstream:track)%00%(upstream:remotename)%00%(upstream:remoteref) refs/heads/main refs/remotes/main [3ms]
2023-12-02 18:59:42.132 [info] > git status -z -uall [176ms]
2023-12-02 18:59:46.714 [info] > git ls-files --stage -- /home/brian/Documents/index.html [8ms]
2023-12-02 18:59:46.720 [info] > git cat-file -s 406d079ae015c79d7a47815f84c71c11c8b9e506 [1ms]
2023-12-02 18:59:46.735 [info] > git show --textconv :Documents/index.html [8ms]
2023-12-02 18:59:47.182 [info] > git config --get commit.template [6ms]
2023-12-02 18:59:47.199 [info] > git for-each-ref --format=%(refname)%00%(upstream:short)%00%(objectname)%00%(upstream:track)%00%(upstream:remotename)%00%(upstream:remoteref) refs/heads/main refs/remotes/main [4ms]
2023-12-02 18:59:47.409 [info] > git status -z -uall [201ms]
2023-12-02 18:59:52.457 [info] > git config --get commit.template [14ms]
2023-12-02 18:59:52.458 [info] > git for-each-ref --format=%(refname)%00%(upstream:short)%00%(objectname)%00%(upstream:track)%00%(upstream:remotename)%00%(upstream:remoteref) refs/heads/main refs/remotes/main [3ms]
2023-12-02 18:59:52.632 [info] > git status -z -uall [168ms]
2023-12-02 18:59:57.662 [info] > git config --get commit.template [2ms]
2023-12-02 18:59:57.669 [info] > git for-each-ref --format=%(refname)%00%(upstream:short)%00%(objectname)%00%(upstream:track)%00%(upstream:remotename)%00%(upstream:remoteref) refs/heads/main refs/remotes/main [1ms]
2023-12-02 18:59:57.869 [info] > git status -z -uall [194ms]
