2023-12-02 19:28:56.997 [info] Added views:workbench.panel.markers.view in workbench.panel.markers
2023-12-02 19:28:56.997 [info] Added views:workbench.panel.output in workbench.panel.output
2023-12-02 19:28:56.997 [info] Added views:terminal in terminal
2023-12-02 19:28:56.997 [info] Added views:outline in workbench.view.explorer
2023-12-02 19:28:56.997 [info] Added views:workbench.scm in workbench.view.scm
2023-12-02 19:28:56.997 [info] Added views:workbench.view.search in workbench.view.search
2023-12-02 19:28:56.997 [info] Added views:timeline in workbench.view.explorer
2023-12-02 19:28:56.997 [info] Added views:workbench.explorer.fileView in workbench.view.explorer
2023-12-02 19:28:57.908 [info] Added views:workbench.debug.variablesView,workbench.debug.watchExpressionsView,workbench.debug.callStackView,workbench.debug.breakPointsView in workbench.view.debug
2023-12-02 19:28:58.036 [info] Added views:workbench.panel.repl.view in workbench.panel.repl
2023-12-02 19:28:58.036 [info] Removed views:workbench.debug.breakPointsView,workbench.debug.callStackView,workbench.debug.watchExpressionsView,workbench.debug.variablesView from workbench.view.debug
2023-12-02 19:28:58.038 [info] Added views:workbench.debug.welcome in workbench.view.debug
2023-12-02 19:28:58.558 [info] Added views:~remote.forwardedPorts in ~remote.forwardedPortsContainer
2023-12-02 19:35:28.847 [info] Added views:workbench.debug.breakPointsView in workbench.view.debug
2023-12-02 19:35:33.999 [info] Added views:jsBrowserBreakpoints in workbench.view.debug
2023-12-02 19:35:34.016 [info] Removed views:workbench.debug.welcome from workbench.view.debug
2023-12-02 19:35:34.090 [info] Added views:workbench.debug.variablesView,workbench.debug.watchExpressionsView,workbench.debug.callStackView,workbench.debug.loadedScriptsView in workbench.view.debug
2023-12-02 19:35:36.299 [info] Removed views:workbench.debug.loadedScriptsView,workbench.debug.callStackView,workbench.debug.watchExpressionsView,workbench.debug.variablesView from workbench.view.debug
2023-12-02 19:35:36.348 [info] Added views:workbench.debug.welcome in workbench.view.debug
2023-12-02 19:35:36.363 [info] Removed views:workbench.debug.welcome from workbench.view.debug
2023-12-02 19:35:36.394 [info] Added views:workbench.debug.variablesView,workbench.debug.watchExpressionsView,workbench.debug.callStackView,workbench.debug.loadedScriptsView in workbench.view.debug
2023-12-02 19:35:36.486 [info] Removed views:workbench.debug.loadedScriptsView,workbench.debug.callStackView,workbench.debug.watchExpressionsView,workbench.debug.variablesView from workbench.view.debug
2023-12-02 19:35:36.512 [info] Added views:workbench.debug.welcome in workbench.view.debug
