2023-12-01 19:02:02.381 [info] Log level: Info
2023-12-01 19:02:02.381 [info] Validating found git in: "git"
2023-12-01 19:02:02.381 [info] Using git "2.17.1" from "git"
2023-12-01 19:02:02.381 [info] > git rev-parse --show-toplevel [38ms]
2023-12-01 19:02:02.381 [info] > git rev-parse --git-dir --git-common-dir [9ms]
2023-12-01 19:02:02.381 [info] Open repository: /home/brian
2023-12-01 19:02:02.381 [info] > git rev-parse --show-toplevel [95ms]
2023-12-01 19:02:02.381 [info] > git config --get commit.template [107ms]
2023-12-01 19:02:02.400 [info] > git rev-parse --show-toplevel [21ms]
2023-12-01 19:02:02.406 [info] > git for-each-ref --format=%(refname)%00%(upstream:short)%00%(objectname)%00%(upstream:track)%00%(upstream:remotename)%00%(upstream:remoteref) refs/heads/main refs/remotes/main [10ms]
2023-12-01 19:02:02.472 [info] > git rev-parse --git-dir --git-common-dir [3ms]
2023-12-01 19:02:02.494 [info] Open repository: /home/brian/Documents/html/phase-0-html-experiencing-html-lab
2023-12-01 19:02:02.528 [info] > git config --get commit.template [3ms]
2023-12-01 19:02:02.556 [info] > git for-each-ref --format=%(refname)%00%(upstream:short)%00%(objectname)%00%(upstream:track)%00%(upstream:remotename)%00%(upstream:remoteref) refs/heads/master refs/remotes/master [10ms]
2023-12-01 19:02:02.572 [info] > git status -z -uall [3ms]
2023-12-01 19:02:02.647 [info] > git config --get commit.template [28ms]
2023-12-01 19:02:02.647 [info] > git for-each-ref --format=%(refname)%00%(upstream:short)%00%(objectname)%00%(upstream:track)%00%(upstream:remotename)%00%(upstream:remoteref) refs/heads/master refs/remotes/master [2ms]
2023-12-01 19:02:02.675 [info] > git status -z -uall [5ms]
2023-12-01 19:02:03.154 [info] > git check-ignore -v -z --stdin [43ms]
2023-12-01 19:02:03.162 [info] > git check-ignore -v -z --stdin [15ms]
2023-12-01 19:02:03.298 [info] > git status -z -uall [885ms] (cancelled)
2023-12-01 19:02:20.238 [info] > git show --textconv :Documents/html/my_list.html [24ms]
2023-12-01 19:02:20.272 [info] > git ls-files --stage -- /home/brian/Documents/html/my_list.html [35ms]
2023-12-01 19:02:20.301 [info] > git cat-file -s f4e14d2167bf4006cbf9550b48773c147b44c6ca [7ms]
2023-12-01 19:02:21.043 [info] > git show --textconv :Documents/html/my_list.txt [36ms]
2023-12-01 19:02:21.057 [info] > git ls-files --stage -- /home/brian/Documents/html/my_list.txt [22ms]
2023-12-01 19:02:21.081 [info] > git cat-file -s 4453c65ab52d8ae1ecf7ea18bdbe63121a7eceef [4ms]
2023-12-01 19:02:22.265 [info] > git show --textconv :Documents/html/my_list.html [32ms]
2023-12-01 19:02:22.284 [info] > git ls-files --stage -- /home/brian/Documents/html/my_list.html [22ms]
2023-12-01 19:02:22.311 [info] > git cat-file -s f4e14d2167bf4006cbf9550b48773c147b44c6ca [8ms]
2023-12-01 19:03:06.437 [info] > git show --textconv :Documents/html/my_list.html [21ms]
2023-12-01 19:03:06.447 [info] > git ls-files --stage -- /home/brian/Documents/html/my_list.html [13ms]
2023-12-01 19:03:06.463 [info] > git cat-file -s f4e14d2167bf4006cbf9550b48773c147b44c6ca [4ms]
