2023-12-01 15:59:22.053 [info] Log level: Info
2023-12-01 15:59:22.053 [info] Validating found git in: "git"
2023-12-01 15:59:22.053 [info] Using git "2.17.1" from "git"
2023-12-01 15:59:22.053 [info] > git rev-parse --show-toplevel [27ms]
2023-12-01 15:59:22.055 [info] > git rev-parse --show-toplevel [2ms]
2023-12-01 15:59:22.081 [info] > git rev-parse --show-toplevel [2ms]
2023-12-01 15:59:23.720 [info] > git rev-parse --show-toplevel [7ms]
2023-12-01 15:59:25.254 [info] > git rev-parse --show-toplevel [2ms]
2023-12-01 15:59:26.423 [info] > git rev-parse --show-toplevel [3ms]
2023-12-01 16:50:58.314 [info] > git rev-parse --show-toplevel [2ms]
2023-12-01 16:56:28.900 [info] > git rev-parse --show-toplevel [9ms]
2023-12-01 16:56:30.625 [info] > git rev-parse --show-toplevel [19ms]
2023-12-01 16:57:42.861 [info] > git rev-parse --show-toplevel [4ms]
2023-12-01 16:57:45.603 [info] > git rev-parse --show-toplevel [5ms]
2023-12-01 16:57:45.729 [info] > git rev-parse --show-toplevel [4ms]
2023-12-01 16:57:46.949 [info] > git rev-parse --show-toplevel [11ms]
2023-12-01 16:57:47.030 [info] > git rev-parse --show-toplevel [3ms]
2023-12-01 16:57:55.971 [info] > git rev-parse --show-toplevel [5ms]
2023-12-01 16:57:56.008 [info] > git rev-parse --show-toplevel [1ms]
2023-12-01 16:59:02.828 [info] > git rev-parse --show-toplevel [10ms]
2023-12-01 17:00:04.338 [info] > git rev-parse --show-toplevel [2ms]
2023-12-01 17:00:05.145 [info] > git rev-parse --show-toplevel [1ms]
2023-12-01 17:00:12.654 [info] > git rev-parse --show-toplevel [5ms]
2023-12-01 17:00:18.527 [info] > git rev-parse --show-toplevel [2ms]
2023-12-01 17:32:00.658 [info] > git rev-parse --show-toplevel [6ms]
2023-12-01 17:32:00.675 [info] > git rev-parse --git-dir --git-common-dir [4ms]
2023-12-01 17:32:00.739 [info] Open repository: /home/brian/Document
2023-12-01 17:32:00.764 [info] > git config --get commit.template [4ms]
2023-12-01 17:32:00.784 [info] No remotes found in the git config file.
2023-12-01 17:32:00.785 [info] > git for-each-ref --format=%(refname)%00%(upstream:short)%00%(objectname)%00%(upstream:track)%00%(upstream:remotename)%00%(upstream:remoteref) refs/heads/master refs/remotes/master [2ms]
2023-12-01 17:32:00.797 [info] > git status -z -uall [3ms]
2023-12-01 17:32:00.856 [info] > git config --get commit.template [2ms]
2023-12-01 17:32:00.867 [info] No remotes found in the git config file.
2023-12-01 17:32:00.868 [info] > git for-each-ref --format=%(refname)%00%(upstream:short)%00%(objectname)%00%(upstream:track)%00%(upstream:remotename)%00%(upstream:remoteref) refs/heads/master refs/remotes/master [2ms]
2023-12-01 17:32:00.877 [info] > git status -z -uall [1ms]
2023-12-01 17:32:01.252 [info] > git show --textconv :my_list.html [19ms]
2023-12-01 17:32:01.258 [info] > git ls-files --stage -- /home/brian/Document/my_list.html [10ms]
2023-12-01 17:32:01.283 [info] > git check-ignore -v -z --stdin [4ms]
2023-12-01 17:33:59.941 [info] > git for-each-ref --sort -committerdate --format %(refname) %(objectname) %(*objectname) [3ms]
2023-12-01 17:34:14.401 [info] > git checkout -q -b main --no-track HEAD [1ms]
2023-12-01 17:34:14.401 [info] fatal: 'HEAD' is not a commit and a branch 'main' cannot be created from it
2023-12-01 17:34:14.418 [info] > git config --get commit.template [3ms]
2023-12-01 17:34:14.422 [info] No remotes found in the git config file.
2023-12-01 17:34:14.424 [info] > git for-each-ref --format=%(refname)%00%(upstream:short)%00%(objectname)%00%(upstream:track)%00%(upstream:remotename)%00%(upstream:remoteref) refs/heads/master refs/remotes/master [2ms]
2023-12-01 17:34:14.429 [info] > git status -z -uall [1ms]
