2023-12-01 09:45:22.127 [info] Added views:workbench.panel.markers.view in workbench.panel.markers
2023-12-01 09:45:22.127 [info] Added views:workbench.panel.output in workbench.panel.output
2023-12-01 09:45:22.127 [info] Added views:terminal in terminal
2023-12-01 09:45:22.127 [info] Added views:outline in workbench.view.explorer
2023-12-01 09:45:22.127 [info] Added views:workbench.scm in workbench.view.scm
2023-12-01 09:45:22.127 [info] Added views:workbench.view.search in workbench.view.search
2023-12-01 09:45:22.127 [info] Added views:timeline in workbench.view.explorer
2023-12-01 09:45:22.127 [info] Added views:workbench.explorer.fileView in workbench.view.explorer
2023-12-01 09:45:23.646 [info] Added views:workbench.debug.variablesView,workbench.debug.watchExpressionsView,workbench.debug.callStackView,workbench.debug.breakPointsView in workbench.view.debug
2023-12-01 09:45:23.752 [info] Added views:workbench.panel.repl.view in workbench.panel.repl
2023-12-01 09:45:23.757 [info] Removed views:workbench.debug.breakPointsView,workbench.debug.callStackView,workbench.debug.watchExpressionsView,workbench.debug.variablesView from workbench.view.debug
2023-12-01 09:45:23.757 [info] Added views:workbench.debug.welcome in workbench.view.debug
2023-12-01 09:45:24.152 [info] Added views:~remote.forwardedPorts in ~remote.forwardedPortsContainer
2023-12-01 09:54:38.291 [info] Added views:workbench.debug.breakPointsView in workbench.view.debug
2023-12-01 13:08:27.555 [info] Added views:jsBrowserBreakpoints in workbench.view.debug
2023-12-01 13:08:27.576 [info] Removed views:workbench.debug.welcome from workbench.view.debug
2023-12-01 13:08:27.644 [info] Added views:workbench.debug.variablesView,workbench.debug.watchExpressionsView,workbench.debug.callStackView,workbench.debug.loadedScriptsView in workbench.view.debug
2023-12-01 13:08:31.406 [info] Removed views:workbench.debug.loadedScriptsView,workbench.debug.callStackView,workbench.debug.watchExpressionsView,workbench.debug.variablesView from workbench.view.debug
2023-12-01 13:08:31.446 [info] Added views:workbench.debug.welcome in workbench.view.debug
2023-12-01 13:08:31.459 [info] Removed views:workbench.debug.welcome from workbench.view.debug
2023-12-01 13:08:31.499 [info] Added views:workbench.debug.variablesView,workbench.debug.watchExpressionsView,workbench.debug.callStackView,workbench.debug.loadedScriptsView in workbench.view.debug
2023-12-01 13:08:31.595 [info] Removed views:workbench.debug.loadedScriptsView,workbench.debug.callStackView,workbench.debug.watchExpressionsView,workbench.debug.variablesView from workbench.view.debug
2023-12-01 13:08:31.626 [info] Added views:workbench.debug.welcome in workbench.view.debug
