2023-12-04 09:20:06.856 [info] Log level: Info
2023-12-04 09:20:06.856 [info] Validating found git in: "git"
2023-12-04 09:20:06.856 [info] Using git "2.17.1" from "git"
2023-12-04 09:20:06.856 [info] > git rev-parse --show-toplevel [17ms]
2023-12-04 09:20:06.856 [info] > git rev-parse --git-dir --git-common-dir [16ms]
2023-12-04 09:20:06.858 [info] Open repository: /home/brian
2023-12-04 09:20:06.858 [info] > git rev-parse --show-toplevel [115ms]
2023-12-04 09:20:06.858 [info] > git config --get commit.template [133ms]
2023-12-04 09:20:06.869 [info] > git rev-parse --show-toplevel [35ms]
2023-12-04 09:20:06.882 [info] > git rev-parse --show-toplevel [2ms]
2023-12-04 09:20:06.890 [info] > git for-each-ref --format=%(refname)%00%(upstream:short)%00%(objectname)%00%(upstream:track)%00%(upstream:remotename)%00%(upstream:remoteref) refs/heads/main refs/remotes/main [26ms]
2023-12-04 09:20:06.909 [info] > git rev-parse --show-toplevel [20ms]
2023-12-04 09:20:06.929 [info] > git rev-parse --show-toplevel [2ms]
2023-12-04 09:20:06.977 [info] > git rev-parse --show-toplevel [26ms]
2023-12-04 09:20:07.005 [info] > git rev-parse --show-toplevel [20ms]
2023-12-04 09:20:07.028 [info] > git rev-parse --show-toplevel [3ms]
2023-12-04 09:20:07.048 [info] > git rev-parse --show-toplevel [1ms]
2023-12-04 09:20:07.066 [info] > git rev-parse --show-toplevel [4ms]
2023-12-04 09:20:07.077 [info] > git rev-parse --show-toplevel [4ms]
2023-12-04 09:20:07.086 [info] > git rev-parse --show-toplevel [3ms]
2023-12-04 09:20:07.097 [info] > git rev-parse --show-toplevel [3ms]
2023-12-04 09:20:07.118 [info] > git rev-parse --show-toplevel [2ms]
2023-12-04 09:20:07.135 [info] > git rev-parse --show-toplevel [4ms]
2023-12-04 09:20:07.145 [info] > git rev-parse --show-toplevel [4ms]
2023-12-04 09:20:07.167 [info] > git rev-parse --git-dir --git-common-dir [2ms]
2023-12-04 09:20:07.176 [info] Open repository: /home/brian/Document
2023-12-04 09:20:07.224 [info] > git config --get commit.template [25ms]
2023-12-04 09:20:07.225 [info] > git rev-parse --show-toplevel [2ms]
2023-12-04 09:20:07.238 [info] No remotes found in the git config file.
2023-12-04 09:20:07.248 [info] > git for-each-ref --format=%(refname)%00%(upstream:short)%00%(objectname)%00%(upstream:track)%00%(upstream:remotename)%00%(upstream:remoteref) refs/heads/master refs/remotes/master [9ms]
2023-12-04 09:20:07.256 [info] > git rev-parse --show-toplevel [11ms]
2023-12-04 09:20:07.264 [info] > git status -z -uall [9ms]
2023-12-04 09:20:07.311 [info] > git rev-parse --show-toplevel [48ms]
2023-12-04 09:20:07.355 [info] > git config --get commit.template [44ms]
2023-12-04 09:20:07.369 [info] No remotes found in the git config file.
2023-12-04 09:20:07.370 [info] > git rev-parse --git-dir --git-common-dir [17ms]
2023-12-04 09:20:07.391 [info] Open repository: /home/brian/H1-tag
2023-12-04 09:20:07.431 [info] > git for-each-ref --format=%(refname)%00%(upstream:short)%00%(objectname)%00%(upstream:track)%00%(upstream:remotename)%00%(upstream:remoteref) refs/heads/master refs/remotes/master [63ms]
2023-12-04 09:20:07.449 [info] > git rev-parse --show-toplevel [19ms]
2023-12-04 09:20:07.449 [info] > git config --get commit.template [41ms]
2023-12-04 09:20:07.477 [info] > git check-ignore -v -z --stdin [150ms]
2023-12-04 09:20:07.479 [info] > git status -z -uall [32ms]
2023-12-04 09:20:07.489 [info] > git for-each-ref --format=%(refname)%00%(upstream:short)%00%(objectname)%00%(upstream:track)%00%(upstream:remotename)%00%(upstream:remoteref) refs/heads/master refs/remotes/master [14ms]
2023-12-04 09:20:07.496 [info] > git rev-parse --git-dir --git-common-dir [34ms]
2023-12-04 09:20:07.505 [info] Open repository: /home/brian/List
2023-12-04 09:20:07.543 [info] > git status -z -uall [48ms]
2023-12-04 09:20:07.543 [info] > git rev-parse --show-toplevel [6ms]
2023-12-04 09:20:07.544 [info] > git config --get commit.template [27ms]
2023-12-04 09:20:07.603 [info] > git rev-parse --show-toplevel [19ms]
2023-12-04 09:20:07.640 [info] > git config --get commit.template [48ms]
2023-12-04 09:20:07.641 [info] > git for-each-ref --format=%(refname)%00%(upstream:short)%00%(objectname)%00%(upstream:track)%00%(upstream:remotename)%00%(upstream:remoteref) refs/heads/main refs/remotes/main [40ms]
2023-12-04 09:20:07.660 [info] > git for-each-ref --format=%(refname)%00%(upstream:short)%00%(objectname)%00%(upstream:track)%00%(upstream:remotename)%00%(upstream:remoteref) refs/heads/master refs/remotes/master [21ms]
2023-12-04 09:20:07.670 [info] > git rev-parse --show-toplevel [38ms]
2023-12-04 09:20:07.701 [info] > git status -z -uall [48ms]
2023-12-04 09:20:07.702 [info] > git status -z -uall [32ms]
2023-12-04 09:20:07.721 [info] > git rev-parse --show-toplevel [21ms]
2023-12-04 09:20:07.745 [info] > git config --get commit.template [24ms]
2023-12-04 09:20:07.755 [info] > git rev-parse --git-dir --git-common-dir [12ms]
2023-12-04 09:20:07.768 [info] Open repository: /home/brian/RP
2023-12-04 09:20:07.785 [info] > git for-each-ref --format=%(refname)%00%(upstream:short)%00%(objectname)%00%(upstream:track)%00%(upstream:remotename)%00%(upstream:remoteref) refs/heads/main refs/remotes/main [31ms]
2023-12-04 09:20:07.795 [info] > git rev-parse --show-toplevel [11ms]
2023-12-04 09:20:07.795 [info] > git config --get commit.template [19ms]
2023-12-04 09:20:07.809 [info] > git status -z -uall [16ms]
2023-12-04 09:20:07.815 [info] > git for-each-ref --format=%(refname)%00%(upstream:short)%00%(objectname)%00%(upstream:track)%00%(upstream:remotename)%00%(upstream:remoteref) refs/heads/master refs/remotes/master [6ms]
2023-12-04 09:20:07.823 [info] > git rev-parse --show-toplevel [22ms]
2023-12-04 09:20:07.841 [info] > git status -z -uall [18ms]
2023-12-04 09:20:07.841 [info] > git rev-parse --show-toplevel [8ms]
2023-12-04 09:20:07.863 [info] > git rev-parse --show-toplevel [8ms]
2023-12-04 09:20:07.881 [info] > git config --get commit.template [19ms]
2023-12-04 09:20:07.896 [info] > git rev-parse --show-toplevel [17ms]
2023-12-04 09:20:07.908 [info] > git for-each-ref --format=%(refname)%00%(upstream:short)%00%(objectname)%00%(upstream:track)%00%(upstream:remotename)%00%(upstream:remoteref) refs/heads/master refs/remotes/master [12ms]
2023-12-04 09:20:07.924 [info] > git status -z -uall [5ms]
2023-12-04 09:20:07.930 [info] > git rev-parse --git-dir --git-common-dir [25ms]
2023-12-04 09:20:07.942 [info] Open repository: /home/brian/goal
2023-12-04 09:20:07.981 [info] > git config --get commit.template [20ms]
2023-12-04 09:20:08.006 [info] > git rev-parse --show-toplevel [27ms]
2023-12-04 09:20:08.016 [info] > git for-each-ref --format=%(refname)%00%(upstream:short)%00%(objectname)%00%(upstream:track)%00%(upstream:remotename)%00%(upstream:remoteref) refs/heads/main refs/remotes/main [11ms]
2023-12-04 09:20:08.037 [info] > git rev-parse --git-dir --git-common-dir [22ms]
2023-12-04 09:20:08.049 [info] Open repository: /home/brian/href
2023-12-04 09:20:08.077 [info] > git status -z -uall [42ms]
2023-12-04 09:20:08.078 [info] > git config --get commit.template [21ms]
2023-12-04 09:20:08.092 [info] > git rev-parse --show-toplevel [21ms]
2023-12-04 09:20:08.161 [info] > git rev-parse --git-dir --git-common-dir [18ms]
2023-12-04 09:20:08.182 [info] Open repository: /home/brian/html
2023-12-04 09:20:08.183 [info] > git for-each-ref --format=%(refname)%00%(upstream:short)%00%(objectname)%00%(upstream:track)%00%(upstream:remotename)%00%(upstream:remoteref) refs/heads/master refs/remotes/master [67ms]
2023-12-04 09:20:08.190 [info] > git config --get commit.template [99ms]
2023-12-04 09:20:08.294 [info] > git status -z -uall [105ms]
2023-12-04 09:20:08.314 [info] > git config --get commit.template [34ms]
2023-12-04 09:20:08.314 [info] > git for-each-ref --format=%(refname)%00%(upstream:short)%00%(objectname)%00%(upstream:track)%00%(upstream:remotename)%00%(upstream:remoteref) refs/heads/main refs/remotes/main [56ms]
2023-12-04 09:20:08.346 [info] > git config --get commit.template [33ms]
2023-12-04 09:20:08.346 [info] > git rev-parse --show-toplevel [53ms]
2023-12-04 09:20:08.392 [info] No remotes found in the git config file.
2023-12-04 09:20:08.404 [info] > git status -z -uall [69ms]
2023-12-04 09:20:08.421 [info] > git rev-parse --git-dir --git-common-dir [18ms]
2023-12-04 09:20:08.437 [info] Open repository: /home/brian/learn
2023-12-04 09:20:08.445 [info] > git for-each-ref --format=%(refname)%00%(upstream:short)%00%(objectname)%00%(upstream:track)%00%(upstream:remotename)%00%(upstream:remoteref) refs/heads/master refs/remotes/master [54ms]
2023-12-04 09:20:08.516 [info] > git status -z -uall [46ms]
2023-12-04 09:20:08.516 [info] > git for-each-ref --format=%(refname)%00%(upstream:short)%00%(objectname)%00%(upstream:track)%00%(upstream:remotename)%00%(upstream:remoteref) refs/heads/master refs/remotes/master [97ms]
2023-12-04 09:20:08.557 [info] > git rev-parse --show-toplevel [42ms]
2023-12-04 09:20:08.558 [info] > git config --get commit.template [65ms]
2023-12-04 09:20:08.634 [info] > git status -z -uall [84ms]
2023-12-04 09:20:08.686 [info] > git config --get commit.template [52ms]
2023-12-04 09:20:08.687 [info] > git rev-parse --show-toplevel [63ms]
2023-12-04 09:20:08.865 [info] No remotes found in the git config file.
2023-12-04 09:20:08.870 [info] > git rev-parse --show-toplevel [160ms]
2023-12-04 09:20:08.871 [info] > git for-each-ref --format=%(refname)%00%(upstream:short)%00%(objectname)%00%(upstream:track)%00%(upstream:remotename)%00%(upstream:remoteref) refs/heads/main refs/remotes/main [190ms]
2023-12-04 09:20:08.910 [info] > git for-each-ref --format=%(refname)%00%(upstream:short)%00%(objectname)%00%(upstream:track)%00%(upstream:remotename)%00%(upstream:remoteref) refs/heads/master refs/remotes/master [46ms]
2023-12-04 09:20:08.941 [info] > git status -z -uall [54ms]
2023-12-04 09:20:08.941 [info] > git rev-parse --git-dir --git-common-dir [37ms]
2023-12-04 09:20:08.977 [info] Open repository: /home/brian/new
2023-12-04 09:20:09.257 [info] > git status -z -uall [319ms]
2023-12-04 09:20:09.257 [info] > git check-ignore -v -z --stdin [262ms]
2023-12-04 09:20:09.261 [info] > git check-ignore -v -z --stdin [236ms]
2023-12-04 09:20:09.262 [info] > git check-ignore -v -z --stdin [218ms]
2023-12-04 09:20:09.263 [info] > git check-ignore -v -z --stdin [204ms]
2023-12-04 09:20:09.263 [info] > git check-ignore -v -z --stdin [187ms]
2023-12-04 09:20:09.264 [info] > git check-ignore -v -z --stdin [151ms]
2023-12-04 09:20:09.265 [info] > git check-ignore -v -z --stdin [134ms]
2023-12-04 09:20:09.266 [info] > git check-ignore -v -z --stdin [115ms]
2023-12-04 09:20:09.278 [info] > git config --get commit.template [70ms]
2023-12-04 09:20:09.278 [info] > git rev-parse --show-toplevel [84ms]
2023-12-04 09:20:09.279 [info] > git config --get commit.template [104ms]
2023-12-04 09:20:09.332 [info] > git rev-parse --git-dir --git-common-dir [32ms]
2023-12-04 09:20:09.359 [info] Open repository: /home/brian/phase-0-git-basics-lab
2023-12-04 09:20:09.400 [info] > git for-each-ref --format=%(refname)%00%(upstream:short)%00%(objectname)%00%(upstream:track)%00%(upstream:remotename)%00%(upstream:remoteref) refs/heads/main refs/remotes/main [78ms]
2023-12-04 09:20:09.412 [info] > git for-each-ref --format=%(refname)%00%(upstream:short)%00%(objectname)%00%(upstream:track)%00%(upstream:remotename)%00%(upstream:remoteref) refs/heads/master refs/remotes/master [99ms]
2023-12-04 09:20:09.436 [info] > git status -z -uall [25ms]
2023-12-04 09:20:09.436 [info] > git status -z -uall [8ms]
2023-12-04 09:20:09.455 [info] > git rev-parse --show-toplevel [57ms]
2023-12-04 09:20:09.456 [info] > git config --get commit.template [72ms]
2023-12-04 09:20:09.513 [info] > git config --get commit.template [42ms]
2023-12-04 09:20:09.517 [info] > git for-each-ref --format=%(refname)%00%(upstream:short)%00%(objectname)%00%(upstream:track)%00%(upstream:remotename)%00%(upstream:remoteref) refs/heads/master refs/remotes/master [16ms]
2023-12-04 09:20:09.537 [info] > git rev-parse --git-dir --git-common-dir [52ms]
2023-12-04 09:20:09.551 [info] Open repository: /home/brian/phase-0-html-document-structure-lab
2023-12-04 09:20:09.591 [info] > git status -z -uall [55ms]
2023-12-04 09:20:09.621 [info] > git rev-parse --show-toplevel [31ms]
2023-12-04 09:20:09.621 [info] > git config --get commit.template [43ms]
2023-12-04 09:20:09.621 [info] > git for-each-ref --format=%(refname)%00%(upstream:short)%00%(objectname)%00%(upstream:track)%00%(upstream:remotename)%00%(upstream:remoteref) refs/heads/master refs/remotes/master [56ms]
2023-12-04 09:20:09.669 [info] > git status -z -uall [31ms]
2023-12-04 09:20:09.669 [info] > git config --get commit.template [50ms]
2023-12-04 09:20:09.806 [info] > git rev-parse --git-dir --git-common-dir [137ms]
2023-12-04 09:20:09.818 [info] Open repository: /home/brian/phase-0-html-tables-lab
2023-12-04 09:20:10.083 [info] > git check-ignore -v -z --stdin [206ms]
2023-12-04 09:20:10.084 [info] > git check-ignore -v -z --stdin [191ms]
2023-12-04 09:20:10.085 [info] > git check-ignore -v -z --stdin [178ms]
2023-12-04 09:20:10.085 [info] > git check-ignore -v -z --stdin [162ms]
2023-12-04 09:20:10.086 [info] > git check-ignore -v -z --stdin [114ms]
2023-12-04 09:20:10.087 [info] > git check-ignore -v -z --stdin [101ms]
2023-12-04 09:20:10.088 [info] > git check-ignore -v -z --stdin [87ms]
2023-12-04 09:20:10.088 [info] > git check-ignore -v -z --stdin [72ms]
2023-12-04 09:20:10.103 [info] > git for-each-ref --format=%(refname)%00%(upstream:short)%00%(objectname)%00%(upstream:track)%00%(upstream:remotename)%00%(upstream:remoteref) refs/heads/master refs/remotes/master [400ms]
2023-12-04 09:20:10.213 [info] > git status -z -uall [65ms]
2023-12-04 09:20:10.253 [info] > git rev-parse --show-toplevel [197ms]
2023-12-04 09:20:10.253 [info] > git config --get commit.template [208ms]
2023-12-04 09:20:10.254 [info] > git for-each-ref --format=%(refname)%00%(upstream:short)%00%(objectname)%00%(upstream:track)%00%(upstream:remotename)%00%(upstream:remoteref) refs/heads/master refs/remotes/master [223ms]
2023-12-04 09:20:10.431 [info] > git status -z -uall [164ms]
2023-12-04 09:20:10.431 [info] > git config --get commit.template [35ms]
2023-12-04 09:20:10.445 [info] > git rev-parse --show-toplevel [33ms]
2023-12-04 09:20:10.511 [info] > git for-each-ref --format=%(refname)%00%(upstream:short)%00%(objectname)%00%(upstream:track)%00%(upstream:remotename)%00%(upstream:remoteref) refs/heads/master refs/remotes/master [82ms]
2023-12-04 09:20:10.552 [info] > git status -z -uall [30ms]
2023-12-04 09:20:10.561 [info] > git for-each-ref --format=%(refname)%00%(upstream:short)%00%(objectname)%00%(upstream:track)%00%(upstream:remotename)%00%(upstream:remoteref) refs/heads/master refs/remotes/master [51ms]
2023-12-04 09:20:10.602 [info] > git status -z -uall [34ms]
2023-12-04 09:20:10.624 [info] > git config --get commit.template [24ms]
2023-12-04 09:20:10.654 [info] > git for-each-ref --format=%(refname)%00%(upstream:short)%00%(objectname)%00%(upstream:track)%00%(upstream:remotename)%00%(upstream:remoteref) refs/heads/master refs/remotes/master [2ms]
2023-12-04 09:20:10.671 [info] > git status -z -uall [7ms]
2023-12-04 09:20:10.974 [info] > git check-ignore -v -z --stdin [174ms]
2023-12-04 09:20:10.976 [info] > git check-ignore -v -z --stdin [146ms]
2023-12-04 09:20:10.977 [info] > git check-ignore -v -z --stdin [121ms]
2023-12-04 09:20:10.979 [info] > git check-ignore -v -z --stdin [110ms]
2023-12-04 09:20:10.980 [info] > git check-ignore -v -z --stdin [100ms]
2023-12-04 09:20:10.982 [info] > git check-ignore -v -z --stdin [71ms]
2023-12-04 09:20:10.983 [info] > git check-ignore -v -z --stdin [53ms]
2023-12-04 09:20:10.985 [info] > git check-ignore -v -z --stdin [39ms]
2023-12-04 09:20:11.084 [info] > git show --textconv :Documents/index.html [65ms]
2023-12-04 09:20:11.090 [info] > git ls-files --stage -- /home/brian/Documents/index.html [40ms]
2023-12-04 09:20:11.126 [info] > git cat-file -s 406d079ae015c79d7a47815f84c71c11c8b9e506 [20ms]
2023-12-04 09:20:12.460 [info] > git status -z -uall [5552ms]
2023-12-04 09:20:14.444 [info] > git config --get commit.template [159ms]
2023-12-04 09:20:14.451 [info] > git rev-parse --show-toplevel [52ms]
2023-12-04 09:20:14.487 [info] > git for-each-ref --format=%(refname)%00%(upstream:short)%00%(objectname)%00%(upstream:track)%00%(upstream:remotename)%00%(upstream:remoteref) refs/heads/main refs/remotes/main [25ms]
2023-12-04 09:20:14.510 [info] > git rev-parse --git-dir --git-common-dir [28ms]
2023-12-04 09:20:14.560 [info] Open repository: /home/brian/Documents/html/Documents/html/phase-0-html-experiencing-html-lab
2023-12-04 09:20:14.605 [info] > git config --get commit.template [2ms]
2023-12-04 09:20:14.621 [info] > git for-each-ref --format=%(refname)%00%(upstream:short)%00%(objectname)%00%(upstream:track)%00%(upstream:remotename)%00%(upstream:remoteref) refs/heads/master refs/remotes/master [7ms]
2023-12-04 09:20:14.640 [info] > git status -z -uall [10ms]
2023-12-04 09:20:14.701 [info] > git config --get commit.template [41ms]
2023-12-04 09:20:14.707 [info] > git for-each-ref --format=%(refname)%00%(upstream:short)%00%(objectname)%00%(upstream:track)%00%(upstream:remotename)%00%(upstream:remoteref) refs/heads/master refs/remotes/master [8ms]
2023-12-04 09:20:14.723 [info] > git status -z -uall [7ms]
2023-12-04 09:20:15.311 [info] > git check-ignore -v -z --stdin [72ms]
2023-12-04 09:20:15.312 [info] > git check-ignore -v -z --stdin [62ms]
2023-12-04 09:20:15.312 [info] > git check-ignore -v -z --stdin [53ms]
2023-12-04 09:20:15.313 [info] > git check-ignore -v -z --stdin [42ms]
2023-12-04 09:20:15.313 [info] > git check-ignore -v -z --stdin [31ms]
2023-12-04 09:20:15.315 [info] > git check-ignore -v -z --stdin [21ms]
2023-12-04 09:20:15.315 [info] > git check-ignore -v -z --stdin [8ms]
2023-12-04 09:20:15.316 [info] > git check-ignore -v -z --stdin [87ms]
2023-12-04 09:20:17.246 [info] > git status -z -uall [2737ms]
2023-12-04 09:20:19.874 [info] > git check-ignore -v -z --stdin [55ms]
2023-12-04 09:20:20.491 [info] > git config --get commit.template [16ms]
2023-12-04 09:20:20.494 [info] > git for-each-ref --format=%(refname)%00%(upstream:short)%00%(objectname)%00%(upstream:track)%00%(upstream:remotename)%00%(upstream:remoteref) refs/heads/main refs/remotes/main [4ms]
2023-12-04 09:20:22.905 [info] > git status -z -uall [2399ms]
2023-12-04 09:20:28.096 [info] > git config --get commit.template [14ms]
2023-12-04 09:20:28.097 [info] > git for-each-ref --format=%(refname)%00%(upstream:short)%00%(objectname)%00%(upstream:track)%00%(upstream:remotename)%00%(upstream:remoteref) refs/heads/main refs/remotes/main [2ms]
2023-12-04 09:20:29.732 [info] > git check-ignore -v -z --stdin [8ms]
2023-12-04 09:20:29.734 [info] > git check-ignore -v -z --stdin [3ms]
2023-12-04 09:20:30.458 [info] > git status -z -uall [2353ms]
2023-12-04 09:20:31.798 [info] > git check-ignore -v -z --stdin [88ms]
2023-12-04 09:20:31.799 [info] > git check-ignore -v -z --stdin [76ms]
2023-12-04 09:20:31.800 [info] > git check-ignore -v -z --stdin [55ms]
2023-12-04 09:20:31.802 [info] > git check-ignore -v -z --stdin [36ms]
2023-12-04 09:21:19.374 [info] > git config --get commit.template [3ms]
2023-12-04 09:21:19.388 [info] > git for-each-ref --format=%(refname)%00%(upstream:short)%00%(objectname)%00%(upstream:track)%00%(upstream:remotename)%00%(upstream:remoteref) refs/heads/main refs/remotes/main [3ms]
2023-12-04 09:21:22.261 [info] > git status -z -uall [2864ms]
