2023-12-02 18:58:48.412 [info] Using settings sync service https://vscode-sync.trafficmanager.net/
2023-12-02 18:58:48.412 [info] Auto Sync is enabled.
2023-12-02 18:58:48.412 [info] Auto Sync: Suspended until auth token is available.
2023-12-02 18:58:49.133 [info] Deleting non existing profile from backup /home/brian/.config/Code/User/sync/extensions
2023-12-02 18:58:49.156 [info] Deleting non existing profile from backup /home/brian/.config/Code/User/sync/globalState
2023-12-02 18:58:49.330 [info] Deleting non existing profile from backup /home/brian/.config/Code/User/sync/keybindings
2023-12-02 18:58:49.365 [info] Deleting non existing profile from backup /home/brian/.config/Code/User/sync/profiles
2023-12-02 18:58:49.534 [info] Deleting non existing profile from backup /home/brian/.config/Code/User/sync/settings
2023-12-02 18:58:49.574 [info] Deleting non existing profile from backup /home/brian/.config/Code/User/sync/snippets
2023-12-02 18:58:49.727 [info] Deleting non existing profile from backup /home/brian/.config/Code/User/sync/tasks
2023-12-02 18:58:53.180 [info] Auto Sync: Triggered by Interval
2023-12-02 18:58:53.202 [info] Sync started.
2023-12-02 18:58:54.118 [info] Settings: Last sync resource does not exist locally.
2023-12-02 18:58:54.284 [info] Settings: No changes found during synchronizing settings.
2023-12-02 18:58:54.286 [info] Keybindings: Last sync resource does not exist locally.
2023-12-02 18:58:54.444 [info] Keybindings: No changes found during synchronizing keybindings.
2023-12-02 18:58:54.446 [info] Snippets: Last sync resource does not exist locally.
2023-12-02 18:58:54.601 [info] Snippets: No changes found during synchronizing snippets.
2023-12-02 18:58:54.607 [info] Tasks: Last sync resource does not exist locally.
2023-12-02 18:58:54.760 [info] Tasks: No changes found during synchronizing tasks.
2023-12-02 18:58:54.762 [info] GlobalState: Last sync resource does not exist locally.
2023-12-02 18:58:55.525 [info] GlobalState: No changes found during synchronizing ui state.
2023-12-02 18:58:55.527 [info] Extensions: Last sync resource does not exist locally.
2023-12-02 18:58:55.820 [info] Extensions: No changes found during synchronizing extensions.
2023-12-02 18:58:55.823 [info] Profiles: Last sync resource does not exist locally.
2023-12-02 18:58:55.975 [info] Profiles: No changes found during synchronizing profiles.
2023-12-02 18:58:55.977 [info] Sync done. Took 2832ms
2023-12-02 19:00:37.384 [info] Auto Sync: Triggered by Activity
2023-12-02 19:00:37.385 [info] Sync started.
2023-12-02 19:00:37.574 [info] Settings: No changes found during synchronizing settings.
2023-12-02 19:00:37.585 [info] Keybindings: No changes found during synchronizing keybindings.
2023-12-02 19:00:37.598 [info] Snippets: No changes found during synchronizing snippets.
2023-12-02 19:00:37.609 [info] Tasks: No changes found during synchronizing tasks.
2023-12-02 19:00:37.615 [info] GlobalState: No changes found during synchronizing ui state.
2023-12-02 19:00:37.764 [info] Extensions: No changes found during synchronizing extensions.
2023-12-02 19:00:37.766 [info] Profiles: No changes found during synchronizing profiles.
2023-12-02 19:00:37.768 [info] Sync done. Took 385ms
2023-12-02 19:01:11.958 [info] Auto Sync: Triggered by Activity
2023-12-02 19:01:11.959 [info] Sync started.
2023-12-02 19:01:12.124 [info] Settings: No changes found during synchronizing settings.
2023-12-02 19:01:12.134 [info] Keybindings: No changes found during synchronizing keybindings.
2023-12-02 19:01:12.143 [info] Snippets: No changes found during synchronizing snippets.
2023-12-02 19:01:12.154 [info] Tasks: No changes found during synchronizing tasks.
2023-12-02 19:01:12.160 [info] GlobalState: No changes found during synchronizing ui state.
2023-12-02 19:01:12.302 [info] Extensions: No changes found during synchronizing extensions.
2023-12-02 19:01:12.304 [info] Profiles: No changes found during synchronizing profiles.
2023-12-02 19:01:12.307 [info] Sync done. Took 350ms
2023-12-02 19:01:29.825 [info] Auto Sync: Triggered by Activity
2023-12-02 19:01:29.826 [info] Sync started.
2023-12-02 19:01:29.991 [info] Settings: No changes found during synchronizing settings.
2023-12-02 19:01:30.002 [info] Keybindings: No changes found during synchronizing keybindings.
2023-12-02 19:01:30.014 [info] Snippets: No changes found during synchronizing snippets.
2023-12-02 19:01:30.027 [info] Tasks: No changes found during synchronizing tasks.
2023-12-02 19:01:30.042 [info] GlobalState: No changes found during synchronizing ui state.
2023-12-02 19:01:30.187 [info] Extensions: No changes found during synchronizing extensions.
2023-12-02 19:01:30.190 [info] Profiles: No changes found during synchronizing profiles.
2023-12-02 19:01:30.192 [info] Sync done. Took 369ms
2023-12-02 19:01:58.134 [info] Auto Sync: Triggered by Activity
2023-12-02 19:01:58.135 [info] Sync started.
2023-12-02 19:01:58.350 [info] Settings: No changes found during synchronizing settings.
2023-12-02 19:01:58.360 [info] Keybindings: No changes found during synchronizing keybindings.
2023-12-02 19:01:58.369 [info] Snippets: No changes found during synchronizing snippets.
2023-12-02 19:01:58.379 [info] Tasks: No changes found during synchronizing tasks.
2023-12-02 19:01:58.384 [info] GlobalState: No changes found during synchronizing ui state.
2023-12-02 19:01:58.527 [info] Extensions: No changes found during synchronizing extensions.
2023-12-02 19:01:58.529 [info] Profiles: No changes found during synchronizing profiles.
2023-12-02 19:01:58.531 [info] Sync done. Took 398ms
2023-12-02 19:02:21.035 [info] Auto Sync: Triggered by Activity
2023-12-02 19:02:21.035 [info] Sync started.
2023-12-02 19:02:21.227 [info] Settings: No changes found during synchronizing settings.
2023-12-02 19:02:21.239 [info] Keybindings: No changes found during synchronizing keybindings.
2023-12-02 19:02:21.248 [info] Snippets: No changes found during synchronizing snippets.
2023-12-02 19:02:21.256 [info] Tasks: No changes found during synchronizing tasks.
2023-12-02 19:02:21.262 [info] GlobalState: No changes found during synchronizing ui state.
2023-12-02 19:02:21.367 [info] Extensions: No changes found during synchronizing extensions.
2023-12-02 19:02:21.369 [info] Profiles: No changes found during synchronizing profiles.
2023-12-02 19:02:21.371 [info] Sync done. Took 336ms
2023-12-02 19:02:43.959 [info] Auto Sync: Triggered by Activity
2023-12-02 19:02:43.960 [info] Sync started.
2023-12-02 19:02:44.126 [info] Settings: No changes found during synchronizing settings.
2023-12-02 19:02:44.135 [info] Keybindings: No changes found during synchronizing keybindings.
2023-12-02 19:02:44.144 [info] Snippets: No changes found during synchronizing snippets.
2023-12-02 19:02:44.155 [info] Tasks: No changes found during synchronizing tasks.
2023-12-02 19:02:44.161 [info] GlobalState: No changes found during synchronizing ui state.
2023-12-02 19:02:44.291 [info] Extensions: No changes found during synchronizing extensions.
2023-12-02 19:02:44.293 [info] Profiles: No changes found during synchronizing profiles.
2023-12-02 19:02:44.297 [info] Sync done. Took 338ms
2023-12-02 19:07:44.355 [info] Auto Sync: Triggered by Interval
2023-12-02 19:07:44.356 [info] Sync started.
2023-12-02 19:07:45.037 [info] Settings: No changes found during synchronizing settings.
2023-12-02 19:07:45.047 [info] Keybindings: No changes found during synchronizing keybindings.
2023-12-02 19:07:45.059 [info] Snippets: No changes found during synchronizing snippets.
2023-12-02 19:07:45.064 [info] Tasks: No changes found during synchronizing tasks.
2023-12-02 19:07:45.070 [info] GlobalState: No changes found during synchronizing ui state.
2023-12-02 19:07:45.165 [info] Extensions: No changes found during synchronizing extensions.
2023-12-02 19:07:45.167 [info] Profiles: No changes found during synchronizing profiles.
2023-12-02 19:07:45.170 [info] Sync done. Took 816ms
2023-12-02 19:11:49.163 [info] Auto Sync: Triggered by Activity
2023-12-02 19:11:49.164 [info] Sync started.
2023-12-02 19:11:49.850 [info] Settings: No changes found during synchronizing settings.
2023-12-02 19:11:49.853 [info] Keybindings: No changes found during synchronizing keybindings.
2023-12-02 19:11:49.857 [info] Snippets: No changes found during synchronizing snippets.
2023-12-02 19:11:49.860 [info] Tasks: No changes found during synchronizing tasks.
2023-12-02 19:11:49.864 [info] GlobalState: No changes found during synchronizing ui state.
2023-12-02 19:11:49.993 [info] Extensions: No changes found during synchronizing extensions.
2023-12-02 19:11:49.997 [info] Profiles: No changes found during synchronizing profiles.
2023-12-02 19:11:49.999 [info] Sync done. Took 837ms
2023-12-02 19:16:50.002 [info] Auto Sync: Triggered by Interval
2023-12-02 19:16:50.002 [info] Sync started.
2023-12-02 19:16:50.689 [info] Settings: No changes found during synchronizing settings.
2023-12-02 19:16:50.693 [info] Keybindings: No changes found during synchronizing keybindings.
2023-12-02 19:16:50.697 [info] Snippets: No changes found during synchronizing snippets.
2023-12-02 19:16:50.700 [info] Tasks: No changes found during synchronizing tasks.
2023-12-02 19:16:50.703 [info] GlobalState: No changes found during synchronizing ui state.
2023-12-02 19:16:50.804 [info] Extensions: No changes found during synchronizing extensions.
2023-12-02 19:16:50.806 [info] Profiles: No changes found during synchronizing profiles.
2023-12-02 19:16:50.810 [info] Sync done. Took 809ms
2023-12-02 19:21:50.814 [info] Auto Sync: Triggered by Interval
2023-12-02 19:21:50.815 [info] Sync started.
2023-12-02 19:21:51.496 [info] Settings: No changes found during synchronizing settings.
2023-12-02 19:21:51.519 [info] Keybindings: No changes found during synchronizing keybindings.
2023-12-02 19:21:51.541 [info] Snippets: No changes found during synchronizing snippets.
2023-12-02 19:21:51.546 [info] Tasks: No changes found during synchronizing tasks.
2023-12-02 19:21:51.552 [info] GlobalState: No changes found during synchronizing ui state.
2023-12-02 19:21:51.698 [info] Extensions: No changes found during synchronizing extensions.
2023-12-02 19:21:51.701 [info] Profiles: No changes found during synchronizing profiles.
2023-12-02 19:21:51.704 [info] Sync done. Took 890ms
2023-12-02 19:26:51.707 [info] Auto Sync: Triggered by Interval
2023-12-02 19:26:51.708 [info] Sync started.
2023-12-02 19:26:53.781 [info] Settings: No changes found during synchronizing settings.
2023-12-02 19:26:53.791 [info] Keybindings: No changes found during synchronizing keybindings.
2023-12-02 19:26:53.803 [info] Snippets: No changes found during synchronizing snippets.
2023-12-02 19:26:53.809 [info] Tasks: No changes found during synchronizing tasks.
2023-12-02 19:26:53.813 [info] GlobalState: No changes found during synchronizing ui state.
2023-12-02 19:26:53.955 [info] Extensions: No changes found during synchronizing extensions.
2023-12-02 19:26:53.958 [info] Profiles: No changes found during synchronizing profiles.
2023-12-02 19:26:53.960 [info] Sync done. Took 2253ms
2023-12-02 19:28:59.261 [info] Auto Sync: Triggered by Activity
2023-12-02 19:28:59.262 [info] Sync started.
2023-12-02 19:28:59.432 [info] Settings: No changes found during synchronizing settings.
2023-12-02 19:28:59.492 [info] Keybindings: No changes found during synchronizing keybindings.
2023-12-02 19:28:59.503 [info] Snippets: No changes found during synchronizing snippets.
2023-12-02 19:28:59.536 [info] Tasks: No changes found during synchronizing tasks.
2023-12-02 19:28:59.536 [info] GlobalState: No changes found during synchronizing ui state.
2023-12-02 19:28:59.914 [info] Extensions: No changes found during synchronizing extensions.
2023-12-02 19:29:00.099 [info] Profiles: No changes found during synchronizing profiles.
2023-12-02 19:29:00.153 [info] Sync done. Took 892ms
2023-12-02 19:29:02.393 [info] Auto Sync: Triggered by Activity
2023-12-02 19:29:02.393 [info] Sync started.
2023-12-02 19:29:02.558 [info] Settings: No changes found during synchronizing settings.
2023-12-02 19:29:02.564 [info] Keybindings: No changes found during synchronizing keybindings.
2023-12-02 19:29:02.570 [info] Snippets: No changes found during synchronizing snippets.
2023-12-02 19:29:02.577 [info] Tasks: No changes found during synchronizing tasks.
2023-12-02 19:29:03.151 [info] GlobalState: Updated remote ui state. Updated: workbench.statusbar.hidden.
2023-12-02 19:29:03.154 [info] GlobalState: Updated last synchronized ui state
2023-12-02 19:29:03.249 [info] Extensions: No changes found during synchronizing extensions.
2023-12-02 19:29:03.258 [info] Profiles: No changes found during synchronizing profiles.
2023-12-02 19:29:03.262 [info] Sync done. Took 872ms
2023-12-02 19:29:17.607 [info] Auto Sync: Triggered by Activity
2023-12-02 19:29:17.607 [info] Sync started.
2023-12-02 19:29:17.766 [info] Settings: No changes found during synchronizing settings.
2023-12-02 19:29:17.775 [info] Keybindings: No changes found during synchronizing keybindings.
2023-12-02 19:29:17.784 [info] Snippets: No changes found during synchronizing snippets.
2023-12-02 19:29:17.794 [info] Tasks: No changes found during synchronizing tasks.
2023-12-02 19:29:17.803 [info] GlobalState: No changes found during synchronizing ui state.
2023-12-02 19:29:17.928 [info] Extensions: No changes found during synchronizing extensions.
2023-12-02 19:29:17.931 [info] Profiles: No changes found during synchronizing profiles.
2023-12-02 19:29:17.934 [info] Sync done. Took 331ms
2023-12-02 19:34:17.953 [info] Auto Sync: Triggered by Interval
2023-12-02 19:34:17.953 [info] Sync started.
2023-12-02 19:34:18.831 [info] Settings: No changes found during synchronizing settings.
2023-12-02 19:34:18.842 [info] Keybindings: No changes found during synchronizing keybindings.
2023-12-02 19:34:18.854 [info] Snippets: No changes found during synchronizing snippets.
2023-12-02 19:34:18.860 [info] Tasks: No changes found during synchronizing tasks.
2023-12-02 19:34:18.863 [info] GlobalState: No changes found during synchronizing ui state.
2023-12-02 19:34:18.953 [info] Extensions: No changes found during synchronizing extensions.
2023-12-02 19:34:18.955 [info] Profiles: No changes found during synchronizing profiles.
2023-12-02 19:34:18.957 [info] Sync done. Took 1005ms
2023-12-02 19:35:08.007 [info] Auto Sync: Triggered by Activity
2023-12-02 19:35:08.009 [info] Sync started.
2023-12-02 19:35:08.183 [info] Settings: No changes found during synchronizing settings.
2023-12-02 19:35:08.199 [info] Keybindings: No changes found during synchronizing keybindings.
2023-12-02 19:35:08.217 [info] Snippets: No changes found during synchronizing snippets.
2023-12-02 19:35:08.230 [info] Tasks: No changes found during synchronizing tasks.
2023-12-02 19:35:08.241 [info] GlobalState: No changes found during synchronizing ui state.
2023-12-02 19:35:08.413 [info] Extensions: No changes found during synchronizing extensions.
2023-12-02 19:35:08.417 [info] Profiles: No changes found during synchronizing profiles.
2023-12-02 19:35:08.420 [info] Sync done. Took 414ms
2023-12-02 19:35:39.233 [info] Auto Sync: Triggered by Activity
2023-12-02 19:35:39.234 [info] Sync started.
2023-12-02 19:35:39.399 [info] Settings: No changes found during synchronizing settings.
2023-12-02 19:35:39.409 [info] Keybindings: No changes found during synchronizing keybindings.
2023-12-02 19:35:39.420 [info] Snippets: No changes found during synchronizing snippets.
2023-12-02 19:35:39.428 [info] Tasks: No changes found during synchronizing tasks.
2023-12-02 19:35:39.438 [info] GlobalState: No changes found during synchronizing ui state.
2023-12-02 19:35:39.599 [info] Extensions: No changes found during synchronizing extensions.
2023-12-02 19:35:39.602 [info] Profiles: No changes found during synchronizing profiles.
2023-12-02 19:35:39.604 [info] Sync done. Took 371ms
2023-12-02 19:36:11.464 [info] Auto Sync: Triggered by Activity
2023-12-02 19:36:11.465 [info] Sync started.
2023-12-02 19:36:11.628 [info] Settings: No changes found during synchronizing settings.
2023-12-02 19:36:11.644 [info] Keybindings: No changes found during synchronizing keybindings.
2023-12-02 19:36:11.656 [info] Snippets: No changes found during synchronizing snippets.
2023-12-02 19:36:11.672 [info] Tasks: No changes found during synchronizing tasks.
2023-12-02 19:36:11.686 [info] GlobalState: No changes found during synchronizing ui state.
2023-12-02 19:36:11.904 [info] Extensions: No changes found during synchronizing extensions.
2023-12-02 19:36:11.908 [info] Profiles: No changes found during synchronizing profiles.
2023-12-02 19:36:11.910 [info] Sync done. Took 448ms
2023-12-02 19:36:40.894 [info] Auto Sync: Triggered by Activity
2023-12-02 19:36:40.894 [info] Sync started.
2023-12-02 19:36:41.068 [info] Settings: No changes found during synchronizing settings.
2023-12-02 19:36:41.088 [info] Keybindings: No changes found during synchronizing keybindings.
2023-12-02 19:36:41.102 [info] Snippets: No changes found during synchronizing snippets.
2023-12-02 19:36:41.115 [info] Tasks: No changes found during synchronizing tasks.
2023-12-02 19:36:41.128 [info] GlobalState: No changes found during synchronizing ui state.
2023-12-02 19:36:41.253 [info] Extensions: No changes found during synchronizing extensions.
2023-12-02 19:36:41.256 [info] Profiles: No changes found during synchronizing profiles.
2023-12-02 19:36:41.258 [info] Sync done. Took 364ms
2023-12-02 19:37:02.455 [info] Auto Sync: Triggered by Activity
2023-12-02 19:37:02.456 [info] Sync started.
2023-12-02 19:37:02.620 [info] Settings: No changes found during synchronizing settings.
2023-12-02 19:37:02.630 [info] Keybindings: No changes found during synchronizing keybindings.
2023-12-02 19:37:02.640 [info] Snippets: No changes found during synchronizing snippets.
2023-12-02 19:37:02.647 [info] Tasks: No changes found during synchronizing tasks.
2023-12-02 19:37:02.654 [info] GlobalState: No changes found during synchronizing ui state.
2023-12-02 19:37:02.851 [info] Extensions: No changes found during synchronizing extensions.
2023-12-02 19:37:02.855 [info] Profiles: No changes found during synchronizing profiles.
2023-12-02 19:37:02.861 [info] Sync done. Took 407ms
2023-12-02 19:37:18.355 [info] Auto Sync: Triggered by Activity
2023-12-02 19:37:18.355 [info] Sync started.
2023-12-02 19:37:18.516 [info] Settings: No changes found during synchronizing settings.
2023-12-02 19:37:18.522 [info] Keybindings: No changes found during synchronizing keybindings.
2023-12-02 19:37:18.530 [info] Snippets: No changes found during synchronizing snippets.
2023-12-02 19:37:18.544 [info] Tasks: No changes found during synchronizing tasks.
2023-12-02 19:37:18.553 [info] GlobalState: No changes found during synchronizing ui state.
2023-12-02 19:37:18.707 [info] Extensions: No changes found during synchronizing extensions.
2023-12-02 19:37:18.710 [info] Profiles: No changes found during synchronizing profiles.
2023-12-02 19:37:18.712 [info] Sync done. Took 358ms
2023-12-02 19:37:40.818 [info] Auto Sync: Triggered by Activity
2023-12-02 19:37:40.820 [info] Sync started.
2023-12-02 19:37:40.975 [info] Settings: No changes found during synchronizing settings.
2023-12-02 19:37:40.978 [info] Keybindings: No changes found during synchronizing keybindings.
2023-12-02 19:37:40.983 [info] Snippets: No changes found during synchronizing snippets.
2023-12-02 19:37:40.987 [info] Tasks: No changes found during synchronizing tasks.
2023-12-02 19:37:41.471 [info] GlobalState: Updated remote ui state. Added: github-Ob55.
2023-12-02 19:37:41.475 [info] GlobalState: Updated last synchronized ui state
2023-12-02 19:37:41.626 [info] Extensions: No changes found during synchronizing extensions.
2023-12-02 19:37:41.629 [info] Profiles: No changes found during synchronizing profiles.
2023-12-02 19:37:41.632 [info] Sync done. Took 815ms
2023-12-02 19:42:41.690 [info] Auto Sync: Triggered by Interval
2023-12-02 19:42:41.692 [info] Sync started.
2023-12-02 19:42:42.375 [info] Settings: No changes found during synchronizing settings.
2023-12-02 19:42:42.379 [info] Keybindings: No changes found during synchronizing keybindings.
2023-12-02 19:42:42.385 [info] Snippets: No changes found during synchronizing snippets.
2023-12-02 19:42:42.393 [info] Tasks: No changes found during synchronizing tasks.
2023-12-02 19:42:42.396 [info] GlobalState: No changes found during synchronizing ui state.
2023-12-02 19:42:42.705 [info] Extensions: No changes found during synchronizing extensions.
2023-12-02 19:42:42.711 [info] Profiles: No changes found during synchronizing profiles.
2023-12-02 19:42:42.718 [info] Sync done. Took 1029ms
2023-12-02 19:44:03.855 [info] Auto Sync: Triggered by Activity
2023-12-02 19:44:03.855 [info] Sync started.
2023-12-02 19:44:04.020 [info] Settings: No changes found during synchronizing settings.
2023-12-02 19:44:04.041 [info] Keybindings: No changes found during synchronizing keybindings.
2023-12-02 19:44:04.045 [info] Snippets: No changes found during synchronizing snippets.
2023-12-02 19:44:04.049 [info] Tasks: No changes found during synchronizing tasks.
2023-12-02 19:44:04.075 [info] GlobalState: No changes found during synchronizing ui state.
2023-12-02 19:44:04.276 [info] Extensions: No changes found during synchronizing extensions.
2023-12-02 19:44:04.279 [info] Profiles: No changes found during synchronizing profiles.
2023-12-02 19:44:04.281 [info] Sync done. Took 428ms
2023-12-02 19:45:54.679 [info] Auto Sync: Triggered by Activity
2023-12-02 19:45:54.680 [info] Sync started.
2023-12-02 19:45:55.060 [info] Settings: No changes found during synchronizing settings.
2023-12-02 19:45:55.393 [info] Keybindings: No changes found during synchronizing keybindings.
2023-12-02 19:45:55.798 [info] Snippets: No changes found during synchronizing snippets.
2023-12-02 19:45:55.952 [info] Tasks: No changes found during synchronizing tasks.
2023-12-02 19:45:57.757 [info] GlobalState: Updated remote ui state. Updated: workbench.statusbar.hidden.
2023-12-02 19:45:57.816 [info] GlobalState: Updated last synchronized ui state
2023-12-02 19:45:57.970 [info] Extensions: No changes found during synchronizing extensions.
2023-12-02 19:45:57.984 [info] Profiles: No changes found during synchronizing profiles.
2023-12-02 19:45:57.990 [info] Sync done. Took 3306ms
2023-12-02 19:45:57.991 [info] Auto Sync: Triggered by Activity
2023-12-02 19:45:57.991 [info] Sync started.
2023-12-02 19:45:58.149 [info] Settings: No changes found during synchronizing settings.
2023-12-02 19:45:58.153 [info] Keybindings: No changes found during synchronizing keybindings.
2023-12-02 19:45:58.158 [info] Snippets: No changes found during synchronizing snippets.
2023-12-02 19:45:58.163 [info] Tasks: No changes found during synchronizing tasks.
2023-12-02 19:45:58.169 [info] GlobalState: No changes found during synchronizing ui state.
2023-12-02 19:45:58.281 [info] Extensions: No changes found during synchronizing extensions.
2023-12-02 19:45:58.291 [info] Profiles: No changes found during synchronizing profiles.
2023-12-02 19:45:58.296 [info] Sync done. Took 305ms
2023-12-02 19:46:10.042 [info] Auto Sync: Triggered by Activity
2023-12-02 19:46:10.042 [info] Sync started.
2023-12-02 19:46:10.214 [info] Settings: No changes found during synchronizing settings.
2023-12-02 19:46:10.218 [info] Keybindings: No changes found during synchronizing keybindings.
2023-12-02 19:46:10.222 [info] Snippets: No changes found during synchronizing snippets.
2023-12-02 19:46:10.231 [info] Tasks: No changes found during synchronizing tasks.
2023-12-02 19:46:10.238 [info] GlobalState: No changes found during synchronizing ui state.
2023-12-02 19:46:10.431 [info] Extensions: No changes found during synchronizing extensions.
2023-12-02 19:46:10.434 [info] Profiles: No changes found during synchronizing profiles.
2023-12-02 19:46:10.436 [info] Sync done. Took 394ms
2023-12-02 19:47:10.740 [info] Auto Sync: Triggered by Activity
2023-12-02 19:47:10.740 [info] Sync started.
2023-12-02 19:47:10.946 [info] Settings: No changes found during synchronizing settings.
2023-12-02 19:47:10.956 [info] Keybindings: No changes found during synchronizing keybindings.
2023-12-02 19:47:10.965 [info] Snippets: No changes found during synchronizing snippets.
2023-12-02 19:47:10.969 [info] Tasks: No changes found during synchronizing tasks.
2023-12-02 19:47:10.981 [info] GlobalState: No changes found during synchronizing ui state.
2023-12-02 19:47:11.278 [info] Extensions: No changes found during synchronizing extensions.
2023-12-02 19:47:11.284 [info] Profiles: No changes found during synchronizing profiles.
2023-12-02 19:47:11.288 [info] Sync done. Took 548ms
2023-12-02 19:47:24.309 [info] Auto Sync: Triggered by Activity
2023-12-02 19:47:24.310 [info] Sync started.
2023-12-02 19:47:24.485 [info] Settings: No changes found during synchronizing settings.
2023-12-02 19:47:24.493 [info] Keybindings: No changes found during synchronizing keybindings.
2023-12-02 19:47:24.505 [info] Snippets: No changes found during synchronizing snippets.
2023-12-02 19:47:24.510 [info] Tasks: No changes found during synchronizing tasks.
2023-12-02 19:47:24.518 [info] GlobalState: No changes found during synchronizing ui state.
2023-12-02 19:47:24.746 [info] Extensions: No changes found during synchronizing extensions.
2023-12-02 19:47:24.756 [info] Profiles: No changes found during synchronizing profiles.
2023-12-02 19:47:24.759 [info] Sync done. Took 450ms
2023-12-02 19:49:33.782 [info] Auto Sync: Triggered by Activity
2023-12-02 19:49:33.783 [info] Sync started.
2023-12-02 19:49:33.945 [info] Settings: No changes found during synchronizing settings.
2023-12-02 19:49:33.958 [info] Keybindings: No changes found during synchronizing keybindings.
2023-12-02 19:49:33.968 [info] Snippets: No changes found during synchronizing snippets.
2023-12-02 19:49:33.976 [info] Tasks: No changes found during synchronizing tasks.
2023-12-02 19:49:33.981 [info] GlobalState: No changes found during synchronizing ui state.
2023-12-02 19:49:34.095 [info] Extensions: No changes found during synchronizing extensions.
2023-12-02 19:49:34.097 [info] Profiles: No changes found during synchronizing profiles.
2023-12-02 19:49:34.098 [info] Sync done. Took 318ms
2023-12-02 19:50:04.816 [info] Auto Sync: Triggered by Activity
2023-12-02 19:50:04.817 [info] Sync started.
2023-12-02 19:50:04.980 [info] Settings: No changes found during synchronizing settings.
2023-12-02 19:50:04.992 [info] Keybindings: No changes found during synchronizing keybindings.
2023-12-02 19:50:05.001 [info] Snippets: No changes found during synchronizing snippets.
2023-12-02 19:50:05.009 [info] Tasks: No changes found during synchronizing tasks.
2023-12-02 19:50:05.018 [info] GlobalState: No changes found during synchronizing ui state.
2023-12-02 19:50:05.158 [info] Extensions: No changes found during synchronizing extensions.
2023-12-02 19:50:05.162 [info] Profiles: No changes found during synchronizing profiles.
2023-12-02 19:50:05.165 [info] Sync done. Took 349ms
2023-12-02 19:50:43.132 [info] Auto Sync: Triggered by Activity
2023-12-02 19:50:43.135 [info] Sync started.
2023-12-02 19:50:43.321 [info] Settings: No changes found during synchronizing settings.
2023-12-02 19:50:43.339 [info] Keybindings: No changes found during synchronizing keybindings.
2023-12-02 19:50:43.357 [info] Snippets: No changes found during synchronizing snippets.
2023-12-02 19:50:43.377 [info] Tasks: No changes found during synchronizing tasks.
2023-12-02 19:50:43.394 [info] GlobalState: No changes found during synchronizing ui state.
2023-12-02 19:50:43.513 [info] Extensions: No changes found during synchronizing extensions.
2023-12-02 19:50:43.521 [info] Profiles: No changes found during synchronizing profiles.
2023-12-02 19:50:43.525 [info] Sync done. Took 394ms
2023-12-02 19:51:45.374 [info] Auto Sync: Triggered by Activity
2023-12-02 19:51:45.376 [info] Sync started.
2023-12-02 19:51:45.546 [info] Settings: No changes found during synchronizing settings.
2023-12-02 19:51:45.556 [info] Keybindings: No changes found during synchronizing keybindings.
2023-12-02 19:51:45.567 [info] Snippets: No changes found during synchronizing snippets.
2023-12-02 19:51:45.575 [info] Tasks: No changes found during synchronizing tasks.
2023-12-02 19:51:45.581 [info] GlobalState: No changes found during synchronizing ui state.
2023-12-02 19:51:45.769 [info] Extensions: No changes found during synchronizing extensions.
2023-12-02 19:51:45.775 [info] Profiles: No changes found during synchronizing profiles.
2023-12-02 19:51:45.782 [info] Sync done. Took 408ms
2023-12-02 19:52:24.648 [info] Auto Sync: Triggered by Activity
2023-12-02 19:52:24.650 [info] Sync started.
2023-12-02 19:52:24.869 [info] Settings: No changes found during synchronizing settings.
2023-12-02 19:52:24.884 [info] Keybindings: No changes found during synchronizing keybindings.
2023-12-02 19:52:24.901 [info] Snippets: No changes found during synchronizing snippets.
2023-12-02 19:52:24.916 [info] Tasks: No changes found during synchronizing tasks.
2023-12-02 19:52:24.944 [info] GlobalState: No changes found during synchronizing ui state.
2023-12-02 19:52:25.107 [info] Extensions: No changes found during synchronizing extensions.
2023-12-02 19:52:25.110 [info] Profiles: No changes found during synchronizing profiles.
2023-12-02 19:52:25.112 [info] Sync done. Took 466ms
2023-12-02 19:52:55.631 [info] Auto Sync: Triggered by Activity
2023-12-02 19:52:55.632 [info] Sync started.
2023-12-02 19:52:55.802 [info] Settings: No changes found during synchronizing settings.
2023-12-02 19:52:55.811 [info] Keybindings: No changes found during synchronizing keybindings.
2023-12-02 19:52:55.821 [info] Snippets: No changes found during synchronizing snippets.
2023-12-02 19:52:55.829 [info] Tasks: No changes found during synchronizing tasks.
2023-12-02 19:52:55.834 [info] GlobalState: No changes found during synchronizing ui state.
2023-12-02 19:52:55.939 [info] Extensions: No changes found during synchronizing extensions.
2023-12-02 19:52:55.941 [info] Profiles: No changes found during synchronizing profiles.
2023-12-02 19:52:55.943 [info] Sync done. Took 313ms
2023-12-02 19:53:25.773 [info] Auto Sync: Triggered by Activity
2023-12-02 19:53:25.774 [info] Sync started.
2023-12-02 19:53:25.933 [info] Settings: No changes found during synchronizing settings.
2023-12-02 19:53:25.939 [info] Keybindings: No changes found during synchronizing keybindings.
2023-12-02 19:53:25.944 [info] Snippets: No changes found during synchronizing snippets.
2023-12-02 19:53:25.949 [info] Tasks: No changes found during synchronizing tasks.
2023-12-02 19:53:25.953 [info] GlobalState: No changes found during synchronizing ui state.
2023-12-02 19:53:26.064 [info] Extensions: No changes found during synchronizing extensions.
2023-12-02 19:53:26.069 [info] Profiles: No changes found during synchronizing profiles.
2023-12-02 19:53:26.071 [info] Sync done. Took 299ms
2023-12-02 19:53:44.723 [info] Auto Sync: Triggered by Activity
2023-12-02 19:53:44.724 [info] Sync started.
2023-12-02 19:53:44.891 [info] Settings: No changes found during synchronizing settings.
2023-12-02 19:53:44.903 [info] Keybindings: No changes found during synchronizing keybindings.
2023-12-02 19:53:44.914 [info] Snippets: No changes found during synchronizing snippets.
2023-12-02 19:53:44.921 [info] Tasks: No changes found during synchronizing tasks.
2023-12-02 19:53:44.927 [info] GlobalState: No changes found during synchronizing ui state.
2023-12-02 19:53:45.017 [info] Extensions: No changes found during synchronizing extensions.
2023-12-02 19:53:45.018 [info] Profiles: No changes found during synchronizing profiles.
2023-12-02 19:53:45.020 [info] Sync done. Took 299ms
2023-12-02 19:54:23.313 [info] Auto Sync: Triggered by Activity
2023-12-02 19:54:23.317 [info] Sync started.
2023-12-02 19:54:23.486 [info] Settings: No changes found during synchronizing settings.
2023-12-02 19:54:23.496 [info] Keybindings: No changes found during synchronizing keybindings.
2023-12-02 19:54:23.510 [info] Snippets: No changes found during synchronizing snippets.
2023-12-02 19:54:23.519 [info] Tasks: No changes found during synchronizing tasks.
2023-12-02 19:54:23.526 [info] GlobalState: No changes found during synchronizing ui state.
2023-12-02 19:54:23.632 [info] Extensions: No changes found during synchronizing extensions.
2023-12-02 19:54:23.635 [info] Profiles: No changes found during synchronizing profiles.
2023-12-02 19:54:23.639 [info] Sync done. Took 326ms
2023-12-02 19:54:47.019 [info] Auto Sync: Triggered by Activity
2023-12-02 19:54:47.020 [info] Sync started.
2023-12-02 19:54:47.189 [info] Settings: No changes found during synchronizing settings.
2023-12-02 19:54:47.195 [info] Keybindings: No changes found during synchronizing keybindings.
2023-12-02 19:54:47.217 [info] Snippets: No changes found during synchronizing snippets.
2023-12-02 19:54:47.241 [info] Tasks: No changes found during synchronizing tasks.
2023-12-02 19:54:47.249 [info] GlobalState: No changes found during synchronizing ui state.
2023-12-02 19:54:47.415 [info] Extensions: No changes found during synchronizing extensions.
2023-12-02 19:54:47.419 [info] Profiles: No changes found during synchronizing profiles.
2023-12-02 19:54:47.423 [info] Sync done. Took 403ms
2023-12-02 19:55:59.614 [info] Auto Sync: Triggered by Activity
2023-12-02 19:55:59.615 [info] Sync started.
2023-12-02 19:55:59.784 [info] Settings: No changes found during synchronizing settings.
2023-12-02 19:55:59.793 [info] Keybindings: No changes found during synchronizing keybindings.
2023-12-02 19:55:59.802 [info] Snippets: No changes found during synchronizing snippets.
2023-12-02 19:55:59.811 [info] Tasks: No changes found during synchronizing tasks.
2023-12-02 19:55:59.819 [info] GlobalState: No changes found during synchronizing ui state.
2023-12-02 19:55:59.953 [info] Extensions: No changes found during synchronizing extensions.
2023-12-02 19:55:59.957 [info] Profiles: No changes found during synchronizing profiles.
2023-12-02 19:55:59.961 [info] Sync done. Took 347ms
2023-12-02 19:57:19.789 [info] Auto Sync: Triggered by Activity
2023-12-02 19:57:19.789 [info] Sync started.
2023-12-02 19:57:19.950 [info] Settings: No changes found during synchronizing settings.
2023-12-02 19:57:19.962 [info] Keybindings: No changes found during synchronizing keybindings.
2023-12-02 19:57:19.974 [info] Snippets: No changes found during synchronizing snippets.
2023-12-02 19:57:19.981 [info] Tasks: No changes found during synchronizing tasks.
2023-12-02 19:57:19.986 [info] GlobalState: No changes found during synchronizing ui state.
2023-12-02 19:57:20.146 [info] Extensions: No changes found during synchronizing extensions.
2023-12-02 19:57:20.149 [info] Profiles: No changes found during synchronizing profiles.
2023-12-02 19:57:20.155 [info] Sync done. Took 365ms
2023-12-02 19:57:42.272 [info] Auto Sync: Triggered by Activity
2023-12-02 19:57:42.272 [info] Sync started.
2023-12-02 19:57:42.428 [info] Settings: No changes found during synchronizing settings.
2023-12-02 19:57:42.436 [info] Keybindings: No changes found during synchronizing keybindings.
2023-12-02 19:57:42.442 [info] Snippets: No changes found during synchronizing snippets.
2023-12-02 19:57:42.447 [info] Tasks: No changes found during synchronizing tasks.
2023-12-02 19:57:42.452 [info] GlobalState: No changes found during synchronizing ui state.
2023-12-02 19:57:42.629 [info] Extensions: No changes found during synchronizing extensions.
2023-12-02 19:57:42.632 [info] Profiles: No changes found during synchronizing profiles.
2023-12-02 19:57:42.634 [info] Sync done. Took 363ms
2023-12-02 19:58:08.635 [info] Auto Sync: Triggered by Activity
2023-12-02 19:58:08.636 [info] Sync started.
2023-12-02 19:58:08.796 [info] Settings: No changes found during synchronizing settings.
2023-12-02 19:58:08.808 [info] Keybindings: No changes found during synchronizing keybindings.
2023-12-02 19:58:08.822 [info] Snippets: No changes found during synchronizing snippets.
2023-12-02 19:58:08.832 [info] Tasks: No changes found during synchronizing tasks.
2023-12-02 19:58:08.841 [info] GlobalState: No changes found during synchronizing ui state.
2023-12-02 19:58:08.946 [info] Extensions: No changes found during synchronizing extensions.
2023-12-02 19:58:08.948 [info] Profiles: No changes found during synchronizing profiles.
2023-12-02 19:58:08.950 [info] Sync done. Took 317ms
2023-12-02 19:58:38.611 [info] Auto Sync: Triggered by Activity
2023-12-02 19:58:38.612 [info] Sync started.
2023-12-02 19:58:38.791 [info] Settings: No changes found during synchronizing settings.
2023-12-02 19:58:38.803 [info] Keybindings: No changes found during synchronizing keybindings.
2023-12-02 19:58:38.821 [info] Snippets: No changes found during synchronizing snippets.
2023-12-02 19:58:38.829 [info] Tasks: No changes found during synchronizing tasks.
2023-12-02 19:58:38.839 [info] GlobalState: No changes found during synchronizing ui state.
2023-12-02 19:58:38.987 [info] Extensions: No changes found during synchronizing extensions.
2023-12-02 19:58:38.991 [info] Profiles: No changes found during synchronizing profiles.
2023-12-02 19:58:38.994 [info] Sync done. Took 384ms
2023-12-02 19:59:02.173 [info] Auto Sync: Triggered by Activity
2023-12-02 19:59:02.174 [info] Sync started.
2023-12-02 19:59:02.375 [info] Settings: No changes found during synchronizing settings.
2023-12-02 19:59:02.386 [info] Keybindings: No changes found during synchronizing keybindings.
2023-12-02 19:59:02.397 [info] Snippets: No changes found during synchronizing snippets.
2023-12-02 19:59:02.407 [info] Tasks: No changes found during synchronizing tasks.
2023-12-02 19:59:02.418 [info] GlobalState: No changes found during synchronizing ui state.
2023-12-02 19:59:02.541 [info] Extensions: No changes found during synchronizing extensions.
2023-12-02 19:59:02.541 [info] Profiles: No changes found during synchronizing profiles.
2023-12-02 19:59:02.544 [info] Sync done. Took 372ms
2023-12-02 19:59:26.843 [info] Auto Sync: Triggered by Activity
2023-12-02 19:59:26.845 [info] Sync started.
2023-12-02 19:59:27.034 [info] Settings: No changes found during synchronizing settings.
2023-12-02 19:59:27.070 [info] Keybindings: No changes found during synchronizing keybindings.
2023-12-02 19:59:27.082 [info] Snippets: No changes found during synchronizing snippets.
2023-12-02 19:59:27.091 [info] Tasks: No changes found during synchronizing tasks.
2023-12-02 19:59:27.095 [info] GlobalState: No changes found during synchronizing ui state.
2023-12-02 19:59:27.228 [info] Extensions: No changes found during synchronizing extensions.
2023-12-02 19:59:27.232 [info] Profiles: No changes found during synchronizing profiles.
2023-12-02 19:59:27.234 [info] Sync done. Took 394ms
2023-12-02 19:59:47.149 [info] Auto Sync: Triggered by Activity
2023-12-02 19:59:47.150 [info] Sync started.
2023-12-02 19:59:47.320 [info] Settings: No changes found during synchronizing settings.
2023-12-02 19:59:47.330 [info] Keybindings: No changes found during synchronizing keybindings.
2023-12-02 19:59:47.341 [info] Snippets: No changes found during synchronizing snippets.
2023-12-02 19:59:47.347 [info] Tasks: No changes found during synchronizing tasks.
2023-12-02 19:59:47.351 [info] GlobalState: No changes found during synchronizing ui state.
2023-12-02 19:59:47.449 [info] Extensions: No changes found during synchronizing extensions.
2023-12-02 19:59:47.450 [info] Profiles: No changes found during synchronizing profiles.
2023-12-02 19:59:47.452 [info] Sync done. Took 304ms
2023-12-02 20:00:21.313 [info] Auto Sync: Triggered by Activity
2023-12-02 20:00:21.313 [info] Sync started.
2023-12-02 20:00:21.471 [info] Settings: No changes found during synchronizing settings.
2023-12-02 20:00:21.482 [info] Keybindings: No changes found during synchronizing keybindings.
2023-12-02 20:00:21.490 [info] Snippets: No changes found during synchronizing snippets.
2023-12-02 20:00:21.498 [info] Tasks: No changes found during synchronizing tasks.
2023-12-02 20:00:21.507 [info] GlobalState: No changes found during synchronizing ui state.
2023-12-02 20:00:21.668 [info] Extensions: No changes found during synchronizing extensions.
2023-12-02 20:00:21.670 [info] Profiles: No changes found during synchronizing profiles.
2023-12-02 20:00:21.672 [info] Sync done. Took 360ms
2023-12-02 20:01:37.238 [info] Auto Sync: Triggered by Activity
2023-12-02 20:01:37.239 [info] Sync started.
2023-12-02 20:01:37.403 [info] Settings: No changes found during synchronizing settings.
2023-12-02 20:01:37.412 [info] Keybindings: No changes found during synchronizing keybindings.
2023-12-02 20:01:37.420 [info] Snippets: No changes found during synchronizing snippets.
2023-12-02 20:01:37.429 [info] Tasks: No changes found during synchronizing tasks.
2023-12-02 20:01:37.440 [info] GlobalState: No changes found during synchronizing ui state.
2023-12-02 20:01:37.534 [info] Extensions: No changes found during synchronizing extensions.
2023-12-02 20:01:37.537 [info] Profiles: No changes found during synchronizing profiles.
2023-12-02 20:01:37.539 [info] Sync done. Took 302ms
2023-12-02 20:02:27.929 [info] Auto Sync: Triggered by Activity
2023-12-02 20:02:27.930 [info] Sync started.
2023-12-02 20:02:28.092 [info] Settings: No changes found during synchronizing settings.
2023-12-02 20:02:28.098 [info] Keybindings: No changes found during synchronizing keybindings.
2023-12-02 20:02:28.103 [info] Snippets: No changes found during synchronizing snippets.
2023-12-02 20:02:28.107 [info] Tasks: No changes found during synchronizing tasks.
2023-12-02 20:02:28.111 [info] GlobalState: No changes found during synchronizing ui state.
2023-12-02 20:02:28.268 [info] Extensions: No changes found during synchronizing extensions.
2023-12-02 20:02:28.273 [info] Profiles: No changes found during synchronizing profiles.
2023-12-02 20:02:28.277 [info] Sync done. Took 347ms
2023-12-02 20:02:49.044 [info] Auto Sync: Triggered by Activity
2023-12-02 20:02:49.044 [info] Sync started.
2023-12-02 20:02:49.212 [info] Settings: No changes found during synchronizing settings.
2023-12-02 20:02:49.223 [info] Keybindings: No changes found during synchronizing keybindings.
2023-12-02 20:02:49.233 [info] Snippets: No changes found during synchronizing snippets.
2023-12-02 20:02:49.239 [info] Tasks: No changes found during synchronizing tasks.
2023-12-02 20:02:49.244 [info] GlobalState: No changes found during synchronizing ui state.
2023-12-02 20:02:49.340 [info] Extensions: No changes found during synchronizing extensions.
2023-12-02 20:02:49.343 [info] Profiles: No changes found during synchronizing profiles.
2023-12-02 20:02:49.345 [info] Sync done. Took 302ms
2023-12-02 20:03:06.001 [info] Auto Sync: Triggered by Activity
2023-12-02 20:03:06.002 [info] Sync started.
2023-12-02 20:03:06.172 [info] Settings: No changes found during synchronizing settings.
2023-12-02 20:03:06.181 [info] Keybindings: No changes found during synchronizing keybindings.
2023-12-02 20:03:06.189 [info] Snippets: No changes found during synchronizing snippets.
2023-12-02 20:03:06.197 [info] Tasks: No changes found during synchronizing tasks.
2023-12-02 20:03:06.206 [info] GlobalState: No changes found during synchronizing ui state.
2023-12-02 20:03:06.331 [info] Extensions: No changes found during synchronizing extensions.
2023-12-02 20:03:06.334 [info] Profiles: No changes found during synchronizing profiles.
2023-12-02 20:03:06.337 [info] Sync done. Took 336ms
2023-12-02 20:03:44.600 [info] Auto Sync: Triggered by Activity
2023-12-02 20:03:44.600 [info] Sync started.
2023-12-02 20:03:44.770 [info] Settings: No changes found during synchronizing settings.
2023-12-02 20:03:44.779 [info] Keybindings: No changes found during synchronizing keybindings.
2023-12-02 20:03:44.799 [info] Snippets: No changes found during synchronizing snippets.
2023-12-02 20:03:44.803 [info] Tasks: No changes found during synchronizing tasks.
2023-12-02 20:03:44.816 [info] GlobalState: No changes found during synchronizing ui state.
2023-12-02 20:03:44.944 [info] Extensions: No changes found during synchronizing extensions.
2023-12-02 20:03:44.946 [info] Profiles: No changes found during synchronizing profiles.
2023-12-02 20:03:44.948 [info] Sync done. Took 349ms
2023-12-02 20:06:01.208 [info] Auto Sync: Triggered by Activity
2023-12-02 20:06:01.209 [info] Sync started.
2023-12-02 20:06:01.908 [info] Settings: No changes found during synchronizing settings.
2023-12-02 20:06:01.918 [info] Keybindings: No changes found during synchronizing keybindings.
2023-12-02 20:06:01.931 [info] Snippets: No changes found during synchronizing snippets.
2023-12-02 20:06:01.938 [info] Tasks: No changes found during synchronizing tasks.
2023-12-02 20:06:01.944 [info] GlobalState: No changes found during synchronizing ui state.
2023-12-02 20:06:02.074 [info] Extensions: No changes found during synchronizing extensions.
2023-12-02 20:06:02.078 [info] Profiles: No changes found during synchronizing profiles.
2023-12-02 20:06:02.081 [info] Sync done. Took 874ms
2023-12-02 20:06:50.020 [info] Auto Sync: Triggered by Activity
2023-12-02 20:06:50.021 [info] Sync started.
2023-12-02 20:06:50.192 [info] Settings: No changes found during synchronizing settings.
2023-12-02 20:06:50.199 [info] Keybindings: No changes found during synchronizing keybindings.
2023-12-02 20:06:50.207 [info] Snippets: No changes found during synchronizing snippets.
2023-12-02 20:06:50.212 [info] Tasks: No changes found during synchronizing tasks.
2023-12-02 20:06:50.215 [info] GlobalState: No changes found during synchronizing ui state.
2023-12-02 20:06:50.313 [info] Extensions: No changes found during synchronizing extensions.
2023-12-02 20:06:50.313 [info] Profiles: No changes found during synchronizing profiles.
2023-12-02 20:06:50.314 [info] Sync done. Took 294ms
2023-12-02 20:08:28.656 [info] Auto Sync: Triggered by Activity
2023-12-02 20:08:28.657 [info] Sync started.
2023-12-02 20:08:28.828 [info] Settings: No changes found during synchronizing settings.
2023-12-02 20:08:28.836 [info] Keybindings: No changes found during synchronizing keybindings.
2023-12-02 20:08:28.845 [info] Snippets: No changes found during synchronizing snippets.
2023-12-02 20:08:28.853 [info] Tasks: No changes found during synchronizing tasks.
2023-12-02 20:08:28.859 [info] GlobalState: No changes found during synchronizing ui state.
2023-12-02 20:08:28.986 [info] Extensions: No changes found during synchronizing extensions.
2023-12-02 20:08:28.990 [info] Profiles: No changes found during synchronizing profiles.
2023-12-02 20:08:28.992 [info] Sync done. Took 336ms
2023-12-02 20:08:58.298 [info] Auto Sync: Triggered by Activity
2023-12-02 20:08:58.299 [info] Sync started.
2023-12-02 20:08:58.478 [info] Settings: No changes found during synchronizing settings.
2023-12-02 20:08:58.487 [info] Keybindings: No changes found during synchronizing keybindings.
2023-12-02 20:08:58.497 [info] Snippets: No changes found during synchronizing snippets.
2023-12-02 20:08:58.504 [info] Tasks: No changes found during synchronizing tasks.
2023-12-02 20:08:58.508 [info] GlobalState: No changes found during synchronizing ui state.
2023-12-02 20:08:58.623 [info] Extensions: No changes found during synchronizing extensions.
2023-12-02 20:08:58.628 [info] Profiles: No changes found during synchronizing profiles.
2023-12-02 20:08:58.631 [info] Sync done. Took 334ms
2023-12-02 20:09:39.380 [info] Auto Sync: Triggered by Activity
2023-12-02 20:09:39.381 [info] Sync started.
2023-12-02 20:09:39.567 [info] Settings: No changes found during synchronizing settings.
2023-12-02 20:09:39.576 [info] Keybindings: No changes found during synchronizing keybindings.
2023-12-02 20:09:39.585 [info] Snippets: No changes found during synchronizing snippets.
2023-12-02 20:09:39.594 [info] Tasks: No changes found during synchronizing tasks.
2023-12-02 20:09:39.600 [info] GlobalState: No changes found during synchronizing ui state.
2023-12-02 20:09:39.747 [info] Extensions: No changes found during synchronizing extensions.
2023-12-02 20:09:39.750 [info] Profiles: No changes found during synchronizing profiles.
2023-12-02 20:09:39.751 [info] Sync done. Took 373ms
2023-12-02 20:10:35.915 [info] Auto Sync: Triggered by Activity
2023-12-02 20:10:35.916 [info] Sync started.
2023-12-02 20:10:36.076 [info] Settings: No changes found during synchronizing settings.
2023-12-02 20:10:36.085 [info] Keybindings: No changes found during synchronizing keybindings.
2023-12-02 20:10:36.093 [info] Snippets: No changes found during synchronizing snippets.
2023-12-02 20:10:36.102 [info] Tasks: No changes found during synchronizing tasks.
2023-12-02 20:10:36.112 [info] GlobalState: No changes found during synchronizing ui state.
2023-12-02 20:10:36.218 [info] Extensions: No changes found during synchronizing extensions.
2023-12-02 20:10:36.221 [info] Profiles: No changes found during synchronizing profiles.
2023-12-02 20:10:36.223 [info] Sync done. Took 308ms
2023-12-02 20:12:18.620 [info] Auto Sync: Triggered by Activity
2023-12-02 20:12:18.620 [info] Sync started.
2023-12-02 20:12:18.815 [info] Settings: No changes found during synchronizing settings.
2023-12-02 20:12:18.824 [info] Keybindings: No changes found during synchronizing keybindings.
2023-12-02 20:12:18.835 [info] Snippets: No changes found during synchronizing snippets.
2023-12-02 20:12:18.842 [info] Tasks: No changes found during synchronizing tasks.
2023-12-02 20:12:18.852 [info] GlobalState: No changes found during synchronizing ui state.
2023-12-02 20:12:18.953 [info] Extensions: No changes found during synchronizing extensions.
2023-12-02 20:12:18.956 [info] Profiles: No changes found during synchronizing profiles.
2023-12-02 20:12:18.959 [info] Sync done. Took 340ms
2023-12-02 20:17:18.987 [info] Auto Sync: Triggered by Interval
2023-12-02 20:17:18.988 [info] Sync started.
2023-12-02 20:17:19.648 [info] Settings: No changes found during synchronizing settings.
2023-12-02 20:17:19.652 [info] Keybindings: No changes found during synchronizing keybindings.
2023-12-02 20:17:19.655 [info] Snippets: No changes found during synchronizing snippets.
2023-12-02 20:17:19.658 [info] Tasks: No changes found during synchronizing tasks.
2023-12-02 20:17:19.661 [info] GlobalState: No changes found during synchronizing ui state.
2023-12-02 20:17:19.760 [info] Extensions: No changes found during synchronizing extensions.
2023-12-02 20:17:19.762 [info] Profiles: No changes found during synchronizing profiles.
2023-12-02 20:17:19.764 [info] Sync done. Took 777ms
2023-12-02 20:22:19.794 [info] Auto Sync: Triggered by Interval
2023-12-02 20:22:19.795 [info] Sync started.
2023-12-02 20:22:20.619 [info] Settings: No changes found during synchronizing settings.
2023-12-02 20:22:20.627 [info] Keybindings: No changes found during synchronizing keybindings.
2023-12-02 20:22:20.634 [info] Snippets: No changes found during synchronizing snippets.
2023-12-02 20:22:20.642 [info] Tasks: No changes found during synchronizing tasks.
2023-12-02 20:22:20.649 [info] GlobalState: No changes found during synchronizing ui state.
2023-12-02 20:22:20.781 [info] Extensions: No changes found during synchronizing extensions.
2023-12-02 20:22:20.784 [info] Profiles: No changes found during synchronizing profiles.
2023-12-02 20:22:20.789 [info] Sync done. Took 994ms
2023-12-02 20:25:43.155 [info] Auto Sync: Triggered by Activity
2023-12-02 20:25:43.155 [info] Sync started.
2023-12-02 20:25:43.844 [info] Settings: No changes found during synchronizing settings.
2023-12-02 20:25:43.852 [info] Keybindings: No changes found during synchronizing keybindings.
2023-12-02 20:25:43.861 [info] Snippets: No changes found during synchronizing snippets.
2023-12-02 20:25:43.870 [info] Tasks: No changes found during synchronizing tasks.
2023-12-02 20:25:43.874 [info] GlobalState: No changes found during synchronizing ui state.
2023-12-02 20:25:43.974 [info] Extensions: No changes found during synchronizing extensions.
2023-12-02 20:25:43.976 [info] Profiles: No changes found during synchronizing profiles.
2023-12-02 20:25:43.978 [info] Sync done. Took 823ms
2023-12-02 20:26:16.808 [info] Auto Sync: Triggered by Activity
2023-12-02 20:26:16.809 [info] Sync started.
2023-12-02 20:26:16.979 [info] Settings: No changes found during synchronizing settings.
2023-12-02 20:26:16.985 [info] Keybindings: No changes found during synchronizing keybindings.
2023-12-02 20:26:16.993 [info] Snippets: No changes found during synchronizing snippets.
2023-12-02 20:26:16.999 [info] Tasks: No changes found during synchronizing tasks.
2023-12-02 20:26:17.009 [info] GlobalState: No changes found during synchronizing ui state.
2023-12-02 20:26:17.185 [info] Extensions: No changes found during synchronizing extensions.
2023-12-02 20:26:17.187 [info] Profiles: No changes found during synchronizing profiles.
2023-12-02 20:26:17.194 [info] Sync done. Took 386ms
2023-12-02 20:26:38.419 [info] Auto Sync: Triggered by Activity
2023-12-02 20:26:38.420 [info] Sync started.
2023-12-02 20:26:38.582 [info] Settings: No changes found during synchronizing settings.
2023-12-02 20:26:38.585 [info] Keybindings: No changes found during synchronizing keybindings.
2023-12-02 20:26:38.590 [info] Snippets: No changes found during synchronizing snippets.
2023-12-02 20:26:38.593 [info] Tasks: No changes found during synchronizing tasks.
2023-12-02 20:26:38.597 [info] GlobalState: No changes found during synchronizing ui state.
2023-12-02 20:26:38.699 [info] Extensions: No changes found during synchronizing extensions.
2023-12-02 20:26:38.700 [info] Profiles: No changes found during synchronizing profiles.
2023-12-02 20:26:38.702 [info] Sync done. Took 284ms
2023-12-02 20:26:53.320 [info] Auto Sync: Triggered by Activity
2023-12-02 20:26:53.320 [info] Sync started.
2023-12-02 20:26:53.506 [info] Settings: No changes found during synchronizing settings.
2023-12-02 20:26:53.514 [info] Keybindings: No changes found during synchronizing keybindings.
2023-12-02 20:26:53.523 [info] Snippets: No changes found during synchronizing snippets.
2023-12-02 20:26:53.533 [info] Tasks: No changes found during synchronizing tasks.
2023-12-02 20:26:53.542 [info] GlobalState: No changes found during synchronizing ui state.
2023-12-02 20:26:53.662 [info] Extensions: No changes found during synchronizing extensions.
2023-12-02 20:26:53.665 [info] Profiles: No changes found during synchronizing profiles.
2023-12-02 20:26:53.666 [info] Sync done. Took 348ms
2023-12-02 20:27:22.003 [info] Auto Sync: Triggered by Activity
2023-12-02 20:27:22.003 [info] Sync started.
2023-12-02 20:27:22.184 [info] Settings: No changes found during synchronizing settings.
2023-12-02 20:27:22.191 [info] Keybindings: No changes found during synchronizing keybindings.
2023-12-02 20:27:22.200 [info] Snippets: No changes found during synchronizing snippets.
2023-12-02 20:27:22.205 [info] Tasks: No changes found during synchronizing tasks.
2023-12-02 20:27:22.210 [info] GlobalState: No changes found during synchronizing ui state.
2023-12-02 20:27:22.342 [info] Extensions: No changes found during synchronizing extensions.
2023-12-02 20:27:22.354 [info] Profiles: No changes found during synchronizing profiles.
2023-12-02 20:27:22.358 [info] Sync done. Took 355ms
2023-12-02 20:28:22.590 [info] Auto Sync: Triggered by Activity
2023-12-02 20:28:22.591 [info] Sync started.
2023-12-02 20:28:22.854 [info] Settings: No changes found during synchronizing settings.
2023-12-02 20:28:22.865 [info] Keybindings: No changes found during synchronizing keybindings.
2023-12-02 20:28:22.875 [info] Snippets: No changes found during synchronizing snippets.
2023-12-02 20:28:22.880 [info] Tasks: No changes found during synchronizing tasks.
2023-12-02 20:28:22.884 [info] GlobalState: No changes found during synchronizing ui state.
2023-12-02 20:28:23.253 [info] Extensions: No changes found during synchronizing extensions.
2023-12-02 20:28:23.371 [info] Profiles: No changes found during synchronizing profiles.
2023-12-02 20:28:23.488 [info] Sync done. Took 902ms
2023-12-02 20:28:25.652 [info] Auto Sync: Triggered by Activity
2023-12-02 20:28:25.652 [info] Sync started.
2023-12-02 20:28:25.817 [info] Settings: No changes found during synchronizing settings.
2023-12-02 20:28:25.827 [info] Keybindings: No changes found during synchronizing keybindings.
2023-12-02 20:28:25.835 [info] Snippets: No changes found during synchronizing snippets.
2023-12-02 20:28:25.843 [info] Tasks: No changes found during synchronizing tasks.
2023-12-02 20:28:26.413 [info] GlobalState: Updated remote ui state. Updated: workbench.statusbar.hidden.
2023-12-02 20:28:26.418 [info] GlobalState: Updated last synchronized ui state
2023-12-02 20:28:26.492 [info] Extensions: No changes found during synchronizing extensions.
2023-12-02 20:28:26.498 [info] Profiles: No changes found during synchronizing profiles.
2023-12-02 20:28:26.501 [info] Sync done. Took 850ms
2023-12-02 20:28:37.432 [info] Auto Sync: Triggered by Activity
2023-12-02 20:28:37.433 [info] Sync started.
2023-12-02 20:28:37.590 [info] Settings: No changes found during synchronizing settings.
2023-12-02 20:28:37.612 [info] Keybindings: No changes found during synchronizing keybindings.
2023-12-02 20:28:37.630 [info] Snippets: No changes found during synchronizing snippets.
2023-12-02 20:28:37.638 [info] Tasks: No changes found during synchronizing tasks.
2023-12-02 20:28:37.651 [info] GlobalState: No changes found during synchronizing ui state.
2023-12-02 20:28:37.787 [info] Extensions: No changes found during synchronizing extensions.
2023-12-02 20:28:37.789 [info] Profiles: No changes found during synchronizing profiles.
2023-12-02 20:28:37.792 [info] Sync done. Took 361ms
2023-12-02 20:29:03.345 [info] Auto Sync: Triggered by Activity
2023-12-02 20:29:03.348 [info] Sync started.
2023-12-02 20:29:03.528 [info] Settings: No changes found during synchronizing settings.
2023-12-02 20:29:03.538 [info] Keybindings: No changes found during synchronizing keybindings.
2023-12-02 20:29:03.549 [info] Snippets: No changes found during synchronizing snippets.
2023-12-02 20:29:03.558 [info] Tasks: No changes found during synchronizing tasks.
2023-12-02 20:29:03.568 [info] GlobalState: No changes found during synchronizing ui state.
2023-12-02 20:29:03.668 [info] Extensions: No changes found during synchronizing extensions.
2023-12-02 20:29:03.671 [info] Profiles: No changes found during synchronizing profiles.
2023-12-02 20:29:03.673 [info] Sync done. Took 329ms
2023-12-02 20:29:50.439 [info] Auto Sync: Triggered by Activity
2023-12-02 20:29:50.440 [info] Sync started.
2023-12-02 20:29:50.612 [info] Settings: No changes found during synchronizing settings.
2023-12-02 20:29:50.623 [info] Keybindings: No changes found during synchronizing keybindings.
2023-12-02 20:29:50.633 [info] Snippets: No changes found during synchronizing snippets.
2023-12-02 20:29:50.643 [info] Tasks: No changes found during synchronizing tasks.
2023-12-02 20:29:50.659 [info] GlobalState: No changes found during synchronizing ui state.
2023-12-02 20:29:50.801 [info] Extensions: No changes found during synchronizing extensions.
2023-12-02 20:29:50.805 [info] Profiles: No changes found during synchronizing profiles.
2023-12-02 20:29:50.807 [info] Sync done. Took 369ms
2023-12-02 20:30:39.871 [info] Auto Sync: Triggered by Activity
2023-12-02 20:30:39.872 [info] Sync started.
2023-12-02 20:30:40.044 [info] Settings: No changes found during synchronizing settings.
2023-12-02 20:30:40.054 [info] Keybindings: No changes found during synchronizing keybindings.
2023-12-02 20:30:40.065 [info] Snippets: No changes found during synchronizing snippets.
2023-12-02 20:30:40.076 [info] Tasks: No changes found during synchronizing tasks.
2023-12-02 20:30:40.084 [info] GlobalState: No changes found during synchronizing ui state.
2023-12-02 20:30:40.221 [info] Extensions: No changes found during synchronizing extensions.
2023-12-02 20:30:40.226 [info] Profiles: No changes found during synchronizing profiles.
2023-12-02 20:30:40.229 [info] Sync done. Took 358ms
2023-12-02 20:31:25.283 [info] Auto Sync: Triggered by Activity
2023-12-02 20:31:25.284 [info] Sync started.
2023-12-02 20:31:25.459 [info] Settings: No changes found during synchronizing settings.
2023-12-02 20:31:25.468 [info] Keybindings: No changes found during synchronizing keybindings.
2023-12-02 20:31:25.481 [info] Snippets: No changes found during synchronizing snippets.
2023-12-02 20:31:25.492 [info] Tasks: No changes found during synchronizing tasks.
2023-12-02 20:31:25.500 [info] GlobalState: No changes found during synchronizing ui state.
2023-12-02 20:31:25.695 [info] Extensions: No changes found during synchronizing extensions.
2023-12-02 20:31:25.699 [info] Profiles: No changes found during synchronizing profiles.
2023-12-02 20:31:25.701 [info] Sync done. Took 419ms
2023-12-02 20:32:00.960 [info] Auto Sync: Triggered by Activity
2023-12-02 20:32:00.961 [info] Sync started.
2023-12-02 20:32:01.135 [info] Settings: No changes found during synchronizing settings.
2023-12-02 20:32:01.146 [info] Keybindings: No changes found during synchronizing keybindings.
2023-12-02 20:32:01.168 [info] Snippets: No changes found during synchronizing snippets.
2023-12-02 20:32:01.176 [info] Tasks: No changes found during synchronizing tasks.
2023-12-02 20:32:01.189 [info] GlobalState: No changes found during synchronizing ui state.
2023-12-02 20:32:01.408 [info] Extensions: No changes found during synchronizing extensions.
2023-12-02 20:32:01.412 [info] Profiles: No changes found during synchronizing profiles.
2023-12-02 20:32:01.414 [info] Sync done. Took 456ms
2023-12-02 20:32:19.792 [info] Auto Sync: Triggered by Activity
2023-12-02 20:32:19.793 [info] Sync started.
2023-12-02 20:32:19.955 [info] Settings: No changes found during synchronizing settings.
2023-12-02 20:32:19.967 [info] Keybindings: No changes found during synchronizing keybindings.
2023-12-02 20:32:19.982 [info] Snippets: No changes found during synchronizing snippets.
2023-12-02 20:32:19.994 [info] Tasks: No changes found during synchronizing tasks.
2023-12-02 20:32:20.004 [info] GlobalState: No changes found during synchronizing ui state.
2023-12-02 20:32:20.174 [info] Extensions: No changes found during synchronizing extensions.
2023-12-02 20:32:20.178 [info] Profiles: No changes found during synchronizing profiles.
2023-12-02 20:32:20.180 [info] Sync done. Took 389ms
2023-12-02 20:33:17.077 [info] Auto Sync: Triggered by Activity
2023-12-02 20:33:17.078 [info] Sync started.
2023-12-02 20:33:17.262 [info] Settings: No changes found during synchronizing settings.
2023-12-02 20:33:17.275 [info] Keybindings: No changes found during synchronizing keybindings.
2023-12-02 20:33:17.292 [info] Snippets: No changes found during synchronizing snippets.
2023-12-02 20:33:17.300 [info] Tasks: No changes found during synchronizing tasks.
2023-12-02 20:33:17.309 [info] GlobalState: No changes found during synchronizing ui state.
2023-12-02 20:33:17.443 [info] Extensions: No changes found during synchronizing extensions.
2023-12-02 20:33:17.447 [info] Profiles: No changes found during synchronizing profiles.
2023-12-02 20:33:17.450 [info] Sync done. Took 374ms
2023-12-02 20:33:38.676 [info] Auto Sync: Triggered by Activity
2023-12-02 20:33:38.677 [info] Sync started.
2023-12-02 20:33:38.859 [info] Settings: No changes found during synchronizing settings.
2023-12-02 20:33:38.878 [info] Keybindings: No changes found during synchronizing keybindings.
2023-12-02 20:33:38.895 [info] Snippets: No changes found during synchronizing snippets.
2023-12-02 20:33:38.907 [info] Tasks: No changes found during synchronizing tasks.
2023-12-02 20:33:38.919 [info] GlobalState: No changes found during synchronizing ui state.
2023-12-02 20:33:39.096 [info] Extensions: No changes found during synchronizing extensions.
2023-12-02 20:33:39.099 [info] Profiles: No changes found during synchronizing profiles.
2023-12-02 20:33:39.102 [info] Sync done. Took 427ms
2023-12-02 20:33:50.321 [info] Auto Sync: Triggered by Activity
2023-12-02 20:33:50.322 [info] Sync started.
2023-12-02 20:33:50.499 [info] Settings: No changes found during synchronizing settings.
2023-12-02 20:33:50.510 [info] Keybindings: No changes found during synchronizing keybindings.
2023-12-02 20:33:50.522 [info] Snippets: No changes found during synchronizing snippets.
2023-12-02 20:33:50.535 [info] Tasks: No changes found during synchronizing tasks.
2023-12-02 20:33:50.551 [info] GlobalState: No changes found during synchronizing ui state.
2023-12-02 20:33:50.718 [info] Extensions: No changes found during synchronizing extensions.
2023-12-02 20:33:50.721 [info] Profiles: No changes found during synchronizing profiles.
2023-12-02 20:33:50.724 [info] Sync done. Took 403ms
2023-12-02 20:34:29.427 [info] Auto Sync: Triggered by Activity
2023-12-02 20:34:29.428 [info] Sync started.
2023-12-02 20:34:29.587 [info] Settings: No changes found during synchronizing settings.
2023-12-02 20:34:29.596 [info] Keybindings: No changes found during synchronizing keybindings.
2023-12-02 20:34:29.605 [info] Snippets: No changes found during synchronizing snippets.
2023-12-02 20:34:29.613 [info] Tasks: No changes found during synchronizing tasks.
2023-12-02 20:34:29.627 [info] GlobalState: No changes found during synchronizing ui state.
2023-12-02 20:34:29.792 [info] Extensions: No changes found during synchronizing extensions.
2023-12-02 20:34:29.795 [info] Profiles: No changes found during synchronizing profiles.
2023-12-02 20:34:29.797 [info] Sync done. Took 371ms
2023-12-02 20:35:42.731 [info] Auto Sync: Triggered by Activity
2023-12-02 20:35:42.732 [info] Sync started.
2023-12-02 20:35:42.896 [info] Settings: No changes found during synchronizing settings.
2023-12-02 20:35:42.907 [info] Keybindings: No changes found during synchronizing keybindings.
2023-12-02 20:35:42.922 [info] Snippets: No changes found during synchronizing snippets.
2023-12-02 20:35:42.931 [info] Tasks: No changes found during synchronizing tasks.
2023-12-02 20:35:42.938 [info] GlobalState: No changes found during synchronizing ui state.
2023-12-02 20:35:43.035 [info] Extensions: No changes found during synchronizing extensions.
2023-12-02 20:35:43.038 [info] Profiles: No changes found during synchronizing profiles.
2023-12-02 20:35:43.040 [info] Sync done. Took 309ms
2023-12-02 20:35:55.402 [info] Auto Sync: Triggered by Activity
2023-12-02 20:35:55.403 [info] Sync started.
2023-12-02 20:35:55.584 [info] Settings: No changes found during synchronizing settings.
2023-12-02 20:35:55.599 [info] Keybindings: No changes found during synchronizing keybindings.
2023-12-02 20:35:55.608 [info] Snippets: No changes found during synchronizing snippets.
2023-12-02 20:35:55.612 [info] Tasks: No changes found during synchronizing tasks.
2023-12-02 20:35:55.617 [info] GlobalState: No changes found during synchronizing ui state.
2023-12-02 20:35:55.749 [info] Extensions: No changes found during synchronizing extensions.
2023-12-02 20:35:55.754 [info] Profiles: No changes found during synchronizing profiles.
2023-12-02 20:35:55.756 [info] Sync done. Took 355ms
2023-12-02 20:36:14.607 [info] Auto Sync: Triggered by Activity
2023-12-02 20:36:14.607 [info] Sync started.
2023-12-02 20:36:14.777 [info] Settings: No changes found during synchronizing settings.
2023-12-02 20:36:14.782 [info] Keybindings: No changes found during synchronizing keybindings.
2023-12-02 20:36:14.786 [info] Snippets: No changes found during synchronizing snippets.
2023-12-02 20:36:14.791 [info] Tasks: No changes found during synchronizing tasks.
2023-12-02 20:36:14.794 [info] GlobalState: No changes found during synchronizing ui state.
2023-12-02 20:36:14.885 [info] Extensions: No changes found during synchronizing extensions.
2023-12-02 20:36:14.888 [info] Profiles: No changes found during synchronizing profiles.
2023-12-02 20:36:14.888 [info] Sync done. Took 281ms
2023-12-02 20:36:48.204 [info] Auto Sync: Triggered by Activity
2023-12-02 20:36:48.204 [info] Sync started.
2023-12-02 20:36:48.399 [info] Settings: No changes found during synchronizing settings.
2023-12-02 20:36:48.408 [info] Keybindings: No changes found during synchronizing keybindings.
2023-12-02 20:36:48.418 [info] Snippets: No changes found during synchronizing snippets.
2023-12-02 20:36:48.426 [info] Tasks: No changes found during synchronizing tasks.
2023-12-02 20:36:48.437 [info] GlobalState: No changes found during synchronizing ui state.
2023-12-02 20:36:48.561 [info] Extensions: No changes found during synchronizing extensions.
2023-12-02 20:36:48.564 [info] Profiles: No changes found during synchronizing profiles.
2023-12-02 20:36:48.567 [info] Sync done. Took 363ms
2023-12-02 20:37:15.435 [info] Auto Sync: Triggered by Activity
2023-12-02 20:37:15.436 [info] Sync started.
2023-12-02 20:37:15.601 [info] Settings: No changes found during synchronizing settings.
2023-12-02 20:37:15.608 [info] Keybindings: No changes found during synchronizing keybindings.
2023-12-02 20:37:15.612 [info] Snippets: No changes found during synchronizing snippets.
2023-12-02 20:37:15.616 [info] Tasks: No changes found during synchronizing tasks.
2023-12-02 20:37:15.619 [info] GlobalState: No changes found during synchronizing ui state.
2023-12-02 20:37:15.720 [info] Extensions: No changes found during synchronizing extensions.
2023-12-02 20:37:15.722 [info] Profiles: No changes found during synchronizing profiles.
2023-12-02 20:37:15.723 [info] Sync done. Took 290ms
2023-12-02 20:38:00.519 [info] Auto Sync: Triggered by Activity
2023-12-02 20:38:00.522 [info] Sync started.
2023-12-02 20:38:00.672 [info] Settings: No changes found during synchronizing settings.
2023-12-02 20:38:00.675 [info] Keybindings: No changes found during synchronizing keybindings.
2023-12-02 20:38:00.679 [info] Snippets: No changes found during synchronizing snippets.
2023-12-02 20:38:00.682 [info] Tasks: No changes found during synchronizing tasks.
2023-12-02 20:38:00.687 [info] GlobalState: No changes found during synchronizing ui state.
2023-12-02 20:38:00.955 [info] Extensions: No changes found during synchronizing extensions.
2023-12-02 20:38:00.960 [info] Profiles: No changes found during synchronizing profiles.
2023-12-02 20:38:00.963 [info] Sync done. Took 444ms
2023-12-02 20:39:17.220 [info] Auto Sync: Triggered by Activity
2023-12-02 20:39:17.221 [info] Sync started.
2023-12-02 20:39:17.376 [info] Settings: No changes found during synchronizing settings.
2023-12-02 20:39:17.389 [info] Keybindings: No changes found during synchronizing keybindings.
2023-12-02 20:39:17.401 [info] Snippets: No changes found during synchronizing snippets.
2023-12-02 20:39:17.407 [info] Tasks: No changes found during synchronizing tasks.
2023-12-02 20:39:17.412 [info] GlobalState: No changes found during synchronizing ui state.
2023-12-02 20:39:17.513 [info] Extensions: No changes found during synchronizing extensions.
2023-12-02 20:39:17.526 [info] Profiles: No changes found during synchronizing profiles.
2023-12-02 20:39:17.533 [info] Sync done. Took 313ms
2023-12-02 20:39:54.418 [info] Auto Sync: Triggered by Activity
2023-12-02 20:39:54.418 [info] Sync started.
2023-12-02 20:39:54.571 [info] Settings: No changes found during synchronizing settings.
2023-12-02 20:39:54.577 [info] Keybindings: No changes found during synchronizing keybindings.
2023-12-02 20:39:54.582 [info] Snippets: No changes found during synchronizing snippets.
2023-12-02 20:39:54.586 [info] Tasks: No changes found during synchronizing tasks.
2023-12-02 20:39:54.591 [info] GlobalState: No changes found during synchronizing ui state.
2023-12-02 20:39:54.779 [info] Extensions: No changes found during synchronizing extensions.
2023-12-02 20:39:54.782 [info] Profiles: No changes found during synchronizing profiles.
2023-12-02 20:39:54.784 [info] Sync done. Took 367ms
2023-12-02 20:41:47.903 [info] Auto Sync: Triggered by Activity
2023-12-02 20:41:47.903 [info] Sync started.
2023-12-02 20:41:48.181 [info] Settings: No changes found during synchronizing settings.
2023-12-02 20:41:48.186 [info] Keybindings: No changes found during synchronizing keybindings.
2023-12-02 20:41:48.202 [info] Snippets: No changes found during synchronizing snippets.
2023-12-02 20:41:48.233 [info] Tasks: No changes found during synchronizing tasks.
2023-12-02 20:41:48.242 [info] GlobalState: No changes found during synchronizing ui state.
2023-12-02 20:41:48.639 [info] Extensions: No changes found during synchronizing extensions.
2023-12-02 20:41:48.743 [info] Profiles: No changes found during synchronizing profiles.
2023-12-02 20:41:48.959 [info] Sync done. Took 1056ms
2023-12-02 20:41:51.816 [info] Auto Sync: Triggered by Activity
2023-12-02 20:41:51.816 [info] Sync started.
2023-12-02 20:41:51.970 [info] Settings: No changes found during synchronizing settings.
2023-12-02 20:41:51.975 [info] Keybindings: No changes found during synchronizing keybindings.
2023-12-02 20:41:51.979 [info] Snippets: No changes found during synchronizing snippets.
2023-12-02 20:41:51.986 [info] Tasks: No changes found during synchronizing tasks.
2023-12-02 20:41:52.879 [info] GlobalState: Updated remote ui state. Updated: workbench.statusbar.hidden.
2023-12-02 20:41:52.883 [info] GlobalState: Updated last synchronized ui state
2023-12-02 20:41:53.009 [info] Extensions: No changes found during synchronizing extensions.
2023-12-02 20:41:53.016 [info] Profiles: No changes found during synchronizing profiles.
2023-12-02 20:41:53.020 [info] Sync done. Took 1204ms
2023-12-02 20:42:06.778 [info] Auto Sync: Triggered by Activity
2023-12-02 20:42:06.778 [info] Sync started.
2023-12-02 20:42:06.941 [info] Settings: No changes found during synchronizing settings.
2023-12-02 20:42:06.950 [info] Keybindings: No changes found during synchronizing keybindings.
2023-12-02 20:42:06.955 [info] Snippets: No changes found during synchronizing snippets.
2023-12-02 20:42:06.963 [info] Tasks: No changes found during synchronizing tasks.
2023-12-02 20:42:06.975 [info] GlobalState: No changes found during synchronizing ui state.
2023-12-02 20:42:07.251 [info] Extensions: No changes found during synchronizing extensions.
2023-12-02 20:42:07.252 [info] Profiles: No changes found during synchronizing profiles.
2023-12-02 20:42:07.253 [info] Sync done. Took 470ms
2023-12-02 20:44:19.836 [info] Auto Sync: Triggered by Activity
2023-12-02 20:44:19.837 [info] Sync started.
2023-12-02 20:44:20.517 [info] Settings: No changes found during synchronizing settings.
2023-12-02 20:44:20.523 [info] Keybindings: No changes found during synchronizing keybindings.
2023-12-02 20:44:20.535 [info] Snippets: No changes found during synchronizing snippets.
2023-12-02 20:44:20.541 [info] Tasks: No changes found during synchronizing tasks.
2023-12-02 20:44:20.553 [info] GlobalState: No changes found during synchronizing ui state.
2023-12-02 20:44:20.689 [info] Extensions: No changes found during synchronizing extensions.
2023-12-02 20:44:20.691 [info] Profiles: No changes found during synchronizing profiles.
2023-12-02 20:44:20.693 [info] Sync done. Took 857ms
