2023-12-02 18:18:01.473 [info] Using settings sync service https://vscode-sync.trafficmanager.net/
2023-12-02 18:18:01.473 [info] Auto Sync is enabled.
2023-12-02 18:18:01.473 [info] Auto Sync: Suspended until auth token is available.
2023-12-02 18:18:03.835 [info] Deleting non existing profile from backup /home/brian/.config/Code/User/sync/extensions
2023-12-02 18:18:03.868 [info] Deleting non existing profile from backup /home/brian/.config/Code/User/sync/globalState
2023-12-02 18:18:04.010 [info] Deleting non existing profile from backup /home/brian/.config/Code/User/sync/keybindings
2023-12-02 18:18:04.214 [info] Deleting non existing profile from backup /home/brian/.config/Code/User/sync/profiles
2023-12-02 18:18:04.421 [info] Deleting non existing profile from backup /home/brian/.config/Code/User/sync/settings
2023-12-02 18:18:04.505 [info] Deleting non existing profile from backup /home/brian/.config/Code/User/sync/snippets
2023-12-02 18:18:04.550 [info] Deleting non existing profile from backup /home/brian/.config/Code/User/sync/tasks
2023-12-02 18:18:05.238 [info] Auto Sync: Triggered by Interval
2023-12-02 18:18:05.239 [info] Sync started.
2023-12-02 18:18:06.443 [info] Settings: Last sync resource does not exist locally.
2023-12-02 18:18:06.751 [info] Settings: No changes found during synchronizing settings.
2023-12-02 18:18:06.752 [info] Keybindings: Last sync resource does not exist locally.
2023-12-02 18:18:06.923 [info] Keybindings: No changes found during synchronizing keybindings.
2023-12-02 18:18:06.927 [info] Snippets: Last sync resource does not exist locally.
2023-12-02 18:18:07.109 [info] Snippets: No changes found during synchronizing snippets.
2023-12-02 18:18:07.112 [info] Tasks: Last sync resource does not exist locally.
2023-12-02 18:18:07.398 [info] Tasks: No changes found during synchronizing tasks.
2023-12-02 18:18:07.429 [info] GlobalState: Last sync resource does not exist locally.
2023-12-02 18:18:08.650 [info] GlobalState: Updated remote ui state. Updated: nps/lastSessionDate,nps/sessionCount,cpp.1.lastSessionDate,cpp.1.sessionCount,java.2.lastSessionDate,java.2.sessionCount,javascript.1.lastSessionDate,javascript.1.sessionCount,typescript.1.lastSessionDate,typescript.1.sessionCount,csharp.1.lastSessionDate,csharp.1.sessionCount.
2023-12-02 18:18:08.653 [info] GlobalState: Updated last synchronized ui state
2023-12-02 18:18:08.655 [info] Extensions: Last sync resource does not exist locally.
2023-12-02 18:18:09.749 [info] Extensions: No changes found during synchronizing extensions.
2023-12-02 18:18:09.763 [info] Profiles: Last sync resource does not exist locally.
2023-12-02 18:18:09.916 [info] Profiles: No changes found during synchronizing profiles.
2023-12-02 18:18:09.919 [info] Sync done. Took 4682ms
2023-12-02 18:18:09.975 [info] Auto Sync: Triggered by Activity
2023-12-02 18:18:09.975 [info] Sync started.
2023-12-02 18:18:10.130 [info] Settings: No changes found during synchronizing settings.
2023-12-02 18:18:10.136 [info] Keybindings: No changes found during synchronizing keybindings.
2023-12-02 18:18:10.143 [info] Snippets: No changes found during synchronizing snippets.
2023-12-02 18:18:10.147 [info] Tasks: No changes found during synchronizing tasks.
2023-12-02 18:18:10.153 [info] GlobalState: No changes found during synchronizing ui state.
2023-12-02 18:18:10.277 [info] Extensions: No changes found during synchronizing extensions.
2023-12-02 18:18:10.280 [info] Profiles: No changes found during synchronizing profiles.
2023-12-02 18:18:10.284 [info] Sync done. Took 309ms
