2023-12-02 18:31:03.777 [info] Using settings sync service https://vscode-sync.trafficmanager.net/
2023-12-02 18:31:03.777 [info] Auto Sync is enabled.
2023-12-02 18:31:03.777 [info] Auto Sync: Suspended until auth token is available.
2023-12-02 18:31:04.358 [info] Deleting non existing profile from backup /home/brian/.config/Code/User/sync/extensions
2023-12-02 18:31:04.364 [info] Deleting non existing profile from backup /home/brian/.config/Code/User/sync/globalState
2023-12-02 18:31:04.372 [info] Deleting non existing profile from backup /home/brian/.config/Code/User/sync/keybindings
2023-12-02 18:31:04.385 [info] Deleting non existing profile from backup /home/brian/.config/Code/User/sync/profiles
2023-12-02 18:31:04.387 [info] Deleting non existing profile from backup /home/brian/.config/Code/User/sync/settings
2023-12-02 18:31:04.388 [info] Deleting non existing profile from backup /home/brian/.config/Code/User/sync/snippets
2023-12-02 18:31:04.391 [info] Deleting non existing profile from backup /home/brian/.config/Code/User/sync/tasks
2023-12-02 18:31:08.537 [info] Auto Sync: Triggered by Interval
2023-12-02 18:31:08.537 [info] Sync started.
2023-12-02 18:31:09.532 [info] Settings: Last sync resource does not exist locally.
2023-12-02 18:31:09.701 [info] Settings: No changes found during synchronizing settings.
2023-12-02 18:31:09.704 [info] Keybindings: Last sync resource does not exist locally.
2023-12-02 18:31:09.861 [info] Keybindings: No changes found during synchronizing keybindings.
2023-12-02 18:31:09.863 [info] Snippets: Last sync resource does not exist locally.
2023-12-02 18:31:10.018 [info] Snippets: No changes found during synchronizing snippets.
2023-12-02 18:31:10.025 [info] Tasks: Last sync resource does not exist locally.
2023-12-02 18:31:10.179 [info] Tasks: No changes found during synchronizing tasks.
2023-12-02 18:31:10.181 [info] GlobalState: Last sync resource does not exist locally.
2023-12-02 18:31:10.505 [info] GlobalState: No changes found during synchronizing ui state.
2023-12-02 18:31:10.505 [info] Extensions: Last sync resource does not exist locally.
2023-12-02 18:31:10.838 [info] Extensions: No changes found during synchronizing extensions.
2023-12-02 18:31:10.842 [info] Profiles: Last sync resource does not exist locally.
2023-12-02 18:31:10.999 [info] Profiles: No changes found during synchronizing profiles.
2023-12-02 18:31:11.001 [info] Sync done. Took 2466ms
2023-12-02 18:34:22.907 [info] Auto Sync: Triggered by Activity
2023-12-02 18:34:22.914 [info] Sync started.
2023-12-02 18:34:23.580 [info] Settings: No changes found during synchronizing settings.
2023-12-02 18:34:23.593 [info] Keybindings: No changes found during synchronizing keybindings.
2023-12-02 18:34:23.602 [info] Snippets: No changes found during synchronizing snippets.
2023-12-02 18:34:23.608 [info] Tasks: No changes found during synchronizing tasks.
2023-12-02 18:34:23.613 [info] GlobalState: No changes found during synchronizing ui state.
2023-12-02 18:34:23.771 [info] Extensions: No changes found during synchronizing extensions.
2023-12-02 18:34:23.778 [info] Profiles: No changes found during synchronizing profiles.
2023-12-02 18:34:23.781 [info] Sync done. Took 875ms
2023-12-02 18:34:47.053 [info] Auto Sync: Triggered by Activity
2023-12-02 18:34:47.053 [info] Sync started.
2023-12-02 18:34:47.228 [info] Settings: No changes found during synchronizing settings.
2023-12-02 18:34:47.238 [info] Keybindings: No changes found during synchronizing keybindings.
2023-12-02 18:34:47.248 [info] Snippets: No changes found during synchronizing snippets.
2023-12-02 18:34:47.254 [info] Tasks: No changes found during synchronizing tasks.
2023-12-02 18:34:47.258 [info] GlobalState: No changes found during synchronizing ui state.
2023-12-02 18:34:47.466 [info] Extensions: No changes found during synchronizing extensions.
2023-12-02 18:34:47.468 [info] Profiles: No changes found during synchronizing profiles.
2023-12-02 18:34:47.470 [info] Sync done. Took 418ms
2023-12-02 18:35:13.941 [info] Auto Sync: Triggered by Activity
2023-12-02 18:35:13.942 [info] Sync started.
2023-12-02 18:35:14.102 [info] Settings: No changes found during synchronizing settings.
2023-12-02 18:35:14.108 [info] Keybindings: No changes found during synchronizing keybindings.
2023-12-02 18:35:14.111 [info] Snippets: No changes found during synchronizing snippets.
2023-12-02 18:35:14.115 [info] Tasks: No changes found during synchronizing tasks.
2023-12-02 18:35:14.119 [info] GlobalState: No changes found during synchronizing ui state.
2023-12-02 18:35:14.297 [info] Extensions: No changes found during synchronizing extensions.
2023-12-02 18:35:14.301 [info] Profiles: No changes found during synchronizing profiles.
2023-12-02 18:35:14.302 [info] Sync done. Took 360ms
2023-12-02 18:36:28.967 [info] Auto Sync: Triggered by Activity
2023-12-02 18:36:28.968 [info] Sync started.
2023-12-02 18:36:29.145 [info] Settings: No changes found during synchronizing settings.
2023-12-02 18:36:29.155 [info] Keybindings: No changes found during synchronizing keybindings.
2023-12-02 18:36:29.166 [info] Snippets: No changes found during synchronizing snippets.
2023-12-02 18:36:29.175 [info] Tasks: No changes found during synchronizing tasks.
2023-12-02 18:36:29.186 [info] GlobalState: No changes found during synchronizing ui state.
2023-12-02 18:36:29.368 [info] Extensions: No changes found during synchronizing extensions.
2023-12-02 18:36:29.372 [info] Profiles: No changes found during synchronizing profiles.
2023-12-02 18:36:29.376 [info] Sync done. Took 409ms
2023-12-02 18:41:29.395 [info] Auto Sync: Triggered by Interval
2023-12-02 18:41:29.396 [info] Sync started.
2023-12-02 18:41:30.065 [info] Settings: No changes found during synchronizing settings.
2023-12-02 18:41:30.075 [info] Keybindings: No changes found during synchronizing keybindings.
2023-12-02 18:41:30.084 [info] Snippets: No changes found during synchronizing snippets.
2023-12-02 18:41:30.090 [info] Tasks: No changes found during synchronizing tasks.
2023-12-02 18:41:30.094 [info] GlobalState: No changes found during synchronizing ui state.
2023-12-02 18:41:30.239 [info] Extensions: No changes found during synchronizing extensions.
2023-12-02 18:41:30.242 [info] Profiles: No changes found during synchronizing profiles.
2023-12-02 18:41:30.243 [info] Sync done. Took 849ms
2023-12-02 18:44:07.491 [info] Auto Sync: Triggered by Activity
2023-12-02 18:44:07.492 [info] Sync started.
2023-12-02 18:44:08.160 [info] Settings: No changes found during synchronizing settings.
2023-12-02 18:44:08.165 [info] Keybindings: No changes found during synchronizing keybindings.
2023-12-02 18:44:08.177 [info] Snippets: No changes found during synchronizing snippets.
2023-12-02 18:44:08.185 [info] Tasks: No changes found during synchronizing tasks.
2023-12-02 18:44:08.195 [info] GlobalState: No changes found during synchronizing ui state.
2023-12-02 18:44:08.330 [info] Extensions: No changes found during synchronizing extensions.
2023-12-02 18:44:08.334 [info] Profiles: No changes found during synchronizing profiles.
2023-12-02 18:44:08.337 [info] Sync done. Took 847ms
