2023-12-01 19:02:00.136 [info] Using settings sync service https://vscode-sync.trafficmanager.net/
2023-12-01 19:02:00.136 [info] Auto Sync is enabled.
2023-12-01 19:02:00.136 [info] Auto Sync: Suspended until auth token is available.
2023-12-01 19:02:01.960 [info] Deleting non existing profile from backup /home/brian/.config/Code/User/sync/extensions
2023-12-01 19:02:01.991 [info] Deleting non existing profile from backup /home/brian/.config/Code/User/sync/globalState
2023-12-01 19:02:02.129 [info] Deleting non existing profile from backup /home/brian/.config/Code/User/sync/keybindings
2023-12-01 19:02:02.215 [info] Deleting non existing profile from backup /home/brian/.config/Code/User/sync/profiles
2023-12-01 19:02:02.371 [info] Deleting non existing profile from backup /home/brian/.config/Code/User/sync/settings
2023-12-01 19:02:02.419 [info] Deleting non existing profile from backup /home/brian/.config/Code/User/sync/snippets
2023-12-01 19:02:02.452 [info] Deleting non existing profile from backup /home/brian/.config/Code/User/sync/tasks
2023-12-01 19:02:04.824 [info] Auto Sync: Triggered by Interval
2023-12-01 19:02:04.824 [info] Sync started.
2023-12-01 19:02:05.774 [info] Settings: Last sync resource does not exist locally.
2023-12-01 19:02:05.973 [info] Settings: No changes found during synchronizing settings.
2023-12-01 19:02:05.975 [info] Keybindings: Last sync resource does not exist locally.
2023-12-01 19:02:06.144 [info] Keybindings: No changes found during synchronizing keybindings.
2023-12-01 19:02:06.149 [info] Snippets: Last sync resource does not exist locally.
2023-12-01 19:02:06.309 [info] Snippets: No changes found during synchronizing snippets.
2023-12-01 19:02:06.310 [info] Tasks: Last sync resource does not exist locally.
2023-12-01 19:02:06.466 [info] Tasks: No changes found during synchronizing tasks.
2023-12-01 19:02:06.469 [info] GlobalState: Last sync resource does not exist locally.
2023-12-01 19:02:06.791 [info] GlobalState: No changes found during synchronizing ui state.
2023-12-01 19:02:06.791 [info] Extensions: Last sync resource does not exist locally.
2023-12-01 19:02:07.056 [info] Extensions: No changes found during synchronizing extensions.
2023-12-01 19:02:07.062 [info] Profiles: Last sync resource does not exist locally.
2023-12-01 19:02:07.212 [info] Profiles: No changes found during synchronizing profiles.
2023-12-01 19:02:07.214 [info] Sync done. Took 2393ms
2023-12-01 19:02:47.305 [info] Auto Sync: Triggered by Activity
2023-12-01 19:02:47.305 [info] Sync started.
2023-12-01 19:02:47.478 [info] Settings: No changes found during synchronizing settings.
2023-12-01 19:02:47.496 [info] Keybindings: No changes found during synchronizing keybindings.
2023-12-01 19:02:47.512 [info] Snippets: No changes found during synchronizing snippets.
2023-12-01 19:02:47.567 [info] Tasks: No changes found during synchronizing tasks.
2023-12-01 19:02:47.589 [info] GlobalState: No changes found during synchronizing ui state.
2023-12-01 19:02:47.751 [info] Extensions: No changes found during synchronizing extensions.
2023-12-01 19:02:47.756 [info] Profiles: No changes found during synchronizing profiles.
2023-12-01 19:02:47.763 [info] Sync done. Took 456ms
2023-12-01 19:07:47.804 [info] Auto Sync: Triggered by Interval
2023-12-01 19:07:47.805 [info] Sync started.
2023-12-01 19:07:48.644 [info] Settings: No changes found during synchronizing settings.
2023-12-01 19:07:48.683 [info] Keybindings: No changes found during synchronizing keybindings.
2023-12-01 19:07:48.688 [info] Snippets: No changes found during synchronizing snippets.
2023-12-01 19:07:48.694 [info] Tasks: No changes found during synchronizing tasks.
2023-12-01 19:07:48.710 [info] GlobalState: No changes found during synchronizing ui state.
2023-12-01 19:07:48.866 [info] Extensions: No changes found during synchronizing extensions.
2023-12-01 19:07:48.868 [info] Profiles: No changes found during synchronizing profiles.
2023-12-01 19:07:48.870 [info] Sync done. Took 1067ms
2023-12-01 19:12:48.914 [info] Auto Sync: Triggered by Interval
2023-12-01 19:12:48.915 [info] Sync started.
2023-12-01 19:12:49.573 [info] Settings: No changes found during synchronizing settings.
2023-12-01 19:12:49.585 [info] Keybindings: No changes found during synchronizing keybindings.
2023-12-01 19:12:49.595 [info] Snippets: No changes found during synchronizing snippets.
2023-12-01 19:12:49.603 [info] Tasks: No changes found during synchronizing tasks.
2023-12-01 19:12:49.609 [info] GlobalState: No changes found during synchronizing ui state.
2023-12-01 19:12:49.766 [info] Extensions: No changes found during synchronizing extensions.
2023-12-01 19:12:49.771 [info] Profiles: No changes found during synchronizing profiles.
2023-12-01 19:12:49.772 [info] Sync done. Took 860ms
2023-12-01 19:17:49.816 [info] Auto Sync: Triggered by Interval
2023-12-01 19:17:49.816 [info] Sync started.
2023-12-01 19:17:50.500 [info] Settings: No changes found during synchronizing settings.
2023-12-01 19:17:50.509 [info] Keybindings: No changes found during synchronizing keybindings.
2023-12-01 19:17:50.519 [info] Snippets: No changes found during synchronizing snippets.
2023-12-01 19:17:50.526 [info] Tasks: No changes found during synchronizing tasks.
2023-12-01 19:17:50.532 [info] GlobalState: No changes found during synchronizing ui state.
2023-12-01 19:17:50.643 [info] Extensions: No changes found during synchronizing extensions.
2023-12-01 19:17:50.646 [info] Profiles: No changes found during synchronizing profiles.
2023-12-01 19:17:50.649 [info] Sync done. Took 834ms
2023-12-01 19:22:50.692 [info] Auto Sync: Triggered by Interval
2023-12-01 19:22:50.693 [info] Sync started.
2023-12-01 19:22:51.402 [info] Settings: No changes found during synchronizing settings.
2023-12-01 19:22:51.411 [info] Keybindings: No changes found during synchronizing keybindings.
2023-12-01 19:22:51.421 [info] Snippets: No changes found during synchronizing snippets.
2023-12-01 19:22:51.427 [info] Tasks: No changes found during synchronizing tasks.
2023-12-01 19:22:51.432 [info] GlobalState: No changes found during synchronizing ui state.
2023-12-01 19:22:51.535 [info] Extensions: No changes found during synchronizing extensions.
2023-12-01 19:22:51.539 [info] Profiles: No changes found during synchronizing profiles.
2023-12-01 19:22:51.541 [info] Sync done. Took 850ms
2023-12-01 19:27:51.584 [info] Auto Sync: Triggered by Interval
2023-12-01 19:27:51.584 [info] Sync started.
2023-12-01 19:27:52.265 [info] Settings: No changes found during synchronizing settings.
2023-12-01 19:27:52.275 [info] Keybindings: No changes found during synchronizing keybindings.
2023-12-01 19:27:52.283 [info] Snippets: No changes found during synchronizing snippets.
2023-12-01 19:27:52.290 [info] Tasks: No changes found during synchronizing tasks.
2023-12-01 19:27:52.296 [info] GlobalState: No changes found during synchronizing ui state.
2023-12-01 19:27:52.421 [info] Extensions: No changes found during synchronizing extensions.
2023-12-01 19:27:52.440 [info] Profiles: No changes found during synchronizing profiles.
2023-12-01 19:27:52.448 [info] Sync done. Took 865ms
2023-12-01 19:32:52.492 [info] Auto Sync: Triggered by Interval
2023-12-01 19:32:52.493 [info] Sync started.
2023-12-01 19:32:53.181 [info] Settings: No changes found during synchronizing settings.
2023-12-01 19:32:53.192 [info] Keybindings: No changes found during synchronizing keybindings.
2023-12-01 19:32:53.199 [info] Snippets: No changes found during synchronizing snippets.
2023-12-01 19:32:53.203 [info] Tasks: No changes found during synchronizing tasks.
2023-12-01 19:32:53.208 [info] GlobalState: No changes found during synchronizing ui state.
2023-12-01 19:32:53.321 [info] Extensions: No changes found during synchronizing extensions.
2023-12-01 19:32:53.323 [info] Profiles: No changes found during synchronizing profiles.
2023-12-01 19:32:53.325 [info] Sync done. Took 834ms
2023-12-01 19:37:53.372 [info] Auto Sync: Triggered by Interval
2023-12-01 19:37:53.373 [info] Sync started.
2023-12-01 19:37:54.091 [info] Settings: No changes found during synchronizing settings.
2023-12-01 19:37:54.102 [info] Keybindings: No changes found during synchronizing keybindings.
2023-12-01 19:37:54.108 [info] Snippets: No changes found during synchronizing snippets.
2023-12-01 19:37:54.111 [info] Tasks: No changes found during synchronizing tasks.
2023-12-01 19:37:54.116 [info] GlobalState: No changes found during synchronizing ui state.
2023-12-01 19:37:54.234 [info] Extensions: No changes found during synchronizing extensions.
2023-12-01 19:37:54.237 [info] Profiles: No changes found during synchronizing profiles.
2023-12-01 19:37:54.239 [info] Sync done. Took 868ms
2023-12-01 19:42:54.288 [info] Auto Sync: Triggered by Interval
2023-12-01 19:42:54.289 [info] Sync started.
2023-12-01 19:42:54.974 [info] Settings: No changes found during synchronizing settings.
2023-12-01 19:42:54.984 [info] Keybindings: No changes found during synchronizing keybindings.
2023-12-01 19:42:54.991 [info] Snippets: No changes found during synchronizing snippets.
2023-12-01 19:42:54.999 [info] Tasks: No changes found during synchronizing tasks.
2023-12-01 19:42:55.004 [info] GlobalState: No changes found during synchronizing ui state.
2023-12-01 19:42:55.154 [info] Extensions: No changes found during synchronizing extensions.
2023-12-01 19:42:55.161 [info] Profiles: No changes found during synchronizing profiles.
2023-12-01 19:42:55.163 [info] Sync done. Took 876ms
2023-12-01 19:47:55.213 [info] Auto Sync: Triggered by Interval
2023-12-01 19:47:55.213 [info] Sync started.
2023-12-01 19:47:55.997 [info] Settings: No changes found during synchronizing settings.
2023-12-01 19:47:56.002 [info] Keybindings: No changes found during synchronizing keybindings.
2023-12-01 19:47:56.006 [info] Snippets: No changes found during synchronizing snippets.
2023-12-01 19:47:56.009 [info] Tasks: No changes found during synchronizing tasks.
2023-12-01 19:47:56.014 [info] GlobalState: No changes found during synchronizing ui state.
2023-12-01 19:47:56.129 [info] Extensions: No changes found during synchronizing extensions.
2023-12-01 19:47:56.131 [info] Profiles: No changes found during synchronizing profiles.
2023-12-01 19:47:56.133 [info] Sync done. Took 921ms
2023-12-01 19:52:56.183 [info] Auto Sync: Triggered by Interval
2023-12-01 19:52:56.183 [info] Sync started.
2023-12-01 19:52:56.926 [info] Settings: No changes found during synchronizing settings.
2023-12-01 19:52:56.929 [info] Keybindings: No changes found during synchronizing keybindings.
2023-12-01 19:52:56.934 [info] Snippets: No changes found during synchronizing snippets.
2023-12-01 19:52:56.938 [info] Tasks: No changes found during synchronizing tasks.
2023-12-01 19:52:56.941 [info] GlobalState: No changes found during synchronizing ui state.
2023-12-01 19:52:57.065 [info] Extensions: No changes found during synchronizing extensions.
2023-12-01 19:52:57.067 [info] Profiles: No changes found during synchronizing profiles.
2023-12-01 19:52:57.069 [info] Sync done. Took 886ms
2023-12-01 19:57:57.102 [info] Auto Sync: Triggered by Interval
2023-12-01 19:57:57.103 [info] Sync started.
2023-12-01 19:57:58.150 [info] Settings: No changes found during synchronizing settings.
2023-12-01 19:57:58.154 [info] Keybindings: No changes found during synchronizing keybindings.
2023-12-01 19:57:58.158 [info] Snippets: No changes found during synchronizing snippets.
2023-12-01 19:57:58.162 [info] Tasks: No changes found during synchronizing tasks.
2023-12-01 19:57:58.166 [info] GlobalState: No changes found during synchronizing ui state.
2023-12-01 19:57:58.285 [info] Extensions: No changes found during synchronizing extensions.
2023-12-01 19:57:58.288 [info] Profiles: No changes found during synchronizing profiles.
2023-12-01 19:57:58.290 [info] Sync done. Took 1188ms
2023-12-01 20:02:58.305 [info] Auto Sync: Triggered by Interval
2023-12-01 20:02:58.306 [info] Sync started.
2023-12-01 20:02:59.053 [info] Settings: No changes found during synchronizing settings.
2023-12-01 20:02:59.056 [info] Keybindings: No changes found during synchronizing keybindings.
2023-12-01 20:02:59.060 [info] Snippets: No changes found during synchronizing snippets.
2023-12-01 20:02:59.063 [info] Tasks: No changes found during synchronizing tasks.
2023-12-01 20:02:59.067 [info] GlobalState: No changes found during synchronizing ui state.
2023-12-01 20:02:59.162 [info] Extensions: No changes found during synchronizing extensions.
2023-12-01 20:02:59.166 [info] Profiles: No changes found during synchronizing profiles.
2023-12-01 20:02:59.170 [info] Sync done. Took 865ms
2023-12-01 20:07:59.223 [info] Auto Sync: Triggered by Interval
2023-12-01 20:07:59.224 [info] Sync started.
2023-12-01 20:08:00.240 [info] Settings: No changes found during synchronizing settings.
2023-12-01 20:08:00.247 [info] Keybindings: No changes found during synchronizing keybindings.
2023-12-01 20:08:00.257 [info] Snippets: No changes found during synchronizing snippets.
2023-12-01 20:08:00.265 [info] Tasks: No changes found during synchronizing tasks.
2023-12-01 20:08:00.273 [info] GlobalState: No changes found during synchronizing ui state.
2023-12-01 20:08:00.410 [info] Extensions: No changes found during synchronizing extensions.
2023-12-01 20:08:00.413 [info] Profiles: No changes found during synchronizing profiles.
2023-12-01 20:08:00.415 [info] Sync done. Took 1192ms
2023-12-01 20:13:00.470 [info] Auto Sync: Triggered by Interval
2023-12-01 20:13:00.471 [info] Sync started.
2023-12-01 20:13:01.204 [info] Settings: No changes found during synchronizing settings.
2023-12-01 20:13:01.212 [info] Keybindings: No changes found during synchronizing keybindings.
2023-12-01 20:13:01.221 [info] Snippets: No changes found during synchronizing snippets.
2023-12-01 20:13:01.229 [info] Tasks: No changes found during synchronizing tasks.
2023-12-01 20:13:01.238 [info] GlobalState: No changes found during synchronizing ui state.
2023-12-01 20:13:01.351 [info] Extensions: No changes found during synchronizing extensions.
2023-12-01 20:13:01.353 [info] Profiles: No changes found during synchronizing profiles.
2023-12-01 20:13:01.355 [info] Sync done. Took 886ms
2023-12-01 20:18:01.412 [info] Auto Sync: Triggered by Interval
2023-12-01 20:18:01.412 [info] Sync started.
2023-12-01 20:18:02.145 [info] Settings: No changes found during synchronizing settings.
2023-12-01 20:18:02.154 [info] Keybindings: No changes found during synchronizing keybindings.
2023-12-01 20:18:02.162 [info] Snippets: No changes found during synchronizing snippets.
2023-12-01 20:18:02.192 [info] Tasks: No changes found during synchronizing tasks.
2023-12-01 20:18:02.196 [info] GlobalState: No changes found during synchronizing ui state.
2023-12-01 20:18:02.365 [info] Extensions: No changes found during synchronizing extensions.
2023-12-01 20:18:02.369 [info] Profiles: No changes found during synchronizing profiles.
2023-12-01 20:18:02.373 [info] Sync done. Took 961ms
2023-12-01 20:23:02.443 [info] Auto Sync: Triggered by Interval
2023-12-01 20:23:02.444 [info] Sync started.
2023-12-01 20:23:03.281 [info] Settings: No changes found during synchronizing settings.
2023-12-01 20:23:03.289 [info] Keybindings: No changes found during synchronizing keybindings.
2023-12-01 20:23:03.297 [info] Snippets: No changes found during synchronizing snippets.
2023-12-01 20:23:03.305 [info] Tasks: No changes found during synchronizing tasks.
2023-12-01 20:23:03.313 [info] GlobalState: No changes found during synchronizing ui state.
2023-12-01 20:23:03.420 [info] Extensions: No changes found during synchronizing extensions.
2023-12-01 20:23:03.423 [info] Profiles: No changes found during synchronizing profiles.
2023-12-01 20:23:03.425 [info] Sync done. Took 984ms
2023-12-01 20:28:03.480 [info] Auto Sync: Triggered by Interval
2023-12-01 20:28:03.481 [info] Sync started.
2023-12-01 20:28:04.514 [info] Settings: No changes found during synchronizing settings.
2023-12-01 20:28:04.524 [info] Keybindings: No changes found during synchronizing keybindings.
2023-12-01 20:28:04.533 [info] Snippets: No changes found during synchronizing snippets.
2023-12-01 20:28:04.547 [info] Tasks: No changes found during synchronizing tasks.
2023-12-01 20:28:04.559 [info] GlobalState: No changes found during synchronizing ui state.
2023-12-01 20:28:04.702 [info] Extensions: No changes found during synchronizing extensions.
2023-12-01 20:28:04.707 [info] Profiles: No changes found during synchronizing profiles.
2023-12-01 20:28:04.709 [info] Sync done. Took 1230ms
2023-12-01 20:33:04.711 [info] Auto Sync: Triggered by Interval
2023-12-01 20:33:04.712 [info] Sync started.
2023-12-01 20:33:05.468 [info] Settings: No changes found during synchronizing settings.
2023-12-01 20:33:05.471 [info] Keybindings: No changes found during synchronizing keybindings.
2023-12-01 20:33:05.475 [info] Snippets: No changes found during synchronizing snippets.
2023-12-01 20:33:05.478 [info] Tasks: No changes found during synchronizing tasks.
2023-12-01 20:33:05.481 [info] GlobalState: No changes found during synchronizing ui state.
2023-12-01 20:33:05.558 [info] Extensions: No changes found during synchronizing extensions.
2023-12-01 20:33:05.559 [info] Profiles: No changes found during synchronizing profiles.
2023-12-01 20:33:05.561 [info] Sync done. Took 850ms
2023-12-01 20:38:05.563 [info] Auto Sync: Triggered by Interval
2023-12-01 20:38:05.564 [info] Sync started.
2023-12-01 20:38:06.264 [info] Settings: No changes found during synchronizing settings.
2023-12-01 20:38:06.272 [info] Keybindings: No changes found during synchronizing keybindings.
2023-12-01 20:38:06.283 [info] Snippets: No changes found during synchronizing snippets.
2023-12-01 20:38:06.289 [info] Tasks: No changes found during synchronizing tasks.
2023-12-01 20:38:06.294 [info] GlobalState: No changes found during synchronizing ui state.
2023-12-01 20:38:06.404 [info] Extensions: No changes found during synchronizing extensions.
2023-12-01 20:38:06.406 [info] Profiles: No changes found during synchronizing profiles.
2023-12-01 20:38:06.408 [info] Sync done. Took 845ms
2023-12-01 20:43:06.411 [info] Auto Sync: Triggered by Interval
2023-12-01 20:43:06.412 [info] Sync started.
2023-12-01 20:43:07.169 [info] Settings: No changes found during synchronizing settings.
2023-12-01 20:43:07.177 [info] Keybindings: No changes found during synchronizing keybindings.
2023-12-01 20:43:07.187 [info] Snippets: No changes found during synchronizing snippets.
2023-12-01 20:43:07.194 [info] Tasks: No changes found during synchronizing tasks.
2023-12-01 20:43:07.201 [info] GlobalState: No changes found during synchronizing ui state.
2023-12-01 20:43:07.302 [info] Extensions: No changes found during synchronizing extensions.
2023-12-01 20:43:07.304 [info] Profiles: No changes found during synchronizing profiles.
2023-12-01 20:43:07.306 [info] Sync done. Took 895ms
2023-12-01 20:48:07.308 [info] Auto Sync: Triggered by Interval
2023-12-01 20:48:07.308 [info] Sync started.
2023-12-01 20:48:08.101 [info] Settings: No changes found during synchronizing settings.
2023-12-01 20:48:08.110 [info] Keybindings: No changes found during synchronizing keybindings.
2023-12-01 20:48:08.121 [info] Snippets: No changes found during synchronizing snippets.
2023-12-01 20:48:08.127 [info] Tasks: No changes found during synchronizing tasks.
2023-12-01 20:48:08.132 [info] GlobalState: No changes found during synchronizing ui state.
2023-12-01 20:48:08.225 [info] Extensions: No changes found during synchronizing extensions.
2023-12-01 20:48:08.229 [info] Profiles: No changes found during synchronizing profiles.
2023-12-01 20:48:08.231 [info] Sync done. Took 924ms
2023-12-01 20:50:54.779 [info] Auto Sync: Triggered by Activity
2023-12-01 20:50:54.779 [info] Sync started.
