2023-12-02 20:28:22.253 [info] Log level: Info
2023-12-02 20:28:22.253 [info] Validating found git in: "git"
2023-12-02 20:28:22.253 [info] Using git "2.17.1" from "git"
2023-12-02 20:28:22.253 [info] > git rev-parse --show-toplevel [4ms]
2023-12-02 20:28:22.256 [info] > git rev-parse --git-dir --git-common-dir [10ms]
2023-12-02 20:28:22.301 [info] Open repository: /home/brian/goal
2023-12-02 20:28:22.381 [info] > git rev-parse --show-toplevel [61ms]
2023-12-02 20:28:22.383 [info] > git config --get commit.template [69ms]
2023-12-02 20:28:22.416 [info] No remotes found in the git config file.
2023-12-02 20:28:22.418 [info] > git rev-parse --git-dir --git-common-dir [20ms]
2023-12-02 20:28:22.430 [info] Open repository: /home/brian/goal/phase-0-html-tag-lab
2023-12-02 20:28:22.449 [info] > git for-each-ref --format=%(refname)%00%(upstream:short)%00%(objectname)%00%(upstream:track)%00%(upstream:remotename)%00%(upstream:remoteref) refs/heads/master refs/remotes/master [34ms]
2023-12-02 20:28:22.484 [info] > git status -z -uall [23ms]
2023-12-02 20:28:22.528 [info] > git config --get commit.template [80ms]
2023-12-02 20:28:22.563 [info] > git config --get commit.template [16ms]
2023-12-02 20:28:22.582 [info] No remotes found in the git config file.
2023-12-02 20:28:22.582 [info] > git for-each-ref --format=%(refname)%00%(upstream:short)%00%(objectname)%00%(upstream:track)%00%(upstream:remotename)%00%(upstream:remoteref) refs/heads/master refs/remotes/master [22ms]
2023-12-02 20:28:22.604 [info] > git for-each-ref --format=%(refname)%00%(upstream:short)%00%(objectname)%00%(upstream:track)%00%(upstream:remotename)%00%(upstream:remoteref) refs/heads/master refs/remotes/master [23ms]
2023-12-02 20:28:22.617 [info] > git status -z -uall [15ms]
2023-12-02 20:28:22.618 [info] > git status -z -uall [5ms]
2023-12-02 20:28:22.643 [info] > git config --get commit.template [2ms]
2023-12-02 20:28:22.660 [info] > git for-each-ref --format=%(refname)%00%(upstream:short)%00%(objectname)%00%(upstream:track)%00%(upstream:remotename)%00%(upstream:remoteref) refs/heads/master refs/remotes/master [2ms]
2023-12-02 20:28:22.673 [info] > git status -z -uall [3ms]
2023-12-02 20:28:23.024 [info] > git check-ignore -v -z --stdin [29ms]
2023-12-02 20:28:23.028 [info] > git check-ignore -v -z --stdin [9ms]
2023-12-02 20:28:30.790 [info] > git show --textconv :index.html [19ms]
2023-12-02 20:28:30.799 [info] > git ls-files --stage -- /home/brian/goal/index.html [12ms]
2023-12-02 20:28:47.319 [info] > git config --get commit.template [3ms]
2023-12-02 20:28:47.334 [info] No remotes found in the git config file.
2023-12-02 20:28:47.337 [info] > git for-each-ref --format=%(refname)%00%(upstream:short)%00%(objectname)%00%(upstream:track)%00%(upstream:remotename)%00%(upstream:remoteref) refs/heads/master refs/remotes/master [3ms]
2023-12-02 20:28:47.347 [info] > git status -z -uall [2ms]
2023-12-02 20:29:06.298 [info] > git config --get commit.template [3ms]
2023-12-02 20:29:06.307 [info] No remotes found in the git config file.
2023-12-02 20:29:06.309 [info] > git for-each-ref --format=%(refname)%00%(upstream:short)%00%(objectname)%00%(upstream:track)%00%(upstream:remotename)%00%(upstream:remoteref) refs/heads/master refs/remotes/master [3ms]
2023-12-02 20:29:06.321 [info] > git status -z -uall [3ms]
2023-12-02 20:29:06.407 [info] > git ls-files --stage -- /home/brian/goal/index.html [3ms]
2023-12-02 20:29:06.428 [info] > git show --textconv :index.html [4ms]
2023-12-02 20:29:10.000 [info] > git ls-files --stage -- /home/brian/goal/index.html [4ms]
2023-12-02 20:29:10.009 [info] > git cat-file -s 50773e24c61484708f47caf8174ee8d1d50c518d [2ms]
2023-12-02 20:29:10.019 [info] > git show --textconv :index.html [1ms]
2023-12-02 20:29:11.350 [info] > git config --get commit.template [2ms]
2023-12-02 20:29:11.351 [info] No remotes found in the git config file.
2023-12-02 20:29:11.359 [info] > git for-each-ref --format=%(refname)%00%(upstream:short)%00%(objectname)%00%(upstream:track)%00%(upstream:remotename)%00%(upstream:remoteref) refs/heads/master refs/remotes/master [2ms]
2023-12-02 20:29:11.373 [info] > git status -z -uall [6ms]
2023-12-02 20:30:55.104 [info] > git config --get commit.template [1ms]
2023-12-02 20:30:55.110 [info] > git for-each-ref --format=%(refname)%00%(upstream:short)%00%(objectname)%00%(upstream:track)%00%(upstream:remotename)%00%(upstream:remoteref) refs/heads/master refs/remotes/master [1ms]
2023-12-02 20:30:55.120 [info] > git status -z -uall [4ms]
2023-12-02 20:30:55.214 [info] > git ls-files --stage -- /home/brian/goal/index.html [3ms]
2023-12-02 20:30:55.231 [info] > git cat-file -s 50773e24c61484708f47caf8174ee8d1d50c518d [6ms]
2023-12-02 20:30:55.254 [info] > git show --textconv :index.html [5ms]
2023-12-02 20:33:24.382 [info] > git for-each-ref --sort -committerdate --format %(refname) %(objectname) %(*objectname) [4ms]
2023-12-02 20:33:30.823 [info] > git checkout -q -b main --no-track HEAD [4ms]
2023-12-02 20:33:30.823 [info] fatal: 'HEAD' is not a commit and a branch 'main' cannot be created from it
2023-12-02 20:33:30.837 [info] > git config --get commit.template [6ms]
2023-12-02 20:33:30.838 [info] > git for-each-ref --format=%(refname)%00%(upstream:short)%00%(objectname)%00%(upstream:track)%00%(upstream:remotename)%00%(upstream:remoteref) refs/heads/master refs/remotes/master [2ms]
2023-12-02 20:33:30.848 [info] > git status -z -uall [4ms]
2023-12-02 20:33:37.357 [info] > git for-each-ref --sort -committerdate --format %(refname) %(objectname) %(*objectname) [2ms]
2023-12-02 20:33:45.689 [info] > git checkout -q -b main --no-track HEAD [3ms]
2023-12-02 20:33:45.689 [info] fatal: 'HEAD' is not a commit and a branch 'main' cannot be created from it
2023-12-02 20:33:45.701 [info] > git config --get commit.template [6ms]
2023-12-02 20:33:45.702 [info] > git for-each-ref --format=%(refname)%00%(upstream:short)%00%(objectname)%00%(upstream:track)%00%(upstream:remotename)%00%(upstream:remoteref) refs/heads/master refs/remotes/master [2ms]
2023-12-02 20:33:45.714 [info] > git status -z -uall [4ms]
2023-12-02 20:34:13.719 [info] > git config --get commit.template [3ms]
2023-12-02 20:34:13.735 [info] > git for-each-ref --format=%(refname)%00%(upstream:short)%00%(objectname)%00%(upstream:track)%00%(upstream:remotename)%00%(upstream:remoteref) refs/heads/master refs/remotes/master [4ms]
2023-12-02 20:34:13.745 [info] > git status -z -uall [2ms]
2023-12-02 20:35:12.445 [info] > git config --get commit.template [15ms]
2023-12-02 20:35:12.448 [info] > git for-each-ref --format=%(refname)%00%(upstream:short)%00%(objectname)%00%(upstream:track)%00%(upstream:remotename)%00%(upstream:remoteref) refs/heads/master refs/remotes/master [5ms]
2023-12-02 20:35:12.461 [info] > git status -z -uall [5ms]
2023-12-02 20:35:12.531 [info] > git ls-files --stage -- /home/brian/goal/index.html [2ms]
2023-12-02 20:35:12.540 [info] > git cat-file -s 50773e24c61484708f47caf8174ee8d1d50c518d [1ms]
2023-12-02 20:35:12.551 [info] > git show --textconv :index.html [2ms]
2023-12-02 20:35:43.617 [info] > git config --get commit.template [7ms]
2023-12-02 20:35:43.618 [info] > git for-each-ref --format=%(refname)%00%(upstream:short)%00%(objectname)%00%(upstream:track)%00%(upstream:remotename)%00%(upstream:remoteref) refs/heads/main refs/remotes/main [2ms]
2023-12-02 20:35:43.629 [info] > git status -z -uall [4ms]
2023-12-02 20:35:43.714 [info] > git ls-files --stage -- /home/brian/goal/index.html [1ms]
2023-12-02 20:35:43.721 [info] > git cat-file -s 50773e24c61484708f47caf8174ee8d1d50c518d [2ms]
2023-12-02 20:35:43.731 [info] > git show --textconv :index.html [1ms]
2023-12-02 20:36:49.839 [info] > git config --get commit.template [7ms]
2023-12-02 20:36:49.840 [info] > git for-each-ref --format=%(refname)%00%(upstream:short)%00%(objectname)%00%(upstream:track)%00%(upstream:remotename)%00%(upstream:remoteref) refs/heads/main refs/remotes/main [2ms]
2023-12-02 20:36:49.850 [info] > git status -z -uall [4ms]
2023-12-02 20:36:54.872 [info] > git config --get commit.template [7ms]
2023-12-02 20:36:54.873 [info] > git for-each-ref --format=%(refname)%00%(upstream:short)%00%(objectname)%00%(upstream:track)%00%(upstream:remotename)%00%(upstream:remoteref) refs/heads/main refs/remotes/main [2ms]
2023-12-02 20:36:54.883 [info] > git status -z -uall [4ms]
2023-12-02 20:38:13.295 [info] > git config --get commit.template [7ms]
2023-12-02 20:38:13.305 [info] > git for-each-ref --format=%(refname)%00%(upstream:short)%00%(objectname)%00%(upstream:track)%00%(upstream:remotename)%00%(upstream:remoteref) refs/heads/master refs/remotes/master [2ms]
2023-12-02 20:38:13.315 [info] > git status -z -uall [2ms]
