2023-12-02 18:19:22.409 [info] Using settings sync service https://vscode-sync.trafficmanager.net/
2023-12-02 18:19:22.409 [info] Auto Sync is enabled.
2023-12-02 18:19:22.409 [info] Auto Sync: Suspended until auth token is available.
2023-12-02 18:19:23.466 [info] Deleting non existing profile from backup /home/brian/.config/Code/User/sync/extensions
2023-12-02 18:19:23.699 [info] Deleting non existing profile from backup /home/brian/.config/Code/User/sync/globalState
2023-12-02 18:19:23.918 [info] Deleting non existing profile from backup /home/brian/.config/Code/User/sync/keybindings
2023-12-02 18:19:23.966 [info] Deleting non existing profile from backup /home/brian/.config/Code/User/sync/profiles
2023-12-02 18:19:24.167 [info] Deleting non existing profile from backup /home/brian/.config/Code/User/sync/settings
2023-12-02 18:19:24.230 [info] Deleting non existing profile from backup /home/brian/.config/Code/User/sync/snippets
2023-12-02 18:19:24.335 [info] Deleting non existing profile from backup /home/brian/.config/Code/User/sync/tasks
2023-12-02 18:19:25.458 [info] Auto Sync: Triggered by Interval
2023-12-02 18:19:25.461 [info] Sync started.
2023-12-02 18:19:26.458 [info] Settings: Last sync resource does not exist locally.
2023-12-02 18:19:27.364 [info] Settings: No changes found during synchronizing settings.
2023-12-02 18:19:27.494 [info] Keybindings: Last sync resource does not exist locally.
2023-12-02 18:19:27.661 [info] Keybindings: No changes found during synchronizing keybindings.
2023-12-02 18:19:27.663 [info] Snippets: Last sync resource does not exist locally.
2023-12-02 18:19:27.816 [info] Snippets: No changes found during synchronizing snippets.
2023-12-02 18:19:27.817 [info] Tasks: Last sync resource does not exist locally.
2023-12-02 18:19:27.974 [info] Tasks: No changes found during synchronizing tasks.
2023-12-02 18:19:27.975 [info] GlobalState: Last sync resource does not exist locally.
2023-12-02 18:19:28.273 [info] GlobalState: No changes found during synchronizing ui state.
2023-12-02 18:19:28.275 [info] Extensions: Last sync resource does not exist locally.
2023-12-02 18:19:28.533 [info] Extensions: No changes found during synchronizing extensions.
2023-12-02 18:19:28.535 [info] Profiles: Last sync resource does not exist locally.
2023-12-02 18:19:28.696 [info] Profiles: No changes found during synchronizing profiles.
2023-12-02 18:19:28.700 [info] Sync done. Took 3243ms
2023-12-02 18:20:03.128 [info] Auto Sync: Triggered by Activity
2023-12-02 18:20:03.129 [info] Sync started.
2023-12-02 18:20:03.323 [info] Settings: No changes found during synchronizing settings.
2023-12-02 18:20:03.336 [info] Keybindings: No changes found during synchronizing keybindings.
2023-12-02 18:20:03.342 [info] Snippets: No changes found during synchronizing snippets.
2023-12-02 18:20:03.347 [info] Tasks: No changes found during synchronizing tasks.
2023-12-02 18:20:03.352 [info] GlobalState: No changes found during synchronizing ui state.
2023-12-02 18:20:03.487 [info] Extensions: No changes found during synchronizing extensions.
2023-12-02 18:20:03.491 [info] Profiles: No changes found during synchronizing profiles.
2023-12-02 18:20:03.496 [info] Sync done. Took 370ms
2023-12-02 18:21:01.152 [info] Auto Sync: Triggered by Activity
2023-12-02 18:21:01.153 [info] Sync started.
2023-12-02 18:21:01.317 [info] Settings: No changes found during synchronizing settings.
2023-12-02 18:21:01.322 [info] Keybindings: No changes found during synchronizing keybindings.
2023-12-02 18:21:01.326 [info] Snippets: No changes found during synchronizing snippets.
2023-12-02 18:21:01.331 [info] Tasks: No changes found during synchronizing tasks.
2023-12-02 18:21:01.335 [info] GlobalState: No changes found during synchronizing ui state.
2023-12-02 18:21:01.497 [info] Extensions: No changes found during synchronizing extensions.
2023-12-02 18:21:01.499 [info] Profiles: No changes found during synchronizing profiles.
2023-12-02 18:21:01.501 [info] Sync done. Took 351ms
2023-12-02 18:21:32.648 [info] Auto Sync: Triggered by Activity
2023-12-02 18:21:32.649 [info] Sync started.
2023-12-02 18:21:32.822 [info] Settings: No changes found during synchronizing settings.
2023-12-02 18:21:32.832 [info] Keybindings: No changes found during synchronizing keybindings.
2023-12-02 18:21:32.842 [info] Snippets: No changes found during synchronizing snippets.
2023-12-02 18:21:32.847 [info] Tasks: No changes found during synchronizing tasks.
2023-12-02 18:21:32.853 [info] GlobalState: No changes found during synchronizing ui state.
2023-12-02 18:21:33.005 [info] Extensions: No changes found during synchronizing extensions.
2023-12-02 18:21:33.008 [info] Profiles: No changes found during synchronizing profiles.
2023-12-02 18:21:33.010 [info] Sync done. Took 363ms
2023-12-02 18:22:23.218 [info] Auto Sync: Triggered by Activity
2023-12-02 18:22:23.219 [info] Sync started.
2023-12-02 18:22:23.380 [info] Settings: No changes found during synchronizing settings.
2023-12-02 18:22:23.385 [info] Keybindings: No changes found during synchronizing keybindings.
2023-12-02 18:22:23.391 [info] Snippets: No changes found during synchronizing snippets.
2023-12-02 18:22:23.396 [info] Tasks: No changes found during synchronizing tasks.
2023-12-02 18:22:23.402 [info] GlobalState: No changes found during synchronizing ui state.
2023-12-02 18:22:23.550 [info] Extensions: No changes found during synchronizing extensions.
2023-12-02 18:22:23.553 [info] Profiles: No changes found during synchronizing profiles.
2023-12-02 18:22:23.555 [info] Sync done. Took 338ms
2023-12-02 18:23:32.856 [info] Auto Sync: Triggered by Activity
2023-12-02 18:23:32.857 [info] Sync started.
2023-12-02 18:23:33.028 [info] Settings: No changes found during synchronizing settings.
2023-12-02 18:23:33.040 [info] Keybindings: No changes found during synchronizing keybindings.
2023-12-02 18:23:33.050 [info] Snippets: No changes found during synchronizing snippets.
2023-12-02 18:23:33.057 [info] Tasks: No changes found during synchronizing tasks.
2023-12-02 18:23:33.061 [info] GlobalState: No changes found during synchronizing ui state.
2023-12-02 18:23:33.198 [info] Extensions: No changes found during synchronizing extensions.
2023-12-02 18:23:33.203 [info] Profiles: No changes found during synchronizing profiles.
2023-12-02 18:23:33.208 [info] Sync done. Took 351ms
2023-12-02 18:23:52.770 [info] Auto Sync: Triggered by Activity
2023-12-02 18:23:52.771 [info] Sync started.
2023-12-02 18:23:52.941 [info] Settings: No changes found during synchronizing settings.
2023-12-02 18:23:52.951 [info] Keybindings: No changes found during synchronizing keybindings.
2023-12-02 18:23:52.960 [info] Snippets: No changes found during synchronizing snippets.
2023-12-02 18:23:52.967 [info] Tasks: No changes found during synchronizing tasks.
2023-12-02 18:23:52.971 [info] GlobalState: No changes found during synchronizing ui state.
2023-12-02 18:23:53.090 [info] Extensions: No changes found during synchronizing extensions.
2023-12-02 18:23:53.092 [info] Profiles: No changes found during synchronizing profiles.
2023-12-02 18:23:53.095 [info] Sync done. Took 328ms
2023-12-02 18:24:35.910 [info] Auto Sync: Triggered by Activity
2023-12-02 18:24:35.911 [info] Sync started.
2023-12-02 18:24:36.105 [info] Settings: No changes found during synchronizing settings.
2023-12-02 18:24:36.122 [info] Keybindings: No changes found during synchronizing keybindings.
2023-12-02 18:24:36.138 [info] Snippets: No changes found during synchronizing snippets.
2023-12-02 18:24:36.150 [info] Tasks: No changes found during synchronizing tasks.
2023-12-02 18:24:36.163 [info] GlobalState: No changes found during synchronizing ui state.
2023-12-02 18:24:36.344 [info] Extensions: No changes found during synchronizing extensions.
2023-12-02 18:24:36.352 [info] Profiles: No changes found during synchronizing profiles.
2023-12-02 18:24:36.354 [info] Sync done. Took 445ms
2023-12-02 18:24:53.668 [info] Auto Sync: Triggered by Activity
2023-12-02 18:24:53.669 [info] Sync started.
2023-12-02 18:24:53.845 [info] Settings: No changes found during synchronizing settings.
2023-12-02 18:24:53.854 [info] Keybindings: No changes found during synchronizing keybindings.
2023-12-02 18:24:53.862 [info] Snippets: No changes found during synchronizing snippets.
2023-12-02 18:24:53.868 [info] Tasks: No changes found during synchronizing tasks.
2023-12-02 18:24:53.875 [info] GlobalState: No changes found during synchronizing ui state.
2023-12-02 18:24:53.972 [info] Extensions: No changes found during synchronizing extensions.
2023-12-02 18:24:53.975 [info] Profiles: No changes found during synchronizing profiles.
2023-12-02 18:24:53.976 [info] Sync done. Took 309ms
2023-12-02 18:25:51.935 [info] Auto Sync: Triggered by Activity
2023-12-02 18:25:51.938 [info] Sync started.
2023-12-02 18:25:52.157 [info] Settings: No changes found during synchronizing settings.
2023-12-02 18:25:52.169 [info] Keybindings: No changes found during synchronizing keybindings.
2023-12-02 18:25:52.182 [info] Snippets: No changes found during synchronizing snippets.
2023-12-02 18:25:52.195 [info] Tasks: No changes found during synchronizing tasks.
2023-12-02 18:25:52.211 [info] GlobalState: No changes found during synchronizing ui state.
2023-12-02 18:25:52.389 [info] Extensions: No changes found during synchronizing extensions.
2023-12-02 18:25:52.391 [info] Profiles: No changes found during synchronizing profiles.
2023-12-02 18:25:52.393 [info] Sync done. Took 459ms
2023-12-02 18:27:06.328 [info] Auto Sync: Triggered by Activity
2023-12-02 18:27:06.329 [info] Sync started.
2023-12-02 18:27:06.489 [info] Settings: No changes found during synchronizing settings.
2023-12-02 18:27:06.496 [info] Keybindings: No changes found during synchronizing keybindings.
2023-12-02 18:27:06.500 [info] Snippets: No changes found during synchronizing snippets.
2023-12-02 18:27:06.504 [info] Tasks: No changes found during synchronizing tasks.
2023-12-02 18:27:06.508 [info] GlobalState: No changes found during synchronizing ui state.
2023-12-02 18:27:06.638 [info] Extensions: No changes found during synchronizing extensions.
2023-12-02 18:27:06.642 [info] Profiles: No changes found during synchronizing profiles.
2023-12-02 18:27:06.642 [info] Sync done. Took 314ms
2023-12-02 18:27:39.358 [info] Auto Sync: Triggered by Activity
2023-12-02 18:27:39.360 [info] Sync started.
2023-12-02 18:27:39.524 [info] Settings: No changes found during synchronizing settings.
2023-12-02 18:27:39.537 [info] Keybindings: No changes found during synchronizing keybindings.
2023-12-02 18:27:39.546 [info] Snippets: No changes found during synchronizing snippets.
2023-12-02 18:27:39.555 [info] Tasks: No changes found during synchronizing tasks.
2023-12-02 18:27:39.562 [info] GlobalState: No changes found during synchronizing ui state.
2023-12-02 18:27:39.694 [info] Extensions: No changes found during synchronizing extensions.
2023-12-02 18:27:39.698 [info] Profiles: No changes found during synchronizing profiles.
2023-12-02 18:27:39.700 [info] Sync done. Took 343ms
2023-12-02 18:27:53.407 [info] Auto Sync: Triggered by Activity
2023-12-02 18:27:53.407 [info] Sync started.
2023-12-02 18:27:53.566 [info] Settings: No changes found during synchronizing settings.
2023-12-02 18:27:53.573 [info] Keybindings: No changes found during synchronizing keybindings.
2023-12-02 18:27:53.577 [info] Snippets: No changes found during synchronizing snippets.
2023-12-02 18:27:53.580 [info] Tasks: No changes found during synchronizing tasks.
2023-12-02 18:27:53.584 [info] GlobalState: No changes found during synchronizing ui state.
2023-12-02 18:27:53.704 [info] Extensions: No changes found during synchronizing extensions.
2023-12-02 18:27:53.707 [info] Profiles: No changes found during synchronizing profiles.
2023-12-02 18:27:53.709 [info] Sync done. Took 304ms
2023-12-02 18:29:15.192 [info] Auto Sync: Triggered by Activity
2023-12-02 18:29:15.193 [info] Sync started.
2023-12-02 18:29:15.390 [info] Settings: No changes found during synchronizing settings.
2023-12-02 18:29:15.401 [info] Keybindings: No changes found during synchronizing keybindings.
2023-12-02 18:29:15.410 [info] Snippets: No changes found during synchronizing snippets.
2023-12-02 18:29:15.420 [info] Tasks: No changes found during synchronizing tasks.
2023-12-02 18:29:15.429 [info] GlobalState: No changes found during synchronizing ui state.
2023-12-02 18:29:15.552 [info] Extensions: No changes found during synchronizing extensions.
2023-12-02 18:29:15.558 [info] Profiles: No changes found during synchronizing profiles.
2023-12-02 18:29:15.561 [info] Sync done. Took 369ms
2023-12-02 18:29:53.532 [info] Auto Sync: Triggered by Activity
2023-12-02 18:29:53.533 [info] Sync started.
2023-12-02 18:29:53.698 [info] Settings: No changes found during synchronizing settings.
2023-12-02 18:29:53.708 [info] Keybindings: No changes found during synchronizing keybindings.
2023-12-02 18:29:53.737 [info] Snippets: No changes found during synchronizing snippets.
2023-12-02 18:29:53.739 [info] Tasks: No changes found during synchronizing tasks.
2023-12-02 18:29:53.751 [info] GlobalState: No changes found during synchronizing ui state.
2023-12-02 18:29:53.944 [info] Extensions: No changes found during synchronizing extensions.
2023-12-02 18:29:53.950 [info] Profiles: No changes found during synchronizing profiles.
2023-12-02 18:29:53.952 [info] Sync done. Took 421ms
2023-12-02 18:30:27.723 [info] Auto Sync: Triggered by Activity
2023-12-02 18:30:27.724 [info] Sync started.
2023-12-02 18:30:27.995 [info] Settings: No changes found during synchronizing settings.
2023-12-02 18:30:28.007 [info] Keybindings: No changes found during synchronizing keybindings.
2023-12-02 18:30:28.019 [info] Snippets: No changes found during synchronizing snippets.
2023-12-02 18:30:28.026 [info] Tasks: No changes found during synchronizing tasks.
2023-12-02 18:30:28.032 [info] GlobalState: No changes found during synchronizing ui state.
2023-12-02 18:30:28.163 [info] Extensions: No changes found during synchronizing extensions.
2023-12-02 18:30:28.170 [info] Profiles: No changes found during synchronizing profiles.
2023-12-02 18:30:28.174 [info] Sync done. Took 452ms
