2023-12-02 18:31:06.652 [info] Log level: Info
2023-12-02 18:31:06.652 [info] Validating found git in: "git"
2023-12-02 18:31:06.652 [info] Using git "2.17.1" from "git"
2023-12-02 18:31:06.652 [info] > git rev-parse --show-toplevel [19ms]
2023-12-02 18:31:06.652 [info] > git rev-parse --git-dir --git-common-dir [8ms]
2023-12-02 18:31:06.652 [info] Open repository: /home/brian
2023-12-02 18:31:06.654 [info] > git rev-parse --show-toplevel [12ms]
2023-12-02 18:31:06.655 [info] > git config --get commit.template [18ms]
2023-12-02 18:31:06.672 [info] > git rev-parse --show-toplevel [8ms]
2023-12-02 18:31:06.680 [info] > git for-each-ref --format=%(refname)%00%(upstream:short)%00%(objectname)%00%(upstream:track)%00%(upstream:remotename)%00%(upstream:remoteref) refs/heads/main refs/remotes/main [11ms]
2023-12-02 18:31:06.695 [info] > git rev-parse --show-toplevel [16ms]
2023-12-02 18:31:06.726 [info] > git rev-parse --show-toplevel [20ms]
2023-12-02 18:31:06.744 [info] > git rev-parse --show-toplevel [4ms]
2023-12-02 18:31:06.761 [info] > git rev-parse --show-toplevel [1ms]
2023-12-02 18:31:06.791 [info] > git rev-parse --show-toplevel [6ms]
2023-12-02 18:31:06.806 [info] > git rev-parse --show-toplevel [1ms]
2023-12-02 18:31:06.826 [info] > git rev-parse --show-toplevel [2ms]
2023-12-02 18:31:06.835 [info] > git rev-parse --show-toplevel [3ms]
2023-12-02 18:31:06.846 [info] > git rev-parse --show-toplevel [3ms]
2023-12-02 18:31:06.854 [info] > git rev-parse --show-toplevel [2ms]
2023-12-02 18:31:06.863 [info] > git rev-parse --show-toplevel [3ms]
2023-12-02 18:31:06.873 [info] > git rev-parse --show-toplevel [3ms]
2023-12-02 18:31:06.884 [info] > git rev-parse --show-toplevel [4ms]
2023-12-02 18:31:06.897 [info] > git rev-parse --show-toplevel [5ms]
2023-12-02 18:31:06.936 [info] > git rev-parse --git-dir --git-common-dir [5ms]
2023-12-02 18:31:06.959 [info] Open repository: /home/brian/Document
2023-12-02 18:31:07.012 [info] > git rev-parse --show-toplevel [8ms]
2023-12-02 18:31:07.013 [info] > git config --get commit.template [27ms]
2023-12-02 18:31:07.038 [info] No remotes found in the git config file.
2023-12-02 18:31:07.039 [info] > git rev-parse --show-toplevel [7ms]
2023-12-02 18:31:07.049 [info] > git for-each-ref --format=%(refname)%00%(upstream:short)%00%(objectname)%00%(upstream:track)%00%(upstream:remotename)%00%(upstream:remoteref) refs/heads/master refs/remotes/master [11ms]
2023-12-02 18:31:07.059 [info] > git rev-parse --show-toplevel [11ms]
2023-12-02 18:31:07.069 [info] > git status -z -uall [12ms]
2023-12-02 18:31:07.094 [info] > git rev-parse --show-toplevel [26ms]
2023-12-02 18:31:07.104 [info] > git config --get commit.template [10ms]
2023-12-02 18:31:07.113 [info] No remotes found in the git config file.
2023-12-02 18:31:07.114 [info] > git rev-parse --show-toplevel [11ms]
2023-12-02 18:31:07.136 [info] > git for-each-ref --format=%(refname)%00%(upstream:short)%00%(objectname)%00%(upstream:track)%00%(upstream:remotename)%00%(upstream:remoteref) refs/heads/master refs/remotes/master [23ms]
2023-12-02 18:31:07.152 [info] > git rev-parse --show-toplevel [17ms]
2023-12-02 18:31:07.165 [info] > git status -z -uall [14ms]
2023-12-02 18:31:07.174 [info] > git rev-parse --show-toplevel [10ms]
2023-12-02 18:31:07.186 [info] > git rev-parse --show-toplevel [1ms]
2023-12-02 18:31:07.198 [info] > git rev-parse --show-toplevel [4ms]
2023-12-02 18:31:07.209 [info] > git rev-parse --git-dir --git-common-dir [1ms]
2023-12-02 18:31:07.214 [info] Open repository: /home/brian/html
2023-12-02 18:31:07.229 [info] > git config --get commit.template [6ms]
2023-12-02 18:31:07.230 [info] > git rev-parse --show-toplevel [2ms]
2023-12-02 18:31:07.236 [info] No remotes found in the git config file.
2023-12-02 18:31:07.245 [info] > git for-each-ref --format=%(refname)%00%(upstream:short)%00%(objectname)%00%(upstream:track)%00%(upstream:remotename)%00%(upstream:remoteref) refs/heads/master refs/remotes/master [9ms]
2023-12-02 18:31:07.254 [info] > git rev-parse --show-toplevel [11ms]
2023-12-02 18:31:07.316 [info] > git status -z -uall [63ms]
2023-12-02 18:31:07.317 [info] > git rev-parse --git-dir --git-common-dir [33ms]
2023-12-02 18:31:07.355 [info] Open repository: /home/brian/phase-0-git-basics-lab
2023-12-02 18:31:07.515 [info] > git status -z -uall [823ms] (cancelled)
2023-12-02 18:31:07.516 [info] > git check-ignore -v -z --stdin [90ms]
2023-12-02 18:31:07.518 [info] > git config --get commit.template [38ms]
2023-12-02 18:31:07.518 [info] > git rev-parse --show-toplevel [51ms]
2023-12-02 18:31:07.518 [info] > git config --get commit.template [74ms]
2023-12-02 18:31:07.549 [info] No remotes found in the git config file.
2023-12-02 18:31:07.551 [info] > git for-each-ref --format=%(refname)%00%(upstream:short)%00%(objectname)%00%(upstream:track)%00%(upstream:remotename)%00%(upstream:remoteref) refs/heads/master refs/remotes/master [9ms]
2023-12-02 18:31:07.561 [info] > git rev-parse --git-dir --git-common-dir [29ms]
2023-12-02 18:31:07.568 [info] Open repository: /home/brian/phase-0-html-document-structure-lab
2023-12-02 18:31:07.596 [info] > git status -z -uall [36ms]
2023-12-02 18:31:07.606 [info] > git for-each-ref --format=%(refname)%00%(upstream:short)%00%(objectname)%00%(upstream:track)%00%(upstream:remotename)%00%(upstream:remoteref) refs/heads/master refs/remotes/master [57ms]
2023-12-02 18:31:07.622 [info] > git rev-parse --show-toplevel [27ms]
2023-12-02 18:31:07.623 [info] > git config --get commit.template [44ms]
2023-12-02 18:31:07.639 [info] > git status -z -uall [27ms]
2023-12-02 18:31:07.649 [info] > git rev-parse --show-toplevel [12ms]
2023-12-02 18:31:07.650 [info] > git config --get commit.template [30ms]
2023-12-02 18:31:07.656 [info] > git for-each-ref --format=%(refname)%00%(upstream:short)%00%(objectname)%00%(upstream:track)%00%(upstream:remotename)%00%(upstream:remoteref) refs/heads/master refs/remotes/master [8ms]
2023-12-02 18:31:07.662 [info] > git for-each-ref --format=%(refname)%00%(upstream:short)%00%(objectname)%00%(upstream:track)%00%(upstream:remotename)%00%(upstream:remoteref) refs/heads/master refs/remotes/master [7ms]
2023-12-02 18:31:07.668 [info] > git status -z -uall [7ms]
2023-12-02 18:31:07.680 [info] > git status -z -uall [13ms]
2023-12-02 18:31:07.685 [info] > git config --get commit.template [5ms]
2023-12-02 18:31:07.694 [info] > git for-each-ref --format=%(refname)%00%(upstream:short)%00%(objectname)%00%(upstream:track)%00%(upstream:remotename)%00%(upstream:remoteref) refs/heads/master refs/remotes/master [3ms]
2023-12-02 18:31:07.711 [info] > git status -z -uall [11ms]
2023-12-02 18:31:08.207 [info] > git check-ignore -v -z --stdin [50ms]
2023-12-02 18:31:08.208 [info] > git check-ignore -v -z --stdin [33ms]
2023-12-02 18:31:08.209 [info] > git check-ignore -v -z --stdin [16ms]
2023-12-02 18:31:08.209 [info] > git check-ignore -v -z --stdin [74ms]
2023-12-02 18:31:08.210 [info] > git check-ignore -v -z --stdin [5ms]
2023-12-02 18:31:08.743 [info] > git show --textconv :Documents/index.html [22ms]
2023-12-02 18:31:08.751 [info] > git ls-files --stage -- /home/brian/Documents/index.html [9ms]
2023-12-02 18:31:28.183 [info] > git config --get commit.template [60ms]
2023-12-02 18:31:28.222 [info] > git rev-parse --show-toplevel [41ms]
2023-12-02 18:31:28.267 [info] > git for-each-ref --format=%(refname)%00%(upstream:short)%00%(objectname)%00%(upstream:track)%00%(upstream:remotename)%00%(upstream:remoteref) refs/heads/main refs/remotes/main [22ms]
2023-12-02 18:31:28.277 [info] > git rev-parse --git-dir --git-common-dir [11ms]
2023-12-02 18:31:28.286 [info] Open repository: /home/brian/Documents/html/Documents/html/phase-0-html-experiencing-html-lab
2023-12-02 18:31:28.312 [info] > git config --get commit.template [11ms]
2023-12-02 18:31:28.315 [info] > git for-each-ref --format=%(refname)%00%(upstream:short)%00%(objectname)%00%(upstream:track)%00%(upstream:remotename)%00%(upstream:remoteref) refs/heads/master refs/remotes/master [4ms]
2023-12-02 18:31:28.352 [info] > git status -z -uall [7ms]
2023-12-02 18:31:28.391 [info] > git config --get commit.template [14ms]
2023-12-02 18:31:28.421 [info] > git for-each-ref --format=%(refname)%00%(upstream:short)%00%(objectname)%00%(upstream:track)%00%(upstream:remotename)%00%(upstream:remoteref) refs/heads/master refs/remotes/master [33ms]
2023-12-02 18:31:28.458 [info] > git status -z -uall [15ms]
2023-12-02 18:31:30.345 [info] > git status -z -uall [2069ms] (cancelled)
2023-12-02 18:31:30.498 [info] > git check-ignore -v -z --stdin [125ms]
2023-12-02 18:31:30.499 [info] > git check-ignore -v -z --stdin [94ms]
2023-12-02 18:31:30.499 [info] > git check-ignore -v -z --stdin [72ms]
2023-12-02 18:31:30.500 [info] > git check-ignore -v -z --stdin [62ms]
2023-12-02 18:31:30.500 [info] > git check-ignore -v -z --stdin [33ms]
2023-12-02 18:31:36.389 [info] > git ls-files --stage -- /home/brian/Documents/index.html [19ms]
2023-12-02 18:31:36.406 [info] > git cat-file -s 406d079ae015c79d7a47815f84c71c11c8b9e506 [4ms]
2023-12-02 18:31:36.443 [info] > git show --textconv :Documents/index.html [20ms]
2023-12-02 18:34:01.121 [info] > git ls-files --stage -- /home/brian/Documents/index.html [20ms]
2023-12-02 18:34:01.136 [info] > git cat-file -s 406d079ae015c79d7a47815f84c71c11c8b9e506 [4ms]
2023-12-02 18:34:01.168 [info] > git show --textconv :Documents/index.html [16ms]
2023-12-02 18:34:32.020 [info] > git config --get commit.template [7ms]
2023-12-02 18:34:32.021 [info] > git config --get commit.template [2ms]
2023-12-02 18:34:32.032 [info] > git for-each-ref --format=%(refname)%00%(upstream:short)%00%(objectname)%00%(upstream:track)%00%(upstream:remotename)%00%(upstream:remoteref) refs/heads/master refs/remotes/master [6ms]
2023-12-02 18:34:32.038 [info] > git for-each-ref --format=%(refname)%00%(upstream:short)%00%(objectname)%00%(upstream:track)%00%(upstream:remotename)%00%(upstream:remoteref) refs/heads/master refs/remotes/master [7ms]
2023-12-02 18:34:32.044 [info] > git status -z -uall [7ms]
2023-12-02 18:34:32.047 [info] > git status -z -uall [4ms]
2023-12-02 18:34:32.133 [info] > git ls-files --stage -- /home/brian/Documents/index.html [18ms]
2023-12-02 18:34:32.141 [info] > git cat-file -s 406d079ae015c79d7a47815f84c71c11c8b9e506 [2ms]
2023-12-02 18:34:32.158 [info] > git show --textconv :Documents/index.html [10ms]
2023-12-02 18:35:11.066 [info] > git ls-files --stage -- /home/brian/Documents/index.html [50ms]
2023-12-02 18:35:11.089 [info] > git cat-file -s 406d079ae015c79d7a47815f84c71c11c8b9e506 [9ms]
2023-12-02 18:35:11.139 [info] > git show --textconv :Documents/index.html [18ms]
2023-12-02 18:35:33.657 [info] > git ls-files --stage -- /home/brian/Documents/index.html [19ms]
2023-12-02 18:35:33.665 [info] > git cat-file -s 406d079ae015c79d7a47815f84c71c11c8b9e506 [2ms]
2023-12-02 18:35:33.679 [info] > git show --textconv :Documents/index.html [8ms]
2023-12-02 18:36:34.529 [info] > git check-ignore -v -z --stdin [20ms]
2023-12-02 18:44:04.531 [info] > git ls-files --stage -- /home/brian/Documents/index.html [9ms]
2023-12-02 18:44:04.544 [info] > git cat-file -s 406d079ae015c79d7a47815f84c71c11c8b9e506 [4ms]
2023-12-02 18:44:04.568 [info] > git show --textconv :Documents/index.html [6ms]
2023-12-02 18:44:20.535 [info] > git ls-files --stage -- /home/brian/Documents/index.html [8ms]
2023-12-02 18:44:20.541 [info] > git cat-file -s 406d079ae015c79d7a47815f84c71c11c8b9e506 [2ms]
2023-12-02 18:44:20.555 [info] > git show --textconv :Documents/index.html [8ms]
2023-12-02 18:44:27.718 [info] > git ls-files --stage -- /home/brian/Documents/index.html [22ms]
2023-12-02 18:44:27.728 [info] > git cat-file -s 406d079ae015c79d7a47815f84c71c11c8b9e506 [2ms]
2023-12-02 18:44:27.742 [info] > git show --textconv :Documents/index.html [7ms]
