2023-12-02 19:28:58.502 [info] Log level: Info
2023-12-02 19:28:58.502 [info] Validating found git in: "git"
2023-12-02 19:28:58.502 [info] Using git "2.17.1" from "git"
2023-12-02 19:28:58.502 [info] > git rev-parse --show-toplevel [19ms]
2023-12-02 19:28:58.502 [info] > git rev-parse --git-dir --git-common-dir [61ms]
2023-12-02 19:28:58.502 [info] Open repository: /home/brian
2023-12-02 19:28:58.502 [info] > git rev-parse --show-toplevel [12ms]
2023-12-02 19:28:58.502 [info] > git config --get commit.template [23ms]
2023-12-02 19:28:58.527 [info] > git for-each-ref --format=%(refname)%00%(upstream:short)%00%(objectname)%00%(upstream:track)%00%(upstream:remotename)%00%(upstream:remoteref) refs/heads/main refs/remotes/main [8ms]
2023-12-02 19:28:59.077 [info] > git check-ignore -v -z --stdin [35ms]
2023-12-02 19:28:59.109 [info] > git status -z -uall [572ms]
2023-12-02 19:28:59.185 [info] > git config --get commit.template [13ms]
2023-12-02 19:28:59.195 [info] > git for-each-ref --format=%(refname)%00%(upstream:short)%00%(objectname)%00%(upstream:track)%00%(upstream:remotename)%00%(upstream:remoteref) refs/heads/main refs/remotes/main [12ms]
2023-12-02 19:28:59.633 [info] > git rev-parse --show-toplevel [3ms]
2023-12-02 19:28:59.772 [info] > git status -z -uall [541ms]
2023-12-02 19:29:00.311 [info] > git rev-parse --show-toplevel [2ms]
2023-12-02 19:29:01.840 [info] > git show --textconv :new/index.html [58ms]
2023-12-02 19:29:01.845 [info] > git ls-files --stage -- /home/brian/new/index.html [35ms]
2023-12-02 19:29:22.644 [info] > git config --get commit.template [2ms]
2023-12-02 19:29:22.677 [info] > git for-each-ref --format=%(refname)%00%(upstream:short)%00%(objectname)%00%(upstream:track)%00%(upstream:remotename)%00%(upstream:remoteref) refs/heads/main refs/remotes/main [5ms]
2023-12-02 19:29:22.907 [info] > git status -z -uall [217ms]
2023-12-02 19:29:23.430 [info] > git rev-parse --show-toplevel [3ms]
2023-12-02 19:29:27.947 [info] > git config --get commit.template [5ms]
2023-12-02 19:29:27.965 [info] > git for-each-ref --format=%(refname)%00%(upstream:short)%00%(objectname)%00%(upstream:track)%00%(upstream:remotename)%00%(upstream:remoteref) refs/heads/main refs/remotes/main [5ms]
2023-12-02 19:29:28.150 [info] > git status -z -uall [173ms]
2023-12-02 19:29:28.674 [info] > git rev-parse --show-toplevel [4ms]
2023-12-02 19:29:33.185 [info] > git config --get commit.template [3ms]
2023-12-02 19:29:33.199 [info] > git for-each-ref --format=%(refname)%00%(upstream:short)%00%(objectname)%00%(upstream:track)%00%(upstream:remotename)%00%(upstream:remoteref) refs/heads/main refs/remotes/main [4ms]
2023-12-02 19:29:33.383 [info] > git status -z -uall [172ms]
2023-12-02 19:29:33.903 [info] > git rev-parse --show-toplevel [3ms]
2023-12-02 19:31:20.955 [info] > git check-ignore -v -z --stdin [24ms]
2023-12-02 19:32:28.770 [info] > git check-ignore -v -z --stdin [10ms]
2023-12-02 19:35:05.093 [info] > git for-each-ref --format=%(refname)%00%(upstream:short)%00%(objectname)%00%(upstream:track)%00%(upstream:remotename)%00%(upstream:remoteref) refs/heads/main refs/remotes/main [8ms]
2023-12-02 19:35:05.100 [info] > git config --get commit.template [23ms]
2023-12-02 19:35:05.331 [info] > git status -z -uall [211ms]
2023-12-02 19:35:05.850 [info] > git rev-parse --show-toplevel [4ms]
2023-12-02 19:35:10.372 [info] > git config --get commit.template [4ms]
2023-12-02 19:35:10.396 [info] > git for-each-ref --format=%(refname)%00%(upstream:short)%00%(objectname)%00%(upstream:track)%00%(upstream:remotename)%00%(upstream:remoteref) refs/heads/main refs/remotes/main [7ms]
2023-12-02 19:35:10.617 [info] > git status -z -uall [213ms]
2023-12-02 19:35:11.153 [info] > git rev-parse --show-toplevel [10ms]
2023-12-02 19:35:15.662 [info] > git config --get commit.template [4ms]
2023-12-02 19:35:15.677 [info] > git for-each-ref --format=%(refname)%00%(upstream:short)%00%(objectname)%00%(upstream:track)%00%(upstream:remotename)%00%(upstream:remoteref) refs/heads/main refs/remotes/main [5ms]
2023-12-02 19:35:15.859 [info] > git status -z -uall [174ms]
2023-12-02 19:35:16.381 [info] > git rev-parse --show-toplevel [5ms]
2023-12-02 19:35:20.878 [info] > git config --get commit.template [2ms]
2023-12-02 19:35:20.884 [info] > git for-each-ref --format=%(refname)%00%(upstream:short)%00%(objectname)%00%(upstream:track)%00%(upstream:remotename)%00%(upstream:remoteref) refs/heads/main refs/remotes/main [1ms]
2023-12-02 19:35:21.045 [info] > git status -z -uall [156ms]
2023-12-02 19:35:21.568 [info] > git rev-parse --show-toplevel [4ms]
2023-12-02 19:35:26.073 [info] > git config --get commit.template [3ms]
2023-12-02 19:35:26.087 [info] > git for-each-ref --format=%(refname)%00%(upstream:short)%00%(objectname)%00%(upstream:track)%00%(upstream:remotename)%00%(upstream:remoteref) refs/heads/main refs/remotes/main [4ms]
2023-12-02 19:35:26.325 [info] > git status -z -uall [225ms]
2023-12-02 19:35:26.849 [info] > git rev-parse --show-toplevel [4ms]
2023-12-02 19:35:32.655 [info] > git config --get commit.template [14ms]
2023-12-02 19:35:32.670 [info] > git for-each-ref --format=%(refname)%00%(upstream:short)%00%(objectname)%00%(upstream:track)%00%(upstream:remotename)%00%(upstream:remoteref) refs/heads/main refs/remotes/main [3ms]
2023-12-02 19:35:33.006 [info] > git status -z -uall [325ms]
2023-12-02 19:35:33.547 [info] > git rev-parse --show-toplevel [8ms]
2023-12-02 19:35:38.063 [info] > git config --get commit.template [16ms]
2023-12-02 19:35:38.065 [info] > git for-each-ref --format=%(refname)%00%(upstream:short)%00%(objectname)%00%(upstream:track)%00%(upstream:remotename)%00%(upstream:remoteref) refs/heads/main refs/remotes/main [5ms]
2023-12-02 19:35:38.324 [info] > git status -z -uall [246ms]
2023-12-02 19:35:38.852 [info] > git rev-parse --show-toplevel [5ms]
2023-12-02 19:35:43.363 [info] > git config --get commit.template [3ms]
2023-12-02 19:35:43.380 [info] > git for-each-ref --format=%(refname)%00%(upstream:short)%00%(objectname)%00%(upstream:track)%00%(upstream:remotename)%00%(upstream:remoteref) refs/heads/main refs/remotes/main [4ms]
2023-12-02 19:35:43.565 [info] > git status -z -uall [173ms]
2023-12-02 19:35:44.090 [info] > git rev-parse --show-toplevel [4ms]
2023-12-02 19:35:48.592 [info] > git config --get commit.template [1ms]
2023-12-02 19:35:48.600 [info] > git for-each-ref --format=%(refname)%00%(upstream:short)%00%(objectname)%00%(upstream:track)%00%(upstream:remotename)%00%(upstream:remoteref) refs/heads/main refs/remotes/main [2ms]
2023-12-02 19:35:48.773 [info] > git status -z -uall [168ms]
2023-12-02 19:35:49.297 [info] > git rev-parse --show-toplevel [3ms]
2023-12-02 19:35:53.804 [info] > git config --get commit.template [9ms]
2023-12-02 19:35:53.806 [info] > git for-each-ref --format=%(refname)%00%(upstream:short)%00%(objectname)%00%(upstream:track)%00%(upstream:remotename)%00%(upstream:remoteref) refs/heads/main refs/remotes/main [2ms]
2023-12-02 19:35:53.979 [info] > git status -z -uall [165ms]
2023-12-02 19:35:54.492 [info] > git rev-parse --show-toplevel [1ms]
2023-12-02 19:36:08.543 [info] > git config --get commit.template [13ms]
2023-12-02 19:36:08.544 [info] > git for-each-ref --format=%(refname)%00%(upstream:short)%00%(objectname)%00%(upstream:track)%00%(upstream:remotename)%00%(upstream:remoteref) refs/heads/main refs/remotes/main [4ms]
2023-12-02 19:36:08.757 [info] > git status -z -uall [205ms]
2023-12-02 19:36:09.286 [info] > git rev-parse --show-toplevel [4ms]
2023-12-02 19:36:13.799 [info] > git config --get commit.template [4ms]
2023-12-02 19:36:13.816 [info] > git for-each-ref --format=%(refname)%00%(upstream:short)%00%(objectname)%00%(upstream:track)%00%(upstream:remotename)%00%(upstream:remoteref) refs/heads/main refs/remotes/main [5ms]
2023-12-02 19:36:13.989 [info] > git status -z -uall [165ms]
2023-12-02 19:36:14.513 [info] > git rev-parse --show-toplevel [3ms]
2023-12-02 19:36:19.019 [info] > git config --get commit.template [2ms]
2023-12-02 19:36:19.026 [info] > git for-each-ref --format=%(refname)%00%(upstream:short)%00%(objectname)%00%(upstream:track)%00%(upstream:remotename)%00%(upstream:remoteref) refs/heads/main refs/remotes/main [1ms]
2023-12-02 19:36:19.195 [info] > git status -z -uall [163ms]
2023-12-02 19:36:19.715 [info] > git rev-parse --show-toplevel [3ms]
2023-12-02 19:36:24.245 [info] > git config --get commit.template [14ms]
2023-12-02 19:36:24.247 [info] > git for-each-ref --format=%(refname)%00%(upstream:short)%00%(objectname)%00%(upstream:track)%00%(upstream:remotename)%00%(upstream:remoteref) refs/heads/main refs/remotes/main [4ms]
2023-12-02 19:36:24.424 [info] > git status -z -uall [165ms]
2023-12-02 19:36:24.945 [info] > git rev-parse --show-toplevel [3ms]
2023-12-02 19:36:37.948 [info] > git config --get commit.template [2ms]
2023-12-02 19:36:37.960 [info] > git for-each-ref --format=%(refname)%00%(upstream:short)%00%(objectname)%00%(upstream:track)%00%(upstream:remotename)%00%(upstream:remoteref) refs/heads/main refs/remotes/main [3ms]
2023-12-02 19:36:38.166 [info] > git status -z -uall [198ms]
2023-12-02 19:36:38.694 [info] > git rev-parse --show-toplevel [5ms]
2023-12-02 19:36:43.202 [info] > git config --get commit.template [6ms]
2023-12-02 19:36:43.206 [info] > git for-each-ref --format=%(refname)%00%(upstream:short)%00%(objectname)%00%(upstream:track)%00%(upstream:remotename)%00%(upstream:remoteref) refs/heads/main refs/remotes/main [3ms]
2023-12-02 19:36:43.412 [info] > git status -z -uall [195ms]
2023-12-02 19:36:43.933 [info] > git rev-parse --show-toplevel [3ms]
2023-12-02 19:36:48.447 [info] > git config --get commit.template [2ms]
2023-12-02 19:36:48.458 [info] > git for-each-ref --format=%(refname)%00%(upstream:short)%00%(objectname)%00%(upstream:track)%00%(upstream:remotename)%00%(upstream:remoteref) refs/heads/main refs/remotes/main [2ms]
2023-12-02 19:36:48.653 [info] > git status -z -uall [188ms]
2023-12-02 19:36:49.182 [info] > git rev-parse --show-toplevel [4ms]
2023-12-02 19:36:59.521 [info] > git config --get commit.template [15ms]
2023-12-02 19:36:59.523 [info] > git for-each-ref --format=%(refname)%00%(upstream:short)%00%(objectname)%00%(upstream:track)%00%(upstream:remotename)%00%(upstream:remoteref) refs/heads/main refs/remotes/main [4ms]
2023-12-02 19:36:59.701 [info] > git status -z -uall [170ms]
2023-12-02 19:37:00.215 [info] > git rev-parse --show-toplevel [2ms]
2023-12-02 19:37:04.751 [info] > git config --get commit.template [15ms]
2023-12-02 19:37:04.753 [info] > git for-each-ref --format=%(refname)%00%(upstream:short)%00%(objectname)%00%(upstream:track)%00%(upstream:remotename)%00%(upstream:remoteref) refs/heads/main refs/remotes/main [4ms]
2023-12-02 19:37:04.966 [info] > git status -z -uall [201ms]
2023-12-02 19:37:05.487 [info] > git rev-parse --show-toplevel [3ms]
2023-12-02 19:37:15.424 [info] > git config --get commit.template [6ms]
2023-12-02 19:37:15.435 [info] > git for-each-ref --format=%(refname)%00%(upstream:short)%00%(objectname)%00%(upstream:track)%00%(upstream:remotename)%00%(upstream:remoteref) refs/heads/main refs/remotes/main [3ms]
2023-12-02 19:37:15.781 [info] > git status -z -uall [336ms]
2023-12-02 19:37:16.337 [info] > git rev-parse --show-toplevel [15ms]
2023-12-02 19:37:37.132 [info] > git config --get commit.template [32ms]
2023-12-02 19:37:37.152 [info] > git for-each-ref --format=%(refname)%00%(upstream:short)%00%(objectname)%00%(upstream:track)%00%(upstream:remotename)%00%(upstream:remoteref) refs/heads/main refs/remotes/main [8ms]
2023-12-02 19:37:37.583 [info] > git status -z -uall [418ms]
2023-12-02 19:37:38.117 [info] > git rev-parse --show-toplevel [7ms]
2023-12-02 19:37:42.636 [info] > git config --get commit.template [15ms]
2023-12-02 19:37:42.639 [info] > git for-each-ref --format=%(refname)%00%(upstream:short)%00%(objectname)%00%(upstream:track)%00%(upstream:remotename)%00%(upstream:remoteref) refs/heads/main refs/remotes/main [5ms]
2023-12-02 19:37:42.864 [info] > git status -z -uall [212ms]
2023-12-02 19:37:43.388 [info] > git rev-parse --show-toplevel [3ms]
2023-12-02 19:37:47.899 [info] > git config --get commit.template [1ms]
2023-12-02 19:37:47.906 [info] > git for-each-ref --format=%(refname)%00%(upstream:short)%00%(objectname)%00%(upstream:track)%00%(upstream:remotename)%00%(upstream:remoteref) refs/heads/main refs/remotes/main [2ms]
2023-12-02 19:37:48.127 [info] > git status -z -uall [203ms]
2023-12-02 19:37:48.651 [info] > git rev-parse --show-toplevel [3ms]
2023-12-02 19:37:55.205 [info] > git config --get commit.template [5ms]
2023-12-02 19:37:55.220 [info] > git for-each-ref --format=%(refname)%00%(upstream:short)%00%(objectname)%00%(upstream:track)%00%(upstream:remotename)%00%(upstream:remoteref) refs/heads/main refs/remotes/main [3ms]
2023-12-02 19:37:55.499 [info] > git status -z -uall [271ms]
2023-12-02 19:37:56.029 [info] > git rev-parse --show-toplevel [4ms]
2023-12-02 19:38:00.555 [info] > git config --get commit.template [21ms]
2023-12-02 19:38:00.558 [info] > git for-each-ref --format=%(refname)%00%(upstream:short)%00%(objectname)%00%(upstream:track)%00%(upstream:remotename)%00%(upstream:remoteref) refs/heads/main refs/remotes/main [4ms]
2023-12-02 19:38:01.074 [info] > git status -z -uall [506ms]
2023-12-02 19:38:01.600 [info] > git rev-parse --show-toplevel [3ms]
2023-12-02 19:38:06.140 [info] > git config --get commit.template [17ms]
2023-12-02 19:38:06.146 [info] > git for-each-ref --format=%(refname)%00%(upstream:short)%00%(objectname)%00%(upstream:track)%00%(upstream:remotename)%00%(upstream:remoteref) refs/heads/main refs/remotes/main [7ms]
2023-12-02 19:38:06.617 [info] > git status -z -uall [453ms]
2023-12-02 19:38:07.142 [info] > git rev-parse --show-toplevel [3ms]
2023-12-02 19:42:44.090 [info] > git config --get commit.template [29ms]
2023-12-02 19:42:44.100 [info] > git for-each-ref --format=%(refname)%00%(upstream:short)%00%(objectname)%00%(upstream:track)%00%(upstream:remotename)%00%(upstream:remoteref) refs/heads/main refs/remotes/main [16ms]
2023-12-02 19:42:44.940 [info] > git status -z -uall [803ms]
2023-12-02 19:42:45.467 [info] > git rev-parse --show-toplevel [4ms]
2023-12-02 19:44:00.935 [info] > git config --get commit.template [1ms]
2023-12-02 19:44:00.957 [info] > git for-each-ref --format=%(refname)%00%(upstream:short)%00%(objectname)%00%(upstream:track)%00%(upstream:remotename)%00%(upstream:remoteref) refs/heads/main refs/remotes/main [4ms]
2023-12-02 19:44:01.516 [info] > git status -z -uall [540ms]
2023-12-02 19:44:02.043 [info] > git rev-parse --show-toplevel [3ms]
2023-12-02 19:46:07.265 [info] > git config --get commit.template [39ms]
2023-12-02 19:46:07.277 [info] > git for-each-ref --format=%(refname)%00%(upstream:short)%00%(objectname)%00%(upstream:track)%00%(upstream:remotename)%00%(upstream:remoteref) refs/heads/main refs/remotes/main [14ms]
2023-12-02 19:46:07.903 [info] > git status -z -uall [615ms]
2023-12-02 19:46:08.435 [info] > git rev-parse --show-toplevel [2ms]
2023-12-02 19:47:16.226 [info] > git config --get commit.template [17ms]
2023-12-02 19:47:16.234 [info] > git for-each-ref --format=%(refname)%00%(upstream:short)%00%(objectname)%00%(upstream:track)%00%(upstream:remotename)%00%(upstream:remoteref) refs/heads/main refs/remotes/main [11ms]
2023-12-02 19:47:16.920 [info] > git status -z -uall [661ms]
2023-12-02 19:47:17.616 [info] > git rev-parse --show-toplevel [12ms]
