2023-12-02 19:28:59.191 [info] Reading sessions from keychain...
2023-12-02 19:28:59.192 [info] Getting sessions for all scopes...
2023-12-02 19:28:59.192 [info] Getting sessions for user:email...
2023-12-02 19:28:59.537 [info] Got stored sessions!
2023-12-02 19:28:59.538 [info] Got 1 verified sessions.
2023-12-02 19:28:59.538 [info] Got 1 sessions for ...
2023-12-02 19:28:59.538 [info] Got 1 sessions for user:email...
2023-12-02 19:28:59.641 [info] Getting sessions for read:user,repo,user:email,workflow...
2023-12-02 19:28:59.641 [info] Got 0 sessions for read:user,repo,user:email,workflow...
2023-12-02 19:28:59.765 [info] Getting sessions for all scopes...
2023-12-02 19:28:59.765 [info] Got 1 sessions for ...
2023-12-02 19:37:09.664 [info] Getting sessions for read:user,repo,user:email,workflow...
2023-12-02 19:37:09.665 [info] Got 0 sessions for read:user,repo,user:email,workflow...
2023-12-02 19:37:15.410 [info] Logging in for the following scopes: read:user repo user:email workflow
2023-12-02 19:37:15.422 [info] Trying without local server... (read:user repo user:email workflow)
2023-12-02 19:37:37.043 [info] Exchanging code for token...
2023-12-02 19:37:37.826 [info] Token exchange success!
2023-12-02 19:37:37.828 [info] Getting user info...
2023-12-02 19:37:38.530 [info] Got account info!
2023-12-02 19:37:38.532 [info] Storing 2 sessions...
2023-12-02 19:37:38.541 [info] Reading sessions from keychain...
2023-12-02 19:37:38.541 [info] Stored 2 sessions!
2023-12-02 19:37:38.542 [info] Login success!
2023-12-02 19:37:38.549 [info] Getting sessions for user:email...
2023-12-02 19:37:38.646 [info] Got stored sessions!
2023-12-02 19:37:38.646 [info] Got 2 verified sessions.
2023-12-02 19:37:38.647 [info] Got 1 sessions for user:email...
2023-12-02 19:37:39.918 [info] Getting sessions for read:user,repo,user:email,workflow...
2023-12-02 19:37:39.919 [info] Got 1 sessions for read:user,repo,user:email,workflow...
2023-12-02 19:37:50.645 [info] Getting sessions for read:user,repo,user:email,workflow...
2023-12-02 19:37:50.645 [info] Got 1 sessions for read:user,repo,user:email,workflow...
