2023-12-02 22:41:50.446 [info] Extension host with pid 25983 started
2023-12-02 22:41:50.447 [info] Skipping acquiring lock for /home/brian/.config/Code/User/workspaceStorage/293b5f01924b8e080d44b4d3785cce2b.
2023-12-02 22:41:50.800 [info] ExtensionService#_doActivateExtension vscode.git-base, startup: true, activationEvent: '*', root cause: vscode.git
2023-12-02 22:41:50.821 [info] ExtensionService#_doActivateExtension vscode.git, startup: true, activationEvent: '*'
2023-12-02 22:41:50.884 [info] ExtensionService#_doActivateExtension vscode.github, startup: true, activationEvent: '*'
2023-12-02 22:41:51.055 [info] Eager extensions activated
2023-12-02 22:41:51.143 [info] ExtensionService#_doActivateExtension vscode.debug-auto-launch, startup: false, activationEvent: 'onStartupFinished'
2023-12-02 22:41:51.157 [info] ExtensionService#_doActivateExtension vscode.merge-conflict, startup: false, activationEvent: 'onStartupFinished'
2023-12-02 22:41:51.173 [info] ExtensionService#_doActivateExtension ritwickdey.LiveServer, startup: false, activationEvent: 'onStartupFinished'
2023-12-02 22:41:52.065 [info] ExtensionService#_doActivateExtension vscode.html-language-features, startup: false, activationEvent: 'onLanguage:html'
2023-12-02 22:41:52.133 [info] ExtensionService#_doActivateExtension vscode.emmet, startup: false, activationEvent: 'onLanguage'
2023-12-02 22:41:52.292 [info] ExtensionService#_doActivateExtension vscode.github-authentication, startup: false, activationEvent: 'onAuthenticationRequest:github'
2023-12-02 22:46:11.085 [info] ExtensionService#_doActivateExtension vscode.debug-server-ready, startup: false, activationEvent: 'onDebugResolve'
2023-12-02 22:46:11.095 [info] ExtensionService#_doActivateExtension ms-vscode.js-debug, startup: false, activationEvent: 'onDebugResolve:pwa-chrome'
2023-12-02 22:46:11.302 [info] ExtensionService#_doActivateExtension ms-vscode.js-debug-nightly, startup: false, activationEvent: 'onDebugResolve:pwa-chrome'
2023-12-02 22:46:11.497 [error] Activating extension ms-vscode.js-debug-nightly failed due to an error:
2023-12-02 22:46:11.497 [error] Error: command 'extension.js-debug.npmScript' already exists
	at i.registerCommand (/usr/share/code/resources/app/out/vs/workbench/api/node/extensionHostProcess.js:125:138275)
	at Object.registerCommand (/usr/share/code/resources/app/out/vs/workbench/api/node/extensionHostProcess.js:140:20532)
	at Le (/home/brian/.vscode/extensions/ms-vscode.js-debug-nightly-2023.12.117/src/extension.js:72:10342)
	at Y0e (/home/brian/.vscode/extensions/ms-vscode.js-debug-nightly-2023.12.117/src/extension.js:160:6261)
	at q.ib (/usr/share/code/resources/app/out/vs/workbench/api/node/extensionHostProcess.js:136:13170)
	at q.hb (/usr/share/code/resources/app/out/vs/workbench/api/node/extensionHostProcess.js:136:12896)
	at /usr/share/code/resources/app/out/vs/workbench/api/node/extensionHostProcess.js:136:11037
	at async v.n (/usr/share/code/resources/app/out/vs/workbench/api/node/extensionHostProcess.js:124:6205)
	at async v.m (/usr/share/code/resources/app/out/vs/workbench/api/node/extensionHostProcess.js:124:6168)
	at async v.l (/usr/share/code/resources/app/out/vs/workbench/api/node/extensionHostProcess.js:124:5625)
2023-12-02 23:35:07.258 [info] ExtensionService#_doActivateExtension vscode.npm, startup: false, activationEvent: 'onTerminalQuickFixRequest:ms-vscode.npm-command'
