2023-12-01 15:59:18.933 [info] Using settings sync service https://vscode-sync.trafficmanager.net/
2023-12-01 15:59:18.933 [info] Auto Sync is disabled.
2023-12-01 17:40:01.052 [info] Sync started.
2023-12-01 17:40:01.927 [info] Did reset the local sync state.
2023-12-01 17:40:01.971 [info] Settings: Migrating last sync user data. Resource does not exist.
2023-12-01 17:40:01.978 [info] Settings: Last sync data state does not exist.
2023-12-01 17:40:02.205 [info] Settings: Migrating last sync user data. Resource does not exist.
2023-12-01 17:40:02.206 [info] Settings: Last sync data state does not exist.
2023-12-01 17:40:02.446 [info] Keybindings: Migrating last sync user data. Resource does not exist.
2023-12-01 17:40:02.447 [info] Keybindings: Last sync data state does not exist.
2023-12-01 17:40:02.661 [info] Snippets: Migrating last sync user data. Resource does not exist.
2023-12-01 17:40:02.662 [info] Snippets: Last sync data state does not exist.
2023-12-01 17:40:02.843 [info] Tasks: Migrating last sync user data. Resource does not exist.
2023-12-01 17:40:02.844 [info] Tasks: Last sync data state does not exist.
2023-12-01 17:40:03.023 [info] GlobalState: Migrating last sync user data. Resource does not exist.
2023-12-01 17:40:03.024 [info] GlobalState: Last sync data state does not exist.
2023-12-01 17:40:03.233 [info] Extensions: Migrating last sync user data. Resource does not exist.
2023-12-01 17:40:03.234 [info] Extensions: Last sync data state does not exist.
2023-12-01 17:40:03.696 [info] Profiles: Migrating last sync user data. Resource does not exist.
2023-12-01 17:40:03.698 [info] Profiles: Last sync data state does not exist.
2023-12-01 17:40:03.862 [info] Profiles: Migrating last sync user data. Resource does not exist.
2023-12-01 17:40:03.867 [info] Profiles: Last sync data state does not exist.
2023-12-01 17:40:03.875 [info] Settings: No changes found during synchronizing settings.
2023-12-01 17:40:03.892 [info] Settings: Updated last synchronized settings
2023-12-01 17:40:03.895 [info] Keybindings: No changes found during synchronizing keybindings.
2023-12-01 17:40:03.941 [info] Keybindings: Updated last synchronized keybindings
2023-12-01 17:40:03.945 [info] Snippets: No changes found during synchronizing snippets.
2023-12-01 17:40:03.951 [info] Snippets: Updated last synchronized snippets
2023-12-01 17:40:03.953 [info] Tasks: No changes found during synchronizing tasks.
2023-12-01 17:40:03.962 [info] Tasks: Updated last synchronized tasks
2023-12-01 17:40:04.222 [info] GlobalState: Migrating last sync user data. Resource does not exist.
2023-12-01 17:40:04.222 [info] GlobalState: Last sync data state does not exist.
2023-12-01 17:40:04.537 [info] GlobalState: Updated remote ui state. Added: workbench.panel.markers.hidden,workbench.panel.output.hidden,terminal.hidden,workbench.explorer.views.state.hidden,workbench.scm.views.state.hidden,workbench.view.search.state.hidden,workbench.activity.pinnedViewlets2,workbench.panel.pinnedPanels,workbench.view.debug.state.hidden,workbench.panel.repl.hidden,colorThemeData,nps/lastSessionDate,nps/sessionCount,cpp.1.lastSessionDate,cpp.1.sessionCount,java.2.lastSessionDate,java.2.sessionCount,javascript.1.lastSessionDate,javascript.1.sessionCount,typescript.1.lastSessionDate,typescript.1.sessionCount,csharp.1.lastSessionDate,csharp.1.sessionCount,workbench.telemetryOptOutShown,~remote.forwardedPortsContainer.hidden,memento/gettingStartedService,workbench.statusbar.hidden,themeUpdatedNotificationShown,workbench.panel.alignment,ces/skipSurvey,workbench.view.extensions.state.hidden.
2023-12-01 17:40:04.550 [info] GlobalState: Updated last synchronized ui state
2023-12-01 17:40:04.932 [info] Extensions: Updated remote extensions. Added: ["vscode.bat","vscode.clojure","vscode.coffeescript","vscode.configuration-editing","vscode.cpp","vscode.csharp","vscode.css","vscode.css-language-features","vscode.dart","vscode.debug-auto-launch","vscode.debug-server-ready","vscode.diff","vscode.docker","vscode.emmet","vscode.extension-editing","vscode.fsharp","vscode.git","vscode.git-base","vscode.github","vscode.github-authentication","vscode.go","vscode.groovy","vscode.grunt","vscode.gulp","vscode.handlebars","vscode.hlsl","vscode.html","vscode.html-language-features","vscode.ini","vscode.ipynb","vscode.jake","vscode.java","vscode.javascript","vscode.json","vscode.json-language-features","vscode.julia","vscode.latex","vscode.less","vscode.log","vscode.lua","vscode.make","vscode.markdown","vscode.markdown-language-features","vscode.markdown-math","vscode.media-preview","vscode.merge-conflict","vscode.microsoft-authentication","ms-vscode.js-debug","ms-vscode.js-debug-companion","ms-vscode.vscode-js-profile-table","vscode.builtin-notebook-renderers","vscode.npm","vscode.objective-c","vscode.perl","vscode.php","vscode.php-language-features","vscode.powershell","vscode.pug","vscode.python","vscode.r","vscode.razor","vscode.references-view","vscode.restructuredtext","vscode.ruby","vscode.rust","vscode.scss","vscode.search-result","vscode.shaderlab","vscode.shellscript","vscode.simple-browser","vscode.sql","vscode.swift","vscode.theme-abyss","vscode.theme-defaults","vscode.theme-kimbie-dark","vscode.theme-monokai","vscode.theme-monokai-dimmed","vscode.theme-quietlight","vscode.theme-red","vscode.vscode-theme-seti","vscode.theme-solarized-dark","vscode.theme-solarized-light","vscode.theme-tomorrow-night-blue","vscode.tunnel-forwarding","vscode.typescript","vscode.typescript-language-features","vscode.vb","vscode.xml","vscode.yaml","ms-vscode.js-debug-nightly","ritwickdey.liveserver"].
2023-12-01 17:40:04.943 [info] Extensions: Updated last synchronized extensions.
2023-12-01 17:40:04.957 [info] Profiles: No changes found during synchronizing profiles.
2023-12-01 17:40:04.993 [info] Profiles: Updated last synchronized profiles.
2023-12-01 17:40:05.003 [info] Sync done. Took 3960ms
2023-12-01 17:40:05.020 [info] Auto Sync: Triggered by Interval
2023-12-01 17:40:05.020 [info] Sync started.
2023-12-01 17:40:05.383 [info] Settings: No changes found during synchronizing settings.
2023-12-01 17:40:05.387 [info] Keybindings: No changes found during synchronizing keybindings.
2023-12-01 17:40:05.396 [info] Snippets: No changes found during synchronizing snippets.
2023-12-01 17:40:05.402 [info] Tasks: No changes found during synchronizing tasks.
2023-12-01 17:40:05.409 [info] GlobalState: No changes found during synchronizing ui state.
2023-12-01 17:40:05.540 [info] Extensions: No changes found during synchronizing extensions.
2023-12-01 17:40:05.542 [info] Profiles: No changes found during synchronizing profiles.
2023-12-01 17:40:05.546 [info] Sync done. Took 525ms
