2023-12-01 17:34:44.543 [info] Reading sessions from keychain...
2023-12-01 17:34:44.543 [info] Getting sessions for all scopes...
2023-12-01 17:34:44.543 [info] Getting sessions for all scopes...
2023-12-01 17:34:44.543 [info] Getting sessions for user:email...
2023-12-01 17:34:44.543 [info] Getting sessions for all scopes...
2023-12-01 17:34:44.588 [info] Got 0 sessions for ...
2023-12-01 17:34:44.588 [info] Got 0 sessions for ...
2023-12-01 17:34:44.588 [info] Got 0 sessions for user:email...
2023-12-01 17:34:44.588 [info] Got 0 sessions for ...
2023-12-01 17:34:44.736 [info] Getting sessions for all scopes...
2023-12-01 17:34:44.736 [info] Got 0 sessions for ...
2023-12-01 17:34:46.838 [info] Logging in for the following scopes: user:email
2023-12-01 17:34:46.848 [info] Trying without local server... (user:email)
2023-12-01 17:39:46.849 [error] Timed out
2023-12-01 17:39:58.148 [info] Trying with local server... (user:email)
2023-12-01 17:39:59.608 [info] Exchanging code for token...
2023-12-01 17:40:00.242 [info] Token exchange success!
2023-12-01 17:40:00.251 [info] Getting user info...
2023-12-01 17:40:00.938 [info] Got account info!
2023-12-01 17:40:00.940 [info] Storing 1 sessions...
2023-12-01 17:40:00.950 [info] Reading sessions from keychain...
2023-12-01 17:40:00.950 [info] Stored 1 sessions!
2023-12-01 17:40:00.951 [info] Login success!
2023-12-01 17:40:01.006 [info] Getting sessions for user:email...
2023-12-01 17:40:01.008 [info] Got stored sessions!
2023-12-01 17:40:01.009 [info] Got 1 verified sessions.
2023-12-01 17:40:01.009 [info] Got 1 sessions for user:email...
