2023-11-30 11:40:14.536 [info] Log level: Info
2023-11-30 11:40:14.537 [info] Validating found git in: "git"
2023-11-30 11:40:14.537 [info] Using git "2.17.1" from "git"
2023-11-30 11:40:25.995 [info] Log level: Info
2023-11-30 11:40:25.995 [info] Validating found git in: "git"
2023-11-30 11:40:25.995 [info] Using git "2.17.1" from "git"
2023-11-30 11:40:25.995 [info] > git rev-parse --show-toplevel [8ms]
2023-11-30 11:40:25.995 [info] fatal: not a git repository (or any of the parent directories): .git
2023-11-30 11:40:25.996 [info] > git rev-parse --show-toplevel [2ms]
2023-11-30 11:40:26.002 [info] > git rev-parse --git-dir --git-common-dir [1ms]
2023-11-30 11:40:26.021 [info] Open repository: /home/brian/Desktop/site
2023-11-30 11:40:26.041 [info] > git config --get commit.template [6ms]
2023-11-30 11:40:26.051 [info] > git for-each-ref --format=%(refname)%00%(upstream:short)%00%(objectname)%00%(upstream:track)%00%(upstream:remotename)%00%(upstream:remoteref) refs/heads/master refs/remotes/master [2ms]
2023-11-30 11:40:26.063 [info] > git status -z -uall [2ms]
2023-11-30 11:40:26.091 [info] > git config --get commit.template [4ms]
2023-11-30 11:40:26.112 [info] > git for-each-ref --format=%(refname)%00%(upstream:short)%00%(objectname)%00%(upstream:track)%00%(upstream:remotename)%00%(upstream:remoteref) refs/heads/master refs/remotes/master [8ms]
2023-11-30 11:40:26.184 [info] > git status -z -uall [53ms]
2023-11-30 11:40:26.556 [info] > git check-ignore -v -z --stdin [5ms]
2023-11-30 11:40:59.870 [info] > git rev-parse --show-toplevel [2ms]
2023-11-30 11:40:59.870 [info] fatal: not a git repository (or any of the parent directories): .git
2023-11-30 11:41:00.425 [info] > git check-ignore -v -z --stdin [4ms]
2023-11-30 11:41:05.138 [info] > git show --textconv HEAD:hello.txt [33ms]
2023-11-30 11:41:05.138 [info] > git show --textconv :hello.txt [21ms]
2023-11-30 11:41:05.139 [info] > git ls-tree -l HEAD -- /home/brian/Desktop/site/hello.txt [12ms]
2023-11-30 11:41:05.139 [info] fatal: Not a valid object name HEAD
2023-11-30 11:41:05.144 [info] > git ls-files --stage -- /home/brian/Desktop/site/hello.txt [8ms]
2023-11-30 11:41:05.154 [info] > git cat-file -s 95023611442a32f8ba569a57e2e79d38e0c21d76 [2ms]
2023-11-30 11:41:05.662 [info] > git check-ignore -v -z --stdin [4ms]
2023-11-30 11:41:16.769 [info] > git show --textconv :hello.txt [19ms]
2023-11-30 11:41:16.776 [info] > git ls-files --stage -- /home/brian/Desktop/site/hello.txt [9ms]
2023-11-30 11:41:16.799 [info] > git cat-file -s 95023611442a32f8ba569a57e2e79d38e0c21d76 [6ms]
2023-11-30 11:41:21.770 [info] > git show --textconv :hello.txt [25ms]
2023-11-30 11:41:21.779 [info] > git ls-files --stage -- /home/brian/Desktop/site/hello.txt [12ms]
2023-11-30 11:41:21.800 [info] > git cat-file -s 95023611442a32f8ba569a57e2e79d38e0c21d76 [5ms]
2023-11-30 11:49:25.778 [info] > git config --get commit.template [27ms]
2023-11-30 11:49:25.829 [info] > git for-each-ref --format=%(refname)%00%(upstream:short)%00%(objectname)%00%(upstream:track)%00%(upstream:remotename)%00%(upstream:remoteref) refs/heads/master refs/remotes/master [12ms]
2023-11-30 11:49:25.863 [info] > git status -z -uall [4ms]
2023-11-30 11:50:04.906 [info] > git rev-parse --show-toplevel [5ms]
2023-11-30 11:50:04.906 [info] fatal: not a git repository (or any of the parent directories): .git
2023-11-30 11:50:17.866 [info] > git rev-parse --show-toplevel [1ms]
2023-11-30 11:50:17.866 [info] fatal: not a git repository (or any of the parent directories): .git
2023-11-30 11:50:18.477 [info] > git rev-parse --show-toplevel [4ms]
2023-11-30 11:50:18.477 [info] fatal: not a git repository (or any of the parent directories): .git
2023-11-30 11:50:21.765 [info] > git show --textconv :hello.txt [39ms]
2023-11-30 11:50:21.765 [info] > git ls-files --stage -- /home/brian/Desktop/site/hello.txt [16ms]
2023-11-30 11:50:21.788 [info] > git cat-file -s 95023611442a32f8ba569a57e2e79d38e0c21d76 [6ms]
2023-11-30 11:50:29.126 [info] > git rev-parse --show-toplevel [3ms]
2023-11-30 11:50:29.126 [info] fatal: not a git repository (or any of the parent directories): .git
2023-11-30 11:50:31.532 [info] > git show --textconv :hello.txt [52ms]
2023-11-30 11:50:31.537 [info] > git ls-files --stage -- /home/brian/Desktop/site/hello.txt [8ms]
2023-11-30 11:50:31.552 [info] > git cat-file -s 95023611442a32f8ba569a57e2e79d38e0c21d76 [4ms]
2023-11-30 11:50:32.911 [info] > git show --textconv :hello.txt [25ms]
2023-11-30 11:50:32.916 [info] > git ls-files --stage -- /home/brian/Desktop/site/hello.txt [7ms]
2023-11-30 11:50:32.944 [info] > git cat-file -s 95023611442a32f8ba569a57e2e79d38e0c21d76 [8ms]
